[0.067s] Invoking command in '/home/yahboom/Desktop/S24_RobotProgramming_Humble_Hawksbill/FinalProject/roscourse_final_ws (copy)/build/custom_interface': CMAKE_PREFIX_PATH=${CMAKE_PREFIX_PATH}:/home/yahboom/yahboomcar_ros2_ws/yahboomcar_ws/install/yahboomcar_voice_ctrl:/home/yahboom/yahboomcar_ros2_ws/yahboomcar_ws/install/yahboomcar_visual:/home/yahboom/yahboomcar_ros2_ws/yahboomcar_ws/install/yahboomcar_rviz:/home/yahboom/yahboomcar_ros2_ws/yahboomcar_ws/install/yahboomcar_nav:/home/yahboom/yahboomcar_ros2_ws/yahboomcar_ws/install/yahboomcar_multi:/home/yahboom/yahboomcar_ros2_ws/yahboomcar_ws/install/yahboomcar_mediapipe:/home/yahboom/yahboomcar_ros2_ws/yahboomcar_ws/install/yahboomcar_linefollow:/home/yahboom/yahboomcar_ros2_ws/yahboomcar_ws/install/yahboomcar_laser:/home/yahboom/yahboomcar_ros2_ws/yahboomcar_ws/install/yahboomcar_description_x1:/home/yahboom/yahboomcar_ros2_ws/yahboomcar_ws/install/yahboomcar_description:/home/yahboom/yahboomcar_ros2_ws/yahboomcar_ws/install/yahboomcar_ctrl:/home/yahboom/yahboomcar_ros2_ws/yahboomcar_ws/install/yahboomcar_bringup:/home/yahboom/yahboomcar_ros2_ws/yahboomcar_ws/install/yahboomcar_astra:/home/yahboom/yahboomcar_ros2_ws/yahboomcar_ws/install/robot_pose_publisher:/home/yahboom/yahboomcar_ros2_ws/yahboomcar_ws/install/laserscan_to_point_pulisher:/opt/ros/foxy /usr/bin/cmake /home/yahboom/Desktop/S24_RobotProgramming_Humble_Hawksbill/FinalProject/roscourse_final_ws (copy)/src/custom_interface -DCMAKE_INSTALL_PREFIX=/home/yahboom/Desktop/S24_RobotProgramming_Humble_Hawksbill/FinalProject/roscourse_final_ws (copy)/install/custom_interface
[0.210s] -- The C compiler identification is GNU 9.4.0
[0.299s] -- The CXX compiler identification is GNU 9.4.0
[0.309s] -- Check for working C compiler: /usr/bin/cc
[0.403s] -- Check for working C compiler: /usr/bin/cc -- works
[0.410s] -- Detecting C compiler ABI info
[0.513s] -- Detecting C compiler ABI info - done
[0.533s] -- Detecting C compile features
[0.534s] -- Detecting C compile features - done
[0.539s] -- Check for working CXX compiler: /usr/bin/c++
[0.693s] -- Check for working CXX compiler: /usr/bin/c++ -- works
[0.695s] -- Detecting CXX compiler ABI info
[0.833s] -- Detecting CXX compiler ABI info - done
[0.845s] -- Detecting CXX compile features
[0.846s] -- Detecting CXX compile features - done
[0.855s] -- Found ament_cmake: 0.9.11 (/opt/ros/foxy/share/ament_cmake/cmake)
[0.901s] -- Found PythonInterp: /usr/bin/python3 (found suitable version "3.8.10", minimum required is "3") 
[0.901s] -- Using PYTHON_EXECUTABLE: /usr/bin/python3
[1.277s] -- Found ament_lint_auto: 0.9.8 (/opt/ros/foxy/share/ament_lint_auto/cmake)
[1.415s] -- Found geometry_msgs: 2.0.5 (/opt/ros/foxy/share/geometry_msgs/cmake)
[1.484s] -- Using all available rosidl_typesupport_c: rosidl_typesupport_fastrtps_c;rosidl_typesupport_introspection_c
[1.500s] -- Found rosidl_adapter: 1.3.0 (/opt/ros/foxy/share/rosidl_adapter/cmake)
[1.674s] -- Found OpenSSL: /usr/lib/x86_64-linux-gnu/libcrypto.so (found version "1.1.1f")  
[1.722s] -- Found FastRTPS: /opt/ros/foxy/include  
[1.871s] -- Using all available rosidl_typesupport_cpp: rosidl_typesupport_fastrtps_cpp;rosidl_typesupport_introspection_cpp
[2.003s] -- Found rosidl_default_generators: 1.0.1 (/opt/ros/foxy/share/rosidl_default_generators/cmake)
[2.074s] -- Found PythonInterp: /usr/bin/python3 (found version "3.8.10") 
[2.333s] -- Found ament_cmake_ros: 0.9.2 (/opt/ros/foxy/share/ament_cmake_ros/cmake)
[2.772s] -- Using all available rosidl_typesupport_c: rosidl_typesupport_fastrtps_c;rosidl_typesupport_introspection_c
[2.973s] -- Using all available rosidl_typesupport_cpp: rosidl_typesupport_fastrtps_cpp;rosidl_typesupport_introspection_cpp
[3.021s] -- Found PythonInterp: /usr/bin/python3 (found suitable version "3.8.10", minimum required is "3.5") 
[3.026s] -- Found python_cmake_module: 0.8.1 (/opt/ros/foxy/share/python_cmake_module/cmake)
[3.086s] -- Found PythonLibs: /usr/lib/x86_64-linux-gnu/libpython3.8.so (found suitable version "3.8.10", minimum required is "3.5") 
[3.086s] -- Using PYTHON_EXECUTABLE: /usr/bin/python3
[3.087s] -- Using PYTHON_INCLUDE_DIRS: /usr/include/python3.8
[3.087s] -- Using PYTHON_LIBRARIES: /usr/lib/x86_64-linux-gnu/libpython3.8.so
[3.129s] -- Found PythonExtra: .so  
[3.286s] -- Added test 'copyright' to check source files copyright and LICENSE
[3.291s] -- Added test 'lint_cmake' to check CMake code style
[3.295s] -- Added test 'xmllint' to check XML markup files
[3.308s] -- Configuring done
[3.391s] -- Generating done
[3.397s] -- Build files have been written to: /home/yahboom/Desktop/S24_RobotProgramming_Humble_Hawksbill/FinalProject/roscourse_final_ws (copy)/build/custom_interface
[3.409s] Invoked command in '/home/yahboom/Desktop/S24_RobotProgramming_Humble_Hawksbill/FinalProject/roscourse_final_ws (copy)/build/custom_interface' returned '0': CMAKE_PREFIX_PATH=${CMAKE_PREFIX_PATH}:/home/yahboom/yahboomcar_ros2_ws/yahboomcar_ws/install/yahboomcar_voice_ctrl:/home/yahboom/yahboomcar_ros2_ws/yahboomcar_ws/install/yahboomcar_visual:/home/yahboom/yahboomcar_ros2_ws/yahboomcar_ws/install/yahboomcar_rviz:/home/yahboom/yahboomcar_ros2_ws/yahboomcar_ws/install/yahboomcar_nav:/home/yahboom/yahboomcar_ros2_ws/yahboomcar_ws/install/yahboomcar_multi:/home/yahboom/yahboomcar_ros2_ws/yahboomcar_ws/install/yahboomcar_mediapipe:/home/yahboom/yahboomcar_ros2_ws/yahboomcar_ws/install/yahboomcar_linefollow:/home/yahboom/yahboomcar_ros2_ws/yahboomcar_ws/install/yahboomcar_laser:/home/yahboom/yahboomcar_ros2_ws/yahboomcar_ws/install/yahboomcar_description_x1:/home/yahboom/yahboomcar_ros2_ws/yahboomcar_ws/install/yahboomcar_description:/home/yahboom/yahboomcar_ros2_ws/yahboomcar_ws/install/yahboomcar_ctrl:/home/yahboom/yahboomcar_ros2_ws/yahboomcar_ws/install/yahboomcar_bringup:/home/yahboom/yahboomcar_ros2_ws/yahboomcar_ws/install/yahboomcar_astra:/home/yahboom/yahboomcar_ros2_ws/yahboomcar_ws/install/robot_pose_publisher:/home/yahboom/yahboomcar_ros2_ws/yahboomcar_ws/install/laserscan_to_point_pulisher:/opt/ros/foxy /usr/bin/cmake /home/yahboom/Desktop/S24_RobotProgramming_Humble_Hawksbill/FinalProject/roscourse_final_ws (copy)/src/custom_interface -DCMAKE_INSTALL_PREFIX=/home/yahboom/Desktop/S24_RobotProgramming_Humble_Hawksbill/FinalProject/roscourse_final_ws (copy)/install/custom_interface
[3.414s] Invoking command in '/home/yahboom/Desktop/S24_RobotProgramming_Humble_Hawksbill/FinalProject/roscourse_final_ws (copy)/build/custom_interface': CMAKE_PREFIX_PATH=${CMAKE_PREFIX_PATH}:/home/yahboom/yahboomcar_ros2_ws/yahboomcar_ws/install/yahboomcar_voice_ctrl:/home/yahboom/yahboomcar_ros2_ws/yahboomcar_ws/install/yahboomcar_visual:/home/yahboom/yahboomcar_ros2_ws/yahboomcar_ws/install/yahboomcar_rviz:/home/yahboom/yahboomcar_ros2_ws/yahboomcar_ws/install/yahboomcar_nav:/home/yahboom/yahboomcar_ros2_ws/yahboomcar_ws/install/yahboomcar_multi:/home/yahboom/yahboomcar_ros2_ws/yahboomcar_ws/install/yahboomcar_mediapipe:/home/yahboom/yahboomcar_ros2_ws/yahboomcar_ws/install/yahboomcar_linefollow:/home/yahboom/yahboomcar_ros2_ws/yahboomcar_ws/install/yahboomcar_laser:/home/yahboom/yahboomcar_ros2_ws/yahboomcar_ws/install/yahboomcar_description_x1:/home/yahboom/yahboomcar_ros2_ws/yahboomcar_ws/install/yahboomcar_description:/home/yahboom/yahboomcar_ros2_ws/yahboomcar_ws/install/yahboomcar_ctrl:/home/yahboom/yahboomcar_ros2_ws/yahboomcar_ws/install/yahboomcar_bringup:/home/yahboom/yahboomcar_ros2_ws/yahboomcar_ws/install/yahboomcar_astra:/home/yahboom/yahboomcar_ros2_ws/yahboomcar_ws/install/robot_pose_publisher:/home/yahboom/yahboomcar_ros2_ws/yahboomcar_ws/install/laserscan_to_point_pulisher:/opt/ros/foxy /usr/bin/cmake --build /home/yahboom/Desktop/S24_RobotProgramming_Humble_Hawksbill/FinalProject/roscourse_final_ws (copy)/build/custom_interface -- -j4 -l4
[3.483s] [  3%] [34m[1mGenerating C code for ROS interfaces[0m
[3.483s] [35m[1mScanning dependencies of target custom_interface__cpp[0m
[3.506s] [  6%] [34m[1mGenerating C++ code for ROS interfaces[0m
[3.920s] [35m[1mScanning dependencies of target custom_interface__rosidl_generator_c[0m
[3.930s] [  6%] Built target custom_interface__cpp
[3.941s] [  9%] [32mBuilding C object CMakeFiles/custom_interface__rosidl_generator_c.dir/rosidl_generator_c/custom_interface/srv/detail/set_velocity__functions.c.o[0m
[3.953s] [ 12%] [34m[1mGenerating C++ introspection for ROS interfaces[0m
[3.958s] [ 16%] [34m[1mGenerating C++ type support dispatch for ROS interfaces[0m
[3.958s] [ 19%] [34m[1mGenerating C++ type support for eProsima Fast-RTPS[0m
[4.119s] [ 22%] [32m[1mLinking C shared library libcustom_interface__rosidl_generator_c.so[0m
[4.186s] [ 22%] Built target custom_interface__rosidl_generator_c
[4.206s] [ 25%] [34m[1mGenerating C introspection for ROS interfaces[0m
[4.332s] [35m[1mScanning dependencies of target custom_interface__rosidl_typesupport_cpp[0m
[4.338s] [35m[1mScanning dependencies of target custom_interface__rosidl_typesupport_introspection_cpp[0m
[4.357s] [ 29%] [32mBuilding CXX object CMakeFiles/custom_interface__rosidl_typesupport_introspection_cpp.dir/rosidl_typesupport_introspection_cpp/custom_interface/srv/detail/set_velocity__type_support.cpp.o[0m
[4.359s] [ 32%] [32mBuilding CXX object CMakeFiles/custom_interface__rosidl_typesupport_cpp.dir/rosidl_typesupport_cpp/custom_interface/srv/set_velocity__type_support.cpp.o[0m
[4.419s] [35m[1mScanning dependencies of target custom_interface__rosidl_typesupport_fastrtps_cpp[0m
[4.451s] [ 35%] [32mBuilding CXX object CMakeFiles/custom_interface__rosidl_typesupport_fastrtps_cpp.dir/rosidl_typesupport_fastrtps_cpp/custom_interface/srv/detail/dds_fastrtps/set_velocity__type_support.cpp.o[0m
[4.641s] [35m[1mScanning dependencies of target custom_interface__rosidl_typesupport_introspection_c[0m
[4.694s] [ 38%] [32mBuilding C object CMakeFiles/custom_interface__rosidl_typesupport_introspection_c.dir/rosidl_typesupport_introspection_c/custom_interface/srv/detail/set_velocity__type_support.c.o[0m
[4.790s] [ 41%] [32m[1mLinking C shared library libcustom_interface__rosidl_typesupport_introspection_c.so[0m
[4.851s] [ 41%] Built target custom_interface__rosidl_typesupport_introspection_c
[4.866s] [ 45%] [34m[1mGenerating C type support dispatch for ROS interfaces[0m
[4.922s] [ 48%] [32m[1mLinking CXX shared library libcustom_interface__rosidl_typesupport_cpp.so[0m
[4.988s] [ 51%] [32m[1mLinking CXX shared library libcustom_interface__rosidl_typesupport_introspection_cpp.so[0m
[4.988s] [ 51%] Built target custom_interface__rosidl_typesupport_cpp
[5.053s] [ 51%] Built target custom_interface__rosidl_typesupport_introspection_cpp
[5.233s] [35m[1mScanning dependencies of target custom_interface__rosidl_typesupport_c[0m
[5.252s] [ 54%] [32mBuilding CXX object CMakeFiles/custom_interface__rosidl_typesupport_c.dir/rosidl_typesupport_c/custom_interface/srv/set_velocity__type_support.cpp.o[0m
[5.290s] [ 58%] [32m[1mLinking CXX shared library libcustom_interface__rosidl_typesupport_fastrtps_cpp.so[0m
[5.300s] [ 61%] [32m[1mLinking CXX shared library libcustom_interface__rosidl_typesupport_c.so[0m
[5.369s] [ 61%] Built target custom_interface__rosidl_typesupport_c
[5.418s] [ 61%] Built target custom_interface__rosidl_typesupport_fastrtps_cpp
[5.435s] [ 64%] [34m[1mGenerating C type support for eProsima Fast-RTPS[0m
[5.775s] [35m[1mScanning dependencies of target custom_interface__rosidl_typesupport_fastrtps_c[0m
[5.801s] [ 67%] [32mBuilding CXX object CMakeFiles/custom_interface__rosidl_typesupport_fastrtps_c.dir/rosidl_typesupport_fastrtps_c/custom_interface/srv/detail/set_velocity__type_support_c.cpp.o[0m
[6.328s] [ 70%] [32m[1mLinking CXX shared library libcustom_interface__rosidl_typesupport_fastrtps_c.so[0m
[6.493s] [ 70%] Built target custom_interface__rosidl_typesupport_fastrtps_c
[6.512s] [35m[1mScanning dependencies of target custom_interface[0m
[6.529s] [ 70%] Built target custom_interface
[6.547s] [35m[1mScanning dependencies of target custom_interface__py[0m
[6.565s] [ 74%] [34m[1mGenerating Python code for ROS interfaces[0m
[7.347s] [ 74%] Built target custom_interface__py
[7.363s] [35m[1mScanning dependencies of target custom_interface__python[0m
[7.398s] [ 77%] [32mBuilding C object CMakeFiles/custom_interface__python.dir/rosidl_generator_py/custom_interface/srv/_set_velocity_s.c.o[0m
[7.544s] [ 80%] [32m[1mLinking C shared library rosidl_generator_py/custom_interface/libcustom_interface__python.so[0m
[7.714s] [ 80%] Built target custom_interface__python
[7.762s] [35m[1mScanning dependencies of target custom_interface__rosidl_typesupport_introspection_c__pyext[0m
[7.766s] [35m[1mScanning dependencies of target custom_interface__rosidl_typesupport_c__pyext[0m
[7.769s] [35m[1mScanning dependencies of target custom_interface__rosidl_typesupport_fastrtps_c__pyext[0m
[7.816s] [ 83%] [32mBuilding C object CMakeFiles/custom_interface__rosidl_typesupport_introspection_c__pyext.dir/rosidl_generator_py/custom_interface/_custom_interface_s.ep.rosidl_typesupport_introspection_c.c.o[0m
[7.832s] [ 90%] [32mBuilding C object CMakeFiles/custom_interface__rosidl_typesupport_c__pyext.dir/rosidl_generator_py/custom_interface/_custom_interface_s.ep.rosidl_typesupport_c.c.o[0m
[7.832s] [ 90%] [32mBuilding C object CMakeFiles/custom_interface__rosidl_typesupport_fastrtps_c__pyext.dir/rosidl_generator_py/custom_interface/_custom_interface_s.ep.rosidl_typesupport_fastrtps_c.c.o[0m
[7.945s] [ 93%] [32m[1mLinking C shared library rosidl_generator_py/custom_interface/custom_interface_s__rosidl_typesupport_introspection_c.cpython-38-x86_64-linux-gnu.so[0m
[7.946s] [ 96%] [32m[1mLinking C shared library rosidl_generator_py/custom_interface/custom_interface_s__rosidl_typesupport_c.cpython-38-x86_64-linux-gnu.so[0m
[7.957s] [100%] [32m[1mLinking CXX shared library rosidl_generator_py/custom_interface/custom_interface_s__rosidl_typesupport_fastrtps_c.cpython-38-x86_64-linux-gnu.so[0m
[8.005s] [100%] Built target custom_interface__rosidl_typesupport_c__pyext
[8.008s] [100%] Built target custom_interface__rosidl_typesupport_introspection_c__pyext
[8.062s] [100%] Built target custom_interface__rosidl_typesupport_fastrtps_c__pyext
[8.080s] Invoked command in '/home/yahboom/Desktop/S24_RobotProgramming_Humble_Hawksbill/FinalProject/roscourse_final_ws (copy)/build/custom_interface' returned '0': CMAKE_PREFIX_PATH=${CMAKE_PREFIX_PATH}:/home/yahboom/yahboomcar_ros2_ws/yahboomcar_ws/install/yahboomcar_voice_ctrl:/home/yahboom/yahboomcar_ros2_ws/yahboomcar_ws/install/yahboomcar_visual:/home/yahboom/yahboomcar_ros2_ws/yahboomcar_ws/install/yahboomcar_rviz:/home/yahboom/yahboomcar_ros2_ws/yahboomcar_ws/install/yahboomcar_nav:/home/yahboom/yahboomcar_ros2_ws/yahboomcar_ws/install/yahboomcar_multi:/home/yahboom/yahboomcar_ros2_ws/yahboomcar_ws/install/yahboomcar_mediapipe:/home/yahboom/yahboomcar_ros2_ws/yahboomcar_ws/install/yahboomcar_linefollow:/home/yahboom/yahboomcar_ros2_ws/yahboomcar_ws/install/yahboomcar_laser:/home/yahboom/yahboomcar_ros2_ws/yahboomcar_ws/install/yahboomcar_description_x1:/home/yahboom/yahboomcar_ros2_ws/yahboomcar_ws/install/yahboomcar_description:/home/yahboom/yahboomcar_ros2_ws/yahboomcar_ws/install/yahboomcar_ctrl:/home/yahboom/yahboomcar_ros2_ws/yahboomcar_ws/install/yahboomcar_bringup:/home/yahboom/yahboomcar_ros2_ws/yahboomcar_ws/install/yahboomcar_astra:/home/yahboom/yahboomcar_ros2_ws/yahboomcar_ws/install/robot_pose_publisher:/home/yahboom/yahboomcar_ros2_ws/yahboomcar_ws/install/laserscan_to_point_pulisher:/opt/ros/foxy /usr/bin/cmake --build /home/yahboom/Desktop/S24_RobotProgramming_Humble_Hawksbill/FinalProject/roscourse_final_ws (copy)/build/custom_interface -- -j4 -l4
[8.196s] Invoking command in '/home/yahboom/Desktop/S24_RobotProgramming_Humble_Hawksbill/FinalProject/roscourse_final_ws (copy)/build/custom_interface': CMAKE_PREFIX_PATH=${CMAKE_PREFIX_PATH}:/home/yahboom/yahboomcar_ros2_ws/yahboomcar_ws/install/yahboomcar_voice_ctrl:/home/yahboom/yahboomcar_ros2_ws/yahboomcar_ws/install/yahboomcar_visual:/home/yahboom/yahboomcar_ros2_ws/yahboomcar_ws/install/yahboomcar_rviz:/home/yahboom/yahboomcar_ros2_ws/yahboomcar_ws/install/yahboomcar_nav:/home/yahboom/yahboomcar_ros2_ws/yahboomcar_ws/install/yahboomcar_multi:/home/yahboom/yahboomcar_ros2_ws/yahboomcar_ws/install/yahboomcar_mediapipe:/home/yahboom/yahboomcar_ros2_ws/yahboomcar_ws/install/yahboomcar_linefollow:/home/yahboom/yahboomcar_ros2_ws/yahboomcar_ws/install/yahboomcar_laser:/home/yahboom/yahboomcar_ros2_ws/yahboomcar_ws/install/yahboomcar_description_x1:/home/yahboom/yahboomcar_ros2_ws/yahboomcar_ws/install/yahboomcar_description:/home/yahboom/yahboomcar_ros2_ws/yahboomcar_ws/install/yahboomcar_ctrl:/home/yahboom/yahboomcar_ros2_ws/yahboomcar_ws/install/yahboomcar_bringup:/home/yahboom/yahboomcar_ros2_ws/yahboomcar_ws/install/yahboomcar_astra:/home/yahboom/yahboomcar_ros2_ws/yahboomcar_ws/install/robot_pose_publisher:/home/yahboom/yahboomcar_ros2_ws/yahboomcar_ws/install/laserscan_to_point_pulisher:/opt/ros/foxy /usr/bin/cmake --install /home/yahboom/Desktop/S24_RobotProgramming_Humble_Hawksbill/FinalProject/roscourse_final_ws (copy)/build/custom_interface
[8.213s] -- Install configuration: ""
[8.214s] -- Installing: /home/yahboom/Desktop/S24_RobotProgramming_Humble_Hawksbill/FinalProject/roscourse_final_ws (copy)/install/custom_interface/share/ament_index/resource_index/rosidl_interfaces/custom_interface
[8.214s] -- Installing: /home/yahboom/Desktop/S24_RobotProgramming_Humble_Hawksbill/FinalProject/roscourse_final_ws (copy)/install/custom_interface/include/custom_interface
[8.215s] -- Installing: /home/yahboom/Desktop/S24_RobotProgramming_Humble_Hawksbill/FinalProject/roscourse_final_ws (copy)/install/custom_interface/include/custom_interface/msg
[8.216s] -- Installing: /home/yahboom/Desktop/S24_RobotProgramming_Humble_Hawksbill/FinalProject/roscourse_final_ws (copy)/install/custom_interface/include/custom_interface/msg/rosidl_generator_c__visibility_control.h
[8.216s] -- Installing: /home/yahboom/Desktop/S24_RobotProgramming_Humble_Hawksbill/FinalProject/roscourse_final_ws (copy)/install/custom_interface/include/custom_interface/srv
[8.216s] -- Installing: /home/yahboom/Desktop/S24_RobotProgramming_Humble_Hawksbill/FinalProject/roscourse_final_ws (copy)/install/custom_interface/include/custom_interface/srv/set_velocity.h
[8.217s] -- Installing: /home/yahboom/Desktop/S24_RobotProgramming_Humble_Hawksbill/FinalProject/roscourse_final_ws (copy)/install/custom_interface/include/custom_interface/srv/detail
[8.217s] -- Installing: /home/yahboom/Desktop/S24_RobotProgramming_Humble_Hawksbill/FinalProject/roscourse_final_ws (copy)/install/custom_interface/include/custom_interface/srv/detail/set_velocity__struct.h
[8.217s] -- Installing: /home/yahboom/Desktop/S24_RobotProgramming_Humble_Hawksbill/FinalProject/roscourse_final_ws (copy)/install/custom_interface/include/custom_interface/srv/detail/set_velocity__functions.h
[8.217s] -- Installing: /home/yahboom/Desktop/S24_RobotProgramming_Humble_Hawksbill/FinalProject/roscourse_final_ws (copy)/install/custom_interface/include/custom_interface/srv/detail/set_velocity__type_support.h
[8.218s] -- Installing: /home/yahboom/Desktop/S24_RobotProgramming_Humble_Hawksbill/FinalProject/roscourse_final_ws (copy)/install/custom_interface/include/custom_interface/srv/detail/set_velocity__functions.c
[8.218s] -- Installing: /home/yahboom/Desktop/S24_RobotProgramming_Humble_Hawksbill/FinalProject/roscourse_final_ws (copy)/install/custom_interface/share/custom_interface/environment/library_path.sh
[8.218s] -- Installing: /home/yahboom/Desktop/S24_RobotProgramming_Humble_Hawksbill/FinalProject/roscourse_final_ws (copy)/install/custom_interface/share/custom_interface/environment/library_path.dsv
[8.218s] -- Installing: /home/yahboom/Desktop/S24_RobotProgramming_Humble_Hawksbill/FinalProject/roscourse_final_ws (copy)/install/custom_interface/lib/libcustom_interface__rosidl_generator_c.so
[8.218s] -- Set runtime path of "/home/yahboom/Desktop/S24_RobotProgramming_Humble_Hawksbill/FinalProject/roscourse_final_ws (copy)/install/custom_interface/lib/libcustom_interface__rosidl_generator_c.so" to ""
[8.219s] -- Up-to-date: /home/yahboom/Desktop/S24_RobotProgramming_Humble_Hawksbill/FinalProject/roscourse_final_ws (copy)/install/custom_interface/include/custom_interface
[8.219s] -- Up-to-date: /home/yahboom/Desktop/S24_RobotProgramming_Humble_Hawksbill/FinalProject/roscourse_final_ws (copy)/install/custom_interface/include/custom_interface/msg
[8.219s] -- Installing: /home/yahboom/Desktop/S24_RobotProgramming_Humble_Hawksbill/FinalProject/roscourse_final_ws (copy)/install/custom_interface/include/custom_interface/msg/rosidl_typesupport_fastrtps_c__visibility_control.h
[8.219s] -- Up-to-date: /home/yahboom/Desktop/S24_RobotProgramming_Humble_Hawksbill/FinalProject/roscourse_final_ws (copy)/install/custom_interface/include/custom_interface/srv
[8.220s] -- Up-to-date: /home/yahboom/Desktop/S24_RobotProgramming_Humble_Hawksbill/FinalProject/roscourse_final_ws (copy)/install/custom_interface/include/custom_interface/srv/detail
[8.220s] -- Installing: /home/yahboom/Desktop/S24_RobotProgramming_Humble_Hawksbill/FinalProject/roscourse_final_ws (copy)/install/custom_interface/include/custom_interface/srv/detail/set_velocity__rosidl_typesupport_fastrtps_c.h
[8.220s] -- Installing: /home/yahboom/Desktop/S24_RobotProgramming_Humble_Hawksbill/FinalProject/roscourse_final_ws (copy)/install/custom_interface/lib/libcustom_interface__rosidl_typesupport_fastrtps_c.so
[8.220s] -- Set runtime path of "/home/yahboom/Desktop/S24_RobotProgramming_Humble_Hawksbill/FinalProject/roscourse_final_ws (copy)/install/custom_interface/lib/libcustom_interface__rosidl_typesupport_fastrtps_c.so" to ""
[8.220s] -- Up-to-date: /home/yahboom/Desktop/S24_RobotProgramming_Humble_Hawksbill/FinalProject/roscourse_final_ws (copy)/install/custom_interface/include/custom_interface
[8.220s] -- Up-to-date: /home/yahboom/Desktop/S24_RobotProgramming_Humble_Hawksbill/FinalProject/roscourse_final_ws (copy)/install/custom_interface/include/custom_interface/msg
[8.221s] -- Installing: /home/yahboom/Desktop/S24_RobotProgramming_Humble_Hawksbill/FinalProject/roscourse_final_ws (copy)/install/custom_interface/include/custom_interface/msg/rosidl_typesupport_fastrtps_cpp__visibility_control.h
[8.221s] -- Up-to-date: /home/yahboom/Desktop/S24_RobotProgramming_Humble_Hawksbill/FinalProject/roscourse_final_ws (copy)/install/custom_interface/include/custom_interface/srv
[8.221s] -- Up-to-date: /home/yahboom/Desktop/S24_RobotProgramming_Humble_Hawksbill/FinalProject/roscourse_final_ws (copy)/install/custom_interface/include/custom_interface/srv/detail
[8.222s] -- Installing: /home/yahboom/Desktop/S24_RobotProgramming_Humble_Hawksbill/FinalProject/roscourse_final_ws (copy)/install/custom_interface/include/custom_interface/srv/detail/set_velocity__rosidl_typesupport_fastrtps_cpp.hpp
[8.222s] -- Installing: /home/yahboom/Desktop/S24_RobotProgramming_Humble_Hawksbill/FinalProject/roscourse_final_ws (copy)/install/custom_interface/include/custom_interface/srv/detail/dds_fastrtps
[8.222s] -- Installing: /home/yahboom/Desktop/S24_RobotProgramming_Humble_Hawksbill/FinalProject/roscourse_final_ws (copy)/install/custom_interface/lib/libcustom_interface__rosidl_typesupport_fastrtps_cpp.so
[8.223s] -- Set runtime path of "/home/yahboom/Desktop/S24_RobotProgramming_Humble_Hawksbill/FinalProject/roscourse_final_ws (copy)/install/custom_interface/lib/libcustom_interface__rosidl_typesupport_fastrtps_cpp.so" to ""
[8.224s] -- Up-to-date: /home/yahboom/Desktop/S24_RobotProgramming_Humble_Hawksbill/FinalProject/roscourse_final_ws (copy)/install/custom_interface/include/custom_interface
[8.224s] -- Up-to-date: /home/yahboom/Desktop/S24_RobotProgramming_Humble_Hawksbill/FinalProject/roscourse_final_ws (copy)/install/custom_interface/include/custom_interface/msg
[8.224s] -- Installing: /home/yahboom/Desktop/S24_RobotProgramming_Humble_Hawksbill/FinalProject/roscourse_final_ws (copy)/install/custom_interface/include/custom_interface/msg/rosidl_typesupport_introspection_c__visibility_control.h
[8.224s] -- Up-to-date: /home/yahboom/Desktop/S24_RobotProgramming_Humble_Hawksbill/FinalProject/roscourse_final_ws (copy)/install/custom_interface/include/custom_interface/srv
[8.224s] -- Up-to-date: /home/yahboom/Desktop/S24_RobotProgramming_Humble_Hawksbill/FinalProject/roscourse_final_ws (copy)/install/custom_interface/include/custom_interface/srv/detail
[8.225s] -- Installing: /home/yahboom/Desktop/S24_RobotProgramming_Humble_Hawksbill/FinalProject/roscourse_final_ws (copy)/install/custom_interface/include/custom_interface/srv/detail/set_velocity__rosidl_typesupport_introspection_c.h
[8.225s] -- Installing: /home/yahboom/Desktop/S24_RobotProgramming_Humble_Hawksbill/FinalProject/roscourse_final_ws (copy)/install/custom_interface/include/custom_interface/srv/detail/set_velocity__type_support.c
[8.226s] -- Installing: /home/yahboom/Desktop/S24_RobotProgramming_Humble_Hawksbill/FinalProject/roscourse_final_ws (copy)/install/custom_interface/lib/libcustom_interface__rosidl_typesupport_introspection_c.so
[8.226s] -- Set runtime path of "/home/yahboom/Desktop/S24_RobotProgramming_Humble_Hawksbill/FinalProject/roscourse_final_ws (copy)/install/custom_interface/lib/libcustom_interface__rosidl_typesupport_introspection_c.so" to ""
[8.227s] -- Installing: /home/yahboom/Desktop/S24_RobotProgramming_Humble_Hawksbill/FinalProject/roscourse_final_ws (copy)/install/custom_interface/lib/libcustom_interface__rosidl_typesupport_c.so
[8.227s] -- Set runtime path of "/home/yahboom/Desktop/S24_RobotProgramming_Humble_Hawksbill/FinalProject/roscourse_final_ws (copy)/install/custom_interface/lib/libcustom_interface__rosidl_typesupport_c.so" to ""
[8.227s] -- Up-to-date: /home/yahboom/Desktop/S24_RobotProgramming_Humble_Hawksbill/FinalProject/roscourse_final_ws (copy)/install/custom_interface/include/custom_interface
[8.227s] -- Up-to-date: /home/yahboom/Desktop/S24_RobotProgramming_Humble_Hawksbill/FinalProject/roscourse_final_ws (copy)/install/custom_interface/include/custom_interface/srv
[8.228s] -- Installing: /home/yahboom/Desktop/S24_RobotProgramming_Humble_Hawksbill/FinalProject/roscourse_final_ws (copy)/install/custom_interface/include/custom_interface/srv/set_velocity.hpp
[8.228s] -- Up-to-date: /home/yahboom/Desktop/S24_RobotProgramming_Humble_Hawksbill/FinalProject/roscourse_final_ws (copy)/install/custom_interface/include/custom_interface/srv/detail
[8.228s] -- Installing: /home/yahboom/Desktop/S24_RobotProgramming_Humble_Hawksbill/FinalProject/roscourse_final_ws (copy)/install/custom_interface/include/custom_interface/srv/detail/set_velocity__struct.hpp
[8.228s] -- Installing: /home/yahboom/Desktop/S24_RobotProgramming_Humble_Hawksbill/FinalProject/roscourse_final_ws (copy)/install/custom_interface/include/custom_interface/srv/detail/set_velocity__builder.hpp
[8.228s] -- Installing: /home/yahboom/Desktop/S24_RobotProgramming_Humble_Hawksbill/FinalProject/roscourse_final_ws (copy)/install/custom_interface/include/custom_interface/srv/detail/set_velocity__traits.hpp
[8.228s] -- Up-to-date: /home/yahboom/Desktop/S24_RobotProgramming_Humble_Hawksbill/FinalProject/roscourse_final_ws (copy)/install/custom_interface/include/custom_interface
[8.228s] -- Up-to-date: /home/yahboom/Desktop/S24_RobotProgramming_Humble_Hawksbill/FinalProject/roscourse_final_ws (copy)/install/custom_interface/include/custom_interface/srv
[8.229s] -- Up-to-date: /home/yahboom/Desktop/S24_RobotProgramming_Humble_Hawksbill/FinalProject/roscourse_final_ws (copy)/install/custom_interface/include/custom_interface/srv/detail
[8.229s] -- Installing: /home/yahboom/Desktop/S24_RobotProgramming_Humble_Hawksbill/FinalProject/roscourse_final_ws (copy)/install/custom_interface/include/custom_interface/srv/detail/set_velocity__rosidl_typesupport_introspection_cpp.hpp
[8.229s] -- Installing: /home/yahboom/Desktop/S24_RobotProgramming_Humble_Hawksbill/FinalProject/roscourse_final_ws (copy)/install/custom_interface/include/custom_interface/srv/detail/set_velocity__type_support.cpp
[8.229s] -- Installing: /home/yahboom/Desktop/S24_RobotProgramming_Humble_Hawksbill/FinalProject/roscourse_final_ws (copy)/install/custom_interface/lib/libcustom_interface__rosidl_typesupport_introspection_cpp.so
[8.229s] -- Set runtime path of "/home/yahboom/Desktop/S24_RobotProgramming_Humble_Hawksbill/FinalProject/roscourse_final_ws (copy)/install/custom_interface/lib/libcustom_interface__rosidl_typesupport_introspection_cpp.so" to ""
[8.229s] -- Installing: /home/yahboom/Desktop/S24_RobotProgramming_Humble_Hawksbill/FinalProject/roscourse_final_ws (copy)/install/custom_interface/lib/libcustom_interface__rosidl_typesupport_cpp.so
[8.229s] -- Set runtime path of "/home/yahboom/Desktop/S24_RobotProgramming_Humble_Hawksbill/FinalProject/roscourse_final_ws (copy)/install/custom_interface/lib/libcustom_interface__rosidl_typesupport_cpp.so" to ""
[8.229s] -- Installing: /home/yahboom/Desktop/S24_RobotProgramming_Humble_Hawksbill/FinalProject/roscourse_final_ws (copy)/install/custom_interface/share/custom_interface/environment/pythonpath.sh
[8.229s] -- Installing: /home/yahboom/Desktop/S24_RobotProgramming_Humble_Hawksbill/FinalProject/roscourse_final_ws (copy)/install/custom_interface/share/custom_interface/environment/pythonpath.dsv
[8.230s] -- Installing: /home/yahboom/Desktop/S24_RobotProgramming_Humble_Hawksbill/FinalProject/roscourse_final_ws (copy)/install/custom_interface/lib/python3.8/site-packages/custom_interface/__init__.py
[8.283s] Compiling '/home/yahboom/Desktop/S24_RobotProgramming_Humble_Hawksbill/FinalProject/roscourse_final_ws (copy)/install/custom_interface/lib/python3.8/site-packages/custom_interface/__init__.py'...
[8.287s] -- Installing: /home/yahboom/Desktop/S24_RobotProgramming_Humble_Hawksbill/FinalProject/roscourse_final_ws (copy)/install/custom_interface/lib/python3.8/site-packages/custom_interface/srv
[8.288s] -- Installing: /home/yahboom/Desktop/S24_RobotProgramming_Humble_Hawksbill/FinalProject/roscourse_final_ws (copy)/install/custom_interface/lib/python3.8/site-packages/custom_interface/srv/_set_velocity.py
[8.288s] -- Installing: /home/yahboom/Desktop/S24_RobotProgramming_Humble_Hawksbill/FinalProject/roscourse_final_ws (copy)/install/custom_interface/lib/python3.8/site-packages/custom_interface/srv/_set_velocity_s.c
[8.288s] -- Installing: /home/yahboom/Desktop/S24_RobotProgramming_Humble_Hawksbill/FinalProject/roscourse_final_ws (copy)/install/custom_interface/lib/python3.8/site-packages/custom_interface/srv/__init__.py
[8.288s] -- Installing: /home/yahboom/Desktop/S24_RobotProgramming_Humble_Hawksbill/FinalProject/roscourse_final_ws (copy)/install/custom_interface/lib/python3.8/site-packages/custom_interface/custom_interface_s__rosidl_typesupport_fastrtps_c.cpython-38-x86_64-linux-gnu.so
[8.289s] -- Set runtime path of "/home/yahboom/Desktop/S24_RobotProgramming_Humble_Hawksbill/FinalProject/roscourse_final_ws (copy)/install/custom_interface/lib/python3.8/site-packages/custom_interface/custom_interface_s__rosidl_typesupport_fastrtps_c.cpython-38-x86_64-linux-gnu.so" to ""
[8.289s] -- Installing: /home/yahboom/Desktop/S24_RobotProgramming_Humble_Hawksbill/FinalProject/roscourse_final_ws (copy)/install/custom_interface/lib/python3.8/site-packages/custom_interface/custom_interface_s__rosidl_typesupport_introspection_c.cpython-38-x86_64-linux-gnu.so
[8.290s] -- Set runtime path of "/home/yahboom/Desktop/S24_RobotProgramming_Humble_Hawksbill/FinalProject/roscourse_final_ws (copy)/install/custom_interface/lib/python3.8/site-packages/custom_interface/custom_interface_s__rosidl_typesupport_introspection_c.cpython-38-x86_64-linux-gnu.so" to ""
[8.290s] -- Installing: /home/yahboom/Desktop/S24_RobotProgramming_Humble_Hawksbill/FinalProject/roscourse_final_ws (copy)/install/custom_interface/lib/python3.8/site-packages/custom_interface/custom_interface_s__rosidl_typesupport_c.cpython-38-x86_64-linux-gnu.so
[8.291s] -- Set runtime path of "/home/yahboom/Desktop/S24_RobotProgramming_Humble_Hawksbill/FinalProject/roscourse_final_ws (copy)/install/custom_interface/lib/python3.8/site-packages/custom_interface/custom_interface_s__rosidl_typesupport_c.cpython-38-x86_64-linux-gnu.so" to ""
[8.291s] -- Installing: /home/yahboom/Desktop/S24_RobotProgramming_Humble_Hawksbill/FinalProject/roscourse_final_ws (copy)/install/custom_interface/lib/libcustom_interface__python.so
[8.291s] -- Set runtime path of "/home/yahboom/Desktop/S24_RobotProgramming_Humble_Hawksbill/FinalProject/roscourse_final_ws (copy)/install/custom_interface/lib/libcustom_interface__python.so" to ""
[8.292s] -- Installing: /home/yahboom/Desktop/S24_RobotProgramming_Humble_Hawksbill/FinalProject/roscourse_final_ws (copy)/install/custom_interface/share/custom_interface/srv/SetVelocity.idl
[8.292s] -- Installing: /home/yahboom/Desktop/S24_RobotProgramming_Humble_Hawksbill/FinalProject/roscourse_final_ws (copy)/install/custom_interface/share/custom_interface/srv/SetVelocity.srv
[8.292s] -- Installing: /home/yahboom/Desktop/S24_RobotProgramming_Humble_Hawksbill/FinalProject/roscourse_final_ws (copy)/install/custom_interface/share/custom_interface/srv/SetVelocity_Request.msg
[8.292s] -- Installing: /home/yahboom/Desktop/S24_RobotProgramming_Humble_Hawksbill/FinalProject/roscourse_final_ws (copy)/install/custom_interface/share/custom_interface/srv/SetVelocity_Response.msg
[8.293s] -- Installing: /home/yahboom/Desktop/S24_RobotProgramming_Humble_Hawksbill/FinalProject/roscourse_final_ws (copy)/install/custom_interface/share/ament_index/resource_index/package_run_dependencies/custom_interface
[8.293s] -- Installing: /home/yahboom/Desktop/S24_RobotProgramming_Humble_Hawksbill/FinalProject/roscourse_final_ws (copy)/install/custom_interface/share/ament_index/resource_index/parent_prefix_path/custom_interface
[8.293s] -- Installing: /home/yahboom/Desktop/S24_RobotProgramming_Humble_Hawksbill/FinalProject/roscourse_final_ws (copy)/install/custom_interface/share/custom_interface/environment/ament_prefix_path.sh
[8.293s] -- Installing: /home/yahboom/Desktop/S24_RobotProgramming_Humble_Hawksbill/FinalProject/roscourse_final_ws (copy)/install/custom_interface/share/custom_interface/environment/ament_prefix_path.dsv
[8.293s] -- Installing: /home/yahboom/Desktop/S24_RobotProgramming_Humble_Hawksbill/FinalProject/roscourse_final_ws (copy)/install/custom_interface/share/custom_interface/environment/path.sh
[8.294s] -- Installing: /home/yahboom/Desktop/S24_RobotProgramming_Humble_Hawksbill/FinalProject/roscourse_final_ws (copy)/install/custom_interface/share/custom_interface/environment/path.dsv
[8.294s] -- Installing: /home/yahboom/Desktop/S24_RobotProgramming_Humble_Hawksbill/FinalProject/roscourse_final_ws (copy)/install/custom_interface/share/custom_interface/local_setup.bash
[8.294s] -- Installing: /home/yahboom/Desktop/S24_RobotProgramming_Humble_Hawksbill/FinalProject/roscourse_final_ws (copy)/install/custom_interface/share/custom_interface/local_setup.sh
[8.294s] -- Installing: /home/yahboom/Desktop/S24_RobotProgramming_Humble_Hawksbill/FinalProject/roscourse_final_ws (copy)/install/custom_interface/share/custom_interface/local_setup.zsh
[8.294s] -- Installing: /home/yahboom/Desktop/S24_RobotProgramming_Humble_Hawksbill/FinalProject/roscourse_final_ws (copy)/install/custom_interface/share/custom_interface/local_setup.dsv
[8.295s] -- Installing: /home/yahboom/Desktop/S24_RobotProgramming_Humble_Hawksbill/FinalProject/roscourse_final_ws (copy)/install/custom_interface/share/custom_interface/package.dsv
[8.295s] -- Installing: /home/yahboom/Desktop/S24_RobotProgramming_Humble_Hawksbill/FinalProject/roscourse_final_ws (copy)/install/custom_interface/share/ament_index/resource_index/packages/custom_interface
[8.295s] -- Installing: /home/yahboom/Desktop/S24_RobotProgramming_Humble_Hawksbill/FinalProject/roscourse_final_ws (copy)/install/custom_interface/share/custom_interface/cmake/custom_interface__rosidl_generator_cExport.cmake
[8.295s] -- Installing: /home/yahboom/Desktop/S24_RobotProgramming_Humble_Hawksbill/FinalProject/roscourse_final_ws (copy)/install/custom_interface/share/custom_interface/cmake/custom_interface__rosidl_generator_cExport-noconfig.cmake
[8.295s] -- Installing: /home/yahboom/Desktop/S24_RobotProgramming_Humble_Hawksbill/FinalProject/roscourse_final_ws (copy)/install/custom_interface/share/custom_interface/cmake/custom_interface__rosidl_typesupport_introspection_cExport.cmake
[8.296s] -- Installing: /home/yahboom/Desktop/S24_RobotProgramming_Humble_Hawksbill/FinalProject/roscourse_final_ws (copy)/install/custom_interface/share/custom_interface/cmake/custom_interface__rosidl_typesupport_introspection_cExport-noconfig.cmake
[8.296s] -- Installing: /home/yahboom/Desktop/S24_RobotProgramming_Humble_Hawksbill/FinalProject/roscourse_final_ws (copy)/install/custom_interface/share/custom_interface/cmake/custom_interface__rosidl_typesupport_cExport.cmake
[8.296s] -- Installing: /home/yahboom/Desktop/S24_RobotProgramming_Humble_Hawksbill/FinalProject/roscourse_final_ws (copy)/install/custom_interface/share/custom_interface/cmake/custom_interface__rosidl_typesupport_cExport-noconfig.cmake
[8.296s] -- Installing: /home/yahboom/Desktop/S24_RobotProgramming_Humble_Hawksbill/FinalProject/roscourse_final_ws (copy)/install/custom_interface/share/custom_interface/cmake/custom_interface__rosidl_generator_cppExport.cmake
[8.296s] -- Installing: /home/yahboom/Desktop/S24_RobotProgramming_Humble_Hawksbill/FinalProject/roscourse_final_ws (copy)/install/custom_interface/share/custom_interface/cmake/custom_interface__rosidl_typesupport_introspection_cppExport.cmake
[8.297s] -- Installing: /home/yahboom/Desktop/S24_RobotProgramming_Humble_Hawksbill/FinalProject/roscourse_final_ws (copy)/install/custom_interface/share/custom_interface/cmake/custom_interface__rosidl_typesupport_introspection_cppExport-noconfig.cmake
[8.297s] -- Installing: /home/yahboom/Desktop/S24_RobotProgramming_Humble_Hawksbill/FinalProject/roscourse_final_ws (copy)/install/custom_interface/share/custom_interface/cmake/custom_interface__rosidl_typesupport_cppExport.cmake
[8.297s] -- Installing: /home/yahboom/Desktop/S24_RobotProgramming_Humble_Hawksbill/FinalProject/roscourse_final_ws (copy)/install/custom_interface/share/custom_interface/cmake/custom_interface__rosidl_typesupport_cppExport-noconfig.cmake
[8.297s] -- Installing: /home/yahboom/Desktop/S24_RobotProgramming_Humble_Hawksbill/FinalProject/roscourse_final_ws (copy)/install/custom_interface/share/custom_interface/cmake/rosidl_cmake-extras.cmake
[8.298s] -- Installing: /home/yahboom/Desktop/S24_RobotProgramming_Humble_Hawksbill/FinalProject/roscourse_final_ws (copy)/install/custom_interface/share/custom_interface/cmake/ament_cmake_export_dependencies-extras.cmake
[8.298s] -- Installing: /home/yahboom/Desktop/S24_RobotProgramming_Humble_Hawksbill/FinalProject/roscourse_final_ws (copy)/install/custom_interface/share/custom_interface/cmake/ament_cmake_export_libraries-extras.cmake
[8.298s] -- Installing: /home/yahboom/Desktop/S24_RobotProgramming_Humble_Hawksbill/FinalProject/roscourse_final_ws (copy)/install/custom_interface/share/custom_interface/cmake/ament_cmake_export_targets-extras.cmake
[8.298s] -- Installing: /home/yahboom/Desktop/S24_RobotProgramming_Humble_Hawksbill/FinalProject/roscourse_final_ws (copy)/install/custom_interface/share/custom_interface/cmake/ament_cmake_export_include_directories-extras.cmake
[8.298s] -- Installing: /home/yahboom/Desktop/S24_RobotProgramming_Humble_Hawksbill/FinalProject/roscourse_final_ws (copy)/install/custom_interface/share/custom_interface/cmake/rosidl_cmake_export_typesupport_libraries-extras.cmake
[8.299s] -- Installing: /home/yahboom/Desktop/S24_RobotProgramming_Humble_Hawksbill/FinalProject/roscourse_final_ws (copy)/install/custom_interface/share/custom_interface/cmake/rosidl_cmake_export_typesupport_targets-extras.cmake
[8.299s] -- Installing: /home/yahboom/Desktop/S24_RobotProgramming_Humble_Hawksbill/FinalProject/roscourse_final_ws (copy)/install/custom_interface/share/custom_interface/cmake/custom_interfaceConfig.cmake
[8.299s] -- Installing: /home/yahboom/Desktop/S24_RobotProgramming_Humble_Hawksbill/FinalProject/roscourse_final_ws (copy)/install/custom_interface/share/custom_interface/cmake/custom_interfaceConfig-version.cmake
[8.299s] -- Installing: /home/yahboom/Desktop/S24_RobotProgramming_Humble_Hawksbill/FinalProject/roscourse_final_ws (copy)/install/custom_interface/share/custom_interface/package.xml
[8.306s] Invoked command in '/home/yahboom/Desktop/S24_RobotProgramming_Humble_Hawksbill/FinalProject/roscourse_final_ws (copy)/build/custom_interface' returned '0': CMAKE_PREFIX_PATH=${CMAKE_PREFIX_PATH}:/home/yahboom/yahboomcar_ros2_ws/yahboomcar_ws/install/yahboomcar_voice_ctrl:/home/yahboom/yahboomcar_ros2_ws/yahboomcar_ws/install/yahboomcar_visual:/home/yahboom/yahboomcar_ros2_ws/yahboomcar_ws/install/yahboomcar_rviz:/home/yahboom/yahboomcar_ros2_ws/yahboomcar_ws/install/yahboomcar_nav:/home/yahboom/yahboomcar_ros2_ws/yahboomcar_ws/install/yahboomcar_multi:/home/yahboom/yahboomcar_ros2_ws/yahboomcar_ws/install/yahboomcar_mediapipe:/home/yahboom/yahboomcar_ros2_ws/yahboomcar_ws/install/yahboomcar_linefollow:/home/yahboom/yahboomcar_ros2_ws/yahboomcar_ws/install/yahboomcar_laser:/home/yahboom/yahboomcar_ros2_ws/yahboomcar_ws/install/yahboomcar_description_x1:/home/yahboom/yahboomcar_ros2_ws/yahboomcar_ws/install/yahboomcar_description:/home/yahboom/yahboomcar_ros2_ws/yahboomcar_ws/install/yahboomcar_ctrl:/home/yahboom/yahboomcar_ros2_ws/yahboomcar_ws/install/yahboomcar_bringup:/home/yahboom/yahboomcar_ros2_ws/yahboomcar_ws/install/yahboomcar_astra:/home/yahboom/yahboomcar_ros2_ws/yahboomcar_ws/install/robot_pose_publisher:/home/yahboom/yahboomcar_ros2_ws/yahboomcar_ws/install/laserscan_to_point_pulisher:/opt/ros/foxy /usr/bin/cmake --install /home/yahboom/Desktop/S24_RobotProgramming_Humble_Hawksbill/FinalProject/roscourse_final_ws (copy)/build/custom_interface
