-- Found ament_cmake: 0.9.11 (/opt/ros/foxy/share/ament_cmake/cmake)
-- Found PythonInterp: /usr/bin/python3 (found suitable version "3.8.10", minimum required is "3") 
-- Using PYTHON_EXECUTABLE: /usr/bin/python3
-- Found ament_lint_auto: 0.9.8 (/opt/ros/foxy/share/ament_lint_auto/cmake)
-- Found geometry_msgs: 2.0.5 (/opt/ros/foxy/share/geometry_msgs/cmake)
-- Using all available rosidl_typesupport_c: rosidl_typesupport_fastrtps_c;rosidl_typesupport_introspection_c
-- Found rosidl_adapter: 1.3.0 (/opt/ros/foxy/share/rosidl_adapter/cmake)
-- Using all available rosidl_typesupport_cpp: rosidl_typesupport_fastrtps_cpp;rosidl_typesupport_introspection_cpp
-- Found rosidl_default_generators: 1.0.1 (/opt/ros/foxy/share/rosidl_default_generators/cmake)
-- Found PythonInterp: /usr/bin/python3 (found version "3.8.10") 
-- Found ament_cmake_ros: 0.9.2 (/opt/ros/foxy/share/ament_cmake_ros/cmake)
-- Using all available rosidl_typesupport_c: rosidl_typesupport_fastrtps_c;rosidl_typesupport_introspection_c
-- Using all available rosidl_typesupport_cpp: rosidl_typesupport_fastrtps_cpp;rosidl_typesupport_introspection_cpp
-- Found PythonInterp: /usr/bin/python3 (found suitable version "3.8.10", minimum required is "3.5") 
-- Found python_cmake_module: 0.8.1 (/opt/ros/foxy/share/python_cmake_module/cmake)
-- Found PythonLibs: /usr/lib/x86_64-linux-gnu/libpython3.8.so (found suitable version "3.8.10", minimum required is "3.5") 
-- Using PYTHON_EXECUTABLE: /usr/bin/python3
-- Using PYTHON_INCLUDE_DIRS: /usr/include/python3.8
-- Using PYTHON_LIBRARIES: /usr/lib/x86_64-linux-gnu/libpython3.8.so
-- Found PythonExtra: .so  
-- Added test 'copyright' to check source files copyright and LICENSE
-- Added test 'lint_cmake' to check CMake code style
-- Added test 'xmllint' to check XML markup files
-- Configuring done
-- Generating done
-- Build files have been written to: /home/yahboom/Desktop/roscourse_final_ws/build/project
[35m[1mScanning dependencies of target project__cpp[0m
[  3%] [34m[1mGenerating C code for ROS interfaces[0m
[  6%] [34m[1mGenerating C++ code for ROS interfaces[0m
[  6%] Built target project__cpp
[  9%] [34m[1mGenerating C++ introspection for ROS interfaces[0m
[ 12%] [34m[1mGenerating C++ type support for eProsima Fast-RTPS[0m
[35m[1mScanning dependencies of target project__rosidl_generator_c[0m
[ 16%] [34m[1mGenerating C++ type support dispatch for ROS interfaces[0m
[ 19%] [32mBuilding C object CMakeFiles/project__rosidl_generator_c.dir/rosidl_generator_c/project/action/detail/robot_to_goal__functions.c.o[0m
[35m[1mScanning dependencies of target project__rosidl_typesupport_cpp[0m
[ 22%] [32mBuilding CXX object CMakeFiles/project__rosidl_typesupport_cpp.dir/rosidl_typesupport_cpp/project/action/robot_to_goal__type_support.cpp.o[0m
[35m[1mScanning dependencies of target project__rosidl_typesupport_introspection_cpp[0m
[ 25%] [32mBuilding CXX object CMakeFiles/project__rosidl_typesupport_introspection_cpp.dir/rosidl_typesupport_introspection_cpp/project/action/detail/robot_to_goal__type_support.cpp.o[0m
[35m[1mScanning dependencies of target project__rosidl_typesupport_fastrtps_cpp[0m
[ 29%] [32m[1mLinking C shared library libproject__rosidl_generator_c.so[0m
[ 32%] [32mBuilding CXX object CMakeFiles/project__rosidl_typesupport_fastrtps_cpp.dir/rosidl_typesupport_fastrtps_cpp/project/action/detail/dds_fastrtps/robot_to_goal__type_support.cpp.o[0m
[ 32%] Built target project__rosidl_generator_c
[ 35%] [34m[1mGenerating C type support dispatch for ROS interfaces[0m
[ 38%] [32m[1mLinking CXX shared library libproject__rosidl_typesupport_cpp.so[0m
[35m[1mScanning dependencies of target project__rosidl_typesupport_c[0m
[ 41%] [32mBuilding CXX object CMakeFiles/project__rosidl_typesupport_c.dir/rosidl_typesupport_c/project/action/robot_to_goal__type_support.cpp.o[0m
[ 41%] Built target project__rosidl_typesupport_cpp
[ 45%] [34m[1mGenerating C introspection for ROS interfaces[0m
[ 48%] [32m[1mLinking CXX shared library libproject__rosidl_typesupport_introspection_cpp.so[0m
[ 51%] [32m[1mLinking CXX shared library libproject__rosidl_typesupport_c.so[0m
[ 51%] Built target project__rosidl_typesupport_introspection_cpp
[ 51%] Built target project__rosidl_typesupport_c
[ 54%] [32m[1mLinking CXX shared library libproject__rosidl_typesupport_fastrtps_cpp.so[0m
[ 54%] Built target project__rosidl_typesupport_fastrtps_cpp
[ 58%] [34m[1mGenerating C type support for eProsima Fast-RTPS[0m
[35m[1mScanning dependencies of target project__rosidl_typesupport_introspection_c[0m
[ 61%] [32mBuilding C object CMakeFiles/project__rosidl_typesupport_introspection_c.dir/rosidl_typesupport_introspection_c/project/action/detail/robot_to_goal__type_support.c.o[0m
[ 64%] [32m[1mLinking C shared library libproject__rosidl_typesupport_introspection_c.so[0m
[ 64%] Built target project__rosidl_typesupport_introspection_c
[35m[1mScanning dependencies of target project__rosidl_typesupport_fastrtps_c[0m
[ 67%] [32mBuilding CXX object CMakeFiles/project__rosidl_typesupport_fastrtps_c.dir/rosidl_typesupport_fastrtps_c/project/action/detail/robot_to_goal__type_support_c.cpp.o[0m
[ 70%] [32m[1mLinking CXX shared library libproject__rosidl_typesupport_fastrtps_c.so[0m
[ 70%] Built target project__rosidl_typesupport_fastrtps_c
[35m[1mScanning dependencies of target project[0m
[ 70%] Built target project
[35m[1mScanning dependencies of target project__py[0m
[ 74%] [34m[1mGenerating Python code for ROS interfaces[0m
[ 74%] Built target project__py
[35m[1mScanning dependencies of target project__python[0m
[ 77%] [32mBuilding C object CMakeFiles/project__python.dir/rosidl_generator_py/project/action/_robot_to_goal_s.c.o[0m
[ 80%] [32m[1mLinking C shared library rosidl_generator_py/project/libproject__python.so[0m
[ 80%] Built target project__python
[35m[1mScanning dependencies of target project__rosidl_typesupport_c__pyext[0m
[35m[1mScanning dependencies of target project__rosidl_typesupport_introspection_c__pyext[0m
[35m[1mScanning dependencies of target project__rosidl_typesupport_fastrtps_c__pyext[0m
[ 83%] [32mBuilding C object CMakeFiles/project__rosidl_typesupport_c__pyext.dir/rosidl_generator_py/project/_project_s.ep.rosidl_typesupport_c.c.o[0m
[ 87%] [32mBuilding C object CMakeFiles/project__rosidl_typesupport_introspection_c__pyext.dir/rosidl_generator_py/project/_project_s.ep.rosidl_typesupport_introspection_c.c.o[0m
[ 90%] [32mBuilding C object CMakeFiles/project__rosidl_typesupport_fastrtps_c__pyext.dir/rosidl_generator_py/project/_project_s.ep.rosidl_typesupport_fastrtps_c.c.o[0m
[ 93%] [32m[1mLinking CXX shared library rosidl_generator_py/project/project_s__rosidl_typesupport_fastrtps_c.cpython-38-x86_64-linux-gnu.so[0m
[ 96%] [32m[1mLinking C shared library rosidl_generator_py/project/project_s__rosidl_typesupport_c.cpython-38-x86_64-linux-gnu.so[0m
[100%] [32m[1mLinking C shared library rosidl_generator_py/project/project_s__rosidl_typesupport_introspection_c.cpython-38-x86_64-linux-gnu.so[0m
[100%] Built target project__rosidl_typesupport_c__pyext
[100%] Built target project__rosidl_typesupport_introspection_c__pyext
[100%] Built target project__rosidl_typesupport_fastrtps_c__pyext
-- Install configuration: ""
-- Installing: /home/yahboom/Desktop/roscourse_final_ws/install/project/share/ament_index/resource_index/rosidl_interfaces/project
-- Installing: /home/yahboom/Desktop/roscourse_final_ws/install/project/include/project
-- Installing: /home/yahboom/Desktop/roscourse_final_ws/install/project/include/project/msg
-- Installing: /home/yahboom/Desktop/roscourse_final_ws/install/project/include/project/msg/rosidl_generator_c__visibility_control.h
-- Installing: /home/yahboom/Desktop/roscourse_final_ws/install/project/include/project/action
-- Installing: /home/yahboom/Desktop/roscourse_final_ws/install/project/include/project/action/detail
-- Installing: /home/yahboom/Desktop/roscourse_final_ws/install/project/include/project/action/detail/robot_to_goal__functions.c
-- Installing: /home/yahboom/Desktop/roscourse_final_ws/install/project/include/project/action/detail/robot_to_goal__functions.h
-- Installing: /home/yahboom/Desktop/roscourse_final_ws/install/project/include/project/action/detail/robot_to_goal__struct.h
-- Installing: /home/yahboom/Desktop/roscourse_final_ws/install/project/include/project/action/detail/robot_to_goal__type_support.h
-- Installing: /home/yahboom/Desktop/roscourse_final_ws/install/project/include/project/action/robot_to_goal.h
-- Installing: /home/yahboom/Desktop/roscourse_final_ws/install/project/share/project/environment/library_path.sh
-- Installing: /home/yahboom/Desktop/roscourse_final_ws/install/project/share/project/environment/library_path.dsv
-- Installing: /home/yahboom/Desktop/roscourse_final_ws/install/project/lib/libproject__rosidl_generator_c.so
-- Set runtime path of "/home/yahboom/Desktop/roscourse_final_ws/install/project/lib/libproject__rosidl_generator_c.so" to ""
-- Up-to-date: /home/yahboom/Desktop/roscourse_final_ws/install/project/include/project
-- Up-to-date: /home/yahboom/Desktop/roscourse_final_ws/install/project/include/project/msg
-- Installing: /home/yahboom/Desktop/roscourse_final_ws/install/project/include/project/msg/rosidl_typesupport_fastrtps_c__visibility_control.h
-- Up-to-date: /home/yahboom/Desktop/roscourse_final_ws/install/project/include/project/action
-- Up-to-date: /home/yahboom/Desktop/roscourse_final_ws/install/project/include/project/action/detail
-- Installing: /home/yahboom/Desktop/roscourse_final_ws/install/project/include/project/action/detail/robot_to_goal__rosidl_typesupport_fastrtps_c.h
-- Installing: /home/yahboom/Desktop/roscourse_final_ws/install/project/lib/libproject__rosidl_typesupport_fastrtps_c.so
-- Set runtime path of "/home/yahboom/Desktop/roscourse_final_ws/install/project/lib/libproject__rosidl_typesupport_fastrtps_c.so" to ""
-- Up-to-date: /home/yahboom/Desktop/roscourse_final_ws/install/project/include/project
-- Up-to-date: /home/yahboom/Desktop/roscourse_final_ws/install/project/include/project/msg
-- Installing: /home/yahboom/Desktop/roscourse_final_ws/install/project/include/project/msg/rosidl_typesupport_fastrtps_cpp__visibility_control.h
-- Up-to-date: /home/yahboom/Desktop/roscourse_final_ws/install/project/include/project/action
-- Up-to-date: /home/yahboom/Desktop/roscourse_final_ws/install/project/include/project/action/detail
-- Installing: /home/yahboom/Desktop/roscourse_final_ws/install/project/include/project/action/detail/robot_to_goal__rosidl_typesupport_fastrtps_cpp.hpp
-- Installing: /home/yahboom/Desktop/roscourse_final_ws/install/project/include/project/action/detail/dds_fastrtps
-- Installing: /home/yahboom/Desktop/roscourse_final_ws/install/project/lib/libproject__rosidl_typesupport_fastrtps_cpp.so
-- Set runtime path of "/home/yahboom/Desktop/roscourse_final_ws/install/project/lib/libproject__rosidl_typesupport_fastrtps_cpp.so" to ""
-- Up-to-date: /home/yahboom/Desktop/roscourse_final_ws/install/project/include/project
-- Up-to-date: /home/yahboom/Desktop/roscourse_final_ws/install/project/include/project/msg
-- Installing: /home/yahboom/Desktop/roscourse_final_ws/install/project/include/project/msg/rosidl_typesupport_introspection_c__visibility_control.h
-- Up-to-date: /home/yahboom/Desktop/roscourse_final_ws/install/project/include/project/action
-- Up-to-date: /home/yahboom/Desktop/roscourse_final_ws/install/project/include/project/action/detail
-- Installing: /home/yahboom/Desktop/roscourse_final_ws/install/project/include/project/action/detail/robot_to_goal__type_support.c
-- Installing: /home/yahboom/Desktop/roscourse_final_ws/install/project/include/project/action/detail/robot_to_goal__rosidl_typesupport_introspection_c.h
-- Installing: /home/yahboom/Desktop/roscourse_final_ws/install/project/lib/libproject__rosidl_typesupport_introspection_c.so
-- Set runtime path of "/home/yahboom/Desktop/roscourse_final_ws/install/project/lib/libproject__rosidl_typesupport_introspection_c.so" to ""
-- Installing: /home/yahboom/Desktop/roscourse_final_ws/install/project/lib/libproject__rosidl_typesupport_c.so
-- Set runtime path of "/home/yahboom/Desktop/roscourse_final_ws/install/project/lib/libproject__rosidl_typesupport_c.so" to ""
-- Up-to-date: /home/yahboom/Desktop/roscourse_final_ws/install/project/include/project
-- Up-to-date: /home/yahboom/Desktop/roscourse_final_ws/install/project/include/project/action
-- Up-to-date: /home/yahboom/Desktop/roscourse_final_ws/install/project/include/project/action/detail
-- Installing: /home/yahboom/Desktop/roscourse_final_ws/install/project/include/project/action/detail/robot_to_goal__traits.hpp
-- Installing: /home/yahboom/Desktop/roscourse_final_ws/install/project/include/project/action/detail/robot_to_goal__struct.hpp
-- Installing: /home/yahboom/Desktop/roscourse_final_ws/install/project/include/project/action/detail/robot_to_goal__builder.hpp
-- Installing: /home/yahboom/Desktop/roscourse_final_ws/install/project/include/project/action/robot_to_goal.hpp
-- Up-to-date: /home/yahboom/Desktop/roscourse_final_ws/install/project/include/project
-- Up-to-date: /home/yahboom/Desktop/roscourse_final_ws/install/project/include/project/action
-- Up-to-date: /home/yahboom/Desktop/roscourse_final_ws/install/project/include/project/action/detail
-- Installing: /home/yahboom/Desktop/roscourse_final_ws/install/project/include/project/action/detail/robot_to_goal__rosidl_typesupport_introspection_cpp.hpp
-- Installing: /home/yahboom/Desktop/roscourse_final_ws/install/project/include/project/action/detail/robot_to_goal__type_support.cpp
-- Installing: /home/yahboom/Desktop/roscourse_final_ws/install/project/lib/libproject__rosidl_typesupport_introspection_cpp.so
-- Set runtime path of "/home/yahboom/Desktop/roscourse_final_ws/install/project/lib/libproject__rosidl_typesupport_introspection_cpp.so" to ""
-- Installing: /home/yahboom/Desktop/roscourse_final_ws/install/project/lib/libproject__rosidl_typesupport_cpp.so
-- Set runtime path of "/home/yahboom/Desktop/roscourse_final_ws/install/project/lib/libproject__rosidl_typesupport_cpp.so" to ""
-- Installing: /home/yahboom/Desktop/roscourse_final_ws/install/project/share/project/environment/pythonpath.sh
-- Installing: /home/yahboom/Desktop/roscourse_final_ws/install/project/share/project/environment/pythonpath.dsv
-- Installing: /home/yahboom/Desktop/roscourse_final_ws/install/project/lib/python3.8/site-packages/project/__init__.py
Compiling '/home/yahboom/Desktop/roscourse_final_ws/install/project/lib/python3.8/site-packages/project/__init__.py'...
-- Installing: /home/yahboom/Desktop/roscourse_final_ws/install/project/lib/python3.8/site-packages/project/action
-- Installing: /home/yahboom/Desktop/roscourse_final_ws/install/project/lib/python3.8/site-packages/project/action/_robot_to_goal_s.c
-- Installing: /home/yahboom/Desktop/roscourse_final_ws/install/project/lib/python3.8/site-packages/project/action/__init__.py
-- Installing: /home/yahboom/Desktop/roscourse_final_ws/install/project/lib/python3.8/site-packages/project/action/_robot_to_goal.py
-- Installing: /home/yahboom/Desktop/roscourse_final_ws/install/project/lib/python3.8/site-packages/project/project_s__rosidl_typesupport_fastrtps_c.cpython-38-x86_64-linux-gnu.so
-- Set runtime path of "/home/yahboom/Desktop/roscourse_final_ws/install/project/lib/python3.8/site-packages/project/project_s__rosidl_typesupport_fastrtps_c.cpython-38-x86_64-linux-gnu.so" to ""
-- Installing: /home/yahboom/Desktop/roscourse_final_ws/install/project/lib/python3.8/site-packages/project/project_s__rosidl_typesupport_introspection_c.cpython-38-x86_64-linux-gnu.so
-- Set runtime path of "/home/yahboom/Desktop/roscourse_final_ws/install/project/lib/python3.8/site-packages/project/project_s__rosidl_typesupport_introspection_c.cpython-38-x86_64-linux-gnu.so" to ""
-- Installing: /home/yahboom/Desktop/roscourse_final_ws/install/project/lib/python3.8/site-packages/project/project_s__rosidl_typesupport_c.cpython-38-x86_64-linux-gnu.so
-- Set runtime path of "/home/yahboom/Desktop/roscourse_final_ws/install/project/lib/python3.8/site-packages/project/project_s__rosidl_typesupport_c.cpython-38-x86_64-linux-gnu.so" to ""
-- Installing: /home/yahboom/Desktop/roscourse_final_ws/install/project/lib/libproject__python.so
-- Set runtime path of "/home/yahboom/Desktop/roscourse_final_ws/install/project/lib/libproject__python.so" to ""
-- Installing: /home/yahboom/Desktop/roscourse_final_ws/install/project/share/project/action/RobotToGoal.idl
-- Installing: /home/yahboom/Desktop/roscourse_final_ws/install/project/share/project/action/RobotToGoal.action
-- Installing: /home/yahboom/Desktop/roscourse_final_ws/install/project/share/ament_index/resource_index/package_run_dependencies/project
-- Installing: /home/yahboom/Desktop/roscourse_final_ws/install/project/share/ament_index/resource_index/parent_prefix_path/project
-- Installing: /home/yahboom/Desktop/roscourse_final_ws/install/project/share/project/environment/ament_prefix_path.sh
-- Installing: /home/yahboom/Desktop/roscourse_final_ws/install/project/share/project/environment/ament_prefix_path.dsv
-- Installing: /home/yahboom/Desktop/roscourse_final_ws/install/project/share/project/environment/path.sh
-- Installing: /home/yahboom/Desktop/roscourse_final_ws/install/project/share/project/environment/path.dsv
-- Installing: /home/yahboom/Desktop/roscourse_final_ws/install/project/share/project/local_setup.bash
-- Installing: /home/yahboom/Desktop/roscourse_final_ws/install/project/share/project/local_setup.sh
-- Installing: /home/yahboom/Desktop/roscourse_final_ws/install/project/share/project/local_setup.zsh
-- Installing: /home/yahboom/Desktop/roscourse_final_ws/install/project/share/project/local_setup.dsv
-- Installing: /home/yahboom/Desktop/roscourse_final_ws/install/project/share/project/package.dsv
-- Installing: /home/yahboom/Desktop/roscourse_final_ws/install/project/share/ament_index/resource_index/packages/project
-- Installing: /home/yahboom/Desktop/roscourse_final_ws/install/project/share/project/cmake/project__rosidl_generator_cExport.cmake
-- Installing: /home/yahboom/Desktop/roscourse_final_ws/install/project/share/project/cmake/project__rosidl_generator_cExport-noconfig.cmake
-- Installing: /home/yahboom/Desktop/roscourse_final_ws/install/project/share/project/cmake/project__rosidl_typesupport_introspection_cExport.cmake
-- Installing: /home/yahboom/Desktop/roscourse_final_ws/install/project/share/project/cmake/project__rosidl_typesupport_introspection_cExport-noconfig.cmake
-- Installing: /home/yahboom/Desktop/roscourse_final_ws/install/project/share/project/cmake/project__rosidl_typesupport_cExport.cmake
-- Installing: /home/yahboom/Desktop/roscourse_final_ws/install/project/share/project/cmake/project__rosidl_typesupport_cExport-noconfig.cmake
-- Installing: /home/yahboom/Desktop/roscourse_final_ws/install/project/share/project/cmake/project__rosidl_generator_cppExport.cmake
-- Installing: /home/yahboom/Desktop/roscourse_final_ws/install/project/share/project/cmake/project__rosidl_typesupport_introspection_cppExport.cmake
-- Installing: /home/yahboom/Desktop/roscourse_final_ws/install/project/share/project/cmake/project__rosidl_typesupport_introspection_cppExport-noconfig.cmake
-- Installing: /home/yahboom/Desktop/roscourse_final_ws/install/project/share/project/cmake/project__rosidl_typesupport_cppExport.cmake
-- Installing: /home/yahboom/Desktop/roscourse_final_ws/install/project/share/project/cmake/project__rosidl_typesupport_cppExport-noconfig.cmake
-- Installing: /home/yahboom/Desktop/roscourse_final_ws/install/project/share/project/cmake/rosidl_cmake-extras.cmake
-- Installing: /home/yahboom/Desktop/roscourse_final_ws/install/project/share/project/cmake/ament_cmake_export_dependencies-extras.cmake
-- Installing: /home/yahboom/Desktop/roscourse_final_ws/install/project/share/project/cmake/ament_cmake_export_libraries-extras.cmake
-- Installing: /home/yahboom/Desktop/roscourse_final_ws/install/project/share/project/cmake/ament_cmake_export_targets-extras.cmake
-- Installing: /home/yahboom/Desktop/roscourse_final_ws/install/project/share/project/cmake/ament_cmake_export_include_directories-extras.cmake
-- Installing: /home/yahboom/Desktop/roscourse_final_ws/install/project/share/project/cmake/rosidl_cmake_export_typesupport_libraries-extras.cmake
-- Installing: /home/yahboom/Desktop/roscourse_final_ws/install/project/share/project/cmake/rosidl_cmake_export_typesupport_targets-extras.cmake
-- Installing: /home/yahboom/Desktop/roscourse_final_ws/install/project/share/project/cmake/projectConfig.cmake
-- Installing: /home/yahboom/Desktop/roscourse_final_ws/install/project/share/project/cmake/projectConfig-version.cmake
-- Installing: /home/yahboom/Desktop/roscourse_final_ws/install/project/share/project/package.xml
