[0.058s] Invoking command in '/home/yahboom/Desktop/roscourse_final_ws/build/project': CMAKE_PREFIX_PATH=${CMAKE_PREFIX_PATH}:/home/yahboom/yahboomcar_ros2_ws/yahboomcar_ws/install/yahboomcar_voice_ctrl:/home/yahboom/yahboomcar_ros2_ws/yahboomcar_ws/install/yahboomcar_visual:/home/yahboom/yahboomcar_ros2_ws/yahboomcar_ws/install/yahboomcar_rviz:/home/yahboom/yahboomcar_ros2_ws/yahboomcar_ws/install/yahboomcar_nav:/home/yahboom/yahboomcar_ros2_ws/yahboomcar_ws/install/yahboomcar_multi:/home/yahboom/yahboomcar_ros2_ws/yahboomcar_ws/install/yahboomcar_mediapipe:/home/yahboom/yahboomcar_ros2_ws/yahboomcar_ws/install/yahboomcar_linefollow:/home/yahboom/yahboomcar_ros2_ws/yahboomcar_ws/install/yahboomcar_laser:/home/yahboom/yahboomcar_ros2_ws/yahboomcar_ws/install/yahboomcar_description_x1:/home/yahboom/yahboomcar_ros2_ws/yahboomcar_ws/install/yahboomcar_description:/home/yahboom/yahboomcar_ros2_ws/yahboomcar_ws/install/yahboomcar_ctrl:/home/yahboom/yahboomcar_ros2_ws/yahboomcar_ws/install/yahboomcar_bringup:/home/yahboom/yahboomcar_ros2_ws/yahboomcar_ws/install/yahboomcar_astra:/home/yahboom/yahboomcar_ros2_ws/yahboomcar_ws/install/robot_pose_publisher:/home/yahboom/yahboomcar_ros2_ws/yahboomcar_ws/install/laserscan_to_point_pulisher:/opt/ros/foxy /usr/bin/cmake /home/yahboom/Desktop/roscourse_final_ws/src/project -DCMAKE_INSTALL_PREFIX=/home/yahboom/Desktop/roscourse_final_ws/install/project
[0.089s] -- Found ament_cmake: 0.9.11 (/opt/ros/foxy/share/ament_cmake/cmake)
[0.144s] -- Found PythonInterp: /usr/bin/python3 (found suitable version "3.8.10", minimum required is "3") 
[0.144s] -- Using PYTHON_EXECUTABLE: /usr/bin/python3
[0.425s] -- Found ament_lint_auto: 0.9.8 (/opt/ros/foxy/share/ament_lint_auto/cmake)
[0.522s] -- Found geometry_msgs: 2.0.5 (/opt/ros/foxy/share/geometry_msgs/cmake)
[0.556s] -- Using all available rosidl_typesupport_c: rosidl_typesupport_fastrtps_c;rosidl_typesupport_introspection_c
[0.562s] -- Found rosidl_adapter: 1.3.0 (/opt/ros/foxy/share/rosidl_adapter/cmake)
[0.729s] -- Using all available rosidl_typesupport_cpp: rosidl_typesupport_fastrtps_cpp;rosidl_typesupport_introspection_cpp
[0.836s] -- Found rosidl_default_generators: 1.0.1 (/opt/ros/foxy/share/rosidl_default_generators/cmake)
[0.907s] -- Found PythonInterp: /usr/bin/python3 (found version "3.8.10") 
[1.248s] -- Found ament_cmake_ros: 0.9.2 (/opt/ros/foxy/share/ament_cmake_ros/cmake)
[1.719s] -- Using all available rosidl_typesupport_c: rosidl_typesupport_fastrtps_c;rosidl_typesupport_introspection_c
[1.916s] -- Using all available rosidl_typesupport_cpp: rosidl_typesupport_fastrtps_cpp;rosidl_typesupport_introspection_cpp
[1.967s] -- Found PythonInterp: /usr/bin/python3 (found suitable version "3.8.10", minimum required is "3.5") 
[1.973s] -- Found python_cmake_module: 0.8.1 (/opt/ros/foxy/share/python_cmake_module/cmake)
[2.029s] -- Found PythonLibs: /usr/lib/x86_64-linux-gnu/libpython3.8.so (found suitable version "3.8.10", minimum required is "3.5") 
[2.029s] -- Using PYTHON_EXECUTABLE: /usr/bin/python3
[2.030s] -- Using PYTHON_INCLUDE_DIRS: /usr/include/python3.8
[2.030s] -- Using PYTHON_LIBRARIES: /usr/lib/x86_64-linux-gnu/libpython3.8.so
[2.061s] -- Found PythonExtra: .so  
[2.281s] -- Added test 'copyright' to check source files copyright and LICENSE
[2.286s] -- Added test 'lint_cmake' to check CMake code style
[2.290s] -- Added test 'xmllint' to check XML markup files
[2.314s] -- Configuring done
[2.432s] -- Generating done
[2.436s] -- Build files have been written to: /home/yahboom/Desktop/roscourse_final_ws/build/project
[2.445s] Invoked command in '/home/yahboom/Desktop/roscourse_final_ws/build/project' returned '0': CMAKE_PREFIX_PATH=${CMAKE_PREFIX_PATH}:/home/yahboom/yahboomcar_ros2_ws/yahboomcar_ws/install/yahboomcar_voice_ctrl:/home/yahboom/yahboomcar_ros2_ws/yahboomcar_ws/install/yahboomcar_visual:/home/yahboom/yahboomcar_ros2_ws/yahboomcar_ws/install/yahboomcar_rviz:/home/yahboom/yahboomcar_ros2_ws/yahboomcar_ws/install/yahboomcar_nav:/home/yahboom/yahboomcar_ros2_ws/yahboomcar_ws/install/yahboomcar_multi:/home/yahboom/yahboomcar_ros2_ws/yahboomcar_ws/install/yahboomcar_mediapipe:/home/yahboom/yahboomcar_ros2_ws/yahboomcar_ws/install/yahboomcar_linefollow:/home/yahboom/yahboomcar_ros2_ws/yahboomcar_ws/install/yahboomcar_laser:/home/yahboom/yahboomcar_ros2_ws/yahboomcar_ws/install/yahboomcar_description_x1:/home/yahboom/yahboomcar_ros2_ws/yahboomcar_ws/install/yahboomcar_description:/home/yahboom/yahboomcar_ros2_ws/yahboomcar_ws/install/yahboomcar_ctrl:/home/yahboom/yahboomcar_ros2_ws/yahboomcar_ws/install/yahboomcar_bringup:/home/yahboom/yahboomcar_ros2_ws/yahboomcar_ws/install/yahboomcar_astra:/home/yahboom/yahboomcar_ros2_ws/yahboomcar_ws/install/robot_pose_publisher:/home/yahboom/yahboomcar_ros2_ws/yahboomcar_ws/install/laserscan_to_point_pulisher:/opt/ros/foxy /usr/bin/cmake /home/yahboom/Desktop/roscourse_final_ws/src/project -DCMAKE_INSTALL_PREFIX=/home/yahboom/Desktop/roscourse_final_ws/install/project
[2.449s] Invoking command in '/home/yahboom/Desktop/roscourse_final_ws/build/project': CMAKE_PREFIX_PATH=${CMAKE_PREFIX_PATH}:/home/yahboom/yahboomcar_ros2_ws/yahboomcar_ws/install/yahboomcar_voice_ctrl:/home/yahboom/yahboomcar_ros2_ws/yahboomcar_ws/install/yahboomcar_visual:/home/yahboom/yahboomcar_ros2_ws/yahboomcar_ws/install/yahboomcar_rviz:/home/yahboom/yahboomcar_ros2_ws/yahboomcar_ws/install/yahboomcar_nav:/home/yahboom/yahboomcar_ros2_ws/yahboomcar_ws/install/yahboomcar_multi:/home/yahboom/yahboomcar_ros2_ws/yahboomcar_ws/install/yahboomcar_mediapipe:/home/yahboom/yahboomcar_ros2_ws/yahboomcar_ws/install/yahboomcar_linefollow:/home/yahboom/yahboomcar_ros2_ws/yahboomcar_ws/install/yahboomcar_laser:/home/yahboom/yahboomcar_ros2_ws/yahboomcar_ws/install/yahboomcar_description_x1:/home/yahboom/yahboomcar_ros2_ws/yahboomcar_ws/install/yahboomcar_description:/home/yahboom/yahboomcar_ros2_ws/yahboomcar_ws/install/yahboomcar_ctrl:/home/yahboom/yahboomcar_ros2_ws/yahboomcar_ws/install/yahboomcar_bringup:/home/yahboom/yahboomcar_ros2_ws/yahboomcar_ws/install/yahboomcar_astra:/home/yahboom/yahboomcar_ros2_ws/yahboomcar_ws/install/robot_pose_publisher:/home/yahboom/yahboomcar_ros2_ws/yahboomcar_ws/install/laserscan_to_point_pulisher:/opt/ros/foxy /usr/bin/cmake --build /home/yahboom/Desktop/roscourse_final_ws/build/project -- -j4 -l4
[2.514s] [35m[1mScanning dependencies of target project__cpp[0m
[2.514s] [  3%] [34m[1mGenerating C code for ROS interfaces[0m
[2.531s] [  6%] [34m[1mGenerating C++ code for ROS interfaces[0m
[3.148s] [  6%] Built target project__cpp
[3.167s] [  9%] [34m[1mGenerating C++ introspection for ROS interfaces[0m
[3.193s] [ 12%] [34m[1mGenerating C++ type support for eProsima Fast-RTPS[0m
[3.224s] [35m[1mScanning dependencies of target project__rosidl_generator_c[0m
[3.243s] [ 16%] [34m[1mGenerating C++ type support dispatch for ROS interfaces[0m
[3.316s] [ 19%] [32mBuilding C object CMakeFiles/project__rosidl_generator_c.dir/rosidl_generator_c/project/action/detail/robot_to_goal__functions.c.o[0m
[3.719s] [35m[1mScanning dependencies of target project__rosidl_typesupport_cpp[0m
[3.797s] [ 22%] [32mBuilding CXX object CMakeFiles/project__rosidl_typesupport_cpp.dir/rosidl_typesupport_cpp/project/action/robot_to_goal__type_support.cpp.o[0m
[3.851s] [35m[1mScanning dependencies of target project__rosidl_typesupport_introspection_cpp[0m
[3.913s] [ 25%] [32mBuilding CXX object CMakeFiles/project__rosidl_typesupport_introspection_cpp.dir/rosidl_typesupport_introspection_cpp/project/action/detail/robot_to_goal__type_support.cpp.o[0m
[3.938s] [35m[1mScanning dependencies of target project__rosidl_typesupport_fastrtps_cpp[0m
[3.998s] [ 29%] [32m[1mLinking C shared library libproject__rosidl_generator_c.so[0m
[4.027s] [ 32%] [32mBuilding CXX object CMakeFiles/project__rosidl_typesupport_fastrtps_cpp.dir/rosidl_typesupport_fastrtps_cpp/project/action/detail/dds_fastrtps/robot_to_goal__type_support.cpp.o[0m
[4.490s] [ 32%] Built target project__rosidl_generator_c
[4.560s] [ 35%] [34m[1mGenerating C type support dispatch for ROS interfaces[0m
[5.109s] [ 38%] [32m[1mLinking CXX shared library libproject__rosidl_typesupport_cpp.so[0m
[5.149s] [35m[1mScanning dependencies of target project__rosidl_typesupport_c[0m
[5.190s] [ 41%] [32mBuilding CXX object CMakeFiles/project__rosidl_typesupport_c.dir/rosidl_typesupport_c/project/action/robot_to_goal__type_support.cpp.o[0m
[5.214s] [ 41%] Built target project__rosidl_typesupport_cpp
[5.234s] [ 45%] [34m[1mGenerating C introspection for ROS interfaces[0m
[5.243s] [ 48%] [32m[1mLinking CXX shared library libproject__rosidl_typesupport_introspection_cpp.so[0m
[5.279s] [ 51%] [32m[1mLinking CXX shared library libproject__rosidl_typesupport_c.so[0m
[5.385s] [ 51%] Built target project__rosidl_typesupport_introspection_cpp
[5.399s] [ 51%] Built target project__rosidl_typesupport_c
[5.502s] [ 54%] [32m[1mLinking CXX shared library libproject__rosidl_typesupport_fastrtps_cpp.so[0m
[5.650s] [ 54%] Built target project__rosidl_typesupport_fastrtps_cpp
[5.667s] [ 58%] [34m[1mGenerating C type support for eProsima Fast-RTPS[0m
[5.770s] [35m[1mScanning dependencies of target project__rosidl_typesupport_introspection_c[0m
[5.803s] [ 61%] [32mBuilding C object CMakeFiles/project__rosidl_typesupport_introspection_c.dir/rosidl_typesupport_introspection_c/project/action/detail/robot_to_goal__type_support.c.o[0m
[5.872s] [ 64%] [32m[1mLinking C shared library libproject__rosidl_typesupport_introspection_c.so[0m
[5.926s] [ 64%] Built target project__rosidl_typesupport_introspection_c
[6.183s] [35m[1mScanning dependencies of target project__rosidl_typesupport_fastrtps_c[0m
[6.223s] [ 67%] [32mBuilding CXX object CMakeFiles/project__rosidl_typesupport_fastrtps_c.dir/rosidl_typesupport_fastrtps_c/project/action/detail/robot_to_goal__type_support_c.cpp.o[0m
[6.783s] [ 70%] [32m[1mLinking CXX shared library libproject__rosidl_typesupport_fastrtps_c.so[0m
[6.933s] [ 70%] Built target project__rosidl_typesupport_fastrtps_c
[6.955s] [35m[1mScanning dependencies of target project[0m
[6.975s] [ 70%] Built target project
[6.995s] [35m[1mScanning dependencies of target project__py[0m
[7.019s] [ 74%] [34m[1mGenerating Python code for ROS interfaces[0m
[8.366s] [ 74%] Built target project__py
[8.382s] [35m[1mScanning dependencies of target project__python[0m
[8.457s] [ 77%] [32mBuilding C object CMakeFiles/project__python.dir/rosidl_generator_py/project/action/_robot_to_goal_s.c.o[0m
[8.673s] [ 80%] [32m[1mLinking C shared library rosidl_generator_py/project/libproject__python.so[0m
[8.752s] [ 80%] Built target project__python
[8.769s] [35m[1mScanning dependencies of target project__rosidl_typesupport_c__pyext[0m
[8.770s] [35m[1mScanning dependencies of target project__rosidl_typesupport_introspection_c__pyext[0m
[8.770s] [35m[1mScanning dependencies of target project__rosidl_typesupport_fastrtps_c__pyext[0m
[8.796s] [ 83%] [32mBuilding C object CMakeFiles/project__rosidl_typesupport_c__pyext.dir/rosidl_generator_py/project/_project_s.ep.rosidl_typesupport_c.c.o[0m
[8.801s] [ 87%] [32mBuilding C object CMakeFiles/project__rosidl_typesupport_introspection_c__pyext.dir/rosidl_generator_py/project/_project_s.ep.rosidl_typesupport_introspection_c.c.o[0m
[8.801s] [ 90%] [32mBuilding C object CMakeFiles/project__rosidl_typesupport_fastrtps_c__pyext.dir/rosidl_generator_py/project/_project_s.ep.rosidl_typesupport_fastrtps_c.c.o[0m
[8.956s] [ 93%] [32m[1mLinking CXX shared library rosidl_generator_py/project/project_s__rosidl_typesupport_fastrtps_c.cpython-38-x86_64-linux-gnu.so[0m
[8.974s] [ 96%] [32m[1mLinking C shared library rosidl_generator_py/project/project_s__rosidl_typesupport_c.cpython-38-x86_64-linux-gnu.so[0m
[8.987s] [100%] [32m[1mLinking C shared library rosidl_generator_py/project/project_s__rosidl_typesupport_introspection_c.cpython-38-x86_64-linux-gnu.so[0m
[9.062s] [100%] Built target project__rosidl_typesupport_c__pyext
[9.078s] [100%] Built target project__rosidl_typesupport_introspection_c__pyext
[9.096s] [100%] Built target project__rosidl_typesupport_fastrtps_c__pyext
[9.115s] Invoked command in '/home/yahboom/Desktop/roscourse_final_ws/build/project' returned '0': CMAKE_PREFIX_PATH=${CMAKE_PREFIX_PATH}:/home/yahboom/yahboomcar_ros2_ws/yahboomcar_ws/install/yahboomcar_voice_ctrl:/home/yahboom/yahboomcar_ros2_ws/yahboomcar_ws/install/yahboomcar_visual:/home/yahboom/yahboomcar_ros2_ws/yahboomcar_ws/install/yahboomcar_rviz:/home/yahboom/yahboomcar_ros2_ws/yahboomcar_ws/install/yahboomcar_nav:/home/yahboom/yahboomcar_ros2_ws/yahboomcar_ws/install/yahboomcar_multi:/home/yahboom/yahboomcar_ros2_ws/yahboomcar_ws/install/yahboomcar_mediapipe:/home/yahboom/yahboomcar_ros2_ws/yahboomcar_ws/install/yahboomcar_linefollow:/home/yahboom/yahboomcar_ros2_ws/yahboomcar_ws/install/yahboomcar_laser:/home/yahboom/yahboomcar_ros2_ws/yahboomcar_ws/install/yahboomcar_description_x1:/home/yahboom/yahboomcar_ros2_ws/yahboomcar_ws/install/yahboomcar_description:/home/yahboom/yahboomcar_ros2_ws/yahboomcar_ws/install/yahboomcar_ctrl:/home/yahboom/yahboomcar_ros2_ws/yahboomcar_ws/install/yahboomcar_bringup:/home/yahboom/yahboomcar_ros2_ws/yahboomcar_ws/install/yahboomcar_astra:/home/yahboom/yahboomcar_ros2_ws/yahboomcar_ws/install/robot_pose_publisher:/home/yahboom/yahboomcar_ros2_ws/yahboomcar_ws/install/laserscan_to_point_pulisher:/opt/ros/foxy /usr/bin/cmake --build /home/yahboom/Desktop/roscourse_final_ws/build/project -- -j4 -l4
[9.222s] Invoking command in '/home/yahboom/Desktop/roscourse_final_ws/build/project': CMAKE_PREFIX_PATH=${CMAKE_PREFIX_PATH}:/home/yahboom/yahboomcar_ros2_ws/yahboomcar_ws/install/yahboomcar_voice_ctrl:/home/yahboom/yahboomcar_ros2_ws/yahboomcar_ws/install/yahboomcar_visual:/home/yahboom/yahboomcar_ros2_ws/yahboomcar_ws/install/yahboomcar_rviz:/home/yahboom/yahboomcar_ros2_ws/yahboomcar_ws/install/yahboomcar_nav:/home/yahboom/yahboomcar_ros2_ws/yahboomcar_ws/install/yahboomcar_multi:/home/yahboom/yahboomcar_ros2_ws/yahboomcar_ws/install/yahboomcar_mediapipe:/home/yahboom/yahboomcar_ros2_ws/yahboomcar_ws/install/yahboomcar_linefollow:/home/yahboom/yahboomcar_ros2_ws/yahboomcar_ws/install/yahboomcar_laser:/home/yahboom/yahboomcar_ros2_ws/yahboomcar_ws/install/yahboomcar_description_x1:/home/yahboom/yahboomcar_ros2_ws/yahboomcar_ws/install/yahboomcar_description:/home/yahboom/yahboomcar_ros2_ws/yahboomcar_ws/install/yahboomcar_ctrl:/home/yahboom/yahboomcar_ros2_ws/yahboomcar_ws/install/yahboomcar_bringup:/home/yahboom/yahboomcar_ros2_ws/yahboomcar_ws/install/yahboomcar_astra:/home/yahboom/yahboomcar_ros2_ws/yahboomcar_ws/install/robot_pose_publisher:/home/yahboom/yahboomcar_ros2_ws/yahboomcar_ws/install/laserscan_to_point_pulisher:/opt/ros/foxy /usr/bin/cmake --install /home/yahboom/Desktop/roscourse_final_ws/build/project
[9.238s] -- Install configuration: ""
[9.239s] -- Installing: /home/yahboom/Desktop/roscourse_final_ws/install/project/share/ament_index/resource_index/rosidl_interfaces/project
[9.239s] -- Installing: /home/yahboom/Desktop/roscourse_final_ws/install/project/include/project
[9.240s] -- Installing: /home/yahboom/Desktop/roscourse_final_ws/install/project/include/project/msg
[9.240s] -- Installing: /home/yahboom/Desktop/roscourse_final_ws/install/project/include/project/msg/rosidl_generator_c__visibility_control.h
[9.240s] -- Installing: /home/yahboom/Desktop/roscourse_final_ws/install/project/include/project/action
[9.240s] -- Installing: /home/yahboom/Desktop/roscourse_final_ws/install/project/include/project/action/detail
[9.241s] -- Installing: /home/yahboom/Desktop/roscourse_final_ws/install/project/include/project/action/detail/robot_to_goal__functions.c
[9.241s] -- Installing: /home/yahboom/Desktop/roscourse_final_ws/install/project/include/project/action/detail/robot_to_goal__functions.h
[9.241s] -- Installing: /home/yahboom/Desktop/roscourse_final_ws/install/project/include/project/action/detail/robot_to_goal__struct.h
[9.241s] -- Installing: /home/yahboom/Desktop/roscourse_final_ws/install/project/include/project/action/detail/robot_to_goal__type_support.h
[9.241s] -- Installing: /home/yahboom/Desktop/roscourse_final_ws/install/project/include/project/action/robot_to_goal.h
[9.242s] -- Installing: /home/yahboom/Desktop/roscourse_final_ws/install/project/share/project/environment/library_path.sh
[9.242s] -- Installing: /home/yahboom/Desktop/roscourse_final_ws/install/project/share/project/environment/library_path.dsv
[9.243s] -- Installing: /home/yahboom/Desktop/roscourse_final_ws/install/project/lib/libproject__rosidl_generator_c.so
[9.243s] -- Set runtime path of "/home/yahboom/Desktop/roscourse_final_ws/install/project/lib/libproject__rosidl_generator_c.so" to ""
[9.244s] -- Up-to-date: /home/yahboom/Desktop/roscourse_final_ws/install/project/include/project
[9.244s] -- Up-to-date: /home/yahboom/Desktop/roscourse_final_ws/install/project/include/project/msg
[9.244s] -- Installing: /home/yahboom/Desktop/roscourse_final_ws/install/project/include/project/msg/rosidl_typesupport_fastrtps_c__visibility_control.h
[9.245s] -- Up-to-date: /home/yahboom/Desktop/roscourse_final_ws/install/project/include/project/action
[9.246s] -- Up-to-date: /home/yahboom/Desktop/roscourse_final_ws/install/project/include/project/action/detail
[9.247s] -- Installing: /home/yahboom/Desktop/roscourse_final_ws/install/project/include/project/action/detail/robot_to_goal__rosidl_typesupport_fastrtps_c.h
[9.247s] -- Installing: /home/yahboom/Desktop/roscourse_final_ws/install/project/lib/libproject__rosidl_typesupport_fastrtps_c.so
[9.247s] -- Set runtime path of "/home/yahboom/Desktop/roscourse_final_ws/install/project/lib/libproject__rosidl_typesupport_fastrtps_c.so" to ""
[9.248s] -- Up-to-date: /home/yahboom/Desktop/roscourse_final_ws/install/project/include/project
[9.248s] -- Up-to-date: /home/yahboom/Desktop/roscourse_final_ws/install/project/include/project/msg
[9.249s] -- Installing: /home/yahboom/Desktop/roscourse_final_ws/install/project/include/project/msg/rosidl_typesupport_fastrtps_cpp__visibility_control.h
[9.250s] -- Up-to-date: /home/yahboom/Desktop/roscourse_final_ws/install/project/include/project/action
[9.250s] -- Up-to-date: /home/yahboom/Desktop/roscourse_final_ws/install/project/include/project/action/detail
[9.250s] -- Installing: /home/yahboom/Desktop/roscourse_final_ws/install/project/include/project/action/detail/robot_to_goal__rosidl_typesupport_fastrtps_cpp.hpp
[9.250s] -- Installing: /home/yahboom/Desktop/roscourse_final_ws/install/project/include/project/action/detail/dds_fastrtps
[9.251s] -- Installing: /home/yahboom/Desktop/roscourse_final_ws/install/project/lib/libproject__rosidl_typesupport_fastrtps_cpp.so
[9.251s] -- Set runtime path of "/home/yahboom/Desktop/roscourse_final_ws/install/project/lib/libproject__rosidl_typesupport_fastrtps_cpp.so" to ""
[9.251s] -- Up-to-date: /home/yahboom/Desktop/roscourse_final_ws/install/project/include/project
[9.252s] -- Up-to-date: /home/yahboom/Desktop/roscourse_final_ws/install/project/include/project/msg
[9.252s] -- Installing: /home/yahboom/Desktop/roscourse_final_ws/install/project/include/project/msg/rosidl_typesupport_introspection_c__visibility_control.h
[9.252s] -- Up-to-date: /home/yahboom/Desktop/roscourse_final_ws/install/project/include/project/action
[9.252s] -- Up-to-date: /home/yahboom/Desktop/roscourse_final_ws/install/project/include/project/action/detail
[9.253s] -- Installing: /home/yahboom/Desktop/roscourse_final_ws/install/project/include/project/action/detail/robot_to_goal__type_support.c
[9.253s] -- Installing: /home/yahboom/Desktop/roscourse_final_ws/install/project/include/project/action/detail/robot_to_goal__rosidl_typesupport_introspection_c.h
[9.253s] -- Installing: /home/yahboom/Desktop/roscourse_final_ws/install/project/lib/libproject__rosidl_typesupport_introspection_c.so
[9.253s] -- Set runtime path of "/home/yahboom/Desktop/roscourse_final_ws/install/project/lib/libproject__rosidl_typesupport_introspection_c.so" to ""
[9.253s] -- Installing: /home/yahboom/Desktop/roscourse_final_ws/install/project/lib/libproject__rosidl_typesupport_c.so
[9.254s] -- Set runtime path of "/home/yahboom/Desktop/roscourse_final_ws/install/project/lib/libproject__rosidl_typesupport_c.so" to ""
[9.254s] -- Up-to-date: /home/yahboom/Desktop/roscourse_final_ws/install/project/include/project
[9.254s] -- Up-to-date: /home/yahboom/Desktop/roscourse_final_ws/install/project/include/project/action
[9.254s] -- Up-to-date: /home/yahboom/Desktop/roscourse_final_ws/install/project/include/project/action/detail
[9.255s] -- Installing: /home/yahboom/Desktop/roscourse_final_ws/install/project/include/project/action/detail/robot_to_goal__traits.hpp
[9.255s] -- Installing: /home/yahboom/Desktop/roscourse_final_ws/install/project/include/project/action/detail/robot_to_goal__struct.hpp
[9.255s] -- Installing: /home/yahboom/Desktop/roscourse_final_ws/install/project/include/project/action/detail/robot_to_goal__builder.hpp
[9.255s] -- Installing: /home/yahboom/Desktop/roscourse_final_ws/install/project/include/project/action/robot_to_goal.hpp
[9.256s] -- Up-to-date: /home/yahboom/Desktop/roscourse_final_ws/install/project/include/project
[9.256s] -- Up-to-date: /home/yahboom/Desktop/roscourse_final_ws/install/project/include/project/action
[9.256s] -- Up-to-date: /home/yahboom/Desktop/roscourse_final_ws/install/project/include/project/action/detail
[9.256s] -- Installing: /home/yahboom/Desktop/roscourse_final_ws/install/project/include/project/action/detail/robot_to_goal__rosidl_typesupport_introspection_cpp.hpp
[9.257s] -- Installing: /home/yahboom/Desktop/roscourse_final_ws/install/project/include/project/action/detail/robot_to_goal__type_support.cpp
[9.257s] -- Installing: /home/yahboom/Desktop/roscourse_final_ws/install/project/lib/libproject__rosidl_typesupport_introspection_cpp.so
[9.257s] -- Set runtime path of "/home/yahboom/Desktop/roscourse_final_ws/install/project/lib/libproject__rosidl_typesupport_introspection_cpp.so" to ""
[9.257s] -- Installing: /home/yahboom/Desktop/roscourse_final_ws/install/project/lib/libproject__rosidl_typesupport_cpp.so
[9.258s] -- Set runtime path of "/home/yahboom/Desktop/roscourse_final_ws/install/project/lib/libproject__rosidl_typesupport_cpp.so" to ""
[9.258s] -- Installing: /home/yahboom/Desktop/roscourse_final_ws/install/project/share/project/environment/pythonpath.sh
[9.258s] -- Installing: /home/yahboom/Desktop/roscourse_final_ws/install/project/share/project/environment/pythonpath.dsv
[9.258s] -- Installing: /home/yahboom/Desktop/roscourse_final_ws/install/project/lib/python3.8/site-packages/project/__init__.py
[9.315s] Compiling '/home/yahboom/Desktop/roscourse_final_ws/install/project/lib/python3.8/site-packages/project/__init__.py'...
[9.321s] -- Installing: /home/yahboom/Desktop/roscourse_final_ws/install/project/lib/python3.8/site-packages/project/action
[9.321s] -- Installing: /home/yahboom/Desktop/roscourse_final_ws/install/project/lib/python3.8/site-packages/project/action/_robot_to_goal_s.c
[9.321s] -- Installing: /home/yahboom/Desktop/roscourse_final_ws/install/project/lib/python3.8/site-packages/project/action/__init__.py
[9.321s] -- Installing: /home/yahboom/Desktop/roscourse_final_ws/install/project/lib/python3.8/site-packages/project/action/_robot_to_goal.py
[9.322s] -- Installing: /home/yahboom/Desktop/roscourse_final_ws/install/project/lib/python3.8/site-packages/project/project_s__rosidl_typesupport_fastrtps_c.cpython-38-x86_64-linux-gnu.so
[9.323s] -- Set runtime path of "/home/yahboom/Desktop/roscourse_final_ws/install/project/lib/python3.8/site-packages/project/project_s__rosidl_typesupport_fastrtps_c.cpython-38-x86_64-linux-gnu.so" to ""
[9.324s] -- Installing: /home/yahboom/Desktop/roscourse_final_ws/install/project/lib/python3.8/site-packages/project/project_s__rosidl_typesupport_introspection_c.cpython-38-x86_64-linux-gnu.so
[9.324s] -- Set runtime path of "/home/yahboom/Desktop/roscourse_final_ws/install/project/lib/python3.8/site-packages/project/project_s__rosidl_typesupport_introspection_c.cpython-38-x86_64-linux-gnu.so" to ""
[9.324s] -- Installing: /home/yahboom/Desktop/roscourse_final_ws/install/project/lib/python3.8/site-packages/project/project_s__rosidl_typesupport_c.cpython-38-x86_64-linux-gnu.so
[9.324s] -- Set runtime path of "/home/yahboom/Desktop/roscourse_final_ws/install/project/lib/python3.8/site-packages/project/project_s__rosidl_typesupport_c.cpython-38-x86_64-linux-gnu.so" to ""
[9.325s] -- Installing: /home/yahboom/Desktop/roscourse_final_ws/install/project/lib/libproject__python.so
[9.326s] -- Set runtime path of "/home/yahboom/Desktop/roscourse_final_ws/install/project/lib/libproject__python.so" to ""
[9.326s] -- Installing: /home/yahboom/Desktop/roscourse_final_ws/install/project/share/project/action/RobotToGoal.idl
[9.326s] -- Installing: /home/yahboom/Desktop/roscourse_final_ws/install/project/share/project/action/RobotToGoal.action
[9.327s] -- Installing: /home/yahboom/Desktop/roscourse_final_ws/install/project/share/ament_index/resource_index/package_run_dependencies/project
[9.327s] -- Installing: /home/yahboom/Desktop/roscourse_final_ws/install/project/share/ament_index/resource_index/parent_prefix_path/project
[9.327s] -- Installing: /home/yahboom/Desktop/roscourse_final_ws/install/project/share/project/environment/ament_prefix_path.sh
[9.328s] -- Installing: /home/yahboom/Desktop/roscourse_final_ws/install/project/share/project/environment/ament_prefix_path.dsv
[9.328s] -- Installing: /home/yahboom/Desktop/roscourse_final_ws/install/project/share/project/environment/path.sh
[9.329s] -- Installing: /home/yahboom/Desktop/roscourse_final_ws/install/project/share/project/environment/path.dsv
[9.330s] -- Installing: /home/yahboom/Desktop/roscourse_final_ws/install/project/share/project/local_setup.bash
[9.330s] -- Installing: /home/yahboom/Desktop/roscourse_final_ws/install/project/share/project/local_setup.sh
[9.330s] -- Installing: /home/yahboom/Desktop/roscourse_final_ws/install/project/share/project/local_setup.zsh
[9.331s] -- Installing: /home/yahboom/Desktop/roscourse_final_ws/install/project/share/project/local_setup.dsv
[9.331s] -- Installing: /home/yahboom/Desktop/roscourse_final_ws/install/project/share/project/package.dsv
[9.331s] -- Installing: /home/yahboom/Desktop/roscourse_final_ws/install/project/share/ament_index/resource_index/packages/project
[9.331s] -- Installing: /home/yahboom/Desktop/roscourse_final_ws/install/project/share/project/cmake/project__rosidl_generator_cExport.cmake
[9.331s] -- Installing: /home/yahboom/Desktop/roscourse_final_ws/install/project/share/project/cmake/project__rosidl_generator_cExport-noconfig.cmake
[9.332s] -- Installing: /home/yahboom/Desktop/roscourse_final_ws/install/project/share/project/cmake/project__rosidl_typesupport_introspection_cExport.cmake
[9.332s] -- Installing: /home/yahboom/Desktop/roscourse_final_ws/install/project/share/project/cmake/project__rosidl_typesupport_introspection_cExport-noconfig.cmake
[9.332s] -- Installing: /home/yahboom/Desktop/roscourse_final_ws/install/project/share/project/cmake/project__rosidl_typesupport_cExport.cmake
[9.332s] -- Installing: /home/yahboom/Desktop/roscourse_final_ws/install/project/share/project/cmake/project__rosidl_typesupport_cExport-noconfig.cmake
[9.332s] -- Installing: /home/yahboom/Desktop/roscourse_final_ws/install/project/share/project/cmake/project__rosidl_generator_cppExport.cmake
[9.333s] -- Installing: /home/yahboom/Desktop/roscourse_final_ws/install/project/share/project/cmake/project__rosidl_typesupport_introspection_cppExport.cmake
[9.333s] -- Installing: /home/yahboom/Desktop/roscourse_final_ws/install/project/share/project/cmake/project__rosidl_typesupport_introspection_cppExport-noconfig.cmake
[9.333s] -- Installing: /home/yahboom/Desktop/roscourse_final_ws/install/project/share/project/cmake/project__rosidl_typesupport_cppExport.cmake
[9.333s] -- Installing: /home/yahboom/Desktop/roscourse_final_ws/install/project/share/project/cmake/project__rosidl_typesupport_cppExport-noconfig.cmake
[9.333s] -- Installing: /home/yahboom/Desktop/roscourse_final_ws/install/project/share/project/cmake/rosidl_cmake-extras.cmake
[9.334s] -- Installing: /home/yahboom/Desktop/roscourse_final_ws/install/project/share/project/cmake/ament_cmake_export_dependencies-extras.cmake
[9.334s] -- Installing: /home/yahboom/Desktop/roscourse_final_ws/install/project/share/project/cmake/ament_cmake_export_libraries-extras.cmake
[9.334s] -- Installing: /home/yahboom/Desktop/roscourse_final_ws/install/project/share/project/cmake/ament_cmake_export_targets-extras.cmake
[9.335s] -- Installing: /home/yahboom/Desktop/roscourse_final_ws/install/project/share/project/cmake/ament_cmake_export_include_directories-extras.cmake
[9.341s] -- Installing: /home/yahboom/Desktop/roscourse_final_ws/install/project/share/project/cmake/rosidl_cmake_export_typesupport_libraries-extras.cmake
[9.341s] -- Installing: /home/yahboom/Desktop/roscourse_final_ws/install/project/share/project/cmake/rosidl_cmake_export_typesupport_targets-extras.cmake
[9.341s] -- Installing: /home/yahboom/Desktop/roscourse_final_ws/install/project/share/project/cmake/projectConfig.cmake
[9.342s] -- Installing: /home/yahboom/Desktop/roscourse_final_ws/install/project/share/project/cmake/projectConfig-version.cmake
[9.342s] -- Installing: /home/yahboom/Desktop/roscourse_final_ws/install/project/share/project/package.xml
[9.343s] Invoked command in '/home/yahboom/Desktop/roscourse_final_ws/build/project' returned '0': CMAKE_PREFIX_PATH=${CMAKE_PREFIX_PATH}:/home/yahboom/yahboomcar_ros2_ws/yahboomcar_ws/install/yahboomcar_voice_ctrl:/home/yahboom/yahboomcar_ros2_ws/yahboomcar_ws/install/yahboomcar_visual:/home/yahboom/yahboomcar_ros2_ws/yahboomcar_ws/install/yahboomcar_rviz:/home/yahboom/yahboomcar_ros2_ws/yahboomcar_ws/install/yahboomcar_nav:/home/yahboom/yahboomcar_ros2_ws/yahboomcar_ws/install/yahboomcar_multi:/home/yahboom/yahboomcar_ros2_ws/yahboomcar_ws/install/yahboomcar_mediapipe:/home/yahboom/yahboomcar_ros2_ws/yahboomcar_ws/install/yahboomcar_linefollow:/home/yahboom/yahboomcar_ros2_ws/yahboomcar_ws/install/yahboomcar_laser:/home/yahboom/yahboomcar_ros2_ws/yahboomcar_ws/install/yahboomcar_description_x1:/home/yahboom/yahboomcar_ros2_ws/yahboomcar_ws/install/yahboomcar_description:/home/yahboom/yahboomcar_ros2_ws/yahboomcar_ws/install/yahboomcar_ctrl:/home/yahboom/yahboomcar_ros2_ws/yahboomcar_ws/install/yahboomcar_bringup:/home/yahboom/yahboomcar_ros2_ws/yahboomcar_ws/install/yahboomcar_astra:/home/yahboom/yahboomcar_ros2_ws/yahboomcar_ws/install/robot_pose_publisher:/home/yahboom/yahboomcar_ros2_ws/yahboomcar_ws/install/laserscan_to_point_pulisher:/opt/ros/foxy /usr/bin/cmake --install /home/yahboom/Desktop/roscourse_final_ws/build/project
