[1.813s] DEBUG:colcon:Command line arguments: ['/usr/bin/colcon', 'build']
[1.813s] DEBUG:colcon:Parsed command line arguments: Namespace(ament_cmake_args=None, base_paths=['.'], build_base='build', catkin_cmake_args=None, catkin_skip_building_tests=False, cmake_args=None, cmake_clean_cache=False, cmake_clean_first=False, cmake_force_configure=False, cmake_target=None, cmake_target_skip_unavailable=False, continue_on_error=False, event_handlers=None, executor='parallel', ignore_user_meta=False, install_base='install', log_base=None, log_level=None, main=<bound method BuildVerb.main of <colcon_core.verb.build.BuildVerb object at 0x7f91865be0>>, merge_install=False, metas=['./colcon.meta'], mixin=None, mixin_files=None, mixin_verb=('build',), packages_above=None, packages_above_and_dependencies=None, packages_above_depth=None, packages_end=None, packages_ignore=None, packages_ignore_regex=None, packages_select=None, packages_select_build_failed=False, packages_select_by_dep=None, packages_select_regex=None, packages_select_test_failures=False, packages_skip=None, packages_skip_build_finished=False, packages_skip_by_dep=None, packages_skip_regex=None, packages_skip_test_passed=False, packages_skip_up_to=None, packages_start=None, packages_up_to=None, packages_up_to_regex=None, parallel_workers=4, paths=None, symlink_install=False, test_result_base=None, verb_extension=<colcon_core.verb.build.BuildVerb object at 0x7f91865be0>, verb_name='build', verb_parser=<colcon_mixin.mixin.mixin_argument.MixinArgumentDecorator object at 0x7f917f61f0>)
[1.945s] Level 1:colcon.colcon_core.package_discovery:discover_packages(colcon_meta) check parameters
[1.949s] INFO:colcon.colcon_metadata.package_discovery.colcon_meta:Using configuration from '/root/.colcon/metadata/default/Gazebo.meta'
[1.951s] INFO:colcon.colcon_metadata.package_discovery.colcon_meta:Using configuration from '/root/.colcon/metadata/default/fastrtps.meta'
[1.951s] Level 1:colcon.colcon_core.package_discovery:discover_packages(recursive) check parameters
[1.951s] Level 1:colcon.colcon_core.package_discovery:discover_packages(ignore) check parameters
[1.952s] Level 1:colcon.colcon_core.package_discovery:discover_packages(path) check parameters
[1.952s] Level 1:colcon.colcon_core.package_discovery:discover_packages(colcon_meta) discover
[1.952s] Level 1:colcon.colcon_core.package_discovery:discover_packages(recursive) discover
[1.952s] INFO:colcon.colcon_core.package_discovery:Crawling recursively for packages in '/root/codes/S24_RobotProgramming_Humble_Hawksbill/FinalProject/roscourse_final_ws (copy)'
[1.953s] Level 1:colcon.colcon_core.package_identification:_identify(.) by extensions ['ignore', 'ignore_ament_install']
[1.953s] Level 1:colcon.colcon_core.package_identification:_identify(.) by extension 'ignore'
[1.953s] Level 1:colcon.colcon_core.package_identification:_identify(.) by extension 'ignore_ament_install'
[1.954s] Level 1:colcon.colcon_core.package_identification:_identify(.) by extensions ['colcon_pkg']
[1.954s] Level 1:colcon.colcon_core.package_identification:_identify(.) by extension 'colcon_pkg'
[1.954s] Level 1:colcon.colcon_core.package_identification:_identify(.) by extensions ['colcon_meta']
[1.954s] Level 1:colcon.colcon_core.package_identification:_identify(.) by extension 'colcon_meta'
[1.954s] Level 1:colcon.colcon_core.package_identification:_identify(.) by extensions ['ros']
[1.954s] Level 1:colcon.colcon_core.package_identification:_identify(.) by extension 'ros'
[2.044s] Level 1:colcon.colcon_core.package_identification:_identify(.) by extensions ['cmake', 'python']
[2.045s] Level 1:colcon.colcon_core.package_identification:_identify(.) by extension 'cmake'
[2.045s] Level 1:colcon.colcon_core.package_identification:_identify(.) by extension 'python'
[2.045s] Level 1:colcon.colcon_core.package_identification:_identify(.) by extensions ['python_setup_py']
[2.045s] Level 1:colcon.colcon_core.package_identification:_identify(.) by extension 'python_setup_py'
[2.046s] Level 1:colcon.colcon_core.package_identification:_identify(build) by extensions ['ignore', 'ignore_ament_install']
[2.046s] Level 1:colcon.colcon_core.package_identification:_identify(build) by extension 'ignore'
[2.046s] Level 1:colcon.colcon_core.package_identification:_identify(build) ignored
[2.047s] Level 1:colcon.colcon_core.package_identification:_identify(install) by extensions ['ignore', 'ignore_ament_install']
[2.047s] Level 1:colcon.colcon_core.package_identification:_identify(install) by extension 'ignore'
[2.047s] Level 1:colcon.colcon_core.package_identification:_identify(install) ignored
[2.048s] Level 1:colcon.colcon_core.package_identification:_identify(log) by extensions ['ignore', 'ignore_ament_install']
[2.048s] Level 1:colcon.colcon_core.package_identification:_identify(log) by extension 'ignore'
[2.048s] Level 1:colcon.colcon_core.package_identification:_identify(log) ignored
[2.049s] Level 1:colcon.colcon_core.package_identification:_identify(src) by extensions ['ignore', 'ignore_ament_install']
[2.049s] Level 1:colcon.colcon_core.package_identification:_identify(src) by extension 'ignore'
[2.049s] Level 1:colcon.colcon_core.package_identification:_identify(src) by extension 'ignore_ament_install'
[2.050s] Level 1:colcon.colcon_core.package_identification:_identify(src) by extensions ['colcon_pkg']
[2.050s] Level 1:colcon.colcon_core.package_identification:_identify(src) by extension 'colcon_pkg'
[2.050s] Level 1:colcon.colcon_core.package_identification:_identify(src) by extensions ['colcon_meta']
[2.050s] Level 1:colcon.colcon_core.package_identification:_identify(src) by extension 'colcon_meta'
[2.050s] Level 1:colcon.colcon_core.package_identification:_identify(src) by extensions ['ros']
[2.050s] Level 1:colcon.colcon_core.package_identification:_identify(src) by extension 'ros'
[2.051s] Level 1:colcon.colcon_core.package_identification:_identify(src) by extensions ['cmake', 'python']
[2.051s] Level 1:colcon.colcon_core.package_identification:_identify(src) by extension 'cmake'
[2.051s] Level 1:colcon.colcon_core.package_identification:_identify(src) by extension 'python'
[2.051s] Level 1:colcon.colcon_core.package_identification:_identify(src) by extensions ['python_setup_py']
[2.051s] Level 1:colcon.colcon_core.package_identification:_identify(src) by extension 'python_setup_py'
[2.052s] Level 1:colcon.colcon_core.package_identification:_identify(src/build) by extensions ['ignore', 'ignore_ament_install']
[2.052s] Level 1:colcon.colcon_core.package_identification:_identify(src/build) by extension 'ignore'
[2.052s] Level 1:colcon.colcon_core.package_identification:_identify(src/build) ignored
[2.053s] Level 1:colcon.colcon_core.package_identification:_identify(src/custom_interface) by extensions ['ignore', 'ignore_ament_install']
[2.053s] Level 1:colcon.colcon_core.package_identification:_identify(src/custom_interface) by extension 'ignore'
[2.053s] Level 1:colcon.colcon_core.package_identification:_identify(src/custom_interface) by extension 'ignore_ament_install'
[2.053s] Level 1:colcon.colcon_core.package_identification:_identify(src/custom_interface) by extensions ['colcon_pkg']
[2.054s] Level 1:colcon.colcon_core.package_identification:_identify(src/custom_interface) by extension 'colcon_pkg'
[2.054s] Level 1:colcon.colcon_core.package_identification:_identify(src/custom_interface) by extensions ['colcon_meta']
[2.054s] Level 1:colcon.colcon_core.package_identification:_identify(src/custom_interface) by extension 'colcon_meta'
[2.054s] Level 1:colcon.colcon_core.package_identification:_identify(src/custom_interface) by extensions ['ros']
[2.054s] Level 1:colcon.colcon_core.package_identification:_identify(src/custom_interface) by extension 'ros'
[2.064s] DEBUG:colcon.colcon_core.package_identification:Package 'src/custom_interface' with type 'ros.ament_cmake' and name 'custom_interface'
[2.065s] Level 1:colcon.colcon_core.package_identification:_identify(src/install) by extensions ['ignore', 'ignore_ament_install']
[2.065s] Level 1:colcon.colcon_core.package_identification:_identify(src/install) by extension 'ignore'
[2.065s] Level 1:colcon.colcon_core.package_identification:_identify(src/install) ignored
[2.066s] Level 1:colcon.colcon_core.package_identification:_identify(src/log) by extensions ['ignore', 'ignore_ament_install']
[2.066s] Level 1:colcon.colcon_core.package_identification:_identify(src/log) by extension 'ignore'
[2.066s] Level 1:colcon.colcon_core.package_identification:_identify(src/log) ignored
[2.067s] Level 1:colcon.colcon_core.package_identification:_identify(src/pubsub) by extensions ['ignore', 'ignore_ament_install']
[2.067s] Level 1:colcon.colcon_core.package_identification:_identify(src/pubsub) by extension 'ignore'
[2.067s] Level 1:colcon.colcon_core.package_identification:_identify(src/pubsub) by extension 'ignore_ament_install'
[2.068s] Level 1:colcon.colcon_core.package_identification:_identify(src/pubsub) by extensions ['colcon_pkg']
[2.068s] Level 1:colcon.colcon_core.package_identification:_identify(src/pubsub) by extension 'colcon_pkg'
[2.068s] Level 1:colcon.colcon_core.package_identification:_identify(src/pubsub) by extensions ['colcon_meta']
[2.068s] Level 1:colcon.colcon_core.package_identification:_identify(src/pubsub) by extension 'colcon_meta'
[2.068s] Level 1:colcon.colcon_core.package_identification:_identify(src/pubsub) by extensions ['ros']
[2.069s] Level 1:colcon.colcon_core.package_identification:_identify(src/pubsub) by extension 'ros'
[2.071s] DEBUG:colcon.colcon_core.package_identification:Package 'src/pubsub' with type 'ros.ament_python' and name 'pubsub'
[2.071s] Level 1:colcon.colcon_core.package_discovery:discover_packages(recursive) using defaults
[2.072s] Level 1:colcon.colcon_core.package_discovery:discover_packages(ignore) discover
[2.072s] Level 1:colcon.colcon_core.package_discovery:discover_packages(ignore) using defaults
[2.072s] Level 1:colcon.colcon_core.package_discovery:discover_packages(path) discover
[2.072s] Level 1:colcon.colcon_core.package_discovery:discover_packages(path) using defaults
[2.191s] Level 5:colcon.colcon_core.verb:set package 'custom_interface' build argument 'cmake_args' from command line to 'None'
[2.191s] Level 5:colcon.colcon_core.verb:set package 'custom_interface' build argument 'cmake_target' from command line to 'None'
[2.191s] Level 5:colcon.colcon_core.verb:set package 'custom_interface' build argument 'cmake_target_skip_unavailable' from command line to 'False'
[2.191s] Level 5:colcon.colcon_core.verb:set package 'custom_interface' build argument 'cmake_clean_cache' from command line to 'False'
[2.192s] Level 5:colcon.colcon_core.verb:set package 'custom_interface' build argument 'cmake_clean_first' from command line to 'False'
[2.192s] Level 5:colcon.colcon_core.verb:set package 'custom_interface' build argument 'cmake_force_configure' from command line to 'False'
[2.192s] Level 5:colcon.colcon_core.verb:set package 'custom_interface' build argument 'ament_cmake_args' from command line to 'None'
[2.192s] Level 5:colcon.colcon_core.verb:set package 'custom_interface' build argument 'catkin_cmake_args' from command line to 'None'
[2.192s] Level 5:colcon.colcon_core.verb:set package 'custom_interface' build argument 'catkin_skip_building_tests' from command line to 'False'
[2.192s] DEBUG:colcon.colcon_core.verb:Building package 'custom_interface' with the following arguments: {'ament_cmake_args': None, 'build_base': '/root/codes/S24_RobotProgramming_Humble_Hawksbill/FinalProject/roscourse_final_ws (copy)/build/custom_interface', 'catkin_cmake_args': None, 'catkin_skip_building_tests': False, 'cmake_args': None, 'cmake_clean_cache': False, 'cmake_clean_first': False, 'cmake_force_configure': False, 'cmake_target': None, 'cmake_target_skip_unavailable': False, 'install_base': '/root/codes/S24_RobotProgramming_Humble_Hawksbill/FinalProject/roscourse_final_ws (copy)/install/custom_interface', 'merge_install': False, 'path': '/root/codes/S24_RobotProgramming_Humble_Hawksbill/FinalProject/roscourse_final_ws (copy)/src/custom_interface', 'symlink_install': False, 'test_result_base': None}
[2.198s] Level 5:colcon.colcon_core.verb:set package 'pubsub' build argument 'cmake_args' from command line to 'None'
[2.199s] Level 5:colcon.colcon_core.verb:set package 'pubsub' build argument 'cmake_target' from command line to 'None'
[2.199s] Level 5:colcon.colcon_core.verb:set package 'pubsub' build argument 'cmake_target_skip_unavailable' from command line to 'False'
[2.199s] Level 5:colcon.colcon_core.verb:set package 'pubsub' build argument 'cmake_clean_cache' from command line to 'False'
[2.199s] Level 5:colcon.colcon_core.verb:set package 'pubsub' build argument 'cmake_clean_first' from command line to 'False'
[2.199s] Level 5:colcon.colcon_core.verb:set package 'pubsub' build argument 'cmake_force_configure' from command line to 'False'
[2.199s] Level 5:colcon.colcon_core.verb:set package 'pubsub' build argument 'ament_cmake_args' from command line to 'None'
[2.199s] Level 5:colcon.colcon_core.verb:set package 'pubsub' build argument 'catkin_cmake_args' from command line to 'None'
[2.200s] Level 5:colcon.colcon_core.verb:set package 'pubsub' build argument 'catkin_skip_building_tests' from command line to 'False'
[2.200s] DEBUG:colcon.colcon_core.verb:Building package 'pubsub' with the following arguments: {'ament_cmake_args': None, 'build_base': '/root/codes/S24_RobotProgramming_Humble_Hawksbill/FinalProject/roscourse_final_ws (copy)/build/pubsub', 'catkin_cmake_args': None, 'catkin_skip_building_tests': False, 'cmake_args': None, 'cmake_clean_cache': False, 'cmake_clean_first': False, 'cmake_force_configure': False, 'cmake_target': None, 'cmake_target_skip_unavailable': False, 'install_base': '/root/codes/S24_RobotProgramming_Humble_Hawksbill/FinalProject/roscourse_final_ws (copy)/install/pubsub', 'merge_install': False, 'path': '/root/codes/S24_RobotProgramming_Humble_Hawksbill/FinalProject/roscourse_final_ws (copy)/src/pubsub', 'symlink_install': False, 'test_result_base': None}
[2.204s] INFO:colcon.colcon_core.executor:Executing jobs using 'parallel' executor
[2.222s] DEBUG:colcon.colcon_parallel_executor.executor.parallel:run_until_complete
[2.223s] INFO:colcon.colcon_ros.task.ament_cmake.build:Building ROS package in '/root/codes/S24_RobotProgramming_Humble_Hawksbill/FinalProject/roscourse_final_ws (copy)/src/custom_interface' with build type 'ament_cmake'
[2.224s] INFO:colcon.colcon_cmake.task.cmake.build:Building CMake package in '/root/codes/S24_RobotProgramming_Humble_Hawksbill/FinalProject/roscourse_final_ws (copy)/src/custom_interface'
[2.249s] INFO:colcon.colcon_core.plugin_system:Skipping extension 'colcon_core.shell.bat': Not used on non-Windows systems
[2.250s] INFO:colcon.colcon_core.shell:Skip shell extension 'powershell' for command environment: Not usable outside of PowerShell
[2.251s] DEBUG:colcon.colcon_core.shell:Skip shell extension 'dsv' for command environment
[2.350s] DEBUG:colcon.colcon_core.event_handler.log_command:Invoking command in '/root/codes/S24_RobotProgramming_Humble_Hawksbill/FinalProject/roscourse_final_ws (copy)/build/custom_interface': CMAKE_PREFIX_PATH=${CMAKE_PREFIX_PATH}:/root/yahboomcar_ros2_ws/yahboomcar_ws/install/yahboomcar_voice_ctrl:/root/yahboomcar_ros2_ws/yahboomcar_ws/install/yahboomcar_visual:/root/yahboomcar_ros2_ws/yahboomcar_ws/install/yahboomcar_nav:/root/yahboomcar_ros2_ws/yahboomcar_ws/install/yahboomcar_multi:/root/yahboomcar_ros2_ws/yahboomcar_ws/install/yahboomcar_mediapipe:/root/yahboomcar_ros2_ws/yahboomcar_ws/install/yahboomcar_linefollow:/root/yahboomcar_ros2_ws/yahboomcar_ws/install/yahboomcar_laser:/root/yahboomcar_ros2_ws/yahboomcar_ws/install/yahboomcar_description_x1:/root/yahboomcar_ros2_ws/yahboomcar_ws/install/yahboomcar_description:/root/yahboomcar_ros2_ws/yahboomcar_ws/install/yahboomcar_ctrl:/root/yahboomcar_ros2_ws/yahboomcar_ws/install/yahboomcar_bringup:/root/yahboomcar_ros2_ws/yahboomcar_ws/install/yahboomcar_astra:/root/yahboomcar_ros2_ws/yahboomcar_ws/install/yahboom_app_save_map:/root/yahboomcar_ros2_ws/yahboomcar_ws/install/robot_pose_publisher:/root/yahboomcar_ros2_ws/yahboomcar_ws/install/laserscan_to_point_pulisher:/opt/ros/foxy /usr/bin/cmake --build /root/codes/S24_RobotProgramming_Humble_Hawksbill/FinalProject/roscourse_final_ws (copy)/build/custom_interface -- -j4 -l4
[3.701s] DEBUG:colcon.colcon_core.event_handler.log_command:Invoked command in '/root/codes/S24_RobotProgramming_Humble_Hawksbill/FinalProject/roscourse_final_ws (copy)/build/custom_interface' returned '0': CMAKE_PREFIX_PATH=${CMAKE_PREFIX_PATH}:/root/yahboomcar_ros2_ws/yahboomcar_ws/install/yahboomcar_voice_ctrl:/root/yahboomcar_ros2_ws/yahboomcar_ws/install/yahboomcar_visual:/root/yahboomcar_ros2_ws/yahboomcar_ws/install/yahboomcar_nav:/root/yahboomcar_ros2_ws/yahboomcar_ws/install/yahboomcar_multi:/root/yahboomcar_ros2_ws/yahboomcar_ws/install/yahboomcar_mediapipe:/root/yahboomcar_ros2_ws/yahboomcar_ws/install/yahboomcar_linefollow:/root/yahboomcar_ros2_ws/yahboomcar_ws/install/yahboomcar_laser:/root/yahboomcar_ros2_ws/yahboomcar_ws/install/yahboomcar_description_x1:/root/yahboomcar_ros2_ws/yahboomcar_ws/install/yahboomcar_description:/root/yahboomcar_ros2_ws/yahboomcar_ws/install/yahboomcar_ctrl:/root/yahboomcar_ros2_ws/yahboomcar_ws/install/yahboomcar_bringup:/root/yahboomcar_ros2_ws/yahboomcar_ws/install/yahboomcar_astra:/root/yahboomcar_ros2_ws/yahboomcar_ws/install/yahboom_app_save_map:/root/yahboomcar_ros2_ws/yahboomcar_ws/install/robot_pose_publisher:/root/yahboomcar_ros2_ws/yahboomcar_ws/install/laserscan_to_point_pulisher:/opt/ros/foxy /usr/bin/cmake --build /root/codes/S24_RobotProgramming_Humble_Hawksbill/FinalProject/roscourse_final_ws (copy)/build/custom_interface -- -j4 -l4
[4.091s] DEBUG:colcon.colcon_core.event_handler.log_command:Invoking command in '/root/codes/S24_RobotProgramming_Humble_Hawksbill/FinalProject/roscourse_final_ws (copy)/build/custom_interface': CMAKE_PREFIX_PATH=${CMAKE_PREFIX_PATH}:/root/yahboomcar_ros2_ws/yahboomcar_ws/install/yahboomcar_voice_ctrl:/root/yahboomcar_ros2_ws/yahboomcar_ws/install/yahboomcar_visual:/root/yahboomcar_ros2_ws/yahboomcar_ws/install/yahboomcar_nav:/root/yahboomcar_ros2_ws/yahboomcar_ws/install/yahboomcar_multi:/root/yahboomcar_ros2_ws/yahboomcar_ws/install/yahboomcar_mediapipe:/root/yahboomcar_ros2_ws/yahboomcar_ws/install/yahboomcar_linefollow:/root/yahboomcar_ros2_ws/yahboomcar_ws/install/yahboomcar_laser:/root/yahboomcar_ros2_ws/yahboomcar_ws/install/yahboomcar_description_x1:/root/yahboomcar_ros2_ws/yahboomcar_ws/install/yahboomcar_description:/root/yahboomcar_ros2_ws/yahboomcar_ws/install/yahboomcar_ctrl:/root/yahboomcar_ros2_ws/yahboomcar_ws/install/yahboomcar_bringup:/root/yahboomcar_ros2_ws/yahboomcar_ws/install/yahboomcar_astra:/root/yahboomcar_ros2_ws/yahboomcar_ws/install/yahboom_app_save_map:/root/yahboomcar_ros2_ws/yahboomcar_ws/install/robot_pose_publisher:/root/yahboomcar_ros2_ws/yahboomcar_ws/install/laserscan_to_point_pulisher:/opt/ros/foxy /usr/bin/cmake --install /root/codes/S24_RobotProgramming_Humble_Hawksbill/FinalProject/roscourse_final_ws (copy)/build/custom_interface
[4.418s] Level 1:colcon.colcon_core.environment:create_environment_scripts_only(custom_interface)
[4.421s] DEBUG:colcon.colcon_core.event_handler.log_command:Invoked command in '/root/codes/S24_RobotProgramming_Humble_Hawksbill/FinalProject/roscourse_final_ws (copy)/build/custom_interface' returned '0': CMAKE_PREFIX_PATH=${CMAKE_PREFIX_PATH}:/root/yahboomcar_ros2_ws/yahboomcar_ws/install/yahboomcar_voice_ctrl:/root/yahboomcar_ros2_ws/yahboomcar_ws/install/yahboomcar_visual:/root/yahboomcar_ros2_ws/yahboomcar_ws/install/yahboomcar_nav:/root/yahboomcar_ros2_ws/yahboomcar_ws/install/yahboomcar_multi:/root/yahboomcar_ros2_ws/yahboomcar_ws/install/yahboomcar_mediapipe:/root/yahboomcar_ros2_ws/yahboomcar_ws/install/yahboomcar_linefollow:/root/yahboomcar_ros2_ws/yahboomcar_ws/install/yahboomcar_laser:/root/yahboomcar_ros2_ws/yahboomcar_ws/install/yahboomcar_description_x1:/root/yahboomcar_ros2_ws/yahboomcar_ws/install/yahboomcar_description:/root/yahboomcar_ros2_ws/yahboomcar_ws/install/yahboomcar_ctrl:/root/yahboomcar_ros2_ws/yahboomcar_ws/install/yahboomcar_bringup:/root/yahboomcar_ros2_ws/yahboomcar_ws/install/yahboomcar_astra:/root/yahboomcar_ros2_ws/yahboomcar_ws/install/yahboom_app_save_map:/root/yahboomcar_ros2_ws/yahboomcar_ws/install/robot_pose_publisher:/root/yahboomcar_ros2_ws/yahboomcar_ws/install/laserscan_to_point_pulisher:/opt/ros/foxy /usr/bin/cmake --install /root/codes/S24_RobotProgramming_Humble_Hawksbill/FinalProject/roscourse_final_ws (copy)/build/custom_interface
[4.449s] Level 1:colcon.colcon_core.environment:checking '/root/codes/S24_RobotProgramming_Humble_Hawksbill/FinalProject/roscourse_final_ws (copy)/install/custom_interface' for CMake module files
[4.453s] Level 1:colcon.colcon_core.environment:checking '/root/codes/S24_RobotProgramming_Humble_Hawksbill/FinalProject/roscourse_final_ws (copy)/install/custom_interface' for CMake config files
[4.456s] Level 1:colcon.colcon_core.shell:create_environment_hook('custom_interface', 'cmake_prefix_path')
[4.464s] INFO:colcon.colcon_core.shell:Creating environment hook '/root/codes/S24_RobotProgramming_Humble_Hawksbill/FinalProject/roscourse_final_ws (copy)/install/custom_interface/share/custom_interface/hook/cmake_prefix_path.ps1'
[4.467s] INFO:colcon.colcon_core.shell:Creating environment descriptor '/root/codes/S24_RobotProgramming_Humble_Hawksbill/FinalProject/roscourse_final_ws (copy)/install/custom_interface/share/custom_interface/hook/cmake_prefix_path.dsv'
[4.470s] INFO:colcon.colcon_core.shell:Creating environment hook '/root/codes/S24_RobotProgramming_Humble_Hawksbill/FinalProject/roscourse_final_ws (copy)/install/custom_interface/share/custom_interface/hook/cmake_prefix_path.sh'
[4.474s] Level 1:colcon.colcon_core.environment:checking '/root/codes/S24_RobotProgramming_Humble_Hawksbill/FinalProject/roscourse_final_ws (copy)/install/custom_interface/lib'
[4.475s] Level 1:colcon.colcon_core.shell:create_environment_hook('custom_interface', 'ld_library_path_lib')
[4.483s] INFO:colcon.colcon_core.shell:Creating environment hook '/root/codes/S24_RobotProgramming_Humble_Hawksbill/FinalProject/roscourse_final_ws (copy)/install/custom_interface/share/custom_interface/hook/ld_library_path_lib.ps1'
[4.485s] INFO:colcon.colcon_core.shell:Creating environment descriptor '/root/codes/S24_RobotProgramming_Humble_Hawksbill/FinalProject/roscourse_final_ws (copy)/install/custom_interface/share/custom_interface/hook/ld_library_path_lib.dsv'
[4.486s] INFO:colcon.colcon_core.shell:Creating environment hook '/root/codes/S24_RobotProgramming_Humble_Hawksbill/FinalProject/roscourse_final_ws (copy)/install/custom_interface/share/custom_interface/hook/ld_library_path_lib.sh'
[4.487s] Level 1:colcon.colcon_core.environment:checking '/root/codes/S24_RobotProgramming_Humble_Hawksbill/FinalProject/roscourse_final_ws (copy)/install/custom_interface/bin'
[4.488s] Level 1:colcon.colcon_core.environment:checking '/root/codes/S24_RobotProgramming_Humble_Hawksbill/FinalProject/roscourse_final_ws (copy)/install/custom_interface/lib/pkgconfig/custom_interface.pc'
[4.493s] Level 1:colcon.colcon_core.environment:checking '/root/codes/S24_RobotProgramming_Humble_Hawksbill/FinalProject/roscourse_final_ws (copy)/install/custom_interface/lib/python3.8/site-packages'
[4.493s] Level 1:colcon.colcon_core.shell:create_environment_hook('custom_interface', 'pythonpath')
[4.501s] INFO:colcon.colcon_core.shell:Creating environment hook '/root/codes/S24_RobotProgramming_Humble_Hawksbill/FinalProject/roscourse_final_ws (copy)/install/custom_interface/share/custom_interface/hook/pythonpath.ps1'
[4.503s] INFO:colcon.colcon_core.shell:Creating environment descriptor '/root/codes/S24_RobotProgramming_Humble_Hawksbill/FinalProject/roscourse_final_ws (copy)/install/custom_interface/share/custom_interface/hook/pythonpath.dsv'
[4.504s] INFO:colcon.colcon_core.shell:Creating environment hook '/root/codes/S24_RobotProgramming_Humble_Hawksbill/FinalProject/roscourse_final_ws (copy)/install/custom_interface/share/custom_interface/hook/pythonpath.sh'
[4.506s] Level 1:colcon.colcon_core.environment:checking '/root/codes/S24_RobotProgramming_Humble_Hawksbill/FinalProject/roscourse_final_ws (copy)/install/custom_interface/bin'
[4.515s] INFO:colcon.colcon_core.shell:Creating package script '/root/codes/S24_RobotProgramming_Humble_Hawksbill/FinalProject/roscourse_final_ws (copy)/install/custom_interface/share/custom_interface/package.ps1'
[4.520s] INFO:colcon.colcon_core.shell:Creating package descriptor '/root/codes/S24_RobotProgramming_Humble_Hawksbill/FinalProject/roscourse_final_ws (copy)/install/custom_interface/share/custom_interface/package.dsv'
[4.523s] INFO:colcon.colcon_core.shell:Creating package script '/root/codes/S24_RobotProgramming_Humble_Hawksbill/FinalProject/roscourse_final_ws (copy)/install/custom_interface/share/custom_interface/package.sh'
[4.527s] INFO:colcon.colcon_core.shell:Creating package script '/root/codes/S24_RobotProgramming_Humble_Hawksbill/FinalProject/roscourse_final_ws (copy)/install/custom_interface/share/custom_interface/package.bash'
[4.531s] INFO:colcon.colcon_core.shell:Creating package script '/root/codes/S24_RobotProgramming_Humble_Hawksbill/FinalProject/roscourse_final_ws (copy)/install/custom_interface/share/custom_interface/package.zsh'
[4.535s] Level 1:colcon.colcon_core.environment:create_file_with_runtime_dependencies(/root/codes/S24_RobotProgramming_Humble_Hawksbill/FinalProject/roscourse_final_ws (copy)/install/custom_interface/share/colcon-core/packages/custom_interface)
[4.876s] Level 1:colcon.colcon_core.environment:create_environment_scripts_only(custom_interface)
[4.889s] Level 1:colcon.colcon_core.environment:checking '/root/codes/S24_RobotProgramming_Humble_Hawksbill/FinalProject/roscourse_final_ws (copy)/install/custom_interface' for CMake module files
[4.893s] Level 1:colcon.colcon_core.environment:checking '/root/codes/S24_RobotProgramming_Humble_Hawksbill/FinalProject/roscourse_final_ws (copy)/install/custom_interface' for CMake config files
[4.895s] Level 1:colcon.colcon_core.shell:create_environment_hook('custom_interface', 'cmake_prefix_path')
[4.905s] INFO:colcon.colcon_core.shell:Creating environment hook '/root/codes/S24_RobotProgramming_Humble_Hawksbill/FinalProject/roscourse_final_ws (copy)/install/custom_interface/share/custom_interface/hook/cmake_prefix_path.ps1'
[4.908s] INFO:colcon.colcon_core.shell:Creating environment descriptor '/root/codes/S24_RobotProgramming_Humble_Hawksbill/FinalProject/roscourse_final_ws (copy)/install/custom_interface/share/custom_interface/hook/cmake_prefix_path.dsv'
[4.911s] INFO:colcon.colcon_core.shell:Creating environment hook '/root/codes/S24_RobotProgramming_Humble_Hawksbill/FinalProject/roscourse_final_ws (copy)/install/custom_interface/share/custom_interface/hook/cmake_prefix_path.sh'
[4.914s] Level 1:colcon.colcon_core.environment:checking '/root/codes/S24_RobotProgramming_Humble_Hawksbill/FinalProject/roscourse_final_ws (copy)/install/custom_interface/lib'
[4.914s] Level 1:colcon.colcon_core.shell:create_environment_hook('custom_interface', 'ld_library_path_lib')
[4.924s] INFO:colcon.colcon_core.shell:Creating environment hook '/root/codes/S24_RobotProgramming_Humble_Hawksbill/FinalProject/roscourse_final_ws (copy)/install/custom_interface/share/custom_interface/hook/ld_library_path_lib.ps1'
[4.926s] INFO:colcon.colcon_core.shell:Creating environment descriptor '/root/codes/S24_RobotProgramming_Humble_Hawksbill/FinalProject/roscourse_final_ws (copy)/install/custom_interface/share/custom_interface/hook/ld_library_path_lib.dsv'
[4.927s] INFO:colcon.colcon_core.shell:Creating environment hook '/root/codes/S24_RobotProgramming_Humble_Hawksbill/FinalProject/roscourse_final_ws (copy)/install/custom_interface/share/custom_interface/hook/ld_library_path_lib.sh'
[4.929s] Level 1:colcon.colcon_core.environment:checking '/root/codes/S24_RobotProgramming_Humble_Hawksbill/FinalProject/roscourse_final_ws (copy)/install/custom_interface/bin'
[4.929s] Level 1:colcon.colcon_core.environment:checking '/root/codes/S24_RobotProgramming_Humble_Hawksbill/FinalProject/roscourse_final_ws (copy)/install/custom_interface/lib/pkgconfig/custom_interface.pc'
[4.930s] Level 1:colcon.colcon_core.environment:checking '/root/codes/S24_RobotProgramming_Humble_Hawksbill/FinalProject/roscourse_final_ws (copy)/install/custom_interface/lib/python3.8/site-packages'
[4.931s] Level 1:colcon.colcon_core.shell:create_environment_hook('custom_interface', 'pythonpath')
[4.939s] INFO:colcon.colcon_core.shell:Creating environment hook '/root/codes/S24_RobotProgramming_Humble_Hawksbill/FinalProject/roscourse_final_ws (copy)/install/custom_interface/share/custom_interface/hook/pythonpath.ps1'
[4.941s] INFO:colcon.colcon_core.shell:Creating environment descriptor '/root/codes/S24_RobotProgramming_Humble_Hawksbill/FinalProject/roscourse_final_ws (copy)/install/custom_interface/share/custom_interface/hook/pythonpath.dsv'
[4.943s] INFO:colcon.colcon_core.shell:Creating environment hook '/root/codes/S24_RobotProgramming_Humble_Hawksbill/FinalProject/roscourse_final_ws (copy)/install/custom_interface/share/custom_interface/hook/pythonpath.sh'
[4.945s] Level 1:colcon.colcon_core.environment:checking '/root/codes/S24_RobotProgramming_Humble_Hawksbill/FinalProject/roscourse_final_ws (copy)/install/custom_interface/bin'
[4.954s] INFO:colcon.colcon_core.shell:Creating package script '/root/codes/S24_RobotProgramming_Humble_Hawksbill/FinalProject/roscourse_final_ws (copy)/install/custom_interface/share/custom_interface/package.ps1'
[4.958s] INFO:colcon.colcon_core.shell:Creating package descriptor '/root/codes/S24_RobotProgramming_Humble_Hawksbill/FinalProject/roscourse_final_ws (copy)/install/custom_interface/share/custom_interface/package.dsv'
[4.960s] INFO:colcon.colcon_core.shell:Creating package script '/root/codes/S24_RobotProgramming_Humble_Hawksbill/FinalProject/roscourse_final_ws (copy)/install/custom_interface/share/custom_interface/package.sh'
[4.962s] INFO:colcon.colcon_core.shell:Creating package script '/root/codes/S24_RobotProgramming_Humble_Hawksbill/FinalProject/roscourse_final_ws (copy)/install/custom_interface/share/custom_interface/package.bash'
[4.964s] INFO:colcon.colcon_core.shell:Creating package script '/root/codes/S24_RobotProgramming_Humble_Hawksbill/FinalProject/roscourse_final_ws (copy)/install/custom_interface/share/custom_interface/package.zsh'
[4.965s] Level 1:colcon.colcon_core.environment:create_file_with_runtime_dependencies(/root/codes/S24_RobotProgramming_Humble_Hawksbill/FinalProject/roscourse_final_ws (copy)/install/custom_interface/share/colcon-core/packages/custom_interface)
[4.967s] INFO:colcon.colcon_ros.task.ament_python.build:Building ROS package in '/root/codes/S24_RobotProgramming_Humble_Hawksbill/FinalProject/roscourse_final_ws (copy)/src/pubsub' with build type 'ament_python'
[4.968s] Level 1:colcon.colcon_core.shell:create_environment_hook('pubsub', 'ament_prefix_path')
[4.976s] INFO:colcon.colcon_core.shell:Creating environment hook '/root/codes/S24_RobotProgramming_Humble_Hawksbill/FinalProject/roscourse_final_ws (copy)/install/pubsub/share/pubsub/hook/ament_prefix_path.ps1'
[4.979s] INFO:colcon.colcon_core.shell:Creating environment descriptor '/root/codes/S24_RobotProgramming_Humble_Hawksbill/FinalProject/roscourse_final_ws (copy)/install/pubsub/share/pubsub/hook/ament_prefix_path.dsv'
[4.981s] INFO:colcon.colcon_core.shell:Creating environment hook '/root/codes/S24_RobotProgramming_Humble_Hawksbill/FinalProject/roscourse_final_ws (copy)/install/pubsub/share/pubsub/hook/ament_prefix_path.sh'
[4.990s] INFO:colcon.colcon_core.shell:Skip shell extension 'powershell' for command environment: Not usable outside of PowerShell
[4.991s] DEBUG:colcon.colcon_core.shell:Skip shell extension 'dsv' for command environment
[6.479s] INFO:colcon.colcon_core.task.python.build:Building Python package in '/root/codes/S24_RobotProgramming_Humble_Hawksbill/FinalProject/roscourse_final_ws (copy)/src/pubsub'
[6.488s] INFO:colcon.colcon_core.shell:Skip shell extension 'powershell' for command environment: Not usable outside of PowerShell
[6.488s] DEBUG:colcon.colcon_core.shell:Skip shell extension 'dsv' for command environment
[8.937s] DEBUG:colcon.colcon_core.event_handler.log_command:Invoking command in '/root/codes/S24_RobotProgramming_Humble_Hawksbill/FinalProject/roscourse_final_ws (copy)/src/pubsub': CMAKE_PREFIX_PATH=/root/codes/S24_RobotProgramming_Humble_Hawksbill/FinalProject/roscourse_final_ws (copy)/install/custom_interface:/root/codes/S24_RobotProgramming_Humble_Hawksbill/FinalProject/roscourse_final_ws (copy)/src/install/custom_interface:/root/yahboomcar_ros2_ws/yahboomcar_ws/install/yahboomcar_slam:/root/yahboomcar_ros2_ws/yahboomcar_ws/install/yahboomcar_point:/root/yahboomcar_ros2_ws/yahboomcar_ws/install/yahboomcar_msgs:/root/yahboomcar_ros2_ws/yahboomcar_ws/install/yahboomcar_base_node:/root/yahboomcar_ros2_ws/yahboomcar_ws/install/yahboomcar_KCFTracker:/root/yahboomcar_ros2_ws/yahboomcar_ws/install/yahboom_web_savmap_interfaces:/root/yahboomcar_ros2_ws/yahboomcar_ws/install/robot_pose_publisher_ros2:/root/yahboomcar_ros2_ws/software/library_ws/install/ydlidar_ros2_driver:/root/yahboomcar_ros2_ws/software/library_ws/install/web_video_server:/root/yahboomcar_ros2_ws/software/library_ws/install/teb_local_planner:/root/yahboomcar_ros2_ws/software/library_ws/install/teb_msgs:/root/yahboomcar_ros2_ws/software/library_ws/install/sllidar_ros2:/root/yahboomcar_ros2_ws/software/library_ws/install/slam_gmapping:/root/yahboomcar_ros2_ws/software/library_ws/install/ros2_orbslam:/root/yahboomcar_ros2_ws/software/library_ws/install/robot_localization:/root/yahboomcar_ros2_ws/software/library_ws/install/openslam_gmapping:/root/yahboomcar_ros2_ws/software/library_ws/install/octomap_mapping:/root/yahboomcar_ros2_ws/software/library_ws/install/octomap_server:/root/yahboomcar_ros2_ws/software/library_ws/install/costmap_converter:/root/yahboomcar_ros2_ws/software/library_ws/install/costmap_converter_msgs:/root/yahboomcar_ros2_ws/software/library_ws/install/astra_camera:/root/yahboomcar_ros2_ws/software/library_ws/install/astra_camera_msgs LD_LIBRARY_PATH=/root/codes/S24_RobotProgramming_Humble_Hawksbill/FinalProject/roscourse_final_ws (copy)/install/custom_interface/lib:/root/codes/S24_RobotProgramming_Humble_Hawksbill/FinalProject/roscourse_final_ws (copy)/src/install/custom_interface/lib:/root/yahboomcar_ros2_ws/software/orbslam2/Pangolin-0.6/build/src/:/root/yahboomcar_ros2_ws/software/orbslam2/ORB_SLAM2-master/Thirdparty/DBoW2/lib:/root/yahboomcar_ros2_ws/software/orbslam2/ORB_SLAM2-master/Thirdparty/g2o/lib:/root/yahboomcar_ros2_ws/software/orbslam2/ORB_SLAM2-master/lib:/root/yahboomcar_ros2_ws/yahboomcar_ws/install/yahboomcar_msgs/lib:/root/yahboomcar_ros2_ws/yahboomcar_ws/install/yahboom_web_savmap_interfaces/lib:/root/yahboomcar_ros2_ws/software/library_ws/install/teb_local_planner/lib:/root/yahboomcar_ros2_ws/software/library_ws/install/teb_msgs/lib:/root/yahboomcar_ros2_ws/software/library_ws/install/robot_localization/lib:/root/yahboomcar_ros2_ws/software/library_ws/install/openslam_gmapping/lib:/root/yahboomcar_ros2_ws/software/library_ws/install/octomap_server/lib:/root/yahboomcar_ros2_ws/software/library_ws/install/costmap_converter/lib:/root/yahboomcar_ros2_ws/software/library_ws/install/costmap_converter_msgs/lib:/root/yahboomcar_ros2_ws/software/library_ws/install/astra_camera/lib:/root/yahboomcar_ros2_ws/software/library_ws/install/astra_camera_msgs/lib:/opt/ros/foxy/opt/yaml_cpp_vendor/lib:/opt/ros/foxy/opt/rviz_ogre_vendor/lib:/opt/ros/foxy/lib/aarch64-linux-gnu:/opt/ros/foxy/lib PYTHONPATH=/root/codes/S24_RobotProgramming_Humble_Hawksbill/FinalProject/roscourse_final_ws (copy)/build/pubsub/prefix_override:/root/codes/S24_RobotProgramming_Humble_Hawksbill/FinalProject/roscourse_final_ws (copy)/install/pubsub/lib/python3.8/site-packages:/root/codes/S24_RobotProgramming_Humble_Hawksbill/FinalProject/roscourse_final_ws (copy)/install/custom_interface/lib/python3.8/site-packages:/root/codes/S24_RobotProgramming_Humble_Hawksbill/FinalProject/roscourse_final_ws (copy)/src/install/pubsub/lib/python3.8/site-packages:/root/codes/S24_RobotProgramming_Humble_Hawksbill/FinalProject/roscourse_final_ws (copy)/src/install/custom_interface/lib/python3.8/site-packages:/root/codes/S24_RobotProgramming_Humble_Hawksbill/FinalProject/roscourse_final_ws (copy)/install/pubsub/lib/python3.8/site-packages:/root/yahboomcar_ros2_ws/yahboomcar_ws/install/yahboomcar_voice_ctrl/lib/python3.8/site-packages:/root/yahboomcar_ros2_ws/yahboomcar_ws/install/yahboomcar_visual/lib/python3.8/site-packages:/root/yahboomcar_ros2_ws/yahboomcar_ws/install/yahboomcar_nav/lib/python3.8/site-packages:/root/yahboomcar_ros2_ws/yahboomcar_ws/install/yahboomcar_multi/lib/python3.8/site-packages:/root/yahboomcar_ros2_ws/yahboomcar_ws/install/yahboomcar_msgs/lib/python3.8/site-packages:/root/yahboomcar_ros2_ws/yahboomcar_ws/install/yahboomcar_mediapipe/lib/python3.8/site-packages:/root/yahboomcar_ros2_ws/yahboomcar_ws/install/yahboomcar_linefollow/lib/python3.8/site-packages:/root/yahboomcar_ros2_ws/yahboomcar_ws/install/yahboomcar_laser/lib/python3.8/site-packages:/root/yahboomcar_ros2_ws/yahboomcar_ws/install/yahboomcar_description_x1/lib/python3.8/site-packages:/root/yahboomcar_ros2_ws/yahboomcar_ws/install/yahboomcar_description/lib/python3.8/site-packages:/root/yahboomcar_ros2_ws/yahboomcar_ws/install/yahboomcar_ctrl/lib/python3.8/site-packages:/root/yahboomcar_ros2_ws/yahboomcar_ws/install/yahboomcar_bringup/lib/python3.8/site-packages:/root/yahboomcar_ros2_ws/yahboomcar_ws/install/yahboomcar_astra/lib/python3.8/site-packages:/root/yahboomcar_ros2_ws/yahboomcar_ws/install/yahboom_web_savmap_interfaces/lib/python3.8/site-packages:/root/yahboomcar_ros2_ws/yahboomcar_ws/install/yahboom_app_save_map/lib/python3.8/site-packages:/root/yahboomcar_ros2_ws/yahboomcar_ws/install/robot_pose_publisher/lib/python3.8/site-packages:/root/yahboomcar_ros2_ws/yahboomcar_ws/install/laserscan_to_point_pulisher/lib/python3.8/site-packages:/root/yahboomcar_ros2_ws/software/library_ws/install/teb_msgs/lib/python3.8/site-packages:/root/yahboomcar_ros2_ws/software/library_ws/install/robot_localization/lib/python3.8/site-packages:/root/yahboomcar_ros2_ws/software/library_ws/install/costmap_converter_msgs/lib/python3.8/site-packages:/root/yahboomcar_ros2_ws/software/library_ws/install/astra_camera_msgs/lib/python3.8/site-packages:/opt/ros/foxy/lib/python3.8/site-packages /usr/bin/python3 setup.py egg_info --egg-base ../../build/pubsub build --build-base /root/codes/S24_RobotProgramming_Humble_Hawksbill/FinalProject/roscourse_final_ws (copy)/build/pubsub/build install --record /root/codes/S24_RobotProgramming_Humble_Hawksbill/FinalProject/roscourse_final_ws (copy)/build/pubsub/install.log --install-scripts $base/lib/pubsub --single-version-externally-managed
[10.688s] Level 1:colcon.colcon_core.environment:checking '/root/codes/S24_RobotProgramming_Humble_Hawksbill/FinalProject/roscourse_final_ws (copy)/install/pubsub' for CMake module files
[10.689s] DEBUG:colcon.colcon_core.event_handler.log_command:Invoked command in '/root/codes/S24_RobotProgramming_Humble_Hawksbill/FinalProject/roscourse_final_ws (copy)/src/pubsub' returned '0': CMAKE_PREFIX_PATH=/root/codes/S24_RobotProgramming_Humble_Hawksbill/FinalProject/roscourse_final_ws (copy)/install/custom_interface:/root/codes/S24_RobotProgramming_Humble_Hawksbill/FinalProject/roscourse_final_ws (copy)/src/install/custom_interface:/root/yahboomcar_ros2_ws/yahboomcar_ws/install/yahboomcar_slam:/root/yahboomcar_ros2_ws/yahboomcar_ws/install/yahboomcar_point:/root/yahboomcar_ros2_ws/yahboomcar_ws/install/yahboomcar_msgs:/root/yahboomcar_ros2_ws/yahboomcar_ws/install/yahboomcar_base_node:/root/yahboomcar_ros2_ws/yahboomcar_ws/install/yahboomcar_KCFTracker:/root/yahboomcar_ros2_ws/yahboomcar_ws/install/yahboom_web_savmap_interfaces:/root/yahboomcar_ros2_ws/yahboomcar_ws/install/robot_pose_publisher_ros2:/root/yahboomcar_ros2_ws/software/library_ws/install/ydlidar_ros2_driver:/root/yahboomcar_ros2_ws/software/library_ws/install/web_video_server:/root/yahboomcar_ros2_ws/software/library_ws/install/teb_local_planner:/root/yahboomcar_ros2_ws/software/library_ws/install/teb_msgs:/root/yahboomcar_ros2_ws/software/library_ws/install/sllidar_ros2:/root/yahboomcar_ros2_ws/software/library_ws/install/slam_gmapping:/root/yahboomcar_ros2_ws/software/library_ws/install/ros2_orbslam:/root/yahboomcar_ros2_ws/software/library_ws/install/robot_localization:/root/yahboomcar_ros2_ws/software/library_ws/install/openslam_gmapping:/root/yahboomcar_ros2_ws/software/library_ws/install/octomap_mapping:/root/yahboomcar_ros2_ws/software/library_ws/install/octomap_server:/root/yahboomcar_ros2_ws/software/library_ws/install/costmap_converter:/root/yahboomcar_ros2_ws/software/library_ws/install/costmap_converter_msgs:/root/yahboomcar_ros2_ws/software/library_ws/install/astra_camera:/root/yahboomcar_ros2_ws/software/library_ws/install/astra_camera_msgs LD_LIBRARY_PATH=/root/codes/S24_RobotProgramming_Humble_Hawksbill/FinalProject/roscourse_final_ws (copy)/install/custom_interface/lib:/root/codes/S24_RobotProgramming_Humble_Hawksbill/FinalProject/roscourse_final_ws (copy)/src/install/custom_interface/lib:/root/yahboomcar_ros2_ws/software/orbslam2/Pangolin-0.6/build/src/:/root/yahboomcar_ros2_ws/software/orbslam2/ORB_SLAM2-master/Thirdparty/DBoW2/lib:/root/yahboomcar_ros2_ws/software/orbslam2/ORB_SLAM2-master/Thirdparty/g2o/lib:/root/yahboomcar_ros2_ws/software/orbslam2/ORB_SLAM2-master/lib:/root/yahboomcar_ros2_ws/yahboomcar_ws/install/yahboomcar_msgs/lib:/root/yahboomcar_ros2_ws/yahboomcar_ws/install/yahboom_web_savmap_interfaces/lib:/root/yahboomcar_ros2_ws/software/library_ws/install/teb_local_planner/lib:/root/yahboomcar_ros2_ws/software/library_ws/install/teb_msgs/lib:/root/yahboomcar_ros2_ws/software/library_ws/install/robot_localization/lib:/root/yahboomcar_ros2_ws/software/library_ws/install/openslam_gmapping/lib:/root/yahboomcar_ros2_ws/software/library_ws/install/octomap_server/lib:/root/yahboomcar_ros2_ws/software/library_ws/install/costmap_converter/lib:/root/yahboomcar_ros2_ws/software/library_ws/install/costmap_converter_msgs/lib:/root/yahboomcar_ros2_ws/software/library_ws/install/astra_camera/lib:/root/yahboomcar_ros2_ws/software/library_ws/install/astra_camera_msgs/lib:/opt/ros/foxy/opt/yaml_cpp_vendor/lib:/opt/ros/foxy/opt/rviz_ogre_vendor/lib:/opt/ros/foxy/lib/aarch64-linux-gnu:/opt/ros/foxy/lib PYTHONPATH=/root/codes/S24_RobotProgramming_Humble_Hawksbill/FinalProject/roscourse_final_ws (copy)/build/pubsub/prefix_override:/root/codes/S24_RobotProgramming_Humble_Hawksbill/FinalProject/roscourse_final_ws (copy)/install/pubsub/lib/python3.8/site-packages:/root/codes/S24_RobotProgramming_Humble_Hawksbill/FinalProject/roscourse_final_ws (copy)/install/custom_interface/lib/python3.8/site-packages:/root/codes/S24_RobotProgramming_Humble_Hawksbill/FinalProject/roscourse_final_ws (copy)/src/install/pubsub/lib/python3.8/site-packages:/root/codes/S24_RobotProgramming_Humble_Hawksbill/FinalProject/roscourse_final_ws (copy)/src/install/custom_interface/lib/python3.8/site-packages:/root/codes/S24_RobotProgramming_Humble_Hawksbill/FinalProject/roscourse_final_ws (copy)/install/pubsub/lib/python3.8/site-packages:/root/yahboomcar_ros2_ws/yahboomcar_ws/install/yahboomcar_voice_ctrl/lib/python3.8/site-packages:/root/yahboomcar_ros2_ws/yahboomcar_ws/install/yahboomcar_visual/lib/python3.8/site-packages:/root/yahboomcar_ros2_ws/yahboomcar_ws/install/yahboomcar_nav/lib/python3.8/site-packages:/root/yahboomcar_ros2_ws/yahboomcar_ws/install/yahboomcar_multi/lib/python3.8/site-packages:/root/yahboomcar_ros2_ws/yahboomcar_ws/install/yahboomcar_msgs/lib/python3.8/site-packages:/root/yahboomcar_ros2_ws/yahboomcar_ws/install/yahboomcar_mediapipe/lib/python3.8/site-packages:/root/yahboomcar_ros2_ws/yahboomcar_ws/install/yahboomcar_linefollow/lib/python3.8/site-packages:/root/yahboomcar_ros2_ws/yahboomcar_ws/install/yahboomcar_laser/lib/python3.8/site-packages:/root/yahboomcar_ros2_ws/yahboomcar_ws/install/yahboomcar_description_x1/lib/python3.8/site-packages:/root/yahboomcar_ros2_ws/yahboomcar_ws/install/yahboomcar_description/lib/python3.8/site-packages:/root/yahboomcar_ros2_ws/yahboomcar_ws/install/yahboomcar_ctrl/lib/python3.8/site-packages:/root/yahboomcar_ros2_ws/yahboomcar_ws/install/yahboomcar_bringup/lib/python3.8/site-packages:/root/yahboomcar_ros2_ws/yahboomcar_ws/install/yahboomcar_astra/lib/python3.8/site-packages:/root/yahboomcar_ros2_ws/yahboomcar_ws/install/yahboom_web_savmap_interfaces/lib/python3.8/site-packages:/root/yahboomcar_ros2_ws/yahboomcar_ws/install/yahboom_app_save_map/lib/python3.8/site-packages:/root/yahboomcar_ros2_ws/yahboomcar_ws/install/robot_pose_publisher/lib/python3.8/site-packages:/root/yahboomcar_ros2_ws/yahboomcar_ws/install/laserscan_to_point_pulisher/lib/python3.8/site-packages:/root/yahboomcar_ros2_ws/software/library_ws/install/teb_msgs/lib/python3.8/site-packages:/root/yahboomcar_ros2_ws/software/library_ws/install/robot_localization/lib/python3.8/site-packages:/root/yahboomcar_ros2_ws/software/library_ws/install/costmap_converter_msgs/lib/python3.8/site-packages:/root/yahboomcar_ros2_ws/software/library_ws/install/astra_camera_msgs/lib/python3.8/site-packages:/opt/ros/foxy/lib/python3.8/site-packages /usr/bin/python3 setup.py egg_info --egg-base ../../build/pubsub build --build-base /root/codes/S24_RobotProgramming_Humble_Hawksbill/FinalProject/roscourse_final_ws (copy)/build/pubsub/build install --record /root/codes/S24_RobotProgramming_Humble_Hawksbill/FinalProject/roscourse_final_ws (copy)/build/pubsub/install.log --install-scripts $base/lib/pubsub --single-version-externally-managed
[10.691s] Level 1:colcon.colcon_core.environment:checking '/root/codes/S24_RobotProgramming_Humble_Hawksbill/FinalProject/roscourse_final_ws (copy)/install/pubsub' for CMake config files
[10.693s] Level 1:colcon.colcon_core.environment:checking '/root/codes/S24_RobotProgramming_Humble_Hawksbill/FinalProject/roscourse_final_ws (copy)/install/pubsub/lib'
[10.694s] Level 1:colcon.colcon_core.environment:checking '/root/codes/S24_RobotProgramming_Humble_Hawksbill/FinalProject/roscourse_final_ws (copy)/install/pubsub/bin'
[10.694s] Level 1:colcon.colcon_core.environment:checking '/root/codes/S24_RobotProgramming_Humble_Hawksbill/FinalProject/roscourse_final_ws (copy)/install/pubsub/lib/pkgconfig/pubsub.pc'
[10.695s] Level 1:colcon.colcon_core.environment:checking '/root/codes/S24_RobotProgramming_Humble_Hawksbill/FinalProject/roscourse_final_ws (copy)/install/pubsub/lib/python3.8/site-packages'
[10.695s] Level 1:colcon.colcon_core.shell:create_environment_hook('pubsub', 'pythonpath')
[10.703s] INFO:colcon.colcon_core.shell:Creating environment hook '/root/codes/S24_RobotProgramming_Humble_Hawksbill/FinalProject/roscourse_final_ws (copy)/install/pubsub/share/pubsub/hook/pythonpath.ps1'
[10.705s] INFO:colcon.colcon_core.shell:Creating environment descriptor '/root/codes/S24_RobotProgramming_Humble_Hawksbill/FinalProject/roscourse_final_ws (copy)/install/pubsub/share/pubsub/hook/pythonpath.dsv'
[10.707s] INFO:colcon.colcon_core.shell:Creating environment hook '/root/codes/S24_RobotProgramming_Humble_Hawksbill/FinalProject/roscourse_final_ws (copy)/install/pubsub/share/pubsub/hook/pythonpath.sh'
[10.709s] Level 1:colcon.colcon_core.environment:checking '/root/codes/S24_RobotProgramming_Humble_Hawksbill/FinalProject/roscourse_final_ws (copy)/install/pubsub/bin'
[10.709s] Level 1:colcon.colcon_core.environment:create_environment_scripts_only(pubsub)
[10.717s] INFO:colcon.colcon_core.shell:Creating package script '/root/codes/S24_RobotProgramming_Humble_Hawksbill/FinalProject/roscourse_final_ws (copy)/install/pubsub/share/pubsub/package.ps1'
[10.719s] INFO:colcon.colcon_core.shell:Creating package descriptor '/root/codes/S24_RobotProgramming_Humble_Hawksbill/FinalProject/roscourse_final_ws (copy)/install/pubsub/share/pubsub/package.dsv'
[10.721s] INFO:colcon.colcon_core.shell:Creating package script '/root/codes/S24_RobotProgramming_Humble_Hawksbill/FinalProject/roscourse_final_ws (copy)/install/pubsub/share/pubsub/package.sh'
[10.723s] INFO:colcon.colcon_core.shell:Creating package script '/root/codes/S24_RobotProgramming_Humble_Hawksbill/FinalProject/roscourse_final_ws (copy)/install/pubsub/share/pubsub/package.bash'
[10.724s] INFO:colcon.colcon_core.shell:Creating package script '/root/codes/S24_RobotProgramming_Humble_Hawksbill/FinalProject/roscourse_final_ws (copy)/install/pubsub/share/pubsub/package.zsh'
[10.725s] Level 1:colcon.colcon_core.environment:create_file_with_runtime_dependencies(/root/codes/S24_RobotProgramming_Humble_Hawksbill/FinalProject/roscourse_final_ws (copy)/install/pubsub/share/colcon-core/packages/pubsub)
[10.726s] DEBUG:colcon.colcon_parallel_executor.executor.parallel:closing loop
[10.727s] DEBUG:colcon.colcon_parallel_executor.executor.parallel:loop closed
[10.727s] DEBUG:colcon.colcon_parallel_executor.executor.parallel:run_until_complete finished with '0'
[10.728s] DEBUG:colcon.colcon_core.event_reactor:joining thread
[10.763s] INFO:colcon.colcon_core.plugin_system:Skipping extension 'colcon_notification.desktop_notification.notify_send': Could not find 'notify-send'
[10.764s] INFO:colcon.colcon_core.plugin_system:Skipping extension 'colcon_notification.desktop_notification.terminal_notifier': Not used on non-Darwin systems
[10.765s] INFO:colcon.colcon_core.plugin_system:Skipping extension 'colcon_notification.desktop_notification.win32': Not used on non-Windows systems
[10.765s] INFO:colcon.colcon_notification.desktop_notification:Sending desktop notification using 'notify2'
[10.788s] DEBUG:colcon.colcon_notification.desktop_notification.notify2:Failed to initialize notify2: org.freedesktop.DBus.Error.ServiceUnknown: The name org.freedesktop.Notifications was not provided by any .service files
[10.789s] DEBUG:colcon.colcon_core.event_reactor:joined thread
[10.798s] INFO:colcon.colcon_core.shell:Creating prefix script '/root/codes/S24_RobotProgramming_Humble_Hawksbill/FinalProject/roscourse_final_ws (copy)/install/local_setup.ps1'
[10.803s] INFO:colcon.colcon_core.shell:Creating prefix util module '/root/codes/S24_RobotProgramming_Humble_Hawksbill/FinalProject/roscourse_final_ws (copy)/install/_local_setup_util_ps1.py'
[10.809s] INFO:colcon.colcon_core.shell:Creating prefix chain script '/root/codes/S24_RobotProgramming_Humble_Hawksbill/FinalProject/roscourse_final_ws (copy)/install/setup.ps1'
[10.826s] INFO:colcon.colcon_core.shell:Creating prefix script '/root/codes/S24_RobotProgramming_Humble_Hawksbill/FinalProject/roscourse_final_ws (copy)/install/local_setup.sh'
[10.828s] INFO:colcon.colcon_core.shell:Creating prefix util module '/root/codes/S24_RobotProgramming_Humble_Hawksbill/FinalProject/roscourse_final_ws (copy)/install/_local_setup_util_sh.py'
[10.830s] INFO:colcon.colcon_core.shell:Creating prefix chain script '/root/codes/S24_RobotProgramming_Humble_Hawksbill/FinalProject/roscourse_final_ws (copy)/install/setup.sh'
[10.847s] INFO:colcon.colcon_core.shell:Creating prefix script '/root/codes/S24_RobotProgramming_Humble_Hawksbill/FinalProject/roscourse_final_ws (copy)/install/local_setup.bash'
[10.849s] INFO:colcon.colcon_core.shell:Creating prefix chain script '/root/codes/S24_RobotProgramming_Humble_Hawksbill/FinalProject/roscourse_final_ws (copy)/install/setup.bash'
[10.865s] INFO:colcon.colcon_core.shell:Creating prefix script '/root/codes/S24_RobotProgramming_Humble_Hawksbill/FinalProject/roscourse_final_ws (copy)/install/local_setup.zsh'
[10.867s] INFO:colcon.colcon_core.shell:Creating prefix chain script '/root/codes/S24_RobotProgramming_Humble_Hawksbill/FinalProject/roscourse_final_ws (copy)/install/setup.zsh'
