[0.466s] DEBUG:colcon:Command line arguments: ['/usr/bin/colcon', 'build']
[0.466s] DEBUG:colcon:Parsed command line arguments: Namespace(allow_overriding=[], ament_cmake_args=None, base_paths=['.'], build_base='build', catkin_cmake_args=None, catkin_skip_building_tests=False, cmake_args=None, cmake_clean_cache=False, cmake_clean_first=False, cmake_force_configure=False, cmake_target=None, cmake_target_skip_unavailable=False, continue_on_error=False, event_handlers=None, executor='parallel', ignore_user_meta=False, install_base='install', log_base=None, log_level=None, main=<bound method BuildVerb.main of <colcon_core.verb.build.BuildVerb object at 0x7fc5543df940>>, merge_install=False, metas=['./colcon.meta'], packages_above=None, packages_above_and_dependencies=None, packages_above_depth=None, packages_end=None, packages_ignore=None, packages_ignore_regex=None, packages_select=None, packages_select_build_failed=False, packages_select_by_dep=None, packages_select_regex=None, packages_select_test_failures=False, packages_skip=None, packages_skip_build_finished=False, packages_skip_by_dep=None, packages_skip_regex=None, packages_skip_test_passed=False, packages_skip_up_to=None, packages_start=None, packages_up_to=None, packages_up_to_regex=None, parallel_workers=4, paths=None, symlink_install=False, test_result_base=None, verb_extension=<colcon_core.verb.build.BuildVerb object at 0x7fc5543df940>, verb_name='build', verb_parser=<colcon_defaults.argument_parser.defaults.DefaultArgumentsDecorator object at 0x7fc5543dfeb0>)
[0.504s] Level 1:colcon.colcon_core.package_discovery:discover_packages(colcon_meta) check parameters
[0.504s] Level 1:colcon.colcon_core.package_discovery:discover_packages(recursive) check parameters
[0.504s] Level 1:colcon.colcon_core.package_discovery:discover_packages(ignore) check parameters
[0.504s] Level 1:colcon.colcon_core.package_discovery:discover_packages(path) check parameters
[0.504s] Level 1:colcon.colcon_core.package_discovery:discover_packages(colcon_meta) discover
[0.504s] Level 1:colcon.colcon_core.package_discovery:discover_packages(recursive) discover
[0.504s] INFO:colcon.colcon_core.package_discovery:Crawling recursively for packages in '/home/yahboom/Desktop/roscourse_final_ws'
[0.504s] Level 1:colcon.colcon_core.package_identification:_identify(.) by extensions ['ignore', 'ignore_ament_install']
[0.505s] Level 1:colcon.colcon_core.package_identification:_identify(.) by extension 'ignore'
[0.505s] Level 1:colcon.colcon_core.package_identification:_identify(.) by extension 'ignore_ament_install'
[0.505s] Level 1:colcon.colcon_core.package_identification:_identify(.) by extensions ['colcon_pkg']
[0.505s] Level 1:colcon.colcon_core.package_identification:_identify(.) by extension 'colcon_pkg'
[0.505s] Level 1:colcon.colcon_core.package_identification:_identify(.) by extensions ['colcon_meta']
[0.505s] Level 1:colcon.colcon_core.package_identification:_identify(.) by extension 'colcon_meta'
[0.505s] Level 1:colcon.colcon_core.package_identification:_identify(.) by extensions ['ros']
[0.505s] Level 1:colcon.colcon_core.package_identification:_identify(.) by extension 'ros'
[0.528s] Level 1:colcon.colcon_core.package_identification:_identify(.) by extensions ['cmake', 'python']
[0.528s] Level 1:colcon.colcon_core.package_identification:_identify(.) by extension 'cmake'
[0.528s] Level 1:colcon.colcon_core.package_identification:_identify(.) by extension 'python'
[0.528s] Level 1:colcon.colcon_core.package_identification:_identify(.) by extensions ['python_setup_py']
[0.528s] Level 1:colcon.colcon_core.package_identification:_identify(.) by extension 'python_setup_py'
[0.528s] Level 1:colcon.colcon_core.package_identification:_identify(build) by extensions ['ignore', 'ignore_ament_install']
[0.528s] Level 1:colcon.colcon_core.package_identification:_identify(build) by extension 'ignore'
[0.529s] Level 1:colcon.colcon_core.package_identification:_identify(build) ignored
[0.529s] Level 1:colcon.colcon_core.package_identification:_identify(install) by extensions ['ignore', 'ignore_ament_install']
[0.529s] Level 1:colcon.colcon_core.package_identification:_identify(install) by extension 'ignore'
[0.529s] Level 1:colcon.colcon_core.package_identification:_identify(install) ignored
[0.529s] Level 1:colcon.colcon_core.package_identification:_identify(log) by extensions ['ignore', 'ignore_ament_install']
[0.529s] Level 1:colcon.colcon_core.package_identification:_identify(log) by extension 'ignore'
[0.529s] Level 1:colcon.colcon_core.package_identification:_identify(log) ignored
[0.529s] Level 1:colcon.colcon_core.package_identification:_identify(src) by extensions ['ignore', 'ignore_ament_install']
[0.530s] Level 1:colcon.colcon_core.package_identification:_identify(src) by extension 'ignore'
[0.530s] Level 1:colcon.colcon_core.package_identification:_identify(src) by extension 'ignore_ament_install'
[0.530s] Level 1:colcon.colcon_core.package_identification:_identify(src) by extensions ['colcon_pkg']
[0.530s] Level 1:colcon.colcon_core.package_identification:_identify(src) by extension 'colcon_pkg'
[0.530s] Level 1:colcon.colcon_core.package_identification:_identify(src) by extensions ['colcon_meta']
[0.530s] Level 1:colcon.colcon_core.package_identification:_identify(src) by extension 'colcon_meta'
[0.530s] Level 1:colcon.colcon_core.package_identification:_identify(src) by extensions ['ros']
[0.530s] Level 1:colcon.colcon_core.package_identification:_identify(src) by extension 'ros'
[0.530s] Level 1:colcon.colcon_core.package_identification:_identify(src) by extensions ['cmake', 'python']
[0.530s] Level 1:colcon.colcon_core.package_identification:_identify(src) by extension 'cmake'
[0.530s] Level 1:colcon.colcon_core.package_identification:_identify(src) by extension 'python'
[0.530s] Level 1:colcon.colcon_core.package_identification:_identify(src) by extensions ['python_setup_py']
[0.530s] Level 1:colcon.colcon_core.package_identification:_identify(src) by extension 'python_setup_py'
[0.531s] Level 1:colcon.colcon_core.package_identification:_identify(src/project) by extensions ['ignore', 'ignore_ament_install']
[0.531s] Level 1:colcon.colcon_core.package_identification:_identify(src/project) by extension 'ignore'
[0.531s] Level 1:colcon.colcon_core.package_identification:_identify(src/project) by extension 'ignore_ament_install'
[0.531s] Level 1:colcon.colcon_core.package_identification:_identify(src/project) by extensions ['colcon_pkg']
[0.531s] Level 1:colcon.colcon_core.package_identification:_identify(src/project) by extension 'colcon_pkg'
[0.531s] Level 1:colcon.colcon_core.package_identification:_identify(src/project) by extensions ['colcon_meta']
[0.531s] Level 1:colcon.colcon_core.package_identification:_identify(src/project) by extension 'colcon_meta'
[0.531s] Level 1:colcon.colcon_core.package_identification:_identify(src/project) by extensions ['ros']
[0.531s] Level 1:colcon.colcon_core.package_identification:_identify(src/project) by extension 'ros'
[0.534s] DEBUG:colcon.colcon_core.package_identification:Package 'src/project' with type 'ros.ament_cmake' and name 'project'
[0.535s] Level 1:colcon.colcon_core.package_identification:_identify(src/pubsub) by extensions ['ignore', 'ignore_ament_install']
[0.535s] Level 1:colcon.colcon_core.package_identification:_identify(src/pubsub) by extension 'ignore'
[0.535s] Level 1:colcon.colcon_core.package_identification:_identify(src/pubsub) by extension 'ignore_ament_install'
[0.535s] Level 1:colcon.colcon_core.package_identification:_identify(src/pubsub) by extensions ['colcon_pkg']
[0.535s] Level 1:colcon.colcon_core.package_identification:_identify(src/pubsub) by extension 'colcon_pkg'
[0.535s] Level 1:colcon.colcon_core.package_identification:_identify(src/pubsub) by extensions ['colcon_meta']
[0.535s] Level 1:colcon.colcon_core.package_identification:_identify(src/pubsub) by extension 'colcon_meta'
[0.535s] Level 1:colcon.colcon_core.package_identification:_identify(src/pubsub) by extensions ['ros']
[0.535s] Level 1:colcon.colcon_core.package_identification:_identify(src/pubsub) by extension 'ros'
[0.536s] DEBUG:colcon.colcon_core.package_identification:Package 'src/pubsub' with type 'ros.ament_python' and name 'pubsub'
[0.536s] Level 1:colcon.colcon_core.package_discovery:discover_packages(recursive) using defaults
[0.536s] Level 1:colcon.colcon_core.package_discovery:discover_packages(ignore) discover
[0.536s] Level 1:colcon.colcon_core.package_discovery:discover_packages(ignore) using defaults
[0.536s] Level 1:colcon.colcon_core.package_discovery:discover_packages(path) discover
[0.536s] Level 1:colcon.colcon_core.package_discovery:discover_packages(path) using defaults
[0.570s] Level 1:colcon.colcon_core.package_discovery:discover_packages(prefix_path) check parameters
[0.570s] Level 1:colcon.colcon_core.package_discovery:discover_packages(prefix_path) discover
[0.576s] DEBUG:colcon.colcon_installed_package_information.package_discovery:Found 10 installed packages in /home/yahboom/yahboomcar_ros2_ws/software/library_ws/install
[0.578s] DEBUG:colcon.colcon_installed_package_information.package_discovery:Found 20 installed packages in /home/yahboom/yahboomcar_ros2_ws/yahboomcar_ws/install
[0.582s] DEBUG:colcon.colcon_installed_package_information.package_discovery:Found 348 installed packages in /opt/ros/foxy
[0.585s] Level 1:colcon.colcon_core.package_discovery:discover_packages(prefix_path) using defaults
[0.696s] Level 5:colcon.colcon_core.verb:set package 'project' build argument 'cmake_args' from command line to 'None'
[0.696s] Level 5:colcon.colcon_core.verb:set package 'project' build argument 'cmake_target' from command line to 'None'
[0.696s] Level 5:colcon.colcon_core.verb:set package 'project' build argument 'cmake_target_skip_unavailable' from command line to 'False'
[0.696s] Level 5:colcon.colcon_core.verb:set package 'project' build argument 'cmake_clean_cache' from command line to 'False'
[0.696s] Level 5:colcon.colcon_core.verb:set package 'project' build argument 'cmake_clean_first' from command line to 'False'
[0.696s] Level 5:colcon.colcon_core.verb:set package 'project' build argument 'cmake_force_configure' from command line to 'False'
[0.696s] Level 5:colcon.colcon_core.verb:set package 'project' build argument 'ament_cmake_args' from command line to 'None'
[0.696s] Level 5:colcon.colcon_core.verb:set package 'project' build argument 'catkin_cmake_args' from command line to 'None'
[0.696s] Level 5:colcon.colcon_core.verb:set package 'project' build argument 'catkin_skip_building_tests' from command line to 'False'
[0.696s] DEBUG:colcon.colcon_core.verb:Building package 'project' with the following arguments: {'ament_cmake_args': None, 'build_base': '/home/yahboom/Desktop/roscourse_final_ws/build/project', 'catkin_cmake_args': None, 'catkin_skip_building_tests': False, 'cmake_args': None, 'cmake_clean_cache': False, 'cmake_clean_first': False, 'cmake_force_configure': False, 'cmake_target': None, 'cmake_target_skip_unavailable': False, 'install_base': '/home/yahboom/Desktop/roscourse_final_ws/install/project', 'merge_install': False, 'path': '/home/yahboom/Desktop/roscourse_final_ws/src/project', 'symlink_install': False, 'test_result_base': None}
[0.698s] Level 5:colcon.colcon_core.verb:set package 'pubsub' build argument 'cmake_args' from command line to 'None'
[0.698s] Level 5:colcon.colcon_core.verb:set package 'pubsub' build argument 'cmake_target' from command line to 'None'
[0.698s] Level 5:colcon.colcon_core.verb:set package 'pubsub' build argument 'cmake_target_skip_unavailable' from command line to 'False'
[0.698s] Level 5:colcon.colcon_core.verb:set package 'pubsub' build argument 'cmake_clean_cache' from command line to 'False'
[0.698s] Level 5:colcon.colcon_core.verb:set package 'pubsub' build argument 'cmake_clean_first' from command line to 'False'
[0.698s] Level 5:colcon.colcon_core.verb:set package 'pubsub' build argument 'cmake_force_configure' from command line to 'False'
[0.698s] Level 5:colcon.colcon_core.verb:set package 'pubsub' build argument 'ament_cmake_args' from command line to 'None'
[0.698s] Level 5:colcon.colcon_core.verb:set package 'pubsub' build argument 'catkin_cmake_args' from command line to 'None'
[0.698s] Level 5:colcon.colcon_core.verb:set package 'pubsub' build argument 'catkin_skip_building_tests' from command line to 'False'
[0.698s] DEBUG:colcon.colcon_core.verb:Building package 'pubsub' with the following arguments: {'ament_cmake_args': None, 'build_base': '/home/yahboom/Desktop/roscourse_final_ws/build/pubsub', 'catkin_cmake_args': None, 'catkin_skip_building_tests': False, 'cmake_args': None, 'cmake_clean_cache': False, 'cmake_clean_first': False, 'cmake_force_configure': False, 'cmake_target': None, 'cmake_target_skip_unavailable': False, 'install_base': '/home/yahboom/Desktop/roscourse_final_ws/install/pubsub', 'merge_install': False, 'path': '/home/yahboom/Desktop/roscourse_final_ws/src/pubsub', 'symlink_install': False, 'test_result_base': None}
[0.699s] INFO:colcon.colcon_core.executor:Executing jobs using 'parallel' executor
[0.705s] DEBUG:colcon.colcon_parallel_executor.executor.parallel:run_until_complete
[0.705s] INFO:colcon.colcon_ros.task.ament_cmake.build:Building ROS package in '/home/yahboom/Desktop/roscourse_final_ws/src/project' with build type 'ament_cmake'
[0.705s] INFO:colcon.colcon_cmake.task.cmake.build:Building CMake package in '/home/yahboom/Desktop/roscourse_final_ws/src/project'
[0.712s] INFO:colcon.colcon_core.plugin_system:Skipping extension 'colcon_core.shell.bat': Not used on non-Windows systems
[0.713s] INFO:colcon.colcon_core.shell:Skip shell extension 'powershell' for command environment: Not usable outside of PowerShell
[0.713s] DEBUG:colcon.colcon_core.shell:Skip shell extension 'dsv' for command environment
[0.731s] INFO:colcon.colcon_ros.task.ament_python.build:Building ROS package in '/home/yahboom/Desktop/roscourse_final_ws/src/pubsub' with build type 'ament_python'
[0.732s] Level 1:colcon.colcon_core.shell:create_environment_hook('pubsub', 'ament_prefix_path')
[0.734s] INFO:colcon.colcon_core.shell:Creating environment hook '/home/yahboom/Desktop/roscourse_final_ws/install/pubsub/share/pubsub/hook/ament_prefix_path.ps1'
[0.737s] INFO:colcon.colcon_core.shell:Creating environment descriptor '/home/yahboom/Desktop/roscourse_final_ws/install/pubsub/share/pubsub/hook/ament_prefix_path.dsv'
[0.738s] INFO:colcon.colcon_core.shell:Creating environment hook '/home/yahboom/Desktop/roscourse_final_ws/install/pubsub/share/pubsub/hook/ament_prefix_path.sh'
[0.741s] INFO:colcon.colcon_core.shell:Skip shell extension 'powershell' for command environment: Not usable outside of PowerShell
[0.741s] DEBUG:colcon.colcon_core.shell:Skip shell extension 'dsv' for command environment
[0.771s] DEBUG:colcon.colcon_core.event_handler.log_command:Invoking command in '/home/yahboom/Desktop/roscourse_final_ws/build/project': CMAKE_PREFIX_PATH=${CMAKE_PREFIX_PATH}:/home/yahboom/yahboomcar_ros2_ws/yahboomcar_ws/install/yahboomcar_voice_ctrl:/home/yahboom/yahboomcar_ros2_ws/yahboomcar_ws/install/yahboomcar_visual:/home/yahboom/yahboomcar_ros2_ws/yahboomcar_ws/install/yahboomcar_rviz:/home/yahboom/yahboomcar_ros2_ws/yahboomcar_ws/install/yahboomcar_nav:/home/yahboom/yahboomcar_ros2_ws/yahboomcar_ws/install/yahboomcar_multi:/home/yahboom/yahboomcar_ros2_ws/yahboomcar_ws/install/yahboomcar_mediapipe:/home/yahboom/yahboomcar_ros2_ws/yahboomcar_ws/install/yahboomcar_linefollow:/home/yahboom/yahboomcar_ros2_ws/yahboomcar_ws/install/yahboomcar_laser:/home/yahboom/yahboomcar_ros2_ws/yahboomcar_ws/install/yahboomcar_description_x1:/home/yahboom/yahboomcar_ros2_ws/yahboomcar_ws/install/yahboomcar_description:/home/yahboom/yahboomcar_ros2_ws/yahboomcar_ws/install/yahboomcar_ctrl:/home/yahboom/yahboomcar_ros2_ws/yahboomcar_ws/install/yahboomcar_bringup:/home/yahboom/yahboomcar_ros2_ws/yahboomcar_ws/install/yahboomcar_astra:/home/yahboom/yahboomcar_ros2_ws/yahboomcar_ws/install/robot_pose_publisher:/home/yahboom/yahboomcar_ros2_ws/yahboomcar_ws/install/laserscan_to_point_pulisher:/opt/ros/foxy /usr/bin/cmake --build /home/yahboom/Desktop/roscourse_final_ws/build/project -- -j4 -l4
[1.176s] INFO:colcon.colcon_core.task.python.build:Building Python package in '/home/yahboom/Desktop/roscourse_final_ws/src/pubsub'
[1.179s] INFO:colcon.colcon_core.shell:Skip shell extension 'powershell' for command environment: Not usable outside of PowerShell
[1.179s] DEBUG:colcon.colcon_core.shell:Skip shell extension 'dsv' for command environment
[1.199s] DEBUG:colcon.colcon_core.event_handler.log_command:Invoked command in '/home/yahboom/Desktop/roscourse_final_ws/build/project' returned '0': CMAKE_PREFIX_PATH=${CMAKE_PREFIX_PATH}:/home/yahboom/yahboomcar_ros2_ws/yahboomcar_ws/install/yahboomcar_voice_ctrl:/home/yahboom/yahboomcar_ros2_ws/yahboomcar_ws/install/yahboomcar_visual:/home/yahboom/yahboomcar_ros2_ws/yahboomcar_ws/install/yahboomcar_rviz:/home/yahboom/yahboomcar_ros2_ws/yahboomcar_ws/install/yahboomcar_nav:/home/yahboom/yahboomcar_ros2_ws/yahboomcar_ws/install/yahboomcar_multi:/home/yahboom/yahboomcar_ros2_ws/yahboomcar_ws/install/yahboomcar_mediapipe:/home/yahboom/yahboomcar_ros2_ws/yahboomcar_ws/install/yahboomcar_linefollow:/home/yahboom/yahboomcar_ros2_ws/yahboomcar_ws/install/yahboomcar_laser:/home/yahboom/yahboomcar_ros2_ws/yahboomcar_ws/install/yahboomcar_description_x1:/home/yahboom/yahboomcar_ros2_ws/yahboomcar_ws/install/yahboomcar_description:/home/yahboom/yahboomcar_ros2_ws/yahboomcar_ws/install/yahboomcar_ctrl:/home/yahboom/yahboomcar_ros2_ws/yahboomcar_ws/install/yahboomcar_bringup:/home/yahboom/yahboomcar_ros2_ws/yahboomcar_ws/install/yahboomcar_astra:/home/yahboom/yahboomcar_ros2_ws/yahboomcar_ws/install/robot_pose_publisher:/home/yahboom/yahboomcar_ros2_ws/yahboomcar_ws/install/laserscan_to_point_pulisher:/opt/ros/foxy /usr/bin/cmake --build /home/yahboom/Desktop/roscourse_final_ws/build/project -- -j4 -l4
[1.308s] DEBUG:colcon.colcon_core.event_handler.log_command:Invoking command in '/home/yahboom/Desktop/roscourse_final_ws/build/project': CMAKE_PREFIX_PATH=${CMAKE_PREFIX_PATH}:/home/yahboom/yahboomcar_ros2_ws/yahboomcar_ws/install/yahboomcar_voice_ctrl:/home/yahboom/yahboomcar_ros2_ws/yahboomcar_ws/install/yahboomcar_visual:/home/yahboom/yahboomcar_ros2_ws/yahboomcar_ws/install/yahboomcar_rviz:/home/yahboom/yahboomcar_ros2_ws/yahboomcar_ws/install/yahboomcar_nav:/home/yahboom/yahboomcar_ros2_ws/yahboomcar_ws/install/yahboomcar_multi:/home/yahboom/yahboomcar_ros2_ws/yahboomcar_ws/install/yahboomcar_mediapipe:/home/yahboom/yahboomcar_ros2_ws/yahboomcar_ws/install/yahboomcar_linefollow:/home/yahboom/yahboomcar_ros2_ws/yahboomcar_ws/install/yahboomcar_laser:/home/yahboom/yahboomcar_ros2_ws/yahboomcar_ws/install/yahboomcar_description_x1:/home/yahboom/yahboomcar_ros2_ws/yahboomcar_ws/install/yahboomcar_description:/home/yahboom/yahboomcar_ros2_ws/yahboomcar_ws/install/yahboomcar_ctrl:/home/yahboom/yahboomcar_ros2_ws/yahboomcar_ws/install/yahboomcar_bringup:/home/yahboom/yahboomcar_ros2_ws/yahboomcar_ws/install/yahboomcar_astra:/home/yahboom/yahboomcar_ros2_ws/yahboomcar_ws/install/robot_pose_publisher:/home/yahboom/yahboomcar_ros2_ws/yahboomcar_ws/install/laserscan_to_point_pulisher:/opt/ros/foxy /usr/bin/cmake --install /home/yahboom/Desktop/roscourse_final_ws/build/project
[1.414s] Level 1:colcon.colcon_core.environment:create_environment_scripts_only(project)
[1.422s] Level 1:colcon.colcon_core.environment:checking '/home/yahboom/Desktop/roscourse_final_ws/install/project' for CMake module files
[1.422s] Level 1:colcon.colcon_core.environment:checking '/home/yahboom/Desktop/roscourse_final_ws/install/project' for CMake config files
[1.423s] Level 1:colcon.colcon_core.shell:create_environment_hook('project', 'cmake_prefix_path')
[1.425s] INFO:colcon.colcon_core.shell:Creating environment hook '/home/yahboom/Desktop/roscourse_final_ws/install/project/share/project/hook/cmake_prefix_path.ps1'
[1.425s] INFO:colcon.colcon_core.shell:Creating environment descriptor '/home/yahboom/Desktop/roscourse_final_ws/install/project/share/project/hook/cmake_prefix_path.dsv'
[1.426s] INFO:colcon.colcon_core.shell:Creating environment hook '/home/yahboom/Desktop/roscourse_final_ws/install/project/share/project/hook/cmake_prefix_path.sh'
[1.427s] Level 1:colcon.colcon_core.environment:checking '/home/yahboom/Desktop/roscourse_final_ws/install/project/lib'
[1.428s] Level 1:colcon.colcon_core.shell:create_environment_hook('project', 'ld_library_path_lib')
[1.431s] INFO:colcon.colcon_core.shell:Creating environment hook '/home/yahboom/Desktop/roscourse_final_ws/install/project/share/project/hook/ld_library_path_lib.ps1'
[1.433s] INFO:colcon.colcon_core.shell:Creating environment descriptor '/home/yahboom/Desktop/roscourse_final_ws/install/project/share/project/hook/ld_library_path_lib.dsv'
[1.436s] INFO:colcon.colcon_core.shell:Creating environment hook '/home/yahboom/Desktop/roscourse_final_ws/install/project/share/project/hook/ld_library_path_lib.sh'
[1.438s] Level 1:colcon.colcon_core.environment:checking '/home/yahboom/Desktop/roscourse_final_ws/install/project/bin'
[1.438s] Level 1:colcon.colcon_core.environment:checking '/home/yahboom/Desktop/roscourse_final_ws/install/project/lib/pkgconfig/project.pc'
[1.438s] Level 1:colcon.colcon_core.environment:checking '/home/yahboom/Desktop/roscourse_final_ws/install/project/lib/python3.8/site-packages'
[1.439s] Level 1:colcon.colcon_core.shell:create_environment_hook('project', 'pythonpath')
[1.440s] INFO:colcon.colcon_core.shell:Creating environment hook '/home/yahboom/Desktop/roscourse_final_ws/install/project/share/project/hook/pythonpath.ps1'
[1.442s] DEBUG:colcon.colcon_core.event_handler.log_command:Invoked command in '/home/yahboom/Desktop/roscourse_final_ws/build/project' returned '0': CMAKE_PREFIX_PATH=${CMAKE_PREFIX_PATH}:/home/yahboom/yahboomcar_ros2_ws/yahboomcar_ws/install/yahboomcar_voice_ctrl:/home/yahboom/yahboomcar_ros2_ws/yahboomcar_ws/install/yahboomcar_visual:/home/yahboom/yahboomcar_ros2_ws/yahboomcar_ws/install/yahboomcar_rviz:/home/yahboom/yahboomcar_ros2_ws/yahboomcar_ws/install/yahboomcar_nav:/home/yahboom/yahboomcar_ros2_ws/yahboomcar_ws/install/yahboomcar_multi:/home/yahboom/yahboomcar_ros2_ws/yahboomcar_ws/install/yahboomcar_mediapipe:/home/yahboom/yahboomcar_ros2_ws/yahboomcar_ws/install/yahboomcar_linefollow:/home/yahboom/yahboomcar_ros2_ws/yahboomcar_ws/install/yahboomcar_laser:/home/yahboom/yahboomcar_ros2_ws/yahboomcar_ws/install/yahboomcar_description_x1:/home/yahboom/yahboomcar_ros2_ws/yahboomcar_ws/install/yahboomcar_description:/home/yahboom/yahboomcar_ros2_ws/yahboomcar_ws/install/yahboomcar_ctrl:/home/yahboom/yahboomcar_ros2_ws/yahboomcar_ws/install/yahboomcar_bringup:/home/yahboom/yahboomcar_ros2_ws/yahboomcar_ws/install/yahboomcar_astra:/home/yahboom/yahboomcar_ros2_ws/yahboomcar_ws/install/robot_pose_publisher:/home/yahboom/yahboomcar_ros2_ws/yahboomcar_ws/install/laserscan_to_point_pulisher:/opt/ros/foxy /usr/bin/cmake --install /home/yahboom/Desktop/roscourse_final_ws/build/project
[1.443s] INFO:colcon.colcon_core.shell:Creating environment descriptor '/home/yahboom/Desktop/roscourse_final_ws/install/project/share/project/hook/pythonpath.dsv'
[1.443s] INFO:colcon.colcon_core.shell:Creating environment hook '/home/yahboom/Desktop/roscourse_final_ws/install/project/share/project/hook/pythonpath.sh'
[1.444s] Level 1:colcon.colcon_core.environment:checking '/home/yahboom/Desktop/roscourse_final_ws/install/project/bin'
[1.446s] INFO:colcon.colcon_core.shell:Creating package script '/home/yahboom/Desktop/roscourse_final_ws/install/project/share/project/package.ps1'
[1.447s] INFO:colcon.colcon_core.shell:Creating package descriptor '/home/yahboom/Desktop/roscourse_final_ws/install/project/share/project/package.dsv'
[1.448s] INFO:colcon.colcon_core.shell:Creating package script '/home/yahboom/Desktop/roscourse_final_ws/install/project/share/project/package.sh'
[1.449s] INFO:colcon.colcon_core.shell:Creating package script '/home/yahboom/Desktop/roscourse_final_ws/install/project/share/project/package.bash'
[1.450s] INFO:colcon.colcon_core.shell:Creating package script '/home/yahboom/Desktop/roscourse_final_ws/install/project/share/project/package.zsh'
[1.451s] Level 1:colcon.colcon_core.environment:create_file_with_runtime_dependencies(/home/yahboom/Desktop/roscourse_final_ws/install/project/share/colcon-core/packages/project)
[1.545s] Level 1:colcon.colcon_core.environment:create_environment_scripts_only(project)
[1.549s] Level 1:colcon.colcon_core.environment:checking '/home/yahboom/Desktop/roscourse_final_ws/install/project' for CMake module files
[1.550s] Level 1:colcon.colcon_core.environment:checking '/home/yahboom/Desktop/roscourse_final_ws/install/project' for CMake config files
[1.551s] Level 1:colcon.colcon_core.shell:create_environment_hook('project', 'cmake_prefix_path')
[1.554s] INFO:colcon.colcon_core.shell:Creating environment hook '/home/yahboom/Desktop/roscourse_final_ws/install/project/share/project/hook/cmake_prefix_path.ps1'
[1.556s] INFO:colcon.colcon_core.shell:Creating environment descriptor '/home/yahboom/Desktop/roscourse_final_ws/install/project/share/project/hook/cmake_prefix_path.dsv'
[1.556s] INFO:colcon.colcon_core.shell:Creating environment hook '/home/yahboom/Desktop/roscourse_final_ws/install/project/share/project/hook/cmake_prefix_path.sh'
[1.557s] Level 1:colcon.colcon_core.environment:checking '/home/yahboom/Desktop/roscourse_final_ws/install/project/lib'
[1.557s] Level 1:colcon.colcon_core.shell:create_environment_hook('project', 'ld_library_path_lib')
[1.561s] INFO:colcon.colcon_core.shell:Creating environment hook '/home/yahboom/Desktop/roscourse_final_ws/install/project/share/project/hook/ld_library_path_lib.ps1'
[1.562s] INFO:colcon.colcon_core.shell:Creating environment descriptor '/home/yahboom/Desktop/roscourse_final_ws/install/project/share/project/hook/ld_library_path_lib.dsv'
[1.562s] INFO:colcon.colcon_core.shell:Creating environment hook '/home/yahboom/Desktop/roscourse_final_ws/install/project/share/project/hook/ld_library_path_lib.sh'
[1.563s] Level 1:colcon.colcon_core.environment:checking '/home/yahboom/Desktop/roscourse_final_ws/install/project/bin'
[1.563s] Level 1:colcon.colcon_core.environment:checking '/home/yahboom/Desktop/roscourse_final_ws/install/project/lib/pkgconfig/project.pc'
[1.564s] Level 1:colcon.colcon_core.environment:checking '/home/yahboom/Desktop/roscourse_final_ws/install/project/lib/python3.8/site-packages'
[1.564s] Level 1:colcon.colcon_core.shell:create_environment_hook('project', 'pythonpath')
[1.567s] INFO:colcon.colcon_core.shell:Creating environment hook '/home/yahboom/Desktop/roscourse_final_ws/install/project/share/project/hook/pythonpath.ps1'
[1.568s] INFO:colcon.colcon_core.shell:Creating environment descriptor '/home/yahboom/Desktop/roscourse_final_ws/install/project/share/project/hook/pythonpath.dsv'
[1.570s] INFO:colcon.colcon_core.shell:Creating environment hook '/home/yahboom/Desktop/roscourse_final_ws/install/project/share/project/hook/pythonpath.sh'
[1.571s] Level 1:colcon.colcon_core.environment:checking '/home/yahboom/Desktop/roscourse_final_ws/install/project/bin'
[1.575s] INFO:colcon.colcon_core.shell:Creating package script '/home/yahboom/Desktop/roscourse_final_ws/install/project/share/project/package.ps1'
[1.576s] INFO:colcon.colcon_core.shell:Creating package descriptor '/home/yahboom/Desktop/roscourse_final_ws/install/project/share/project/package.dsv'
[1.577s] INFO:colcon.colcon_core.shell:Creating package script '/home/yahboom/Desktop/roscourse_final_ws/install/project/share/project/package.sh'
[1.578s] INFO:colcon.colcon_core.shell:Creating package script '/home/yahboom/Desktop/roscourse_final_ws/install/project/share/project/package.bash'
[1.579s] INFO:colcon.colcon_core.shell:Creating package script '/home/yahboom/Desktop/roscourse_final_ws/install/project/share/project/package.zsh'
[1.580s] Level 1:colcon.colcon_core.environment:create_file_with_runtime_dependencies(/home/yahboom/Desktop/roscourse_final_ws/install/project/share/colcon-core/packages/project)
[1.797s] DEBUG:colcon.colcon_core.event_handler.log_command:Invoking command in '/home/yahboom/Desktop/roscourse_final_ws/src/pubsub': PYTHONPATH=/home/yahboom/Desktop/roscourse_final_ws/build/pubsub/prefix_override:/home/yahboom/Desktop/roscourse_final_ws/install/pubsub/lib/python3.8/site-packages:${PYTHONPATH} /usr/bin/python3 setup.py egg_info --egg-base ../../build/pubsub build --build-base /home/yahboom/Desktop/roscourse_final_ws/build/pubsub/build install --record /home/yahboom/Desktop/roscourse_final_ws/build/pubsub/install.log --install-scripts $base/lib/pubsub --single-version-externally-managed
[2.237s] Level 1:colcon.colcon_core.environment:checking '/home/yahboom/Desktop/roscourse_final_ws/install/pubsub' for CMake module files
[2.238s] DEBUG:colcon.colcon_core.event_handler.log_command:Invoked command in '/home/yahboom/Desktop/roscourse_final_ws/src/pubsub' returned '0': PYTHONPATH=/home/yahboom/Desktop/roscourse_final_ws/build/pubsub/prefix_override:/home/yahboom/Desktop/roscourse_final_ws/install/pubsub/lib/python3.8/site-packages:${PYTHONPATH} /usr/bin/python3 setup.py egg_info --egg-base ../../build/pubsub build --build-base /home/yahboom/Desktop/roscourse_final_ws/build/pubsub/build install --record /home/yahboom/Desktop/roscourse_final_ws/build/pubsub/install.log --install-scripts $base/lib/pubsub --single-version-externally-managed
[2.238s] Level 1:colcon.colcon_core.environment:checking '/home/yahboom/Desktop/roscourse_final_ws/install/pubsub' for CMake config files
[2.239s] Level 1:colcon.colcon_core.environment:checking '/home/yahboom/Desktop/roscourse_final_ws/install/pubsub/lib'
[2.239s] Level 1:colcon.colcon_core.environment:checking '/home/yahboom/Desktop/roscourse_final_ws/install/pubsub/bin'
[2.239s] Level 1:colcon.colcon_core.environment:checking '/home/yahboom/Desktop/roscourse_final_ws/install/pubsub/lib/pkgconfig/pubsub.pc'
[2.240s] Level 1:colcon.colcon_core.environment:checking '/home/yahboom/Desktop/roscourse_final_ws/install/pubsub/lib/python3.8/site-packages'
[2.240s] Level 1:colcon.colcon_core.shell:create_environment_hook('pubsub', 'pythonpath')
[2.242s] INFO:colcon.colcon_core.shell:Creating environment hook '/home/yahboom/Desktop/roscourse_final_ws/install/pubsub/share/pubsub/hook/pythonpath.ps1'
[2.243s] INFO:colcon.colcon_core.shell:Creating environment descriptor '/home/yahboom/Desktop/roscourse_final_ws/install/pubsub/share/pubsub/hook/pythonpath.dsv'
[2.243s] INFO:colcon.colcon_core.shell:Creating environment hook '/home/yahboom/Desktop/roscourse_final_ws/install/pubsub/share/pubsub/hook/pythonpath.sh'
[2.244s] Level 1:colcon.colcon_core.environment:checking '/home/yahboom/Desktop/roscourse_final_ws/install/pubsub/bin'
[2.244s] Level 1:colcon.colcon_core.environment:create_environment_scripts_only(pubsub)
[2.247s] INFO:colcon.colcon_core.shell:Creating package script '/home/yahboom/Desktop/roscourse_final_ws/install/pubsub/share/pubsub/package.ps1'
[2.248s] INFO:colcon.colcon_core.shell:Creating package descriptor '/home/yahboom/Desktop/roscourse_final_ws/install/pubsub/share/pubsub/package.dsv'
[2.248s] INFO:colcon.colcon_core.shell:Creating package script '/home/yahboom/Desktop/roscourse_final_ws/install/pubsub/share/pubsub/package.sh'
[2.249s] INFO:colcon.colcon_core.shell:Creating package script '/home/yahboom/Desktop/roscourse_final_ws/install/pubsub/share/pubsub/package.bash'
[2.250s] INFO:colcon.colcon_core.shell:Creating package script '/home/yahboom/Desktop/roscourse_final_ws/install/pubsub/share/pubsub/package.zsh'
[2.251s] Level 1:colcon.colcon_core.environment:create_file_with_runtime_dependencies(/home/yahboom/Desktop/roscourse_final_ws/install/pubsub/share/colcon-core/packages/pubsub)
[2.252s] DEBUG:colcon.colcon_parallel_executor.executor.parallel:closing loop
[2.252s] DEBUG:colcon.colcon_parallel_executor.executor.parallel:loop closed
[2.253s] DEBUG:colcon.colcon_parallel_executor.executor.parallel:run_until_complete finished with '0'
[2.253s] DEBUG:colcon.colcon_core.event_reactor:joining thread
[2.265s] INFO:colcon.colcon_core.plugin_system:Skipping extension 'colcon_notification.desktop_notification.terminal_notifier': Not used on non-Darwin systems
[2.265s] INFO:colcon.colcon_core.plugin_system:Skipping extension 'colcon_notification.desktop_notification.win32': Not used on non-Windows systems
[2.266s] INFO:colcon.colcon_notification.desktop_notification:Sending desktop notification using 'notify2'
[2.293s] DEBUG:colcon.colcon_core.event_reactor:joined thread
[2.296s] INFO:colcon.colcon_core.shell:Creating prefix script '/home/yahboom/Desktop/roscourse_final_ws/install/local_setup.ps1'
[2.297s] INFO:colcon.colcon_core.shell:Creating prefix util module '/home/yahboom/Desktop/roscourse_final_ws/install/_local_setup_util_ps1.py'
[2.300s] INFO:colcon.colcon_core.shell:Creating prefix chain script '/home/yahboom/Desktop/roscourse_final_ws/install/setup.ps1'
[2.307s] INFO:colcon.colcon_core.shell:Creating prefix script '/home/yahboom/Desktop/roscourse_final_ws/install/local_setup.sh'
[2.308s] INFO:colcon.colcon_core.shell:Creating prefix util module '/home/yahboom/Desktop/roscourse_final_ws/install/_local_setup_util_sh.py'
[2.308s] INFO:colcon.colcon_core.shell:Creating prefix chain script '/home/yahboom/Desktop/roscourse_final_ws/install/setup.sh'
[2.312s] INFO:colcon.colcon_core.shell:Creating prefix script '/home/yahboom/Desktop/roscourse_final_ws/install/local_setup.bash'
[2.313s] INFO:colcon.colcon_core.shell:Creating prefix chain script '/home/yahboom/Desktop/roscourse_final_ws/install/setup.bash'
[2.317s] INFO:colcon.colcon_core.shell:Creating prefix script '/home/yahboom/Desktop/roscourse_final_ws/install/local_setup.zsh'
[2.318s] INFO:colcon.colcon_core.shell:Creating prefix chain script '/home/yahboom/Desktop/roscourse_final_ws/install/setup.zsh'
