[0.503s] Invoking command in '/home/yahboom/Desktop/roscourse_final_ws/build/project': CMAKE_PREFIX_PATH=${CMAKE_PREFIX_PATH}:/home/yahboom/yahboomcar_ros2_ws/yahboomcar_ws/install/yahboomcar_voice_ctrl:/home/yahboom/yahboomcar_ros2_ws/yahboomcar_ws/install/yahboomcar_visual:/home/yahboom/yahboomcar_ros2_ws/yahboomcar_ws/install/yahboomcar_rviz:/home/yahboom/yahboomcar_ros2_ws/yahboomcar_ws/install/yahboomcar_nav:/home/yahboom/yahboomcar_ros2_ws/yahboomcar_ws/install/yahboomcar_multi:/home/yahboom/yahboomcar_ros2_ws/yahboomcar_ws/install/yahboomcar_mediapipe:/home/yahboom/yahboomcar_ros2_ws/yahboomcar_ws/install/yahboomcar_linefollow:/home/yahboom/yahboomcar_ros2_ws/yahboomcar_ws/install/yahboomcar_laser:/home/yahboom/yahboomcar_ros2_ws/yahboomcar_ws/install/yahboomcar_description_x1:/home/yahboom/yahboomcar_ros2_ws/yahboomcar_ws/install/yahboomcar_description:/home/yahboom/yahboomcar_ros2_ws/yahboomcar_ws/install/yahboomcar_ctrl:/home/yahboom/yahboomcar_ros2_ws/yahboomcar_ws/install/yahboomcar_bringup:/home/yahboom/yahboomcar_ros2_ws/yahboomcar_ws/install/yahboomcar_astra:/home/yahboom/yahboomcar_ros2_ws/yahboomcar_ws/install/robot_pose_publisher:/home/yahboom/yahboomcar_ros2_ws/yahboomcar_ws/install/laserscan_to_point_pulisher:/opt/ros/foxy /usr/bin/cmake /home/yahboom/Desktop/roscourse_final_ws/src/project -DCMAKE_INSTALL_PREFIX=/home/yahboom/Desktop/roscourse_final_ws/install/project
[0.705s] -- Found ament_cmake: 0.9.11 (/opt/ros/foxy/share/ament_cmake/cmake)
[0.782s] -- Found PythonInterp: /usr/bin/python3 (found suitable version "3.8.10", minimum required is "3") 
[0.782s] -- Using PYTHON_EXECUTABLE: /usr/bin/python3
[1.173s] -- Found ament_lint_auto: 0.9.8 (/opt/ros/foxy/share/ament_lint_auto/cmake)
[1.367s] -- Found geometry_msgs: 2.0.5 (/opt/ros/foxy/share/geometry_msgs/cmake)
[1.426s] -- Using all available rosidl_typesupport_c: rosidl_typesupport_fastrtps_c;rosidl_typesupport_introspection_c
[1.436s] -- Found rosidl_adapter: 1.3.0 (/opt/ros/foxy/share/rosidl_adapter/cmake)
[1.641s] -- Using all available rosidl_typesupport_cpp: rosidl_typesupport_fastrtps_cpp;rosidl_typesupport_introspection_cpp
[1.800s] -- Found rosidl_default_generators: 1.0.1 (/opt/ros/foxy/share/rosidl_default_generators/cmake)
[1.864s] -- Found PythonInterp: /usr/bin/python3 (found version "3.8.10") 
[2.246s] CMake Error at /opt/ros/foxy/share/rosidl_adapter/cmake/rosidl_adapt_interfaces.cmake:60 (message):
[2.246s]   execute_process(/usr/bin/python3 -m rosidl_adapter --package-name project
[2.247s]   --arguments-file
[2.247s]   /home/yahboom/Desktop/roscourse_final_ws/build/project/rosidl_adapter__arguments__project.json
[2.247s]   --output-dir
[2.247s]   /home/yahboom/Desktop/roscourse_final_ws/build/project/rosidl_adapter/project
[2.247s]   --output-file
[2.248s]   /home/yahboom/Desktop/roscourse_final_ws/build/project/rosidl_adapter/project.idls)
[2.248s]   returned error code 1:
[2.248s] 
[2.248s]   Traceback (most recent call last):
[2.248s] 
[2.248s]     File "/usr/lib/python3.8/runpy.py", line 194, in _run_module_as_main
[2.249s]       return _run_code(code, main_globals, None,
[2.249s]     File "/usr/lib/python3.8/runpy.py", line 87, in _run_code
[2.249s]       exec(code, run_globals)
[2.249s]     File "/opt/ros/foxy/lib/python3.8/site-packages/rosidl_adapter/__main__.py", line 19, in <module>
[2.249s]       sys.exit(main())
[2.250s]     File "/opt/ros/foxy/lib/python3.8/site-packages/rosidl_adapter/main.py", line 53, in main
[2.250s]       abs_idl_file = convert_to_idl(
[2.250s]     File "/opt/ros/foxy/lib/python3.8/site-packages/rosidl_adapter/__init__.py", line 29, in convert_to_idl
[2.250s]       return convert_action_to_idl(
[2.250s]     File "/opt/ros/foxy/lib/python3.8/site-packages/rosidl_adapter/action/__init__.py", line 28, in convert_action_to_idl
[2.251s]       action = parse_action_string(package_name, input_file.stem, content)
[2.251s]     File "/opt/ros/foxy/lib/python3.8/site-packages/rosidl_adapter/parser.py", line 886, in parse_action_string
[2.251s]       raise InvalidActionSpecification(
[2.251s] 
[2.251s]   rosidl_adapter.parser.InvalidActionSpecification: Number of '---'
[2.251s]   separators nonconformant with action definition
[2.252s] 
[2.252s] Call Stack (most recent call first):
[2.252s]   /opt/ros/foxy/share/rosidl_cmake/cmake/rosidl_generate_interfaces.cmake:130 (rosidl_adapt_interfaces)
[2.252s]   CMakeLists.txt:37 (rosidl_generate_interfaces)
[2.252s] 
[2.252s] 
[2.253s] -- Configuring incomplete, errors occurred!
[2.253s] See also "/home/yahboom/Desktop/roscourse_final_ws/build/project/CMakeFiles/CMakeOutput.log".
