running egg_info
writing ../../build/PubSub/PubSub.egg-info/PKG-INFO
writing dependency_links to ../../build/PubSub/PubSub.egg-info/dependency_links.txt
writing entry points to ../../build/PubSub/PubSub.egg-info/entry_points.txt
writing requirements to ../../build/PubSub/PubSub.egg-info/requires.txt
writing top-level names to ../../build/PubSub/PubSub.egg-info/top_level.txt
reading manifest file '../../build/PubSub/PubSub.egg-info/SOURCES.txt'
writing manifest file '../../build/PubSub/PubSub.egg-info/SOURCES.txt'
running build
running build_py
running install
running install_lib
running install_data
running install_egg_info
removing '/home/yahboom/Desktop/roscourse_final_ws/install/PubSub/lib/python3.8/site-packages/PubSub-0.0.0-py3.8.egg-info' (and everything under it)
Copying ../../build/PubSub/PubSub.egg-info to /home/yahboom/Desktop/roscourse_final_ws/install/PubSub/lib/python3.8/site-packages/PubSub-0.0.0-py3.8.egg-info
running install_scripts
Installing listener script to /home/yahboom/Desktop/roscourse_final_ws/install/PubSub/lib/PubSub
Installing talker script to /home/yahboom/Desktop/roscourse_final_ws/install/PubSub/lib/PubSub
writing list of installed files to '/home/yahboom/Desktop/roscourse_final_ws/build/PubSub/install.log'
