[0.491s] Invoking command in '/home/yahboom/Desktop/roscourse_final_ws/build/project': CMAKE_PREFIX_PATH=${CMAKE_PREFIX_PATH}:/home/yahboom/yahboomcar_ros2_ws/yahboomcar_ws/install/yahboomcar_voice_ctrl:/home/yahboom/yahboomcar_ros2_ws/yahboomcar_ws/install/yahboomcar_visual:/home/yahboom/yahboomcar_ros2_ws/yahboomcar_ws/install/yahboomcar_rviz:/home/yahboom/yahboomcar_ros2_ws/yahboomcar_ws/install/yahboomcar_nav:/home/yahboom/yahboomcar_ros2_ws/yahboomcar_ws/install/yahboomcar_multi:/home/yahboom/yahboomcar_ros2_ws/yahboomcar_ws/install/yahboomcar_mediapipe:/home/yahboom/yahboomcar_ros2_ws/yahboomcar_ws/install/yahboomcar_linefollow:/home/yahboom/yahboomcar_ros2_ws/yahboomcar_ws/install/yahboomcar_laser:/home/yahboom/yahboomcar_ros2_ws/yahboomcar_ws/install/yahboomcar_description_x1:/home/yahboom/yahboomcar_ros2_ws/yahboomcar_ws/install/yahboomcar_description:/home/yahboom/yahboomcar_ros2_ws/yahboomcar_ws/install/yahboomcar_ctrl:/home/yahboom/yahboomcar_ros2_ws/yahboomcar_ws/install/yahboomcar_bringup:/home/yahboom/yahboomcar_ros2_ws/yahboomcar_ws/install/yahboomcar_astra:/home/yahboom/yahboomcar_ros2_ws/yahboomcar_ws/install/robot_pose_publisher:/home/yahboom/yahboomcar_ros2_ws/yahboomcar_ws/install/laserscan_to_point_pulisher:/opt/ros/foxy /usr/bin/cmake /home/yahboom/Desktop/roscourse_final_ws/src/project -DCMAKE_INSTALL_PREFIX=/home/yahboom/Desktop/roscourse_final_ws/install/project
[1.040s] -- The C compiler identification is GNU 9.4.0
[1.408s] -- The CXX compiler identification is GNU 9.4.0
[1.430s] -- Check for working C compiler: /usr/bin/cc
[1.543s] -- Check for working C compiler: /usr/bin/cc -- works
[1.548s] -- Detecting C compiler ABI info
[1.655s] -- Detecting C compiler ABI info - done
[1.671s] -- Detecting C compile features
[1.673s] -- Detecting C compile features - done
[1.679s] -- Check for working CXX compiler: /usr/bin/c++
[1.812s] -- Check for working CXX compiler: /usr/bin/c++ -- works
[1.814s] -- Detecting CXX compiler ABI info
[1.974s] -- Detecting CXX compiler ABI info - done
[1.992s] -- Detecting CXX compile features
[1.993s] -- Detecting CXX compile features - done
[2.023s] -- Found ament_cmake: 0.9.11 (/opt/ros/foxy/share/ament_cmake/cmake)
[2.089s] -- Found PythonInterp: /usr/bin/python3 (found suitable version "3.8.10", minimum required is "3") 
[2.089s] -- Using PYTHON_EXECUTABLE: /usr/bin/python3
[2.498s] -- Found ament_lint_auto: 0.9.8 (/opt/ros/foxy/share/ament_lint_auto/cmake)
[2.688s] -- Found geometry_msgs: 2.0.5 (/opt/ros/foxy/share/geometry_msgs/cmake)
[2.778s] -- Using all available rosidl_typesupport_c: rosidl_typesupport_fastrtps_c;rosidl_typesupport_introspection_c
[2.801s] -- Found rosidl_adapter: 1.3.0 (/opt/ros/foxy/share/rosidl_adapter/cmake)
[2.979s] -- Found OpenSSL: /usr/lib/x86_64-linux-gnu/libcrypto.so (found version "1.1.1f")  
[3.025s] -- Found FastRTPS: /opt/ros/foxy/include  
[3.201s] -- Using all available rosidl_typesupport_cpp: rosidl_typesupport_fastrtps_cpp;rosidl_typesupport_introspection_cpp
[3.373s] -- Found rosidl_default_generators: 1.0.1 (/opt/ros/foxy/share/rosidl_default_generators/cmake)
[3.437s] -- Found PythonInterp: /usr/bin/python3 (found version "3.8.10") 
[3.853s] CMake Error at /opt/ros/foxy/share/rosidl_adapter/cmake/rosidl_adapt_interfaces.cmake:60 (message):
[3.854s]   execute_process(/usr/bin/python3 -m rosidl_adapter --package-name project
[3.854s]   --arguments-file
[3.854s]   /home/yahboom/Desktop/roscourse_final_ws/build/project/rosidl_adapter__arguments__project.json
[3.854s]   --output-dir
[3.854s]   /home/yahboom/Desktop/roscourse_final_ws/build/project/rosidl_adapter/project
[3.855s]   --output-file
[3.855s]   /home/yahboom/Desktop/roscourse_final_ws/build/project/rosidl_adapter/project.idls)
[3.855s]   returned error code 1:
[3.855s] 
[3.856s]   Traceback (most recent call last):
[3.856s] 
[3.856s]     File "/usr/lib/python3.8/runpy.py", line 194, in _run_module_as_main
[3.856s]       return _run_code(code, main_globals, None,
[3.856s]     File "/usr/lib/python3.8/runpy.py", line 87, in _run_code
[3.856s]       exec(code, run_globals)
[3.856s]     File "/opt/ros/foxy/lib/python3.8/site-packages/rosidl_adapter/__main__.py", line 19, in <module>
[3.857s]       sys.exit(main())
[3.857s]     File "/opt/ros/foxy/lib/python3.8/site-packages/rosidl_adapter/main.py", line 53, in main
[3.857s]       abs_idl_file = convert_to_idl(
[3.857s]     File "/opt/ros/foxy/lib/python3.8/site-packages/rosidl_adapter/__init__.py", line 29, in convert_to_idl
[3.857s]       return convert_action_to_idl(
[3.858s]     File "/opt/ros/foxy/lib/python3.8/site-packages/rosidl_adapter/action/__init__.py", line 28, in convert_action_to_idl
[3.858s]       action = parse_action_string(package_name, input_file.stem, content)
[3.858s]     File "/opt/ros/foxy/lib/python3.8/site-packages/rosidl_adapter/parser.py", line 886, in parse_action_string
[3.858s]       raise InvalidActionSpecification(
[3.858s] 
[3.859s]   rosidl_adapter.parser.InvalidActionSpecification: Number of '---'
[3.859s]   separators nonconformant with action definition
[3.859s] 
[3.859s] Call Stack (most recent call first):
[3.859s]   /opt/ros/foxy/share/rosidl_cmake/cmake/rosidl_generate_interfaces.cmake:130 (rosidl_adapt_interfaces)
[3.860s]   CMakeLists.txt:37 (rosidl_generate_interfaces)
[3.860s] 
[3.860s] 
[3.860s] -- Configuring incomplete, errors occurred!
[3.860s] See also "/home/yahboom/Desktop/roscourse_final_ws/build/project/CMakeFiles/CMakeOutput.log".
[3.866s] Invoked command in '/home/yahboom/Desktop/roscourse_final_ws/build/project' returned '1': CMAKE_PREFIX_PATH=${CMAKE_PREFIX_PATH}:/home/yahboom/yahboomcar_ros2_ws/yahboomcar_ws/install/yahboomcar_voice_ctrl:/home/yahboom/yahboomcar_ros2_ws/yahboomcar_ws/install/yahboomcar_visual:/home/yahboom/yahboomcar_ros2_ws/yahboomcar_ws/install/yahboomcar_rviz:/home/yahboom/yahboomcar_ros2_ws/yahboomcar_ws/install/yahboomcar_nav:/home/yahboom/yahboomcar_ros2_ws/yahboomcar_ws/install/yahboomcar_multi:/home/yahboom/yahboomcar_ros2_ws/yahboomcar_ws/install/yahboomcar_mediapipe:/home/yahboom/yahboomcar_ros2_ws/yahboomcar_ws/install/yahboomcar_linefollow:/home/yahboom/yahboomcar_ros2_ws/yahboomcar_ws/install/yahboomcar_laser:/home/yahboom/yahboomcar_ros2_ws/yahboomcar_ws/install/yahboomcar_description_x1:/home/yahboom/yahboomcar_ros2_ws/yahboomcar_ws/install/yahboomcar_description:/home/yahboom/yahboomcar_ros2_ws/yahboomcar_ws/install/yahboomcar_ctrl:/home/yahboom/yahboomcar_ros2_ws/yahboomcar_ws/install/yahboomcar_bringup:/home/yahboom/yahboomcar_ros2_ws/yahboomcar_ws/install/yahboomcar_astra:/home/yahboom/yahboomcar_ros2_ws/yahboomcar_ws/install/robot_pose_publisher:/home/yahboom/yahboomcar_ros2_ws/yahboomcar_ws/install/laserscan_to_point_pulisher:/opt/ros/foxy /usr/bin/cmake /home/yahboom/Desktop/roscourse_final_ws/src/project -DCMAKE_INSTALL_PREFIX=/home/yahboom/Desktop/roscourse_final_ws/install/project
