CMake Error: The current CMakeCache.txt directory /home/yahboom/Desktop/S24_RobotProgramming_Humble_Hawksbill/FinalProject/roscourse_final_ws (copy)/build/project/CMakeCache.txt is different than the directory /home/yahboom/Desktop/roscourse_final_ws/build/project where CMakeCache.txt was created. This may result in binaries being created in the wrong place. If you are not sure, reedit the CMakeCache.txt
-- Found ament_cmake: 0.9.11 (/opt/ros/foxy/share/ament_cmake/cmake)
-- Found PythonInterp: /usr/bin/python3 (found suitable version "3.8.10", minimum required is "3") 
-- Using PYTHON_EXECUTABLE: /usr/bin/python3
-- Found ament_lint_auto: 0.9.8 (/opt/ros/foxy/share/ament_lint_auto/cmake)
-- Found geometry_msgs: 2.0.5 (/opt/ros/foxy/share/geometry_msgs/cmake)
-- Using all available rosidl_typesupport_c: rosidl_typesupport_fastrtps_c;rosidl_typesupport_introspection_c
-- Found rosidl_adapter: 1.3.0 (/opt/ros/foxy/share/rosidl_adapter/cmake)
-- Using all available rosidl_typesupport_cpp: rosidl_typesupport_fastrtps_cpp;rosidl_typesupport_introspection_cpp
-- Found rosidl_default_generators: 1.0.1 (/opt/ros/foxy/share/rosidl_default_generators/cmake)
-- Found PythonInterp: /usr/bin/python3 (found version "3.8.10") 
-- Found ament_cmake_ros: 0.9.2 (/opt/ros/foxy/share/ament_cmake_ros/cmake)
-- Using all available rosidl_typesupport_c: rosidl_typesupport_fastrtps_c;rosidl_typesupport_introspection_c
-- Using all available rosidl_typesupport_cpp: rosidl_typesupport_fastrtps_cpp;rosidl_typesupport_introspection_cpp
-- Found PythonInterp: /usr/bin/python3 (found suitable version "3.8.10", minimum required is "3.5") 
-- Found python_cmake_module: 0.8.1 (/opt/ros/foxy/share/python_cmake_module/cmake)
-- Using PYTHON_EXECUTABLE: /usr/bin/python3
-- Using PYTHON_INCLUDE_DIRS: /usr/include/python3.8
-- Using PYTHON_LIBRARIES: /usr/lib/x86_64-linux-gnu/libpython3.8.so
-- Added test 'copyright' to check source files copyright and LICENSE
-- Added test 'lint_cmake' to check CMake code style
-- Added test 'xmllint' to check XML markup files
-- Configuring done
-- Generating done
-- Build files have been written to: /home/yahboom/Desktop/roscourse_final_ws/build/project
[  3%] Built target project__cpp
[ 12%] Built target project__rosidl_generator_c
[ 22%] Built target project__rosidl_typesupport_fastrtps_cpp
[ 32%] Built target project__rosidl_typesupport_introspection_cpp
[ 41%] Built target project__rosidl_typesupport_cpp
[ 51%] Built target project__rosidl_typesupport_c
[ 61%] Built target project__rosidl_typesupport_introspection_c
[ 70%] Built target project__rosidl_typesupport_fastrtps_c
[ 70%] Built target project
[ 74%] Built target project__py
[ 80%] Built target project__python
[ 87%] Built target project__rosidl_typesupport_introspection_c__pyext
[ 93%] Built target project__rosidl_typesupport_c__pyext
[100%] Built target project__rosidl_typesupport_fastrtps_c__pyext
-- Install configuration: ""
-- Up-to-date: /home/yahboom/Desktop/roscourse_final_ws/install/project/share/ament_index/resource_index/rosidl_interfaces/project
-- Up-to-date: /home/yahboom/Desktop/roscourse_final_ws/install/project/include/project
-- Up-to-date: /home/yahboom/Desktop/roscourse_final_ws/install/project/include/project/msg
-- Up-to-date: /home/yahboom/Desktop/roscourse_final_ws/install/project/include/project/msg/rosidl_generator_c__visibility_control.h
-- Up-to-date: /home/yahboom/Desktop/roscourse_final_ws/install/project/include/project/action
-- Up-to-date: /home/yahboom/Desktop/roscourse_final_ws/install/project/include/project/action/detail
-- Up-to-date: /home/yahboom/Desktop/roscourse_final_ws/install/project/include/project/action/detail/robot_to_goal__functions.c
-- Up-to-date: /home/yahboom/Desktop/roscourse_final_ws/install/project/include/project/action/detail/robot_to_goal__functions.h
-- Up-to-date: /home/yahboom/Desktop/roscourse_final_ws/install/project/include/project/action/detail/robot_to_goal__struct.h
-- Up-to-date: /home/yahboom/Desktop/roscourse_final_ws/install/project/include/project/action/detail/robot_to_goal__type_support.h
-- Up-to-date: /home/yahboom/Desktop/roscourse_final_ws/install/project/include/project/action/robot_to_goal.h
-- Up-to-date: /home/yahboom/Desktop/roscourse_final_ws/install/project/include/project/srv
-- Up-to-date: /home/yahboom/Desktop/roscourse_final_ws/install/project/include/project/srv/set_velocity.h
-- Up-to-date: /home/yahboom/Desktop/roscourse_final_ws/install/project/include/project/srv/detail
-- Up-to-date: /home/yahboom/Desktop/roscourse_final_ws/install/project/include/project/srv/detail/set_velocity__struct.h
-- Up-to-date: /home/yahboom/Desktop/roscourse_final_ws/install/project/include/project/srv/detail/set_velocity__functions.h
-- Up-to-date: /home/yahboom/Desktop/roscourse_final_ws/install/project/include/project/srv/detail/set_velocity__type_support.h
-- Up-to-date: /home/yahboom/Desktop/roscourse_final_ws/install/project/include/project/srv/detail/set_velocity__functions.c
-- Up-to-date: /home/yahboom/Desktop/roscourse_final_ws/install/project/share/project/environment/library_path.sh
-- Installing: /home/yahboom/Desktop/roscourse_final_ws/install/project/share/project/environment/library_path.dsv
-- Up-to-date: /home/yahboom/Desktop/roscourse_final_ws/install/project/lib/libproject__rosidl_generator_c.so
-- Up-to-date: /home/yahboom/Desktop/roscourse_final_ws/install/project/include/project
-- Up-to-date: /home/yahboom/Desktop/roscourse_final_ws/install/project/include/project/msg
-- Up-to-date: /home/yahboom/Desktop/roscourse_final_ws/install/project/include/project/msg/rosidl_typesupport_fastrtps_c__visibility_control.h
-- Up-to-date: /home/yahboom/Desktop/roscourse_final_ws/install/project/include/project/action
-- Up-to-date: /home/yahboom/Desktop/roscourse_final_ws/install/project/include/project/action/detail
-- Up-to-date: /home/yahboom/Desktop/roscourse_final_ws/install/project/include/project/action/detail/robot_to_goal__rosidl_typesupport_fastrtps_c.h
-- Up-to-date: /home/yahboom/Desktop/roscourse_final_ws/install/project/include/project/srv
-- Up-to-date: /home/yahboom/Desktop/roscourse_final_ws/install/project/include/project/srv/detail
-- Up-to-date: /home/yahboom/Desktop/roscourse_final_ws/install/project/include/project/srv/detail/set_velocity__rosidl_typesupport_fastrtps_c.h
-- Up-to-date: /home/yahboom/Desktop/roscourse_final_ws/install/project/lib/libproject__rosidl_typesupport_fastrtps_c.so
-- Up-to-date: /home/yahboom/Desktop/roscourse_final_ws/install/project/include/project
-- Up-to-date: /home/yahboom/Desktop/roscourse_final_ws/install/project/include/project/msg
-- Up-to-date: /home/yahboom/Desktop/roscourse_final_ws/install/project/include/project/msg/rosidl_typesupport_fastrtps_cpp__visibility_control.h
-- Up-to-date: /home/yahboom/Desktop/roscourse_final_ws/install/project/include/project/action
-- Up-to-date: /home/yahboom/Desktop/roscourse_final_ws/install/project/include/project/action/detail
-- Up-to-date: /home/yahboom/Desktop/roscourse_final_ws/install/project/include/project/action/detail/robot_to_goal__rosidl_typesupport_fastrtps_cpp.hpp
-- Up-to-date: /home/yahboom/Desktop/roscourse_final_ws/install/project/include/project/action/detail/dds_fastrtps
-- Up-to-date: /home/yahboom/Desktop/roscourse_final_ws/install/project/include/project/srv
-- Up-to-date: /home/yahboom/Desktop/roscourse_final_ws/install/project/include/project/srv/detail
-- Up-to-date: /home/yahboom/Desktop/roscourse_final_ws/install/project/include/project/srv/detail/set_velocity__rosidl_typesupport_fastrtps_cpp.hpp
-- Up-to-date: /home/yahboom/Desktop/roscourse_final_ws/install/project/include/project/srv/detail/dds_fastrtps
-- Up-to-date: /home/yahboom/Desktop/roscourse_final_ws/install/project/lib/libproject__rosidl_typesupport_fastrtps_cpp.so
-- Up-to-date: /home/yahboom/Desktop/roscourse_final_ws/install/project/include/project
-- Up-to-date: /home/yahboom/Desktop/roscourse_final_ws/install/project/include/project/msg
-- Up-to-date: /home/yahboom/Desktop/roscourse_final_ws/install/project/include/project/msg/rosidl_typesupport_introspection_c__visibility_control.h
-- Up-to-date: /home/yahboom/Desktop/roscourse_final_ws/install/project/include/project/action
-- Up-to-date: /home/yahboom/Desktop/roscourse_final_ws/install/project/include/project/action/detail
-- Up-to-date: /home/yahboom/Desktop/roscourse_final_ws/install/project/include/project/action/detail/robot_to_goal__type_support.c
-- Up-to-date: /home/yahboom/Desktop/roscourse_final_ws/install/project/include/project/action/detail/robot_to_goal__rosidl_typesupport_introspection_c.h
-- Up-to-date: /home/yahboom/Desktop/roscourse_final_ws/install/project/include/project/srv
-- Up-to-date: /home/yahboom/Desktop/roscourse_final_ws/install/project/include/project/srv/detail
-- Up-to-date: /home/yahboom/Desktop/roscourse_final_ws/install/project/include/project/srv/detail/set_velocity__rosidl_typesupport_introspection_c.h
-- Up-to-date: /home/yahboom/Desktop/roscourse_final_ws/install/project/include/project/srv/detail/set_velocity__type_support.c
-- Up-to-date: /home/yahboom/Desktop/roscourse_final_ws/install/project/lib/libproject__rosidl_typesupport_introspection_c.so
-- Up-to-date: /home/yahboom/Desktop/roscourse_final_ws/install/project/lib/libproject__rosidl_typesupport_c.so
-- Up-to-date: /home/yahboom/Desktop/roscourse_final_ws/install/project/include/project
-- Up-to-date: /home/yahboom/Desktop/roscourse_final_ws/install/project/include/project/action
-- Up-to-date: /home/yahboom/Desktop/roscourse_final_ws/install/project/include/project/action/detail
-- Up-to-date: /home/yahboom/Desktop/roscourse_final_ws/install/project/include/project/action/detail/robot_to_goal__traits.hpp
-- Up-to-date: /home/yahboom/Desktop/roscourse_final_ws/install/project/include/project/action/detail/robot_to_goal__struct.hpp
-- Up-to-date: /home/yahboom/Desktop/roscourse_final_ws/install/project/include/project/action/detail/robot_to_goal__builder.hpp
-- Up-to-date: /home/yahboom/Desktop/roscourse_final_ws/install/project/include/project/action/robot_to_goal.hpp
-- Up-to-date: /home/yahboom/Desktop/roscourse_final_ws/install/project/include/project/srv
-- Up-to-date: /home/yahboom/Desktop/roscourse_final_ws/install/project/include/project/srv/set_velocity.hpp
-- Up-to-date: /home/yahboom/Desktop/roscourse_final_ws/install/project/include/project/srv/detail
-- Up-to-date: /home/yahboom/Desktop/roscourse_final_ws/install/project/include/project/srv/detail/set_velocity__struct.hpp
-- Up-to-date: /home/yahboom/Desktop/roscourse_final_ws/install/project/include/project/srv/detail/set_velocity__builder.hpp
-- Up-to-date: /home/yahboom/Desktop/roscourse_final_ws/install/project/include/project/srv/detail/set_velocity__traits.hpp
-- Up-to-date: /home/yahboom/Desktop/roscourse_final_ws/install/project/include/project
-- Up-to-date: /home/yahboom/Desktop/roscourse_final_ws/install/project/include/project/action
-- Up-to-date: /home/yahboom/Desktop/roscourse_final_ws/install/project/include/project/action/detail
-- Up-to-date: /home/yahboom/Desktop/roscourse_final_ws/install/project/include/project/action/detail/robot_to_goal__rosidl_typesupport_introspection_cpp.hpp
-- Up-to-date: /home/yahboom/Desktop/roscourse_final_ws/install/project/include/project/action/detail/robot_to_goal__type_support.cpp
-- Up-to-date: /home/yahboom/Desktop/roscourse_final_ws/install/project/include/project/srv
-- Up-to-date: /home/yahboom/Desktop/roscourse_final_ws/install/project/include/project/srv/detail
-- Up-to-date: /home/yahboom/Desktop/roscourse_final_ws/install/project/include/project/srv/detail/set_velocity__rosidl_typesupport_introspection_cpp.hpp
-- Up-to-date: /home/yahboom/Desktop/roscourse_final_ws/install/project/include/project/srv/detail/set_velocity__type_support.cpp
-- Up-to-date: /home/yahboom/Desktop/roscourse_final_ws/install/project/lib/libproject__rosidl_typesupport_introspection_cpp.so
-- Up-to-date: /home/yahboom/Desktop/roscourse_final_ws/install/project/lib/libproject__rosidl_typesupport_cpp.so
-- Up-to-date: /home/yahboom/Desktop/roscourse_final_ws/install/project/share/project/environment/pythonpath.sh
-- Installing: /home/yahboom/Desktop/roscourse_final_ws/install/project/share/project/environment/pythonpath.dsv
-- Installing: /home/yahboom/Desktop/roscourse_final_ws/install/project/lib/python3.8/site-packages/project/__init__.py
Compiling '/home/yahboom/Desktop/roscourse_final_ws/install/project/lib/python3.8/site-packages/project/__init__.py'...
-- Up-to-date: /home/yahboom/Desktop/roscourse_final_ws/install/project/lib/python3.8/site-packages/project/action
-- Up-to-date: /home/yahboom/Desktop/roscourse_final_ws/install/project/lib/python3.8/site-packages/project/action/_robot_to_goal_s.c
-- Up-to-date: /home/yahboom/Desktop/roscourse_final_ws/install/project/lib/python3.8/site-packages/project/action/__init__.py
-- Up-to-date: /home/yahboom/Desktop/roscourse_final_ws/install/project/lib/python3.8/site-packages/project/action/_robot_to_goal.py
-- Up-to-date: /home/yahboom/Desktop/roscourse_final_ws/install/project/lib/python3.8/site-packages/project/project_s__rosidl_typesupport_fastrtps_c.cpython-38-x86_64-linux-gnu.so
-- Up-to-date: /home/yahboom/Desktop/roscourse_final_ws/install/project/lib/python3.8/site-packages/project/project_s__rosidl_typesupport_introspection_c.cpython-38-x86_64-linux-gnu.so
-- Up-to-date: /home/yahboom/Desktop/roscourse_final_ws/install/project/lib/python3.8/site-packages/project/project_s__rosidl_typesupport_c.cpython-38-x86_64-linux-gnu.so
-- Up-to-date: /home/yahboom/Desktop/roscourse_final_ws/install/project/lib/libproject__python.so
-- Up-to-date: /home/yahboom/Desktop/roscourse_final_ws/install/project/share/project/action/RobotToGoal.idl
-- Up-to-date: /home/yahboom/Desktop/roscourse_final_ws/install/project/share/project/action/RobotToGoal.action
-- Up-to-date: /home/yahboom/Desktop/roscourse_final_ws/install/project/share/ament_index/resource_index/package_run_dependencies/project
-- Installing: /home/yahboom/Desktop/roscourse_final_ws/install/project/share/ament_index/resource_index/parent_prefix_path/project
-- Up-to-date: /home/yahboom/Desktop/roscourse_final_ws/install/project/share/project/environment/ament_prefix_path.sh
-- Installing: /home/yahboom/Desktop/roscourse_final_ws/install/project/share/project/environment/ament_prefix_path.dsv
-- Up-to-date: /home/yahboom/Desktop/roscourse_final_ws/install/project/share/project/environment/path.sh
-- Installing: /home/yahboom/Desktop/roscourse_final_ws/install/project/share/project/environment/path.dsv
-- Up-to-date: /home/yahboom/Desktop/roscourse_final_ws/install/project/share/project/local_setup.bash
-- Up-to-date: /home/yahboom/Desktop/roscourse_final_ws/install/project/share/project/local_setup.sh
-- Up-to-date: /home/yahboom/Desktop/roscourse_final_ws/install/project/share/project/local_setup.zsh
-- Installing: /home/yahboom/Desktop/roscourse_final_ws/install/project/share/project/local_setup.dsv
-- Installing: /home/yahboom/Desktop/roscourse_final_ws/install/project/share/project/package.dsv
-- Up-to-date: /home/yahboom/Desktop/roscourse_final_ws/install/project/share/ament_index/resource_index/packages/project
-- Up-to-date: /home/yahboom/Desktop/roscourse_final_ws/install/project/share/project/cmake/project__rosidl_generator_cExport.cmake
-- Installing: /home/yahboom/Desktop/roscourse_final_ws/install/project/share/project/cmake/project__rosidl_generator_cExport-noconfig.cmake
-- Up-to-date: /home/yahboom/Desktop/roscourse_final_ws/install/project/share/project/cmake/project__rosidl_typesupport_introspection_cExport.cmake
-- Installing: /home/yahboom/Desktop/roscourse_final_ws/install/project/share/project/cmake/project__rosidl_typesupport_introspection_cExport-noconfig.cmake
-- Up-to-date: /home/yahboom/Desktop/roscourse_final_ws/install/project/share/project/cmake/project__rosidl_typesupport_cExport.cmake
-- Installing: /home/yahboom/Desktop/roscourse_final_ws/install/project/share/project/cmake/project__rosidl_typesupport_cExport-noconfig.cmake
-- Up-to-date: /home/yahboom/Desktop/roscourse_final_ws/install/project/share/project/cmake/project__rosidl_generator_cppExport.cmake
-- Up-to-date: /home/yahboom/Desktop/roscourse_final_ws/install/project/share/project/cmake/project__rosidl_typesupport_introspection_cppExport.cmake
-- Installing: /home/yahboom/Desktop/roscourse_final_ws/install/project/share/project/cmake/project__rosidl_typesupport_introspection_cppExport-noconfig.cmake
-- Up-to-date: /home/yahboom/Desktop/roscourse_final_ws/install/project/share/project/cmake/project__rosidl_typesupport_cppExport.cmake
-- Installing: /home/yahboom/Desktop/roscourse_final_ws/install/project/share/project/cmake/project__rosidl_typesupport_cppExport-noconfig.cmake
-- Up-to-date: /home/yahboom/Desktop/roscourse_final_ws/install/project/share/project/cmake/rosidl_cmake-extras.cmake
-- Up-to-date: /home/yahboom/Desktop/roscourse_final_ws/install/project/share/project/cmake/ament_cmake_export_dependencies-extras.cmake
-- Up-to-date: /home/yahboom/Desktop/roscourse_final_ws/install/project/share/project/cmake/ament_cmake_export_libraries-extras.cmake
-- Up-to-date: /home/yahboom/Desktop/roscourse_final_ws/install/project/share/project/cmake/ament_cmake_export_targets-extras.cmake
-- Up-to-date: /home/yahboom/Desktop/roscourse_final_ws/install/project/share/project/cmake/ament_cmake_export_include_directories-extras.cmake
-- Up-to-date: /home/yahboom/Desktop/roscourse_final_ws/install/project/share/project/cmake/rosidl_cmake_export_typesupport_libraries-extras.cmake
-- Up-to-date: /home/yahboom/Desktop/roscourse_final_ws/install/project/share/project/cmake/rosidl_cmake_export_typesupport_targets-extras.cmake
-- Up-to-date: /home/yahboom/Desktop/roscourse_final_ws/install/project/share/project/cmake/projectConfig.cmake
-- Up-to-date: /home/yahboom/Desktop/roscourse_final_ws/install/project/share/project/cmake/projectConfig-version.cmake
-- Up-to-date: /home/yahboom/Desktop/roscourse_final_ws/install/project/share/project/package.xml
