[0.404s] DEBUG:colcon:Command line arguments: ['/usr/bin/colcon', 'build']
[0.404s] DEBUG:colcon:Parsed command line arguments: Namespace(allow_overriding=[], ament_cmake_args=None, base_paths=['.'], build_base='build', catkin_cmake_args=None, catkin_skip_building_tests=False, cmake_args=None, cmake_clean_cache=False, cmake_clean_first=False, cmake_force_configure=False, cmake_target=None, cmake_target_skip_unavailable=False, continue_on_error=False, event_handlers=None, executor='parallel', ignore_user_meta=False, install_base='install', log_base=None, log_level=None, main=<bound method BuildVerb.main of <colcon_core.verb.build.BuildVerb object at 0x7f15a815aac0>>, merge_install=False, metas=['./colcon.meta'], packages_above=None, packages_above_and_dependencies=None, packages_above_depth=None, packages_end=None, packages_ignore=None, packages_ignore_regex=None, packages_select=None, packages_select_build_failed=False, packages_select_by_dep=None, packages_select_regex=None, packages_select_test_failures=False, packages_skip=None, packages_skip_build_finished=False, packages_skip_by_dep=None, packages_skip_regex=None, packages_skip_test_passed=False, packages_skip_up_to=None, packages_start=None, packages_up_to=None, packages_up_to_regex=None, parallel_workers=4, paths=None, symlink_install=False, test_result_base=None, verb_extension=<colcon_core.verb.build.BuildVerb object at 0x7f15a815aac0>, verb_name='build', verb_parser=<colcon_defaults.argument_parser.defaults.DefaultArgumentsDecorator object at 0x7f15a80e6070>)
[0.439s] Level 1:colcon.colcon_core.package_discovery:discover_packages(colcon_meta) check parameters
[0.440s] Level 1:colcon.colcon_core.package_discovery:discover_packages(recursive) check parameters
[0.440s] Level 1:colcon.colcon_core.package_discovery:discover_packages(ignore) check parameters
[0.440s] Level 1:colcon.colcon_core.package_discovery:discover_packages(path) check parameters
[0.440s] Level 1:colcon.colcon_core.package_discovery:discover_packages(colcon_meta) discover
[0.440s] Level 1:colcon.colcon_core.package_discovery:discover_packages(recursive) discover
[0.440s] INFO:colcon.colcon_core.package_discovery:Crawling recursively for packages in '/home/yahboom/Desktop/roscourse_final_ws'
[0.440s] Level 1:colcon.colcon_core.package_identification:_identify(.) by extensions ['ignore', 'ignore_ament_install']
[0.440s] Level 1:colcon.colcon_core.package_identification:_identify(.) by extension 'ignore'
[0.440s] Level 1:colcon.colcon_core.package_identification:_identify(.) by extension 'ignore_ament_install'
[0.440s] Level 1:colcon.colcon_core.package_identification:_identify(.) by extensions ['colcon_pkg']
[0.440s] Level 1:colcon.colcon_core.package_identification:_identify(.) by extension 'colcon_pkg'
[0.440s] Level 1:colcon.colcon_core.package_identification:_identify(.) by extensions ['colcon_meta']
[0.440s] Level 1:colcon.colcon_core.package_identification:_identify(.) by extension 'colcon_meta'
[0.441s] Level 1:colcon.colcon_core.package_identification:_identify(.) by extensions ['ros']
[0.441s] Level 1:colcon.colcon_core.package_identification:_identify(.) by extension 'ros'
[0.464s] Level 1:colcon.colcon_core.package_identification:_identify(.) by extensions ['cmake', 'python']
[0.464s] Level 1:colcon.colcon_core.package_identification:_identify(.) by extension 'cmake'
[0.465s] Level 1:colcon.colcon_core.package_identification:_identify(.) by extension 'python'
[0.465s] Level 1:colcon.colcon_core.package_identification:_identify(.) by extensions ['python_setup_py']
[0.465s] Level 1:colcon.colcon_core.package_identification:_identify(.) by extension 'python_setup_py'
[0.465s] Level 1:colcon.colcon_core.package_identification:_identify(build) by extensions ['ignore', 'ignore_ament_install']
[0.465s] Level 1:colcon.colcon_core.package_identification:_identify(build) by extension 'ignore'
[0.465s] Level 1:colcon.colcon_core.package_identification:_identify(build) ignored
[0.465s] Level 1:colcon.colcon_core.package_identification:_identify(install) by extensions ['ignore', 'ignore_ament_install']
[0.465s] Level 1:colcon.colcon_core.package_identification:_identify(install) by extension 'ignore'
[0.465s] Level 1:colcon.colcon_core.package_identification:_identify(install) ignored
[0.466s] Level 1:colcon.colcon_core.package_identification:_identify(log) by extensions ['ignore', 'ignore_ament_install']
[0.466s] Level 1:colcon.colcon_core.package_identification:_identify(log) by extension 'ignore'
[0.466s] Level 1:colcon.colcon_core.package_identification:_identify(log) ignored
[0.466s] Level 1:colcon.colcon_core.package_identification:_identify(src) by extensions ['ignore', 'ignore_ament_install']
[0.466s] Level 1:colcon.colcon_core.package_identification:_identify(src) by extension 'ignore'
[0.466s] Level 1:colcon.colcon_core.package_identification:_identify(src) by extension 'ignore_ament_install'
[0.466s] Level 1:colcon.colcon_core.package_identification:_identify(src) by extensions ['colcon_pkg']
[0.466s] Level 1:colcon.colcon_core.package_identification:_identify(src) by extension 'colcon_pkg'
[0.466s] Level 1:colcon.colcon_core.package_identification:_identify(src) by extensions ['colcon_meta']
[0.466s] Level 1:colcon.colcon_core.package_identification:_identify(src) by extension 'colcon_meta'
[0.467s] Level 1:colcon.colcon_core.package_identification:_identify(src) by extensions ['ros']
[0.467s] Level 1:colcon.colcon_core.package_identification:_identify(src) by extension 'ros'
[0.467s] Level 1:colcon.colcon_core.package_identification:_identify(src) by extensions ['cmake', 'python']
[0.467s] Level 1:colcon.colcon_core.package_identification:_identify(src) by extension 'cmake'
[0.467s] Level 1:colcon.colcon_core.package_identification:_identify(src) by extension 'python'
[0.467s] Level 1:colcon.colcon_core.package_identification:_identify(src) by extensions ['python_setup_py']
[0.467s] Level 1:colcon.colcon_core.package_identification:_identify(src) by extension 'python_setup_py'
[0.467s] Level 1:colcon.colcon_core.package_identification:_identify(src/project) by extensions ['ignore', 'ignore_ament_install']
[0.467s] Level 1:colcon.colcon_core.package_identification:_identify(src/project) by extension 'ignore'
[0.467s] Level 1:colcon.colcon_core.package_identification:_identify(src/project) by extension 'ignore_ament_install'
[0.467s] Level 1:colcon.colcon_core.package_identification:_identify(src/project) by extensions ['colcon_pkg']
[0.468s] Level 1:colcon.colcon_core.package_identification:_identify(src/project) by extension 'colcon_pkg'
[0.468s] Level 1:colcon.colcon_core.package_identification:_identify(src/project) by extensions ['colcon_meta']
[0.468s] Level 1:colcon.colcon_core.package_identification:_identify(src/project) by extension 'colcon_meta'
[0.468s] Level 1:colcon.colcon_core.package_identification:_identify(src/project) by extensions ['ros']
[0.468s] Level 1:colcon.colcon_core.package_identification:_identify(src/project) by extension 'ros'
[0.471s] DEBUG:colcon.colcon_core.package_identification:Package 'src/project' with type 'ros.ament_cmake' and name 'project'
[0.471s] Level 1:colcon.colcon_core.package_identification:_identify(src/pubsub) by extensions ['ignore', 'ignore_ament_install']
[0.471s] Level 1:colcon.colcon_core.package_identification:_identify(src/pubsub) by extension 'ignore'
[0.472s] Level 1:colcon.colcon_core.package_identification:_identify(src/pubsub) by extension 'ignore_ament_install'
[0.472s] Level 1:colcon.colcon_core.package_identification:_identify(src/pubsub) by extensions ['colcon_pkg']
[0.472s] Level 1:colcon.colcon_core.package_identification:_identify(src/pubsub) by extension 'colcon_pkg'
[0.472s] Level 1:colcon.colcon_core.package_identification:_identify(src/pubsub) by extensions ['colcon_meta']
[0.472s] Level 1:colcon.colcon_core.package_identification:_identify(src/pubsub) by extension 'colcon_meta'
[0.472s] Level 1:colcon.colcon_core.package_identification:_identify(src/pubsub) by extensions ['ros']
[0.472s] Level 1:colcon.colcon_core.package_identification:_identify(src/pubsub) by extension 'ros'
[0.473s] DEBUG:colcon.colcon_core.package_identification:Package 'src/pubsub' with type 'ros.ament_python' and name 'pubsub'
[0.473s] Level 1:colcon.colcon_core.package_discovery:discover_packages(recursive) using defaults
[0.473s] Level 1:colcon.colcon_core.package_discovery:discover_packages(ignore) discover
[0.473s] Level 1:colcon.colcon_core.package_discovery:discover_packages(ignore) using defaults
[0.473s] Level 1:colcon.colcon_core.package_discovery:discover_packages(path) discover
[0.473s] Level 1:colcon.colcon_core.package_discovery:discover_packages(path) using defaults
[0.510s] Level 1:colcon.colcon_core.package_discovery:discover_packages(prefix_path) check parameters
[0.510s] Level 1:colcon.colcon_core.package_discovery:discover_packages(prefix_path) discover
[0.515s] DEBUG:colcon.colcon_installed_package_information.package_discovery:Found 3 installed packages in /home/yahboom/Desktop/roscourse_final_ws/install
[0.516s] DEBUG:colcon.colcon_installed_package_information.package_discovery:Found 10 installed packages in /home/yahboom/yahboomcar_ros2_ws/software/library_ws/install
[0.519s] DEBUG:colcon.colcon_installed_package_information.package_discovery:Found 20 installed packages in /home/yahboom/yahboomcar_ros2_ws/yahboomcar_ws/install
[0.522s] DEBUG:colcon.colcon_installed_package_information.package_discovery:Found 348 installed packages in /opt/ros/foxy
[0.524s] Level 1:colcon.colcon_core.package_discovery:discover_packages(prefix_path) using defaults
[0.636s] Level 5:colcon.colcon_core.verb:set package 'project' build argument 'cmake_args' from command line to 'None'
[0.636s] Level 5:colcon.colcon_core.verb:set package 'project' build argument 'cmake_target' from command line to 'None'
[0.636s] Level 5:colcon.colcon_core.verb:set package 'project' build argument 'cmake_target_skip_unavailable' from command line to 'False'
[0.636s] Level 5:colcon.colcon_core.verb:set package 'project' build argument 'cmake_clean_cache' from command line to 'False'
[0.636s] Level 5:colcon.colcon_core.verb:set package 'project' build argument 'cmake_clean_first' from command line to 'False'
[0.636s] Level 5:colcon.colcon_core.verb:set package 'project' build argument 'cmake_force_configure' from command line to 'False'
[0.636s] Level 5:colcon.colcon_core.verb:set package 'project' build argument 'ament_cmake_args' from command line to 'None'
[0.636s] Level 5:colcon.colcon_core.verb:set package 'project' build argument 'catkin_cmake_args' from command line to 'None'
[0.637s] Level 5:colcon.colcon_core.verb:set package 'project' build argument 'catkin_skip_building_tests' from command line to 'False'
[0.637s] DEBUG:colcon.colcon_core.verb:Building package 'project' with the following arguments: {'ament_cmake_args': None, 'build_base': '/home/yahboom/Desktop/roscourse_final_ws/build/project', 'catkin_cmake_args': None, 'catkin_skip_building_tests': False, 'cmake_args': None, 'cmake_clean_cache': False, 'cmake_clean_first': False, 'cmake_force_configure': False, 'cmake_target': None, 'cmake_target_skip_unavailable': False, 'install_base': '/home/yahboom/Desktop/roscourse_final_ws/install/project', 'merge_install': False, 'path': '/home/yahboom/Desktop/roscourse_final_ws/src/project', 'symlink_install': False, 'test_result_base': None}
[0.638s] Level 5:colcon.colcon_core.verb:set package 'pubsub' build argument 'cmake_args' from command line to 'None'
[0.638s] Level 5:colcon.colcon_core.verb:set package 'pubsub' build argument 'cmake_target' from command line to 'None'
[0.638s] Level 5:colcon.colcon_core.verb:set package 'pubsub' build argument 'cmake_target_skip_unavailable' from command line to 'False'
[0.638s] Level 5:colcon.colcon_core.verb:set package 'pubsub' build argument 'cmake_clean_cache' from command line to 'False'
[0.638s] Level 5:colcon.colcon_core.verb:set package 'pubsub' build argument 'cmake_clean_first' from command line to 'False'
[0.638s] Level 5:colcon.colcon_core.verb:set package 'pubsub' build argument 'cmake_force_configure' from command line to 'False'
[0.638s] Level 5:colcon.colcon_core.verb:set package 'pubsub' build argument 'ament_cmake_args' from command line to 'None'
[0.638s] Level 5:colcon.colcon_core.verb:set package 'pubsub' build argument 'catkin_cmake_args' from command line to 'None'
[0.638s] Level 5:colcon.colcon_core.verb:set package 'pubsub' build argument 'catkin_skip_building_tests' from command line to 'False'
[0.639s] DEBUG:colcon.colcon_core.verb:Building package 'pubsub' with the following arguments: {'ament_cmake_args': None, 'build_base': '/home/yahboom/Desktop/roscourse_final_ws/build/pubsub', 'catkin_cmake_args': None, 'catkin_skip_building_tests': False, 'cmake_args': None, 'cmake_clean_cache': False, 'cmake_clean_first': False, 'cmake_force_configure': False, 'cmake_target': None, 'cmake_target_skip_unavailable': False, 'install_base': '/home/yahboom/Desktop/roscourse_final_ws/install/pubsub', 'merge_install': False, 'path': '/home/yahboom/Desktop/roscourse_final_ws/src/pubsub', 'symlink_install': False, 'test_result_base': None}
[0.639s] INFO:colcon.colcon_core.executor:Executing jobs using 'parallel' executor
[0.644s] DEBUG:colcon.colcon_parallel_executor.executor.parallel:run_until_complete
[0.645s] INFO:colcon.colcon_ros.task.ament_cmake.build:Building ROS package in '/home/yahboom/Desktop/roscourse_final_ws/src/project' with build type 'ament_cmake'
[0.645s] INFO:colcon.colcon_cmake.task.cmake.build:Building CMake package in '/home/yahboom/Desktop/roscourse_final_ws/src/project'
[0.651s] INFO:colcon.colcon_core.plugin_system:Skipping extension 'colcon_core.shell.bat': Not used on non-Windows systems
[0.652s] INFO:colcon.colcon_core.shell:Skip shell extension 'powershell' for command environment: Not usable outside of PowerShell
[0.652s] DEBUG:colcon.colcon_core.shell:Skip shell extension 'dsv' for command environment
[0.665s] INFO:colcon.colcon_ros.task.ament_python.build:Building ROS package in '/home/yahboom/Desktop/roscourse_final_ws/src/pubsub' with build type 'ament_python'
[0.666s] Level 1:colcon.colcon_core.shell:create_environment_hook('pubsub', 'ament_prefix_path')
[0.668s] INFO:colcon.colcon_core.shell:Creating environment hook '/home/yahboom/Desktop/roscourse_final_ws/install/pubsub/share/pubsub/hook/ament_prefix_path.ps1'
[0.670s] INFO:colcon.colcon_core.shell:Creating environment descriptor '/home/yahboom/Desktop/roscourse_final_ws/install/pubsub/share/pubsub/hook/ament_prefix_path.dsv'
[0.672s] INFO:colcon.colcon_core.shell:Creating environment hook '/home/yahboom/Desktop/roscourse_final_ws/install/pubsub/share/pubsub/hook/ament_prefix_path.sh'
[0.675s] INFO:colcon.colcon_core.shell:Skip shell extension 'powershell' for command environment: Not usable outside of PowerShell
[0.675s] DEBUG:colcon.colcon_core.shell:Skip shell extension 'dsv' for command environment
[0.700s] DEBUG:colcon.colcon_core.event_handler.log_command:Invoking command in '/home/yahboom/Desktop/roscourse_final_ws/build/project': CMAKE_PREFIX_PATH=${CMAKE_PREFIX_PATH}:/home/yahboom/Desktop/roscourse_final_ws/install/pubsub:/home/yahboom/Desktop/roscourse_final_ws/install/PubSub:/home/yahboom/yahboomcar_ros2_ws/yahboomcar_ws/install/yahboomcar_voice_ctrl:/home/yahboom/yahboomcar_ros2_ws/yahboomcar_ws/install/yahboomcar_visual:/home/yahboom/yahboomcar_ros2_ws/yahboomcar_ws/install/yahboomcar_rviz:/home/yahboom/yahboomcar_ros2_ws/yahboomcar_ws/install/yahboomcar_nav:/home/yahboom/yahboomcar_ros2_ws/yahboomcar_ws/install/yahboomcar_multi:/home/yahboom/yahboomcar_ros2_ws/yahboomcar_ws/install/yahboomcar_mediapipe:/home/yahboom/yahboomcar_ros2_ws/yahboomcar_ws/install/yahboomcar_linefollow:/home/yahboom/yahboomcar_ros2_ws/yahboomcar_ws/install/yahboomcar_laser:/home/yahboom/yahboomcar_ros2_ws/yahboomcar_ws/install/yahboomcar_description_x1:/home/yahboom/yahboomcar_ros2_ws/yahboomcar_ws/install/yahboomcar_description:/home/yahboom/yahboomcar_ros2_ws/yahboomcar_ws/install/yahboomcar_ctrl:/home/yahboom/yahboomcar_ros2_ws/yahboomcar_ws/install/yahboomcar_bringup:/home/yahboom/yahboomcar_ros2_ws/yahboomcar_ws/install/yahboomcar_astra:/home/yahboom/yahboomcar_ros2_ws/yahboomcar_ws/install/robot_pose_publisher:/home/yahboom/yahboomcar_ros2_ws/yahboomcar_ws/install/laserscan_to_point_pulisher:/opt/ros/foxy /usr/bin/cmake --build /home/yahboom/Desktop/roscourse_final_ws/build/project -- -j4 -l4
[1.112s] INFO:colcon.colcon_core.task.python.build:Building Python package in '/home/yahboom/Desktop/roscourse_final_ws/src/pubsub'
[1.115s] INFO:colcon.colcon_core.shell:Skip shell extension 'powershell' for command environment: Not usable outside of PowerShell
[1.115s] DEBUG:colcon.colcon_core.shell:Skip shell extension 'dsv' for command environment
[1.133s] DEBUG:colcon.colcon_core.event_handler.log_command:Invoked command in '/home/yahboom/Desktop/roscourse_final_ws/build/project' returned '0': CMAKE_PREFIX_PATH=${CMAKE_PREFIX_PATH}:/home/yahboom/Desktop/roscourse_final_ws/install/pubsub:/home/yahboom/Desktop/roscourse_final_ws/install/PubSub:/home/yahboom/yahboomcar_ros2_ws/yahboomcar_ws/install/yahboomcar_voice_ctrl:/home/yahboom/yahboomcar_ros2_ws/yahboomcar_ws/install/yahboomcar_visual:/home/yahboom/yahboomcar_ros2_ws/yahboomcar_ws/install/yahboomcar_rviz:/home/yahboom/yahboomcar_ros2_ws/yahboomcar_ws/install/yahboomcar_nav:/home/yahboom/yahboomcar_ros2_ws/yahboomcar_ws/install/yahboomcar_multi:/home/yahboom/yahboomcar_ros2_ws/yahboomcar_ws/install/yahboomcar_mediapipe:/home/yahboom/yahboomcar_ros2_ws/yahboomcar_ws/install/yahboomcar_linefollow:/home/yahboom/yahboomcar_ros2_ws/yahboomcar_ws/install/yahboomcar_laser:/home/yahboom/yahboomcar_ros2_ws/yahboomcar_ws/install/yahboomcar_description_x1:/home/yahboom/yahboomcar_ros2_ws/yahboomcar_ws/install/yahboomcar_description:/home/yahboom/yahboomcar_ros2_ws/yahboomcar_ws/install/yahboomcar_ctrl:/home/yahboom/yahboomcar_ros2_ws/yahboomcar_ws/install/yahboomcar_bringup:/home/yahboom/yahboomcar_ros2_ws/yahboomcar_ws/install/yahboomcar_astra:/home/yahboom/yahboomcar_ros2_ws/yahboomcar_ws/install/robot_pose_publisher:/home/yahboom/yahboomcar_ros2_ws/yahboomcar_ws/install/laserscan_to_point_pulisher:/opt/ros/foxy /usr/bin/cmake --build /home/yahboom/Desktop/roscourse_final_ws/build/project -- -j4 -l4
[1.248s] DEBUG:colcon.colcon_core.event_handler.log_command:Invoking command in '/home/yahboom/Desktop/roscourse_final_ws/build/project': CMAKE_PREFIX_PATH=${CMAKE_PREFIX_PATH}:/home/yahboom/Desktop/roscourse_final_ws/install/pubsub:/home/yahboom/Desktop/roscourse_final_ws/install/PubSub:/home/yahboom/yahboomcar_ros2_ws/yahboomcar_ws/install/yahboomcar_voice_ctrl:/home/yahboom/yahboomcar_ros2_ws/yahboomcar_ws/install/yahboomcar_visual:/home/yahboom/yahboomcar_ros2_ws/yahboomcar_ws/install/yahboomcar_rviz:/home/yahboom/yahboomcar_ros2_ws/yahboomcar_ws/install/yahboomcar_nav:/home/yahboom/yahboomcar_ros2_ws/yahboomcar_ws/install/yahboomcar_multi:/home/yahboom/yahboomcar_ros2_ws/yahboomcar_ws/install/yahboomcar_mediapipe:/home/yahboom/yahboomcar_ros2_ws/yahboomcar_ws/install/yahboomcar_linefollow:/home/yahboom/yahboomcar_ros2_ws/yahboomcar_ws/install/yahboomcar_laser:/home/yahboom/yahboomcar_ros2_ws/yahboomcar_ws/install/yahboomcar_description_x1:/home/yahboom/yahboomcar_ros2_ws/yahboomcar_ws/install/yahboomcar_description:/home/yahboom/yahboomcar_ros2_ws/yahboomcar_ws/install/yahboomcar_ctrl:/home/yahboom/yahboomcar_ros2_ws/yahboomcar_ws/install/yahboomcar_bringup:/home/yahboom/yahboomcar_ros2_ws/yahboomcar_ws/install/yahboomcar_astra:/home/yahboom/yahboomcar_ros2_ws/yahboomcar_ws/install/robot_pose_publisher:/home/yahboom/yahboomcar_ros2_ws/yahboomcar_ws/install/laserscan_to_point_pulisher:/opt/ros/foxy /usr/bin/cmake --install /home/yahboom/Desktop/roscourse_final_ws/build/project
[1.351s] Level 1:colcon.colcon_core.environment:create_environment_scripts_only(project)
[1.352s] DEBUG:colcon.colcon_core.event_handler.log_command:Invoked command in '/home/yahboom/Desktop/roscourse_final_ws/build/project' returned '0': CMAKE_PREFIX_PATH=${CMAKE_PREFIX_PATH}:/home/yahboom/Desktop/roscourse_final_ws/install/pubsub:/home/yahboom/Desktop/roscourse_final_ws/install/PubSub:/home/yahboom/yahboomcar_ros2_ws/yahboomcar_ws/install/yahboomcar_voice_ctrl:/home/yahboom/yahboomcar_ros2_ws/yahboomcar_ws/install/yahboomcar_visual:/home/yahboom/yahboomcar_ros2_ws/yahboomcar_ws/install/yahboomcar_rviz:/home/yahboom/yahboomcar_ros2_ws/yahboomcar_ws/install/yahboomcar_nav:/home/yahboom/yahboomcar_ros2_ws/yahboomcar_ws/install/yahboomcar_multi:/home/yahboom/yahboomcar_ros2_ws/yahboomcar_ws/install/yahboomcar_mediapipe:/home/yahboom/yahboomcar_ros2_ws/yahboomcar_ws/install/yahboomcar_linefollow:/home/yahboom/yahboomcar_ros2_ws/yahboomcar_ws/install/yahboomcar_laser:/home/yahboom/yahboomcar_ros2_ws/yahboomcar_ws/install/yahboomcar_description_x1:/home/yahboom/yahboomcar_ros2_ws/yahboomcar_ws/install/yahboomcar_description:/home/yahboom/yahboomcar_ros2_ws/yahboomcar_ws/install/yahboomcar_ctrl:/home/yahboom/yahboomcar_ros2_ws/yahboomcar_ws/install/yahboomcar_bringup:/home/yahboom/yahboomcar_ros2_ws/yahboomcar_ws/install/yahboomcar_astra:/home/yahboom/yahboomcar_ros2_ws/yahboomcar_ws/install/robot_pose_publisher:/home/yahboom/yahboomcar_ros2_ws/yahboomcar_ws/install/laserscan_to_point_pulisher:/opt/ros/foxy /usr/bin/cmake --install /home/yahboom/Desktop/roscourse_final_ws/build/project
[1.359s] Level 1:colcon.colcon_core.environment:checking '/home/yahboom/Desktop/roscourse_final_ws/install/project' for CMake module files
[1.360s] Level 1:colcon.colcon_core.environment:checking '/home/yahboom/Desktop/roscourse_final_ws/install/project' for CMake config files
[1.360s] Level 1:colcon.colcon_core.shell:create_environment_hook('project', 'cmake_prefix_path')
[1.362s] INFO:colcon.colcon_core.shell:Creating environment hook '/home/yahboom/Desktop/roscourse_final_ws/install/project/share/project/hook/cmake_prefix_path.ps1'
[1.363s] INFO:colcon.colcon_core.shell:Creating environment descriptor '/home/yahboom/Desktop/roscourse_final_ws/install/project/share/project/hook/cmake_prefix_path.dsv'
[1.363s] INFO:colcon.colcon_core.shell:Creating environment hook '/home/yahboom/Desktop/roscourse_final_ws/install/project/share/project/hook/cmake_prefix_path.sh'
[1.364s] Level 1:colcon.colcon_core.environment:checking '/home/yahboom/Desktop/roscourse_final_ws/install/project/lib'
[1.364s] Level 1:colcon.colcon_core.shell:create_environment_hook('project', 'ld_library_path_lib')
[1.366s] INFO:colcon.colcon_core.shell:Creating environment hook '/home/yahboom/Desktop/roscourse_final_ws/install/project/share/project/hook/ld_library_path_lib.ps1'
[1.367s] INFO:colcon.colcon_core.shell:Creating environment descriptor '/home/yahboom/Desktop/roscourse_final_ws/install/project/share/project/hook/ld_library_path_lib.dsv'
[1.367s] INFO:colcon.colcon_core.shell:Creating environment hook '/home/yahboom/Desktop/roscourse_final_ws/install/project/share/project/hook/ld_library_path_lib.sh'
[1.368s] Level 1:colcon.colcon_core.environment:checking '/home/yahboom/Desktop/roscourse_final_ws/install/project/bin'
[1.368s] Level 1:colcon.colcon_core.environment:checking '/home/yahboom/Desktop/roscourse_final_ws/install/project/lib/pkgconfig/project.pc'
[1.368s] Level 1:colcon.colcon_core.environment:checking '/home/yahboom/Desktop/roscourse_final_ws/install/project/lib/python3.8/site-packages'
[1.368s] Level 1:colcon.colcon_core.shell:create_environment_hook('project', 'pythonpath')
[1.370s] INFO:colcon.colcon_core.shell:Creating environment hook '/home/yahboom/Desktop/roscourse_final_ws/install/project/share/project/hook/pythonpath.ps1'
[1.370s] INFO:colcon.colcon_core.shell:Creating environment descriptor '/home/yahboom/Desktop/roscourse_final_ws/install/project/share/project/hook/pythonpath.dsv'
[1.371s] INFO:colcon.colcon_core.shell:Creating environment hook '/home/yahboom/Desktop/roscourse_final_ws/install/project/share/project/hook/pythonpath.sh'
[1.372s] Level 1:colcon.colcon_core.environment:checking '/home/yahboom/Desktop/roscourse_final_ws/install/project/bin'
[1.374s] INFO:colcon.colcon_core.shell:Creating package script '/home/yahboom/Desktop/roscourse_final_ws/install/project/share/project/package.ps1'
[1.375s] INFO:colcon.colcon_core.shell:Creating package descriptor '/home/yahboom/Desktop/roscourse_final_ws/install/project/share/project/package.dsv'
[1.376s] INFO:colcon.colcon_core.shell:Creating package script '/home/yahboom/Desktop/roscourse_final_ws/install/project/share/project/package.sh'
[1.377s] INFO:colcon.colcon_core.shell:Creating package script '/home/yahboom/Desktop/roscourse_final_ws/install/project/share/project/package.bash'
[1.378s] INFO:colcon.colcon_core.shell:Creating package script '/home/yahboom/Desktop/roscourse_final_ws/install/project/share/project/package.zsh'
[1.379s] Level 1:colcon.colcon_core.environment:create_file_with_runtime_dependencies(/home/yahboom/Desktop/roscourse_final_ws/install/project/share/colcon-core/packages/project)
[1.480s] Level 1:colcon.colcon_core.environment:create_environment_scripts_only(project)
[1.483s] Level 1:colcon.colcon_core.environment:checking '/home/yahboom/Desktop/roscourse_final_ws/install/project' for CMake module files
[1.484s] Level 1:colcon.colcon_core.environment:checking '/home/yahboom/Desktop/roscourse_final_ws/install/project' for CMake config files
[1.484s] Level 1:colcon.colcon_core.shell:create_environment_hook('project', 'cmake_prefix_path')
[1.486s] INFO:colcon.colcon_core.shell:Creating environment hook '/home/yahboom/Desktop/roscourse_final_ws/install/project/share/project/hook/cmake_prefix_path.ps1'
[1.487s] INFO:colcon.colcon_core.shell:Creating environment descriptor '/home/yahboom/Desktop/roscourse_final_ws/install/project/share/project/hook/cmake_prefix_path.dsv'
[1.487s] INFO:colcon.colcon_core.shell:Creating environment hook '/home/yahboom/Desktop/roscourse_final_ws/install/project/share/project/hook/cmake_prefix_path.sh'
[1.488s] Level 1:colcon.colcon_core.environment:checking '/home/yahboom/Desktop/roscourse_final_ws/install/project/lib'
[1.488s] Level 1:colcon.colcon_core.shell:create_environment_hook('project', 'ld_library_path_lib')
[1.490s] INFO:colcon.colcon_core.shell:Creating environment hook '/home/yahboom/Desktop/roscourse_final_ws/install/project/share/project/hook/ld_library_path_lib.ps1'
[1.491s] INFO:colcon.colcon_core.shell:Creating environment descriptor '/home/yahboom/Desktop/roscourse_final_ws/install/project/share/project/hook/ld_library_path_lib.dsv'
[1.491s] INFO:colcon.colcon_core.shell:Creating environment hook '/home/yahboom/Desktop/roscourse_final_ws/install/project/share/project/hook/ld_library_path_lib.sh'
[1.492s] Level 1:colcon.colcon_core.environment:checking '/home/yahboom/Desktop/roscourse_final_ws/install/project/bin'
[1.492s] Level 1:colcon.colcon_core.environment:checking '/home/yahboom/Desktop/roscourse_final_ws/install/project/lib/pkgconfig/project.pc'
[1.492s] Level 1:colcon.colcon_core.environment:checking '/home/yahboom/Desktop/roscourse_final_ws/install/project/lib/python3.8/site-packages'
[1.492s] Level 1:colcon.colcon_core.shell:create_environment_hook('project', 'pythonpath')
[1.494s] INFO:colcon.colcon_core.shell:Creating environment hook '/home/yahboom/Desktop/roscourse_final_ws/install/project/share/project/hook/pythonpath.ps1'
[1.494s] INFO:colcon.colcon_core.shell:Creating environment descriptor '/home/yahboom/Desktop/roscourse_final_ws/install/project/share/project/hook/pythonpath.dsv'
[1.495s] INFO:colcon.colcon_core.shell:Creating environment hook '/home/yahboom/Desktop/roscourse_final_ws/install/project/share/project/hook/pythonpath.sh'
[1.495s] Level 1:colcon.colcon_core.environment:checking '/home/yahboom/Desktop/roscourse_final_ws/install/project/bin'
[1.499s] INFO:colcon.colcon_core.shell:Creating package script '/home/yahboom/Desktop/roscourse_final_ws/install/project/share/project/package.ps1'
[1.500s] INFO:colcon.colcon_core.shell:Creating package descriptor '/home/yahboom/Desktop/roscourse_final_ws/install/project/share/project/package.dsv'
[1.501s] INFO:colcon.colcon_core.shell:Creating package script '/home/yahboom/Desktop/roscourse_final_ws/install/project/share/project/package.sh'
[1.502s] INFO:colcon.colcon_core.shell:Creating package script '/home/yahboom/Desktop/roscourse_final_ws/install/project/share/project/package.bash'
[1.503s] INFO:colcon.colcon_core.shell:Creating package script '/home/yahboom/Desktop/roscourse_final_ws/install/project/share/project/package.zsh'
[1.504s] Level 1:colcon.colcon_core.environment:create_file_with_runtime_dependencies(/home/yahboom/Desktop/roscourse_final_ws/install/project/share/colcon-core/packages/project)
[1.726s] DEBUG:colcon.colcon_core.event_handler.log_command:Invoking command in '/home/yahboom/Desktop/roscourse_final_ws/src/pubsub': PYTHONPATH=/home/yahboom/Desktop/roscourse_final_ws/build/pubsub/prefix_override:/home/yahboom/Desktop/roscourse_final_ws/install/pubsub/lib/python3.8/site-packages:${PYTHONPATH} /usr/bin/python3 setup.py egg_info --egg-base ../../build/pubsub build --build-base /home/yahboom/Desktop/roscourse_final_ws/build/pubsub/build install --record /home/yahboom/Desktop/roscourse_final_ws/build/pubsub/install.log --install-scripts $base/lib/pubsub --single-version-externally-managed
[2.164s] Level 1:colcon.colcon_core.environment:checking '/home/yahboom/Desktop/roscourse_final_ws/install/pubsub' for CMake module files
[2.165s] Level 1:colcon.colcon_core.environment:checking '/home/yahboom/Desktop/roscourse_final_ws/install/pubsub' for CMake config files
[2.166s] Level 1:colcon.colcon_core.environment:checking '/home/yahboom/Desktop/roscourse_final_ws/install/pubsub/lib'
[2.166s] Level 1:colcon.colcon_core.environment:checking '/home/yahboom/Desktop/roscourse_final_ws/install/pubsub/bin'
[2.166s] Level 1:colcon.colcon_core.environment:checking '/home/yahboom/Desktop/roscourse_final_ws/install/pubsub/lib/pkgconfig/pubsub.pc'
[2.166s] Level 1:colcon.colcon_core.environment:checking '/home/yahboom/Desktop/roscourse_final_ws/install/pubsub/lib/python3.8/site-packages'
[2.166s] Level 1:colcon.colcon_core.shell:create_environment_hook('pubsub', 'pythonpath')
[2.168s] INFO:colcon.colcon_core.shell:Creating environment hook '/home/yahboom/Desktop/roscourse_final_ws/install/pubsub/share/pubsub/hook/pythonpath.ps1'
[2.169s] INFO:colcon.colcon_core.shell:Creating environment descriptor '/home/yahboom/Desktop/roscourse_final_ws/install/pubsub/share/pubsub/hook/pythonpath.dsv'
[2.170s] DEBUG:colcon.colcon_core.event_handler.log_command:Invoked command in '/home/yahboom/Desktop/roscourse_final_ws/src/pubsub' returned '0': PYTHONPATH=/home/yahboom/Desktop/roscourse_final_ws/build/pubsub/prefix_override:/home/yahboom/Desktop/roscourse_final_ws/install/pubsub/lib/python3.8/site-packages:${PYTHONPATH} /usr/bin/python3 setup.py egg_info --egg-base ../../build/pubsub build --build-base /home/yahboom/Desktop/roscourse_final_ws/build/pubsub/build install --record /home/yahboom/Desktop/roscourse_final_ws/build/pubsub/install.log --install-scripts $base/lib/pubsub --single-version-externally-managed
[2.171s] INFO:colcon.colcon_core.shell:Creating environment hook '/home/yahboom/Desktop/roscourse_final_ws/install/pubsub/share/pubsub/hook/pythonpath.sh'
[2.172s] Level 1:colcon.colcon_core.environment:checking '/home/yahboom/Desktop/roscourse_final_ws/install/pubsub/bin'
[2.172s] Level 1:colcon.colcon_core.environment:create_environment_scripts_only(pubsub)
[2.174s] INFO:colcon.colcon_core.shell:Creating package script '/home/yahboom/Desktop/roscourse_final_ws/install/pubsub/share/pubsub/package.ps1'
[2.175s] INFO:colcon.colcon_core.shell:Creating package descriptor '/home/yahboom/Desktop/roscourse_final_ws/install/pubsub/share/pubsub/package.dsv'
[2.176s] INFO:colcon.colcon_core.shell:Creating package script '/home/yahboom/Desktop/roscourse_final_ws/install/pubsub/share/pubsub/package.sh'
[2.177s] INFO:colcon.colcon_core.shell:Creating package script '/home/yahboom/Desktop/roscourse_final_ws/install/pubsub/share/pubsub/package.bash'
[2.177s] INFO:colcon.colcon_core.shell:Creating package script '/home/yahboom/Desktop/roscourse_final_ws/install/pubsub/share/pubsub/package.zsh'
[2.178s] Level 1:colcon.colcon_core.environment:create_file_with_runtime_dependencies(/home/yahboom/Desktop/roscourse_final_ws/install/pubsub/share/colcon-core/packages/pubsub)
[2.179s] DEBUG:colcon.colcon_parallel_executor.executor.parallel:closing loop
[2.180s] DEBUG:colcon.colcon_parallel_executor.executor.parallel:loop closed
[2.180s] DEBUG:colcon.colcon_parallel_executor.executor.parallel:run_until_complete finished with '0'
[2.180s] DEBUG:colcon.colcon_core.event_reactor:joining thread
[2.191s] INFO:colcon.colcon_core.plugin_system:Skipping extension 'colcon_notification.desktop_notification.terminal_notifier': Not used on non-Darwin systems
[2.192s] INFO:colcon.colcon_core.plugin_system:Skipping extension 'colcon_notification.desktop_notification.win32': Not used on non-Windows systems
[2.192s] INFO:colcon.colcon_notification.desktop_notification:Sending desktop notification using 'notify2'
[2.233s] DEBUG:colcon.colcon_core.event_reactor:joined thread
[2.239s] INFO:colcon.colcon_core.shell:Creating prefix script '/home/yahboom/Desktop/roscourse_final_ws/install/local_setup.ps1'
[2.241s] INFO:colcon.colcon_core.shell:Creating prefix util module '/home/yahboom/Desktop/roscourse_final_ws/install/_local_setup_util_ps1.py'
[2.243s] INFO:colcon.colcon_core.shell:Creating prefix chain script '/home/yahboom/Desktop/roscourse_final_ws/install/setup.ps1'
[2.247s] INFO:colcon.colcon_core.shell:Creating prefix script '/home/yahboom/Desktop/roscourse_final_ws/install/local_setup.sh'
[2.248s] INFO:colcon.colcon_core.shell:Creating prefix util module '/home/yahboom/Desktop/roscourse_final_ws/install/_local_setup_util_sh.py'
[2.249s] INFO:colcon.colcon_core.shell:Creating prefix chain script '/home/yahboom/Desktop/roscourse_final_ws/install/setup.sh'
[2.253s] INFO:colcon.colcon_core.shell:Creating prefix script '/home/yahboom/Desktop/roscourse_final_ws/install/local_setup.bash'
[2.253s] INFO:colcon.colcon_core.shell:Creating prefix chain script '/home/yahboom/Desktop/roscourse_final_ws/install/setup.bash'
[2.257s] INFO:colcon.colcon_core.shell:Creating prefix script '/home/yahboom/Desktop/roscourse_final_ws/install/local_setup.zsh'
[2.259s] INFO:colcon.colcon_core.shell:Creating prefix chain script '/home/yahboom/Desktop/roscourse_final_ws/install/setup.zsh'
