[1.061s] Invoking command in '/home/yahboom/Desktop/roscourse_final_ws/src/pubsub': PYTHONPATH=/home/yahboom/Desktop/roscourse_final_ws/build/pubsub/prefix_override:/home/yahboom/Desktop/roscourse_final_ws/install/pubsub/lib/python3.8/site-packages:${PYTHONPATH} /usr/bin/python3 setup.py egg_info --egg-base ../../build/pubsub build --build-base /home/yahboom/Desktop/roscourse_final_ws/build/pubsub/build install --record /home/yahboom/Desktop/roscourse_final_ws/build/pubsub/install.log --install-scripts $base/lib/pubsub --single-version-externally-managed
[1.384s] running egg_info
[1.384s] writing ../../build/pubsub/pubsub.egg-info/PKG-INFO
[1.384s] writing dependency_links to ../../build/pubsub/pubsub.egg-info/dependency_links.txt
[1.385s] writing entry points to ../../build/pubsub/pubsub.egg-info/entry_points.txt
[1.385s] writing requirements to ../../build/pubsub/pubsub.egg-info/requires.txt
[1.385s] writing top-level names to ../../build/pubsub/pubsub.egg-info/top_level.txt
[1.432s] reading manifest file '../../build/pubsub/pubsub.egg-info/SOURCES.txt'
[1.433s] writing manifest file '../../build/pubsub/pubsub.egg-info/SOURCES.txt'
[1.439s] running build
[1.439s] running build_py
[1.439s] running install
[1.439s] running install_lib
[1.440s] running install_data
[1.440s] running install_egg_info
[1.441s] removing '/home/yahboom/Desktop/roscourse_final_ws/install/pubsub/lib/python3.8/site-packages/pubsub-0.0.0-py3.8.egg-info' (and everything under it)
[1.442s] Copying ../../build/pubsub/pubsub.egg-info to /home/yahboom/Desktop/roscourse_final_ws/install/pubsub/lib/python3.8/site-packages/pubsub-0.0.0-py3.8.egg-info
[1.443s] running install_scripts
[1.472s] Installing final_pub script to /home/yahboom/Desktop/roscourse_final_ws/install/pubsub/lib/pubsub
[1.473s] Installing final_sub script to /home/yahboom/Desktop/roscourse_final_ws/install/pubsub/lib/pubsub
[1.473s] writing list of installed files to '/home/yahboom/Desktop/roscourse_final_ws/build/pubsub/install.log'
[1.502s] Invoked command in '/home/yahboom/Desktop/roscourse_final_ws/src/pubsub' returned '0': PYTHONPATH=/home/yahboom/Desktop/roscourse_final_ws/build/pubsub/prefix_override:/home/yahboom/Desktop/roscourse_final_ws/install/pubsub/lib/python3.8/site-packages:${PYTHONPATH} /usr/bin/python3 setup.py egg_info --egg-base ../../build/pubsub build --build-base /home/yahboom/Desktop/roscourse_final_ws/build/pubsub/build install --record /home/yahboom/Desktop/roscourse_final_ws/build/pubsub/install.log --install-scripts $base/lib/pubsub --single-version-externally-managed
