[1.886s] DEBUG:colcon:Command line arguments: ['/usr/bin/colcon', 'build']
[1.886s] DEBUG:colcon:Parsed command line arguments: Namespace(ament_cmake_args=None, base_paths=['.'], build_base='build', catkin_cmake_args=None, catkin_skip_building_tests=False, cmake_args=None, cmake_clean_cache=False, cmake_clean_first=False, cmake_force_configure=False, cmake_target=None, cmake_target_skip_unavailable=False, continue_on_error=False, event_handlers=None, executor='parallel', ignore_user_meta=False, install_base='install', log_base=None, log_level=None, main=<bound method BuildVerb.main of <colcon_core.verb.build.BuildVerb object at 0x7fb0a238e0>>, merge_install=False, metas=['./colcon.meta'], mixin=None, mixin_files=None, mixin_verb=('build',), packages_above=None, packages_above_and_dependencies=None, packages_above_depth=None, packages_end=None, packages_ignore=None, packages_ignore_regex=None, packages_select=None, packages_select_build_failed=False, packages_select_by_dep=None, packages_select_regex=None, packages_select_test_failures=False, packages_skip=None, packages_skip_build_finished=False, packages_skip_by_dep=None, packages_skip_regex=None, packages_skip_test_passed=False, packages_skip_up_to=None, packages_start=None, packages_up_to=None, packages_up_to_regex=None, parallel_workers=4, paths=None, symlink_install=False, test_result_base=None, verb_extension=<colcon_core.verb.build.BuildVerb object at 0x7fb0a238e0>, verb_name='build', verb_parser=<colcon_mixin.mixin.mixin_argument.MixinArgumentDecorator object at 0x7fb0a23eb0>)
[2.021s] Level 1:colcon.colcon_core.package_discovery:discover_packages(colcon_meta) check parameters
[2.025s] INFO:colcon.colcon_metadata.package_discovery.colcon_meta:Using configuration from '/root/.colcon/metadata/default/Gazebo.meta'
[2.027s] INFO:colcon.colcon_metadata.package_discovery.colcon_meta:Using configuration from '/root/.colcon/metadata/default/fastrtps.meta'
[2.027s] Level 1:colcon.colcon_core.package_discovery:discover_packages(recursive) check parameters
[2.027s] Level 1:colcon.colcon_core.package_discovery:discover_packages(ignore) check parameters
[2.028s] Level 1:colcon.colcon_core.package_discovery:discover_packages(path) check parameters
[2.028s] Level 1:colcon.colcon_core.package_discovery:discover_packages(colcon_meta) discover
[2.028s] Level 1:colcon.colcon_core.package_discovery:discover_packages(recursive) discover
[2.028s] INFO:colcon.colcon_core.package_discovery:Crawling recursively for packages in '/root/codes/S24_RobotProgramming_Humble_Hawksbill/FinalProject/roscourse_final_ws (copy)/src'
[2.028s] Level 1:colcon.colcon_core.package_identification:_identify(.) by extensions ['ignore', 'ignore_ament_install']
[2.029s] Level 1:colcon.colcon_core.package_identification:_identify(.) by extension 'ignore'
[2.029s] Level 1:colcon.colcon_core.package_identification:_identify(.) by extension 'ignore_ament_install'
[2.029s] Level 1:colcon.colcon_core.package_identification:_identify(.) by extensions ['colcon_pkg']
[2.029s] Level 1:colcon.colcon_core.package_identification:_identify(.) by extension 'colcon_pkg'
[2.030s] Level 1:colcon.colcon_core.package_identification:_identify(.) by extensions ['colcon_meta']
[2.030s] Level 1:colcon.colcon_core.package_identification:_identify(.) by extension 'colcon_meta'
[2.030s] Level 1:colcon.colcon_core.package_identification:_identify(.) by extensions ['ros']
[2.030s] Level 1:colcon.colcon_core.package_identification:_identify(.) by extension 'ros'
[2.120s] Level 1:colcon.colcon_core.package_identification:_identify(.) by extensions ['cmake', 'python']
[2.121s] Level 1:colcon.colcon_core.package_identification:_identify(.) by extension 'cmake'
[2.121s] Level 1:colcon.colcon_core.package_identification:_identify(.) by extension 'python'
[2.121s] Level 1:colcon.colcon_core.package_identification:_identify(.) by extensions ['python_setup_py']
[2.122s] Level 1:colcon.colcon_core.package_identification:_identify(.) by extension 'python_setup_py'
[2.122s] Level 1:colcon.colcon_core.package_identification:_identify(build) by extensions ['ignore', 'ignore_ament_install']
[2.123s] Level 1:colcon.colcon_core.package_identification:_identify(build) by extension 'ignore'
[2.123s] Level 1:colcon.colcon_core.package_identification:_identify(build) ignored
[2.124s] Level 1:colcon.colcon_core.package_identification:_identify(custom_interface) by extensions ['ignore', 'ignore_ament_install']
[2.124s] Level 1:colcon.colcon_core.package_identification:_identify(custom_interface) by extension 'ignore'
[2.125s] Level 1:colcon.colcon_core.package_identification:_identify(custom_interface) by extension 'ignore_ament_install'
[2.125s] Level 1:colcon.colcon_core.package_identification:_identify(custom_interface) by extensions ['colcon_pkg']
[2.125s] Level 1:colcon.colcon_core.package_identification:_identify(custom_interface) by extension 'colcon_pkg'
[2.126s] Level 1:colcon.colcon_core.package_identification:_identify(custom_interface) by extensions ['colcon_meta']
[2.126s] Level 1:colcon.colcon_core.package_identification:_identify(custom_interface) by extension 'colcon_meta'
[2.126s] Level 1:colcon.colcon_core.package_identification:_identify(custom_interface) by extensions ['ros']
[2.126s] Level 1:colcon.colcon_core.package_identification:_identify(custom_interface) by extension 'ros'
[2.138s] DEBUG:colcon.colcon_core.package_identification:Package 'custom_interface' with type 'ros.ament_cmake' and name 'custom_interface'
[2.139s] Level 1:colcon.colcon_core.package_identification:_identify(install) by extensions ['ignore', 'ignore_ament_install']
[2.140s] Level 1:colcon.colcon_core.package_identification:_identify(install) by extension 'ignore'
[2.140s] Level 1:colcon.colcon_core.package_identification:_identify(install) ignored
[2.140s] Level 1:colcon.colcon_core.package_identification:_identify(log) by extensions ['ignore', 'ignore_ament_install']
[2.141s] Level 1:colcon.colcon_core.package_identification:_identify(log) by extension 'ignore'
[2.141s] Level 1:colcon.colcon_core.package_identification:_identify(log) ignored
[2.141s] Level 1:colcon.colcon_core.package_identification:_identify(pubsub) by extensions ['ignore', 'ignore_ament_install']
[2.142s] Level 1:colcon.colcon_core.package_identification:_identify(pubsub) by extension 'ignore'
[2.142s] Level 1:colcon.colcon_core.package_identification:_identify(pubsub) by extension 'ignore_ament_install'
[2.142s] Level 1:colcon.colcon_core.package_identification:_identify(pubsub) by extensions ['colcon_pkg']
[2.142s] Level 1:colcon.colcon_core.package_identification:_identify(pubsub) by extension 'colcon_pkg'
[2.143s] Level 1:colcon.colcon_core.package_identification:_identify(pubsub) by extensions ['colcon_meta']
[2.143s] Level 1:colcon.colcon_core.package_identification:_identify(pubsub) by extension 'colcon_meta'
[2.143s] Level 1:colcon.colcon_core.package_identification:_identify(pubsub) by extensions ['ros']
[2.143s] Level 1:colcon.colcon_core.package_identification:_identify(pubsub) by extension 'ros'
[2.145s] DEBUG:colcon.colcon_core.package_identification:Failed to parse potential ROS package manifest in'pubsub': Error(s) in package 'pubsub/package.xml':
The manifest contains invalid XML:
mismatched tag: line 22, column 2
[2.146s] Level 1:colcon.colcon_core.package_identification:_identify(pubsub) by extensions ['cmake', 'python']
[2.146s] Level 1:colcon.colcon_core.package_identification:_identify(pubsub) by extension 'cmake'
[2.146s] Level 1:colcon.colcon_core.package_identification:_identify(pubsub) by extension 'python'
[2.146s] DEBUG:colcon.colcon_core.package_identification:Python package in 'pubsub' passes arguments to the setup() function which requires a different identification extension than 'python'
[2.147s] Level 1:colcon.colcon_core.package_identification:_identify(pubsub) by extensions ['python_setup_py']
[2.147s] Level 1:colcon.colcon_core.package_identification:_identify(pubsub) by extension 'python_setup_py'
[3.441s] DEBUG:colcon.colcon_core.package_identification:Package 'pubsub' with type 'python' and name 'pubsub'
[3.442s] Level 1:colcon.colcon_core.package_discovery:discover_packages(recursive) using defaults
[3.442s] Level 1:colcon.colcon_core.package_discovery:discover_packages(ignore) discover
[3.442s] Level 1:colcon.colcon_core.package_discovery:discover_packages(ignore) using defaults
[3.442s] Level 1:colcon.colcon_core.package_discovery:discover_packages(path) discover
[3.443s] Level 1:colcon.colcon_core.package_discovery:discover_packages(path) using defaults
[3.553s] Level 5:colcon.colcon_core.verb:set package 'custom_interface' build argument 'cmake_args' from command line to 'None'
[3.553s] Level 5:colcon.colcon_core.verb:set package 'custom_interface' build argument 'cmake_target' from command line to 'None'
[3.553s] Level 5:colcon.colcon_core.verb:set package 'custom_interface' build argument 'cmake_target_skip_unavailable' from command line to 'False'
[3.553s] Level 5:colcon.colcon_core.verb:set package 'custom_interface' build argument 'cmake_clean_cache' from command line to 'False'
[3.553s] Level 5:colcon.colcon_core.verb:set package 'custom_interface' build argument 'cmake_clean_first' from command line to 'False'
[3.554s] Level 5:colcon.colcon_core.verb:set package 'custom_interface' build argument 'cmake_force_configure' from command line to 'False'
[3.554s] Level 5:colcon.colcon_core.verb:set package 'custom_interface' build argument 'ament_cmake_args' from command line to 'None'
[3.554s] Level 5:colcon.colcon_core.verb:set package 'custom_interface' build argument 'catkin_cmake_args' from command line to 'None'
[3.554s] Level 5:colcon.colcon_core.verb:set package 'custom_interface' build argument 'catkin_skip_building_tests' from command line to 'False'
[3.554s] DEBUG:colcon.colcon_core.verb:Building package 'custom_interface' with the following arguments: {'ament_cmake_args': None, 'build_base': '/root/codes/S24_RobotProgramming_Humble_Hawksbill/FinalProject/roscourse_final_ws (copy)/src/build/custom_interface', 'catkin_cmake_args': None, 'catkin_skip_building_tests': False, 'cmake_args': None, 'cmake_clean_cache': False, 'cmake_clean_first': False, 'cmake_force_configure': False, 'cmake_target': None, 'cmake_target_skip_unavailable': False, 'install_base': '/root/codes/S24_RobotProgramming_Humble_Hawksbill/FinalProject/roscourse_final_ws (copy)/src/install/custom_interface', 'merge_install': False, 'path': '/root/codes/S24_RobotProgramming_Humble_Hawksbill/FinalProject/roscourse_final_ws (copy)/src/custom_interface', 'symlink_install': False, 'test_result_base': None}
[3.560s] Level 5:colcon.colcon_core.verb:set package 'pubsub' build argument 'cmake_args' from command line to 'None'
[3.560s] Level 5:colcon.colcon_core.verb:set package 'pubsub' build argument 'cmake_target' from command line to 'None'
[3.560s] Level 5:colcon.colcon_core.verb:set package 'pubsub' build argument 'cmake_target_skip_unavailable' from command line to 'False'
[3.560s] Level 5:colcon.colcon_core.verb:set package 'pubsub' build argument 'cmake_clean_cache' from command line to 'False'
[3.560s] Level 5:colcon.colcon_core.verb:set package 'pubsub' build argument 'cmake_clean_first' from command line to 'False'
[3.560s] Level 5:colcon.colcon_core.verb:set package 'pubsub' build argument 'cmake_force_configure' from command line to 'False'
[3.561s] Level 5:colcon.colcon_core.verb:set package 'pubsub' build argument 'ament_cmake_args' from command line to 'None'
[3.561s] Level 5:colcon.colcon_core.verb:set package 'pubsub' build argument 'catkin_cmake_args' from command line to 'None'
[3.561s] Level 5:colcon.colcon_core.verb:set package 'pubsub' build argument 'catkin_skip_building_tests' from command line to 'False'
[3.561s] DEBUG:colcon.colcon_core.verb:Building package 'pubsub' with the following arguments: {'ament_cmake_args': None, 'build_base': '/root/codes/S24_RobotProgramming_Humble_Hawksbill/FinalProject/roscourse_final_ws (copy)/src/build/pubsub', 'catkin_cmake_args': None, 'catkin_skip_building_tests': False, 'cmake_args': None, 'cmake_clean_cache': False, 'cmake_clean_first': False, 'cmake_force_configure': False, 'cmake_target': None, 'cmake_target_skip_unavailable': False, 'install_base': '/root/codes/S24_RobotProgramming_Humble_Hawksbill/FinalProject/roscourse_final_ws (copy)/src/install/pubsub', 'merge_install': False, 'path': '/root/codes/S24_RobotProgramming_Humble_Hawksbill/FinalProject/roscourse_final_ws (copy)/src/pubsub', 'symlink_install': False, 'test_result_base': None}
[3.565s] INFO:colcon.colcon_core.executor:Executing jobs using 'parallel' executor
[3.583s] DEBUG:colcon.colcon_parallel_executor.executor.parallel:run_until_complete
[3.584s] INFO:colcon.colcon_ros.task.ament_cmake.build:Building ROS package in '/root/codes/S24_RobotProgramming_Humble_Hawksbill/FinalProject/roscourse_final_ws (copy)/src/custom_interface' with build type 'ament_cmake'
[3.584s] INFO:colcon.colcon_cmake.task.cmake.build:Building CMake package in '/root/codes/S24_RobotProgramming_Humble_Hawksbill/FinalProject/roscourse_final_ws (copy)/src/custom_interface'
[3.612s] INFO:colcon.colcon_core.plugin_system:Skipping extension 'colcon_core.shell.bat': Not used on non-Windows systems
[3.614s] INFO:colcon.colcon_core.shell:Skip shell extension 'powershell' for command environment: Not usable outside of PowerShell
[3.614s] DEBUG:colcon.colcon_core.shell:Skip shell extension 'dsv' for command environment
[3.688s] INFO:colcon.colcon_core.task.python.build:Building Python package in '/root/codes/S24_RobotProgramming_Humble_Hawksbill/FinalProject/roscourse_final_ws (copy)/src/pubsub'
[3.698s] INFO:colcon.colcon_core.shell:Skip shell extension 'powershell' for command environment: Not usable outside of PowerShell
[3.698s] DEBUG:colcon.colcon_core.shell:Skip shell extension 'dsv' for command environment
[3.780s] DEBUG:colcon.colcon_core.event_handler.log_command:Invoking command in '/root/codes/S24_RobotProgramming_Humble_Hawksbill/FinalProject/roscourse_final_ws (copy)/src/build/custom_interface': CMAKE_PREFIX_PATH=${CMAKE_PREFIX_PATH}:/root/yahboomcar_ros2_ws/yahboomcar_ws/install/yahboomcar_voice_ctrl:/root/yahboomcar_ros2_ws/yahboomcar_ws/install/yahboomcar_visual:/root/yahboomcar_ros2_ws/yahboomcar_ws/install/yahboomcar_nav:/root/yahboomcar_ros2_ws/yahboomcar_ws/install/yahboomcar_multi:/root/yahboomcar_ros2_ws/yahboomcar_ws/install/yahboomcar_mediapipe:/root/yahboomcar_ros2_ws/yahboomcar_ws/install/yahboomcar_linefollow:/root/yahboomcar_ros2_ws/yahboomcar_ws/install/yahboomcar_laser:/root/yahboomcar_ros2_ws/yahboomcar_ws/install/yahboomcar_description_x1:/root/yahboomcar_ros2_ws/yahboomcar_ws/install/yahboomcar_description:/root/yahboomcar_ros2_ws/yahboomcar_ws/install/yahboomcar_ctrl:/root/yahboomcar_ros2_ws/yahboomcar_ws/install/yahboomcar_bringup:/root/yahboomcar_ros2_ws/yahboomcar_ws/install/yahboomcar_astra:/root/yahboomcar_ros2_ws/yahboomcar_ws/install/yahboom_app_save_map:/root/yahboomcar_ros2_ws/yahboomcar_ws/install/robot_pose_publisher:/root/yahboomcar_ros2_ws/yahboomcar_ws/install/laserscan_to_point_pulisher:/opt/ros/foxy /usr/bin/cmake /root/codes/S24_RobotProgramming_Humble_Hawksbill/FinalProject/roscourse_final_ws (copy)/src/custom_interface -DCMAKE_INSTALL_PREFIX=/root/codes/S24_RobotProgramming_Humble_Hawksbill/FinalProject/roscourse_final_ws (copy)/src/install/custom_interface
[7.800s] DEBUG:colcon.colcon_core.event_handler.log_command:Invoking command in '/root/codes/S24_RobotProgramming_Humble_Hawksbill/FinalProject/roscourse_final_ws (copy)/src/pubsub': PYTHONPATH=/root/codes/S24_RobotProgramming_Humble_Hawksbill/FinalProject/roscourse_final_ws (copy)/src/build/pubsub/prefix_override:/root/codes/S24_RobotProgramming_Humble_Hawksbill/FinalProject/roscourse_final_ws (copy)/src/install/pubsub/lib/python3.8/site-packages:${PYTHONPATH} /usr/bin/python3 setup.py egg_info --egg-base ../build/pubsub build --build-base /root/codes/S24_RobotProgramming_Humble_Hawksbill/FinalProject/roscourse_final_ws (copy)/src/build/pubsub/build install --record /root/codes/S24_RobotProgramming_Humble_Hawksbill/FinalProject/roscourse_final_ws (copy)/src/build/pubsub/install.log --install-scripts $base/lib/pubsub --single-version-externally-managed
[9.673s] DEBUG:colcon.colcon_core.event_handler.log_command:Invoked command in '/root/codes/S24_RobotProgramming_Humble_Hawksbill/FinalProject/roscourse_final_ws (copy)/src/pubsub' returned '0': PYTHONPATH=/root/codes/S24_RobotProgramming_Humble_Hawksbill/FinalProject/roscourse_final_ws (copy)/src/build/pubsub/prefix_override:/root/codes/S24_RobotProgramming_Humble_Hawksbill/FinalProject/roscourse_final_ws (copy)/src/install/pubsub/lib/python3.8/site-packages:${PYTHONPATH} /usr/bin/python3 setup.py egg_info --egg-base ../build/pubsub build --build-base /root/codes/S24_RobotProgramming_Humble_Hawksbill/FinalProject/roscourse_final_ws (copy)/src/build/pubsub/build install --record /root/codes/S24_RobotProgramming_Humble_Hawksbill/FinalProject/roscourse_final_ws (copy)/src/build/pubsub/install.log --install-scripts $base/lib/pubsub --single-version-externally-managed
[9.702s] Level 1:colcon.colcon_core.environment:checking '/root/codes/S24_RobotProgramming_Humble_Hawksbill/FinalProject/roscourse_final_ws (copy)/src/install/pubsub' for CMake module files
[9.704s] Level 1:colcon.colcon_core.environment:checking '/root/codes/S24_RobotProgramming_Humble_Hawksbill/FinalProject/roscourse_final_ws (copy)/src/install/pubsub' for CMake config files
[9.707s] Level 1:colcon.colcon_core.environment:checking '/root/codes/S24_RobotProgramming_Humble_Hawksbill/FinalProject/roscourse_final_ws (copy)/src/install/pubsub/lib'
[9.708s] Level 1:colcon.colcon_core.environment:checking '/root/codes/S24_RobotProgramming_Humble_Hawksbill/FinalProject/roscourse_final_ws (copy)/src/install/pubsub/bin'
[9.708s] Level 1:colcon.colcon_core.environment:checking '/root/codes/S24_RobotProgramming_Humble_Hawksbill/FinalProject/roscourse_final_ws (copy)/src/install/pubsub/lib/pkgconfig/pubsub.pc'
[9.709s] Level 1:colcon.colcon_core.environment:checking '/root/codes/S24_RobotProgramming_Humble_Hawksbill/FinalProject/roscourse_final_ws (copy)/src/install/pubsub/lib/python3.8/site-packages'
[9.709s] Level 1:colcon.colcon_core.shell:create_environment_hook('pubsub', 'pythonpath')
[9.718s] INFO:colcon.colcon_core.shell:Creating environment hook '/root/codes/S24_RobotProgramming_Humble_Hawksbill/FinalProject/roscourse_final_ws (copy)/src/install/pubsub/share/pubsub/hook/pythonpath.ps1'
[9.720s] INFO:colcon.colcon_core.shell:Creating environment descriptor '/root/codes/S24_RobotProgramming_Humble_Hawksbill/FinalProject/roscourse_final_ws (copy)/src/install/pubsub/share/pubsub/hook/pythonpath.dsv'
[9.722s] INFO:colcon.colcon_core.shell:Creating environment hook '/root/codes/S24_RobotProgramming_Humble_Hawksbill/FinalProject/roscourse_final_ws (copy)/src/install/pubsub/share/pubsub/hook/pythonpath.sh'
[9.724s] Level 1:colcon.colcon_core.environment:checking '/root/codes/S24_RobotProgramming_Humble_Hawksbill/FinalProject/roscourse_final_ws (copy)/src/install/pubsub/bin'
[9.725s] Level 1:colcon.colcon_core.environment:create_environment_scripts_only(pubsub)
[9.733s] INFO:colcon.colcon_core.shell:Creating package script '/root/codes/S24_RobotProgramming_Humble_Hawksbill/FinalProject/roscourse_final_ws (copy)/src/install/pubsub/share/pubsub/package.ps1'
[9.738s] INFO:colcon.colcon_core.shell:Creating package descriptor '/root/codes/S24_RobotProgramming_Humble_Hawksbill/FinalProject/roscourse_final_ws (copy)/src/install/pubsub/share/pubsub/package.dsv'
[9.740s] INFO:colcon.colcon_core.shell:Creating package script '/root/codes/S24_RobotProgramming_Humble_Hawksbill/FinalProject/roscourse_final_ws (copy)/src/install/pubsub/share/pubsub/package.sh'
[9.743s] INFO:colcon.colcon_core.shell:Creating package script '/root/codes/S24_RobotProgramming_Humble_Hawksbill/FinalProject/roscourse_final_ws (copy)/src/install/pubsub/share/pubsub/package.bash'
[9.747s] INFO:colcon.colcon_core.shell:Creating package script '/root/codes/S24_RobotProgramming_Humble_Hawksbill/FinalProject/roscourse_final_ws (copy)/src/install/pubsub/share/pubsub/package.zsh'
[9.749s] Level 1:colcon.colcon_core.environment:create_file_with_runtime_dependencies(/root/codes/S24_RobotProgramming_Humble_Hawksbill/FinalProject/roscourse_final_ws (copy)/src/install/pubsub/share/colcon-core/packages/pubsub)
[16.479s] DEBUG:colcon.colcon_core.event_handler.log_command:Invoked command in '/root/codes/S24_RobotProgramming_Humble_Hawksbill/FinalProject/roscourse_final_ws (copy)/src/build/custom_interface' returned '0': CMAKE_PREFIX_PATH=${CMAKE_PREFIX_PATH}:/root/yahboomcar_ros2_ws/yahboomcar_ws/install/yahboomcar_voice_ctrl:/root/yahboomcar_ros2_ws/yahboomcar_ws/install/yahboomcar_visual:/root/yahboomcar_ros2_ws/yahboomcar_ws/install/yahboomcar_nav:/root/yahboomcar_ros2_ws/yahboomcar_ws/install/yahboomcar_multi:/root/yahboomcar_ros2_ws/yahboomcar_ws/install/yahboomcar_mediapipe:/root/yahboomcar_ros2_ws/yahboomcar_ws/install/yahboomcar_linefollow:/root/yahboomcar_ros2_ws/yahboomcar_ws/install/yahboomcar_laser:/root/yahboomcar_ros2_ws/yahboomcar_ws/install/yahboomcar_description_x1:/root/yahboomcar_ros2_ws/yahboomcar_ws/install/yahboomcar_description:/root/yahboomcar_ros2_ws/yahboomcar_ws/install/yahboomcar_ctrl:/root/yahboomcar_ros2_ws/yahboomcar_ws/install/yahboomcar_bringup:/root/yahboomcar_ros2_ws/yahboomcar_ws/install/yahboomcar_astra:/root/yahboomcar_ros2_ws/yahboomcar_ws/install/yahboom_app_save_map:/root/yahboomcar_ros2_ws/yahboomcar_ws/install/robot_pose_publisher:/root/yahboomcar_ros2_ws/yahboomcar_ws/install/laserscan_to_point_pulisher:/opt/ros/foxy /usr/bin/cmake /root/codes/S24_RobotProgramming_Humble_Hawksbill/FinalProject/roscourse_final_ws (copy)/src/custom_interface -DCMAKE_INSTALL_PREFIX=/root/codes/S24_RobotProgramming_Humble_Hawksbill/FinalProject/roscourse_final_ws (copy)/src/install/custom_interface
[16.488s] DEBUG:colcon.colcon_core.event_handler.log_command:Invoking command in '/root/codes/S24_RobotProgramming_Humble_Hawksbill/FinalProject/roscourse_final_ws (copy)/src/build/custom_interface': CMAKE_PREFIX_PATH=${CMAKE_PREFIX_PATH}:/root/yahboomcar_ros2_ws/yahboomcar_ws/install/yahboomcar_voice_ctrl:/root/yahboomcar_ros2_ws/yahboomcar_ws/install/yahboomcar_visual:/root/yahboomcar_ros2_ws/yahboomcar_ws/install/yahboomcar_nav:/root/yahboomcar_ros2_ws/yahboomcar_ws/install/yahboomcar_multi:/root/yahboomcar_ros2_ws/yahboomcar_ws/install/yahboomcar_mediapipe:/root/yahboomcar_ros2_ws/yahboomcar_ws/install/yahboomcar_linefollow:/root/yahboomcar_ros2_ws/yahboomcar_ws/install/yahboomcar_laser:/root/yahboomcar_ros2_ws/yahboomcar_ws/install/yahboomcar_description_x1:/root/yahboomcar_ros2_ws/yahboomcar_ws/install/yahboomcar_description:/root/yahboomcar_ros2_ws/yahboomcar_ws/install/yahboomcar_ctrl:/root/yahboomcar_ros2_ws/yahboomcar_ws/install/yahboomcar_bringup:/root/yahboomcar_ros2_ws/yahboomcar_ws/install/yahboomcar_astra:/root/yahboomcar_ros2_ws/yahboomcar_ws/install/yahboom_app_save_map:/root/yahboomcar_ros2_ws/yahboomcar_ws/install/robot_pose_publisher:/root/yahboomcar_ros2_ws/yahboomcar_ws/install/laserscan_to_point_pulisher:/opt/ros/foxy /usr/bin/cmake --build /root/codes/S24_RobotProgramming_Humble_Hawksbill/FinalProject/roscourse_final_ws (copy)/src/build/custom_interface -- -j4 -l4
[30.986s] DEBUG:colcon.colcon_core.event_handler.log_command:Invoked command in '/root/codes/S24_RobotProgramming_Humble_Hawksbill/FinalProject/roscourse_final_ws (copy)/src/build/custom_interface' returned '0': CMAKE_PREFIX_PATH=${CMAKE_PREFIX_PATH}:/root/yahboomcar_ros2_ws/yahboomcar_ws/install/yahboomcar_voice_ctrl:/root/yahboomcar_ros2_ws/yahboomcar_ws/install/yahboomcar_visual:/root/yahboomcar_ros2_ws/yahboomcar_ws/install/yahboomcar_nav:/root/yahboomcar_ros2_ws/yahboomcar_ws/install/yahboomcar_multi:/root/yahboomcar_ros2_ws/yahboomcar_ws/install/yahboomcar_mediapipe:/root/yahboomcar_ros2_ws/yahboomcar_ws/install/yahboomcar_linefollow:/root/yahboomcar_ros2_ws/yahboomcar_ws/install/yahboomcar_laser:/root/yahboomcar_ros2_ws/yahboomcar_ws/install/yahboomcar_description_x1:/root/yahboomcar_ros2_ws/yahboomcar_ws/install/yahboomcar_description:/root/yahboomcar_ros2_ws/yahboomcar_ws/install/yahboomcar_ctrl:/root/yahboomcar_ros2_ws/yahboomcar_ws/install/yahboomcar_bringup:/root/yahboomcar_ros2_ws/yahboomcar_ws/install/yahboomcar_astra:/root/yahboomcar_ros2_ws/yahboomcar_ws/install/yahboom_app_save_map:/root/yahboomcar_ros2_ws/yahboomcar_ws/install/robot_pose_publisher:/root/yahboomcar_ros2_ws/yahboomcar_ws/install/laserscan_to_point_pulisher:/opt/ros/foxy /usr/bin/cmake --build /root/codes/S24_RobotProgramming_Humble_Hawksbill/FinalProject/roscourse_final_ws (copy)/src/build/custom_interface -- -j4 -l4
[31.357s] DEBUG:colcon.colcon_core.event_handler.log_command:Invoking command in '/root/codes/S24_RobotProgramming_Humble_Hawksbill/FinalProject/roscourse_final_ws (copy)/src/build/custom_interface': CMAKE_PREFIX_PATH=${CMAKE_PREFIX_PATH}:/root/yahboomcar_ros2_ws/yahboomcar_ws/install/yahboomcar_voice_ctrl:/root/yahboomcar_ros2_ws/yahboomcar_ws/install/yahboomcar_visual:/root/yahboomcar_ros2_ws/yahboomcar_ws/install/yahboomcar_nav:/root/yahboomcar_ros2_ws/yahboomcar_ws/install/yahboomcar_multi:/root/yahboomcar_ros2_ws/yahboomcar_ws/install/yahboomcar_mediapipe:/root/yahboomcar_ros2_ws/yahboomcar_ws/install/yahboomcar_linefollow:/root/yahboomcar_ros2_ws/yahboomcar_ws/install/yahboomcar_laser:/root/yahboomcar_ros2_ws/yahboomcar_ws/install/yahboomcar_description_x1:/root/yahboomcar_ros2_ws/yahboomcar_ws/install/yahboomcar_description:/root/yahboomcar_ros2_ws/yahboomcar_ws/install/yahboomcar_ctrl:/root/yahboomcar_ros2_ws/yahboomcar_ws/install/yahboomcar_bringup:/root/yahboomcar_ros2_ws/yahboomcar_ws/install/yahboomcar_astra:/root/yahboomcar_ros2_ws/yahboomcar_ws/install/yahboom_app_save_map:/root/yahboomcar_ros2_ws/yahboomcar_ws/install/robot_pose_publisher:/root/yahboomcar_ros2_ws/yahboomcar_ws/install/laserscan_to_point_pulisher:/opt/ros/foxy /usr/bin/cmake --install /root/codes/S24_RobotProgramming_Humble_Hawksbill/FinalProject/roscourse_final_ws (copy)/src/build/custom_interface
[31.765s] Level 1:colcon.colcon_core.environment:create_environment_scripts_only(custom_interface)
[31.780s] Level 1:colcon.colcon_core.environment:checking '/root/codes/S24_RobotProgramming_Humble_Hawksbill/FinalProject/roscourse_final_ws (copy)/src/install/custom_interface' for CMake module files
[31.782s] DEBUG:colcon.colcon_core.event_handler.log_command:Invoked command in '/root/codes/S24_RobotProgramming_Humble_Hawksbill/FinalProject/roscourse_final_ws (copy)/src/build/custom_interface' returned '0': CMAKE_PREFIX_PATH=${CMAKE_PREFIX_PATH}:/root/yahboomcar_ros2_ws/yahboomcar_ws/install/yahboomcar_voice_ctrl:/root/yahboomcar_ros2_ws/yahboomcar_ws/install/yahboomcar_visual:/root/yahboomcar_ros2_ws/yahboomcar_ws/install/yahboomcar_nav:/root/yahboomcar_ros2_ws/yahboomcar_ws/install/yahboomcar_multi:/root/yahboomcar_ros2_ws/yahboomcar_ws/install/yahboomcar_mediapipe:/root/yahboomcar_ros2_ws/yahboomcar_ws/install/yahboomcar_linefollow:/root/yahboomcar_ros2_ws/yahboomcar_ws/install/yahboomcar_laser:/root/yahboomcar_ros2_ws/yahboomcar_ws/install/yahboomcar_description_x1:/root/yahboomcar_ros2_ws/yahboomcar_ws/install/yahboomcar_description:/root/yahboomcar_ros2_ws/yahboomcar_ws/install/yahboomcar_ctrl:/root/yahboomcar_ros2_ws/yahboomcar_ws/install/yahboomcar_bringup:/root/yahboomcar_ros2_ws/yahboomcar_ws/install/yahboomcar_astra:/root/yahboomcar_ros2_ws/yahboomcar_ws/install/yahboom_app_save_map:/root/yahboomcar_ros2_ws/yahboomcar_ws/install/robot_pose_publisher:/root/yahboomcar_ros2_ws/yahboomcar_ws/install/laserscan_to_point_pulisher:/opt/ros/foxy /usr/bin/cmake --install /root/codes/S24_RobotProgramming_Humble_Hawksbill/FinalProject/roscourse_final_ws (copy)/src/build/custom_interface
[31.785s] Level 1:colcon.colcon_core.environment:checking '/root/codes/S24_RobotProgramming_Humble_Hawksbill/FinalProject/roscourse_final_ws (copy)/src/install/custom_interface' for CMake config files
[31.787s] Level 1:colcon.colcon_core.shell:create_environment_hook('custom_interface', 'cmake_prefix_path')
[31.795s] INFO:colcon.colcon_core.shell:Creating environment hook '/root/codes/S24_RobotProgramming_Humble_Hawksbill/FinalProject/roscourse_final_ws (copy)/src/install/custom_interface/share/custom_interface/hook/cmake_prefix_path.ps1'
[31.797s] INFO:colcon.colcon_core.shell:Creating environment descriptor '/root/codes/S24_RobotProgramming_Humble_Hawksbill/FinalProject/roscourse_final_ws (copy)/src/install/custom_interface/share/custom_interface/hook/cmake_prefix_path.dsv'
[31.798s] INFO:colcon.colcon_core.shell:Creating environment hook '/root/codes/S24_RobotProgramming_Humble_Hawksbill/FinalProject/roscourse_final_ws (copy)/src/install/custom_interface/share/custom_interface/hook/cmake_prefix_path.sh'
[31.800s] Level 1:colcon.colcon_core.environment:checking '/root/codes/S24_RobotProgramming_Humble_Hawksbill/FinalProject/roscourse_final_ws (copy)/src/install/custom_interface/lib'
[31.800s] Level 1:colcon.colcon_core.shell:create_environment_hook('custom_interface', 'ld_library_path_lib')
[31.808s] INFO:colcon.colcon_core.shell:Creating environment hook '/root/codes/S24_RobotProgramming_Humble_Hawksbill/FinalProject/roscourse_final_ws (copy)/src/install/custom_interface/share/custom_interface/hook/ld_library_path_lib.ps1'
[31.810s] INFO:colcon.colcon_core.shell:Creating environment descriptor '/root/codes/S24_RobotProgramming_Humble_Hawksbill/FinalProject/roscourse_final_ws (copy)/src/install/custom_interface/share/custom_interface/hook/ld_library_path_lib.dsv'
[31.811s] INFO:colcon.colcon_core.shell:Creating environment hook '/root/codes/S24_RobotProgramming_Humble_Hawksbill/FinalProject/roscourse_final_ws (copy)/src/install/custom_interface/share/custom_interface/hook/ld_library_path_lib.sh'
[31.812s] Level 1:colcon.colcon_core.environment:checking '/root/codes/S24_RobotProgramming_Humble_Hawksbill/FinalProject/roscourse_final_ws (copy)/src/install/custom_interface/bin'
[31.812s] Level 1:colcon.colcon_core.environment:checking '/root/codes/S24_RobotProgramming_Humble_Hawksbill/FinalProject/roscourse_final_ws (copy)/src/install/custom_interface/lib/pkgconfig/custom_interface.pc'
[31.813s] Level 1:colcon.colcon_core.environment:checking '/root/codes/S24_RobotProgramming_Humble_Hawksbill/FinalProject/roscourse_final_ws (copy)/src/install/custom_interface/lib/python3.8/site-packages'
[31.813s] Level 1:colcon.colcon_core.shell:create_environment_hook('custom_interface', 'pythonpath')
[31.821s] INFO:colcon.colcon_core.shell:Creating environment hook '/root/codes/S24_RobotProgramming_Humble_Hawksbill/FinalProject/roscourse_final_ws (copy)/src/install/custom_interface/share/custom_interface/hook/pythonpath.ps1'
[31.824s] INFO:colcon.colcon_core.shell:Creating environment descriptor '/root/codes/S24_RobotProgramming_Humble_Hawksbill/FinalProject/roscourse_final_ws (copy)/src/install/custom_interface/share/custom_interface/hook/pythonpath.dsv'
[31.826s] INFO:colcon.colcon_core.shell:Creating environment hook '/root/codes/S24_RobotProgramming_Humble_Hawksbill/FinalProject/roscourse_final_ws (copy)/src/install/custom_interface/share/custom_interface/hook/pythonpath.sh'
[31.828s] Level 1:colcon.colcon_core.environment:checking '/root/codes/S24_RobotProgramming_Humble_Hawksbill/FinalProject/roscourse_final_ws (copy)/src/install/custom_interface/bin'
[31.837s] INFO:colcon.colcon_core.shell:Creating package script '/root/codes/S24_RobotProgramming_Humble_Hawksbill/FinalProject/roscourse_final_ws (copy)/src/install/custom_interface/share/custom_interface/package.ps1'
[31.839s] INFO:colcon.colcon_core.shell:Creating package descriptor '/root/codes/S24_RobotProgramming_Humble_Hawksbill/FinalProject/roscourse_final_ws (copy)/src/install/custom_interface/share/custom_interface/package.dsv'
[31.841s] INFO:colcon.colcon_core.shell:Creating package script '/root/codes/S24_RobotProgramming_Humble_Hawksbill/FinalProject/roscourse_final_ws (copy)/src/install/custom_interface/share/custom_interface/package.sh'
[31.843s] INFO:colcon.colcon_core.shell:Creating package script '/root/codes/S24_RobotProgramming_Humble_Hawksbill/FinalProject/roscourse_final_ws (copy)/src/install/custom_interface/share/custom_interface/package.bash'
[31.844s] INFO:colcon.colcon_core.shell:Creating package script '/root/codes/S24_RobotProgramming_Humble_Hawksbill/FinalProject/roscourse_final_ws (copy)/src/install/custom_interface/share/custom_interface/package.zsh'
[31.845s] Level 1:colcon.colcon_core.environment:create_file_with_runtime_dependencies(/root/codes/S24_RobotProgramming_Humble_Hawksbill/FinalProject/roscourse_final_ws (copy)/src/install/custom_interface/share/colcon-core/packages/custom_interface)
[32.175s] Level 1:colcon.colcon_core.environment:create_environment_scripts_only(custom_interface)
[32.189s] Level 1:colcon.colcon_core.environment:checking '/root/codes/S24_RobotProgramming_Humble_Hawksbill/FinalProject/roscourse_final_ws (copy)/src/install/custom_interface' for CMake module files
[32.193s] Level 1:colcon.colcon_core.environment:checking '/root/codes/S24_RobotProgramming_Humble_Hawksbill/FinalProject/roscourse_final_ws (copy)/src/install/custom_interface' for CMake config files
[32.195s] Level 1:colcon.colcon_core.shell:create_environment_hook('custom_interface', 'cmake_prefix_path')
[32.203s] INFO:colcon.colcon_core.shell:Creating environment hook '/root/codes/S24_RobotProgramming_Humble_Hawksbill/FinalProject/roscourse_final_ws (copy)/src/install/custom_interface/share/custom_interface/hook/cmake_prefix_path.ps1'
[32.205s] INFO:colcon.colcon_core.shell:Creating environment descriptor '/root/codes/S24_RobotProgramming_Humble_Hawksbill/FinalProject/roscourse_final_ws (copy)/src/install/custom_interface/share/custom_interface/hook/cmake_prefix_path.dsv'
[32.206s] INFO:colcon.colcon_core.shell:Creating environment hook '/root/codes/S24_RobotProgramming_Humble_Hawksbill/FinalProject/roscourse_final_ws (copy)/src/install/custom_interface/share/custom_interface/hook/cmake_prefix_path.sh'
[32.208s] Level 1:colcon.colcon_core.environment:checking '/root/codes/S24_RobotProgramming_Humble_Hawksbill/FinalProject/roscourse_final_ws (copy)/src/install/custom_interface/lib'
[32.209s] Level 1:colcon.colcon_core.shell:create_environment_hook('custom_interface', 'ld_library_path_lib')
[32.216s] INFO:colcon.colcon_core.shell:Creating environment hook '/root/codes/S24_RobotProgramming_Humble_Hawksbill/FinalProject/roscourse_final_ws (copy)/src/install/custom_interface/share/custom_interface/hook/ld_library_path_lib.ps1'
[32.218s] INFO:colcon.colcon_core.shell:Creating environment descriptor '/root/codes/S24_RobotProgramming_Humble_Hawksbill/FinalProject/roscourse_final_ws (copy)/src/install/custom_interface/share/custom_interface/hook/ld_library_path_lib.dsv'
[32.219s] INFO:colcon.colcon_core.shell:Creating environment hook '/root/codes/S24_RobotProgramming_Humble_Hawksbill/FinalProject/roscourse_final_ws (copy)/src/install/custom_interface/share/custom_interface/hook/ld_library_path_lib.sh'
[32.221s] Level 1:colcon.colcon_core.environment:checking '/root/codes/S24_RobotProgramming_Humble_Hawksbill/FinalProject/roscourse_final_ws (copy)/src/install/custom_interface/bin'
[32.221s] Level 1:colcon.colcon_core.environment:checking '/root/codes/S24_RobotProgramming_Humble_Hawksbill/FinalProject/roscourse_final_ws (copy)/src/install/custom_interface/lib/pkgconfig/custom_interface.pc'
[32.222s] Level 1:colcon.colcon_core.environment:checking '/root/codes/S24_RobotProgramming_Humble_Hawksbill/FinalProject/roscourse_final_ws (copy)/src/install/custom_interface/lib/python3.8/site-packages'
[32.222s] Level 1:colcon.colcon_core.shell:create_environment_hook('custom_interface', 'pythonpath')
[32.230s] INFO:colcon.colcon_core.shell:Creating environment hook '/root/codes/S24_RobotProgramming_Humble_Hawksbill/FinalProject/roscourse_final_ws (copy)/src/install/custom_interface/share/custom_interface/hook/pythonpath.ps1'
[32.232s] INFO:colcon.colcon_core.shell:Creating environment descriptor '/root/codes/S24_RobotProgramming_Humble_Hawksbill/FinalProject/roscourse_final_ws (copy)/src/install/custom_interface/share/custom_interface/hook/pythonpath.dsv'
[32.233s] INFO:colcon.colcon_core.shell:Creating environment hook '/root/codes/S24_RobotProgramming_Humble_Hawksbill/FinalProject/roscourse_final_ws (copy)/src/install/custom_interface/share/custom_interface/hook/pythonpath.sh'
[32.236s] Level 1:colcon.colcon_core.environment:checking '/root/codes/S24_RobotProgramming_Humble_Hawksbill/FinalProject/roscourse_final_ws (copy)/src/install/custom_interface/bin'
[32.244s] INFO:colcon.colcon_core.shell:Creating package script '/root/codes/S24_RobotProgramming_Humble_Hawksbill/FinalProject/roscourse_final_ws (copy)/src/install/custom_interface/share/custom_interface/package.ps1'
[32.247s] INFO:colcon.colcon_core.shell:Creating package descriptor '/root/codes/S24_RobotProgramming_Humble_Hawksbill/FinalProject/roscourse_final_ws (copy)/src/install/custom_interface/share/custom_interface/package.dsv'
[32.249s] INFO:colcon.colcon_core.shell:Creating package script '/root/codes/S24_RobotProgramming_Humble_Hawksbill/FinalProject/roscourse_final_ws (copy)/src/install/custom_interface/share/custom_interface/package.sh'
[32.251s] INFO:colcon.colcon_core.shell:Creating package script '/root/codes/S24_RobotProgramming_Humble_Hawksbill/FinalProject/roscourse_final_ws (copy)/src/install/custom_interface/share/custom_interface/package.bash'
[32.252s] INFO:colcon.colcon_core.shell:Creating package script '/root/codes/S24_RobotProgramming_Humble_Hawksbill/FinalProject/roscourse_final_ws (copy)/src/install/custom_interface/share/custom_interface/package.zsh'
[32.254s] Level 1:colcon.colcon_core.environment:create_file_with_runtime_dependencies(/root/codes/S24_RobotProgramming_Humble_Hawksbill/FinalProject/roscourse_final_ws (copy)/src/install/custom_interface/share/colcon-core/packages/custom_interface)
[32.255s] DEBUG:colcon.colcon_parallel_executor.executor.parallel:closing loop
[32.256s] DEBUG:colcon.colcon_parallel_executor.executor.parallel:loop closed
[32.257s] DEBUG:colcon.colcon_parallel_executor.executor.parallel:run_until_complete finished with '0'
[32.257s] DEBUG:colcon.colcon_core.event_reactor:joining thread
[32.287s] INFO:colcon.colcon_core.plugin_system:Skipping extension 'colcon_notification.desktop_notification.notify_send': Could not find 'notify-send'
[32.287s] INFO:colcon.colcon_core.plugin_system:Skipping extension 'colcon_notification.desktop_notification.terminal_notifier': Not used on non-Darwin systems
[32.288s] INFO:colcon.colcon_core.plugin_system:Skipping extension 'colcon_notification.desktop_notification.win32': Not used on non-Windows systems
[32.288s] INFO:colcon.colcon_notification.desktop_notification:Sending desktop notification using 'notify2'
[32.309s] DEBUG:colcon.colcon_notification.desktop_notification.notify2:Failed to initialize notify2: org.freedesktop.DBus.Error.ServiceUnknown: The name org.freedesktop.Notifications was not provided by any .service files
[32.309s] DEBUG:colcon.colcon_core.event_reactor:joined thread
[32.319s] INFO:colcon.colcon_core.shell:Creating prefix script '/root/codes/S24_RobotProgramming_Humble_Hawksbill/FinalProject/roscourse_final_ws (copy)/src/install/local_setup.ps1'
[32.324s] INFO:colcon.colcon_core.shell:Creating prefix util module '/root/codes/S24_RobotProgramming_Humble_Hawksbill/FinalProject/roscourse_final_ws (copy)/src/install/_local_setup_util_ps1.py'
[32.330s] INFO:colcon.colcon_core.shell:Creating prefix chain script '/root/codes/S24_RobotProgramming_Humble_Hawksbill/FinalProject/roscourse_final_ws (copy)/src/install/setup.ps1'
[32.346s] INFO:colcon.colcon_core.shell:Creating prefix script '/root/codes/S24_RobotProgramming_Humble_Hawksbill/FinalProject/roscourse_final_ws (copy)/src/install/local_setup.sh'
[32.349s] INFO:colcon.colcon_core.shell:Creating prefix util module '/root/codes/S24_RobotProgramming_Humble_Hawksbill/FinalProject/roscourse_final_ws (copy)/src/install/_local_setup_util_sh.py'
[32.351s] INFO:colcon.colcon_core.shell:Creating prefix chain script '/root/codes/S24_RobotProgramming_Humble_Hawksbill/FinalProject/roscourse_final_ws (copy)/src/install/setup.sh'
[32.368s] INFO:colcon.colcon_core.shell:Creating prefix script '/root/codes/S24_RobotProgramming_Humble_Hawksbill/FinalProject/roscourse_final_ws (copy)/src/install/local_setup.bash'
[32.370s] INFO:colcon.colcon_core.shell:Creating prefix chain script '/root/codes/S24_RobotProgramming_Humble_Hawksbill/FinalProject/roscourse_final_ws (copy)/src/install/setup.bash'
[32.388s] INFO:colcon.colcon_core.shell:Creating prefix script '/root/codes/S24_RobotProgramming_Humble_Hawksbill/FinalProject/roscourse_final_ws (copy)/src/install/local_setup.zsh'
[32.390s] INFO:colcon.colcon_core.shell:Creating prefix chain script '/root/codes/S24_RobotProgramming_Humble_Hawksbill/FinalProject/roscourse_final_ws (copy)/src/install/setup.zsh'
