[1.050s] Invoking command in '/home/yahboom/Desktop/roscourse_final_ws/src/pubsub': PYTHONPATH=/home/yahboom/Desktop/roscourse_final_ws/build/PubSub/prefix_override:/home/yahboom/Desktop/roscourse_final_ws/install/PubSub/lib/python3.8/site-packages:${PYTHONPATH} /usr/bin/python3 setup.py egg_info --egg-base ../../build/PubSub build --build-base /home/yahboom/Desktop/roscourse_final_ws/build/PubSub/build install --record /home/yahboom/Desktop/roscourse_final_ws/build/PubSub/install.log --install-scripts $base/lib/PubSub --single-version-externally-managed
[1.390s] running egg_info
[1.390s] writing ../../build/PubSub/PubSub.egg-info/PKG-INFO
[1.391s] writing dependency_links to ../../build/PubSub/PubSub.egg-info/dependency_links.txt
[1.391s] writing entry points to ../../build/PubSub/PubSub.egg-info/entry_points.txt
[1.392s] writing requirements to ../../build/PubSub/PubSub.egg-info/requires.txt
[1.392s] writing top-level names to ../../build/PubSub/PubSub.egg-info/top_level.txt
[1.441s] reading manifest file '../../build/PubSub/PubSub.egg-info/SOURCES.txt'
[1.442s] writing manifest file '../../build/PubSub/PubSub.egg-info/SOURCES.txt'
[1.443s] running build
[1.444s] running build_py
[1.444s] running install
[1.444s] running install_lib
[1.446s] running install_data
[1.447s] running install_egg_info
[1.449s] removing '/home/yahboom/Desktop/roscourse_final_ws/install/PubSub/lib/python3.8/site-packages/PubSub-0.0.0-py3.8.egg-info' (and everything under it)
[1.449s] Copying ../../build/PubSub/PubSub.egg-info to /home/yahboom/Desktop/roscourse_final_ws/install/PubSub/lib/python3.8/site-packages/PubSub-0.0.0-py3.8.egg-info
[1.450s] running install_scripts
[1.477s] Installing listener script to /home/yahboom/Desktop/roscourse_final_ws/install/PubSub/lib/PubSub
[1.477s] Installing talker script to /home/yahboom/Desktop/roscourse_final_ws/install/PubSub/lib/PubSub
[1.478s] writing list of installed files to '/home/yahboom/Desktop/roscourse_final_ws/build/PubSub/install.log'
[1.520s] Invoked command in '/home/yahboom/Desktop/roscourse_final_ws/src/pubsub' returned '0': PYTHONPATH=/home/yahboom/Desktop/roscourse_final_ws/build/PubSub/prefix_override:/home/yahboom/Desktop/roscourse_final_ws/install/PubSub/lib/python3.8/site-packages:${PYTHONPATH} /usr/bin/python3 setup.py egg_info --egg-base ../../build/PubSub build --build-base /home/yahboom/Desktop/roscourse_final_ws/build/PubSub/build install --record /home/yahboom/Desktop/roscourse_final_ws/build/PubSub/install.log --install-scripts $base/lib/PubSub --single-version-externally-managed
