[1.883s] DEBUG:colcon:Command line arguments: ['/usr/bin/colcon', 'build']
[1.883s] DEBUG:colcon:Parsed command line arguments: Namespace(ament_cmake_args=None, base_paths=['.'], build_base='build', catkin_cmake_args=None, catkin_skip_building_tests=False, cmake_args=None, cmake_clean_cache=False, cmake_clean_first=False, cmake_force_configure=False, cmake_target=None, cmake_target_skip_unavailable=False, continue_on_error=False, event_handlers=None, executor='parallel', ignore_user_meta=False, install_base='install', log_base=None, log_level=None, main=<bound method BuildVerb.main of <colcon_core.verb.build.BuildVerb object at 0x7f98871af0>>, merge_install=False, metas=['./colcon.meta'], mixin=None, mixin_files=None, mixin_verb=('build',), packages_above=None, packages_above_and_dependencies=None, packages_above_depth=None, packages_end=None, packages_ignore=None, packages_ignore_regex=None, packages_select=None, packages_select_build_failed=False, packages_select_by_dep=None, packages_select_regex=None, packages_select_test_failures=False, packages_skip=None, packages_skip_build_finished=False, packages_skip_by_dep=None, packages_skip_regex=None, packages_skip_test_passed=False, packages_skip_up_to=None, packages_start=None, packages_up_to=None, packages_up_to_regex=None, parallel_workers=4, paths=None, symlink_install=False, test_result_base=None, verb_extension=<colcon_core.verb.build.BuildVerb object at 0x7f98871af0>, verb_name='build', verb_parser=<colcon_mixin.mixin.mixin_argument.MixinArgumentDecorator object at 0x7f98802100>)
[2.017s] Level 1:colcon.colcon_core.package_discovery:discover_packages(colcon_meta) check parameters
[2.021s] INFO:colcon.colcon_metadata.package_discovery.colcon_meta:Using configuration from '/root/.colcon/metadata/default/Gazebo.meta'
[2.023s] INFO:colcon.colcon_metadata.package_discovery.colcon_meta:Using configuration from '/root/.colcon/metadata/default/fastrtps.meta'
[2.023s] Level 1:colcon.colcon_core.package_discovery:discover_packages(recursive) check parameters
[2.023s] Level 1:colcon.colcon_core.package_discovery:discover_packages(ignore) check parameters
[2.024s] Level 1:colcon.colcon_core.package_discovery:discover_packages(path) check parameters
[2.024s] Level 1:colcon.colcon_core.package_discovery:discover_packages(colcon_meta) discover
[2.024s] Level 1:colcon.colcon_core.package_discovery:discover_packages(recursive) discover
[2.024s] INFO:colcon.colcon_core.package_discovery:Crawling recursively for packages in '/root/codes/S24_RobotProgramming_Humble_Hawksbill/FinalProject/roscourse_final_ws (copy)'
[2.025s] Level 1:colcon.colcon_core.package_identification:_identify(.) by extensions ['ignore', 'ignore_ament_install']
[2.025s] Level 1:colcon.colcon_core.package_identification:_identify(.) by extension 'ignore'
[2.025s] Level 1:colcon.colcon_core.package_identification:_identify(.) by extension 'ignore_ament_install'
[2.026s] Level 1:colcon.colcon_core.package_identification:_identify(.) by extensions ['colcon_pkg']
[2.026s] Level 1:colcon.colcon_core.package_identification:_identify(.) by extension 'colcon_pkg'
[2.026s] Level 1:colcon.colcon_core.package_identification:_identify(.) by extensions ['colcon_meta']
[2.026s] Level 1:colcon.colcon_core.package_identification:_identify(.) by extension 'colcon_meta'
[2.026s] Level 1:colcon.colcon_core.package_identification:_identify(.) by extensions ['ros']
[2.027s] Level 1:colcon.colcon_core.package_identification:_identify(.) by extension 'ros'
[2.116s] Level 1:colcon.colcon_core.package_identification:_identify(.) by extensions ['cmake', 'python']
[2.116s] Level 1:colcon.colcon_core.package_identification:_identify(.) by extension 'cmake'
[2.117s] Level 1:colcon.colcon_core.package_identification:_identify(.) by extension 'python'
[2.117s] Level 1:colcon.colcon_core.package_identification:_identify(.) by extensions ['python_setup_py']
[2.117s] Level 1:colcon.colcon_core.package_identification:_identify(.) by extension 'python_setup_py'
[2.118s] Level 1:colcon.colcon_core.package_identification:_identify(build) by extensions ['ignore', 'ignore_ament_install']
[2.119s] Level 1:colcon.colcon_core.package_identification:_identify(build) by extension 'ignore'
[2.119s] Level 1:colcon.colcon_core.package_identification:_identify(build) ignored
[2.120s] Level 1:colcon.colcon_core.package_identification:_identify(install) by extensions ['ignore', 'ignore_ament_install']
[2.120s] Level 1:colcon.colcon_core.package_identification:_identify(install) by extension 'ignore'
[2.120s] Level 1:colcon.colcon_core.package_identification:_identify(install) ignored
[2.121s] Level 1:colcon.colcon_core.package_identification:_identify(log) by extensions ['ignore', 'ignore_ament_install']
[2.121s] Level 1:colcon.colcon_core.package_identification:_identify(log) by extension 'ignore'
[2.121s] Level 1:colcon.colcon_core.package_identification:_identify(log) ignored
[2.122s] Level 1:colcon.colcon_core.package_identification:_identify(src) by extensions ['ignore', 'ignore_ament_install']
[2.123s] Level 1:colcon.colcon_core.package_identification:_identify(src) by extension 'ignore'
[2.123s] Level 1:colcon.colcon_core.package_identification:_identify(src) by extension 'ignore_ament_install'
[2.123s] Level 1:colcon.colcon_core.package_identification:_identify(src) by extensions ['colcon_pkg']
[2.123s] Level 1:colcon.colcon_core.package_identification:_identify(src) by extension 'colcon_pkg'
[2.124s] Level 1:colcon.colcon_core.package_identification:_identify(src) by extensions ['colcon_meta']
[2.124s] Level 1:colcon.colcon_core.package_identification:_identify(src) by extension 'colcon_meta'
[2.124s] Level 1:colcon.colcon_core.package_identification:_identify(src) by extensions ['ros']
[2.125s] Level 1:colcon.colcon_core.package_identification:_identify(src) by extension 'ros'
[2.125s] Level 1:colcon.colcon_core.package_identification:_identify(src) by extensions ['cmake', 'python']
[2.126s] Level 1:colcon.colcon_core.package_identification:_identify(src) by extension 'cmake'
[2.126s] Level 1:colcon.colcon_core.package_identification:_identify(src) by extension 'python'
[2.126s] Level 1:colcon.colcon_core.package_identification:_identify(src) by extensions ['python_setup_py']
[2.126s] Level 1:colcon.colcon_core.package_identification:_identify(src) by extension 'python_setup_py'
[2.127s] Level 1:colcon.colcon_core.package_identification:_identify(src/build) by extensions ['ignore', 'ignore_ament_install']
[2.127s] Level 1:colcon.colcon_core.package_identification:_identify(src/build) by extension 'ignore'
[2.127s] Level 1:colcon.colcon_core.package_identification:_identify(src/build) ignored
[2.128s] Level 1:colcon.colcon_core.package_identification:_identify(src/custom_interface) by extensions ['ignore', 'ignore_ament_install']
[2.128s] Level 1:colcon.colcon_core.package_identification:_identify(src/custom_interface) by extension 'ignore'
[2.129s] Level 1:colcon.colcon_core.package_identification:_identify(src/custom_interface) by extension 'ignore_ament_install'
[2.129s] Level 1:colcon.colcon_core.package_identification:_identify(src/custom_interface) by extensions ['colcon_pkg']
[2.129s] Level 1:colcon.colcon_core.package_identification:_identify(src/custom_interface) by extension 'colcon_pkg'
[2.130s] Level 1:colcon.colcon_core.package_identification:_identify(src/custom_interface) by extensions ['colcon_meta']
[2.130s] Level 1:colcon.colcon_core.package_identification:_identify(src/custom_interface) by extension 'colcon_meta'
[2.130s] Level 1:colcon.colcon_core.package_identification:_identify(src/custom_interface) by extensions ['ros']
[2.130s] Level 1:colcon.colcon_core.package_identification:_identify(src/custom_interface) by extension 'ros'
[2.143s] DEBUG:colcon.colcon_core.package_identification:Package 'src/custom_interface' with type 'ros.ament_cmake' and name 'custom_interface'
[2.144s] Level 1:colcon.colcon_core.package_identification:_identify(src/install) by extensions ['ignore', 'ignore_ament_install']
[2.145s] Level 1:colcon.colcon_core.package_identification:_identify(src/install) by extension 'ignore'
[2.145s] Level 1:colcon.colcon_core.package_identification:_identify(src/install) ignored
[2.146s] Level 1:colcon.colcon_core.package_identification:_identify(src/log) by extensions ['ignore', 'ignore_ament_install']
[2.146s] Level 1:colcon.colcon_core.package_identification:_identify(src/log) by extension 'ignore'
[2.146s] Level 1:colcon.colcon_core.package_identification:_identify(src/log) ignored
[2.147s] Level 1:colcon.colcon_core.package_identification:_identify(src/pubsub) by extensions ['ignore', 'ignore_ament_install']
[2.147s] Level 1:colcon.colcon_core.package_identification:_identify(src/pubsub) by extension 'ignore'
[2.147s] Level 1:colcon.colcon_core.package_identification:_identify(src/pubsub) by extension 'ignore_ament_install'
[2.148s] Level 1:colcon.colcon_core.package_identification:_identify(src/pubsub) by extensions ['colcon_pkg']
[2.148s] Level 1:colcon.colcon_core.package_identification:_identify(src/pubsub) by extension 'colcon_pkg'
[2.148s] Level 1:colcon.colcon_core.package_identification:_identify(src/pubsub) by extensions ['colcon_meta']
[2.148s] Level 1:colcon.colcon_core.package_identification:_identify(src/pubsub) by extension 'colcon_meta'
[2.149s] Level 1:colcon.colcon_core.package_identification:_identify(src/pubsub) by extensions ['ros']
[2.149s] Level 1:colcon.colcon_core.package_identification:_identify(src/pubsub) by extension 'ros'
[2.151s] DEBUG:colcon.colcon_core.package_identification:Package 'src/pubsub' with type 'ros.ament_python' and name 'pubsub'
[2.152s] Level 1:colcon.colcon_core.package_discovery:discover_packages(recursive) using defaults
[2.152s] Level 1:colcon.colcon_core.package_discovery:discover_packages(ignore) discover
[2.152s] Level 1:colcon.colcon_core.package_discovery:discover_packages(ignore) using defaults
[2.152s] Level 1:colcon.colcon_core.package_discovery:discover_packages(path) discover
[2.152s] Level 1:colcon.colcon_core.package_discovery:discover_packages(path) using defaults
[2.267s] Level 5:colcon.colcon_core.verb:set package 'custom_interface' build argument 'cmake_args' from command line to 'None'
[2.267s] Level 5:colcon.colcon_core.verb:set package 'custom_interface' build argument 'cmake_target' from command line to 'None'
[2.267s] Level 5:colcon.colcon_core.verb:set package 'custom_interface' build argument 'cmake_target_skip_unavailable' from command line to 'False'
[2.267s] Level 5:colcon.colcon_core.verb:set package 'custom_interface' build argument 'cmake_clean_cache' from command line to 'False'
[2.267s] Level 5:colcon.colcon_core.verb:set package 'custom_interface' build argument 'cmake_clean_first' from command line to 'False'
[2.267s] Level 5:colcon.colcon_core.verb:set package 'custom_interface' build argument 'cmake_force_configure' from command line to 'False'
[2.268s] Level 5:colcon.colcon_core.verb:set package 'custom_interface' build argument 'ament_cmake_args' from command line to 'None'
[2.268s] Level 5:colcon.colcon_core.verb:set package 'custom_interface' build argument 'catkin_cmake_args' from command line to 'None'
[2.268s] Level 5:colcon.colcon_core.verb:set package 'custom_interface' build argument 'catkin_skip_building_tests' from command line to 'False'
[2.268s] DEBUG:colcon.colcon_core.verb:Building package 'custom_interface' with the following arguments: {'ament_cmake_args': None, 'build_base': '/root/codes/S24_RobotProgramming_Humble_Hawksbill/FinalProject/roscourse_final_ws (copy)/build/custom_interface', 'catkin_cmake_args': None, 'catkin_skip_building_tests': False, 'cmake_args': None, 'cmake_clean_cache': False, 'cmake_clean_first': False, 'cmake_force_configure': False, 'cmake_target': None, 'cmake_target_skip_unavailable': False, 'install_base': '/root/codes/S24_RobotProgramming_Humble_Hawksbill/FinalProject/roscourse_final_ws (copy)/install/custom_interface', 'merge_install': False, 'path': '/root/codes/S24_RobotProgramming_Humble_Hawksbill/FinalProject/roscourse_final_ws (copy)/src/custom_interface', 'symlink_install': False, 'test_result_base': None}
[2.274s] Level 5:colcon.colcon_core.verb:set package 'pubsub' build argument 'cmake_args' from command line to 'None'
[2.274s] Level 5:colcon.colcon_core.verb:set package 'pubsub' build argument 'cmake_target' from command line to 'None'
[2.274s] Level 5:colcon.colcon_core.verb:set package 'pubsub' build argument 'cmake_target_skip_unavailable' from command line to 'False'
[2.275s] Level 5:colcon.colcon_core.verb:set package 'pubsub' build argument 'cmake_clean_cache' from command line to 'False'
[2.275s] Level 5:colcon.colcon_core.verb:set package 'pubsub' build argument 'cmake_clean_first' from command line to 'False'
[2.275s] Level 5:colcon.colcon_core.verb:set package 'pubsub' build argument 'cmake_force_configure' from command line to 'False'
[2.275s] Level 5:colcon.colcon_core.verb:set package 'pubsub' build argument 'ament_cmake_args' from command line to 'None'
[2.275s] Level 5:colcon.colcon_core.verb:set package 'pubsub' build argument 'catkin_cmake_args' from command line to 'None'
[2.275s] Level 5:colcon.colcon_core.verb:set package 'pubsub' build argument 'catkin_skip_building_tests' from command line to 'False'
[2.275s] DEBUG:colcon.colcon_core.verb:Building package 'pubsub' with the following arguments: {'ament_cmake_args': None, 'build_base': '/root/codes/S24_RobotProgramming_Humble_Hawksbill/FinalProject/roscourse_final_ws (copy)/build/pubsub', 'catkin_cmake_args': None, 'catkin_skip_building_tests': False, 'cmake_args': None, 'cmake_clean_cache': False, 'cmake_clean_first': False, 'cmake_force_configure': False, 'cmake_target': None, 'cmake_target_skip_unavailable': False, 'install_base': '/root/codes/S24_RobotProgramming_Humble_Hawksbill/FinalProject/roscourse_final_ws (copy)/install/pubsub', 'merge_install': False, 'path': '/root/codes/S24_RobotProgramming_Humble_Hawksbill/FinalProject/roscourse_final_ws (copy)/src/pubsub', 'symlink_install': False, 'test_result_base': None}
[2.279s] INFO:colcon.colcon_core.executor:Executing jobs using 'parallel' executor
[2.298s] DEBUG:colcon.colcon_parallel_executor.executor.parallel:run_until_complete
[2.299s] INFO:colcon.colcon_ros.task.ament_cmake.build:Building ROS package in '/root/codes/S24_RobotProgramming_Humble_Hawksbill/FinalProject/roscourse_final_ws (copy)/src/custom_interface' with build type 'ament_cmake'
[2.299s] INFO:colcon.colcon_cmake.task.cmake.build:Building CMake package in '/root/codes/S24_RobotProgramming_Humble_Hawksbill/FinalProject/roscourse_final_ws (copy)/src/custom_interface'
[2.329s] INFO:colcon.colcon_core.plugin_system:Skipping extension 'colcon_core.shell.bat': Not used on non-Windows systems
[2.330s] INFO:colcon.colcon_core.shell:Skip shell extension 'powershell' for command environment: Not usable outside of PowerShell
[2.331s] DEBUG:colcon.colcon_core.shell:Skip shell extension 'dsv' for command environment
[2.450s] DEBUG:colcon.colcon_core.event_handler.log_command:Invoking command in '/root/codes/S24_RobotProgramming_Humble_Hawksbill/FinalProject/roscourse_final_ws (copy)/build/custom_interface': CMAKE_PREFIX_PATH=${CMAKE_PREFIX_PATH}:/root/codes/S24_RobotProgramming_Humble_Hawksbill/FinalProject/roscourse_final_ws (copy)/install/pubsub:/root/yahboomcar_ros2_ws/yahboomcar_ws/install/yahboomcar_voice_ctrl:/root/yahboomcar_ros2_ws/yahboomcar_ws/install/yahboomcar_visual:/root/yahboomcar_ros2_ws/yahboomcar_ws/install/yahboomcar_nav:/root/yahboomcar_ros2_ws/yahboomcar_ws/install/yahboomcar_multi:/root/yahboomcar_ros2_ws/yahboomcar_ws/install/yahboomcar_mediapipe:/root/yahboomcar_ros2_ws/yahboomcar_ws/install/yahboomcar_linefollow:/root/yahboomcar_ros2_ws/yahboomcar_ws/install/yahboomcar_laser:/root/yahboomcar_ros2_ws/yahboomcar_ws/install/yahboomcar_description_x1:/root/yahboomcar_ros2_ws/yahboomcar_ws/install/yahboomcar_description:/root/yahboomcar_ros2_ws/yahboomcar_ws/install/yahboomcar_ctrl:/root/yahboomcar_ros2_ws/yahboomcar_ws/install/yahboomcar_bringup:/root/yahboomcar_ros2_ws/yahboomcar_ws/install/yahboomcar_astra:/root/yahboomcar_ros2_ws/yahboomcar_ws/install/yahboom_app_save_map:/root/yahboomcar_ros2_ws/yahboomcar_ws/install/robot_pose_publisher:/root/yahboomcar_ros2_ws/yahboomcar_ws/install/laserscan_to_point_pulisher:/opt/ros/foxy /usr/bin/cmake --build /root/codes/S24_RobotProgramming_Humble_Hawksbill/FinalProject/roscourse_final_ws (copy)/build/custom_interface -- -j4 -l4
[3.816s] DEBUG:colcon.colcon_core.event_handler.log_command:Invoked command in '/root/codes/S24_RobotProgramming_Humble_Hawksbill/FinalProject/roscourse_final_ws (copy)/build/custom_interface' returned '0': CMAKE_PREFIX_PATH=${CMAKE_PREFIX_PATH}:/root/codes/S24_RobotProgramming_Humble_Hawksbill/FinalProject/roscourse_final_ws (copy)/install/pubsub:/root/yahboomcar_ros2_ws/yahboomcar_ws/install/yahboomcar_voice_ctrl:/root/yahboomcar_ros2_ws/yahboomcar_ws/install/yahboomcar_visual:/root/yahboomcar_ros2_ws/yahboomcar_ws/install/yahboomcar_nav:/root/yahboomcar_ros2_ws/yahboomcar_ws/install/yahboomcar_multi:/root/yahboomcar_ros2_ws/yahboomcar_ws/install/yahboomcar_mediapipe:/root/yahboomcar_ros2_ws/yahboomcar_ws/install/yahboomcar_linefollow:/root/yahboomcar_ros2_ws/yahboomcar_ws/install/yahboomcar_laser:/root/yahboomcar_ros2_ws/yahboomcar_ws/install/yahboomcar_description_x1:/root/yahboomcar_ros2_ws/yahboomcar_ws/install/yahboomcar_description:/root/yahboomcar_ros2_ws/yahboomcar_ws/install/yahboomcar_ctrl:/root/yahboomcar_ros2_ws/yahboomcar_ws/install/yahboomcar_bringup:/root/yahboomcar_ros2_ws/yahboomcar_ws/install/yahboomcar_astra:/root/yahboomcar_ros2_ws/yahboomcar_ws/install/yahboom_app_save_map:/root/yahboomcar_ros2_ws/yahboomcar_ws/install/robot_pose_publisher:/root/yahboomcar_ros2_ws/yahboomcar_ws/install/laserscan_to_point_pulisher:/opt/ros/foxy /usr/bin/cmake --build /root/codes/S24_RobotProgramming_Humble_Hawksbill/FinalProject/roscourse_final_ws (copy)/build/custom_interface -- -j4 -l4
[4.201s] DEBUG:colcon.colcon_core.event_handler.log_command:Invoking command in '/root/codes/S24_RobotProgramming_Humble_Hawksbill/FinalProject/roscourse_final_ws (copy)/build/custom_interface': CMAKE_PREFIX_PATH=${CMAKE_PREFIX_PATH}:/root/codes/S24_RobotProgramming_Humble_Hawksbill/FinalProject/roscourse_final_ws (copy)/install/pubsub:/root/yahboomcar_ros2_ws/yahboomcar_ws/install/yahboomcar_voice_ctrl:/root/yahboomcar_ros2_ws/yahboomcar_ws/install/yahboomcar_visual:/root/yahboomcar_ros2_ws/yahboomcar_ws/install/yahboomcar_nav:/root/yahboomcar_ros2_ws/yahboomcar_ws/install/yahboomcar_multi:/root/yahboomcar_ros2_ws/yahboomcar_ws/install/yahboomcar_mediapipe:/root/yahboomcar_ros2_ws/yahboomcar_ws/install/yahboomcar_linefollow:/root/yahboomcar_ros2_ws/yahboomcar_ws/install/yahboomcar_laser:/root/yahboomcar_ros2_ws/yahboomcar_ws/install/yahboomcar_description_x1:/root/yahboomcar_ros2_ws/yahboomcar_ws/install/yahboomcar_description:/root/yahboomcar_ros2_ws/yahboomcar_ws/install/yahboomcar_ctrl:/root/yahboomcar_ros2_ws/yahboomcar_ws/install/yahboomcar_bringup:/root/yahboomcar_ros2_ws/yahboomcar_ws/install/yahboomcar_astra:/root/yahboomcar_ros2_ws/yahboomcar_ws/install/yahboom_app_save_map:/root/yahboomcar_ros2_ws/yahboomcar_ws/install/robot_pose_publisher:/root/yahboomcar_ros2_ws/yahboomcar_ws/install/laserscan_to_point_pulisher:/opt/ros/foxy /usr/bin/cmake --install /root/codes/S24_RobotProgramming_Humble_Hawksbill/FinalProject/roscourse_final_ws (copy)/build/custom_interface
[4.536s] Level 1:colcon.colcon_core.environment:create_environment_scripts_only(custom_interface)
[4.540s] DEBUG:colcon.colcon_core.event_handler.log_command:Invoked command in '/root/codes/S24_RobotProgramming_Humble_Hawksbill/FinalProject/roscourse_final_ws (copy)/build/custom_interface' returned '0': CMAKE_PREFIX_PATH=${CMAKE_PREFIX_PATH}:/root/codes/S24_RobotProgramming_Humble_Hawksbill/FinalProject/roscourse_final_ws (copy)/install/pubsub:/root/yahboomcar_ros2_ws/yahboomcar_ws/install/yahboomcar_voice_ctrl:/root/yahboomcar_ros2_ws/yahboomcar_ws/install/yahboomcar_visual:/root/yahboomcar_ros2_ws/yahboomcar_ws/install/yahboomcar_nav:/root/yahboomcar_ros2_ws/yahboomcar_ws/install/yahboomcar_multi:/root/yahboomcar_ros2_ws/yahboomcar_ws/install/yahboomcar_mediapipe:/root/yahboomcar_ros2_ws/yahboomcar_ws/install/yahboomcar_linefollow:/root/yahboomcar_ros2_ws/yahboomcar_ws/install/yahboomcar_laser:/root/yahboomcar_ros2_ws/yahboomcar_ws/install/yahboomcar_description_x1:/root/yahboomcar_ros2_ws/yahboomcar_ws/install/yahboomcar_description:/root/yahboomcar_ros2_ws/yahboomcar_ws/install/yahboomcar_ctrl:/root/yahboomcar_ros2_ws/yahboomcar_ws/install/yahboomcar_bringup:/root/yahboomcar_ros2_ws/yahboomcar_ws/install/yahboomcar_astra:/root/yahboomcar_ros2_ws/yahboomcar_ws/install/yahboom_app_save_map:/root/yahboomcar_ros2_ws/yahboomcar_ws/install/robot_pose_publisher:/root/yahboomcar_ros2_ws/yahboomcar_ws/install/laserscan_to_point_pulisher:/opt/ros/foxy /usr/bin/cmake --install /root/codes/S24_RobotProgramming_Humble_Hawksbill/FinalProject/roscourse_final_ws (copy)/build/custom_interface
[4.569s] Level 1:colcon.colcon_core.environment:checking '/root/codes/S24_RobotProgramming_Humble_Hawksbill/FinalProject/roscourse_final_ws (copy)/install/custom_interface' for CMake module files
[4.573s] Level 1:colcon.colcon_core.environment:checking '/root/codes/S24_RobotProgramming_Humble_Hawksbill/FinalProject/roscourse_final_ws (copy)/install/custom_interface' for CMake config files
[4.576s] Level 1:colcon.colcon_core.shell:create_environment_hook('custom_interface', 'cmake_prefix_path')
[4.584s] INFO:colcon.colcon_core.shell:Creating environment hook '/root/codes/S24_RobotProgramming_Humble_Hawksbill/FinalProject/roscourse_final_ws (copy)/install/custom_interface/share/custom_interface/hook/cmake_prefix_path.ps1'
[4.587s] INFO:colcon.colcon_core.shell:Creating environment descriptor '/root/codes/S24_RobotProgramming_Humble_Hawksbill/FinalProject/roscourse_final_ws (copy)/install/custom_interface/share/custom_interface/hook/cmake_prefix_path.dsv'
[4.589s] INFO:colcon.colcon_core.shell:Creating environment hook '/root/codes/S24_RobotProgramming_Humble_Hawksbill/FinalProject/roscourse_final_ws (copy)/install/custom_interface/share/custom_interface/hook/cmake_prefix_path.sh'
[4.593s] Level 1:colcon.colcon_core.environment:checking '/root/codes/S24_RobotProgramming_Humble_Hawksbill/FinalProject/roscourse_final_ws (copy)/install/custom_interface/lib'
[4.594s] Level 1:colcon.colcon_core.shell:create_environment_hook('custom_interface', 'ld_library_path_lib')
[4.601s] INFO:colcon.colcon_core.shell:Creating environment hook '/root/codes/S24_RobotProgramming_Humble_Hawksbill/FinalProject/roscourse_final_ws (copy)/install/custom_interface/share/custom_interface/hook/ld_library_path_lib.ps1'
[4.603s] INFO:colcon.colcon_core.shell:Creating environment descriptor '/root/codes/S24_RobotProgramming_Humble_Hawksbill/FinalProject/roscourse_final_ws (copy)/install/custom_interface/share/custom_interface/hook/ld_library_path_lib.dsv'
[4.604s] INFO:colcon.colcon_core.shell:Creating environment hook '/root/codes/S24_RobotProgramming_Humble_Hawksbill/FinalProject/roscourse_final_ws (copy)/install/custom_interface/share/custom_interface/hook/ld_library_path_lib.sh'
[4.606s] Level 1:colcon.colcon_core.environment:checking '/root/codes/S24_RobotProgramming_Humble_Hawksbill/FinalProject/roscourse_final_ws (copy)/install/custom_interface/bin'
[4.607s] Level 1:colcon.colcon_core.environment:checking '/root/codes/S24_RobotProgramming_Humble_Hawksbill/FinalProject/roscourse_final_ws (copy)/install/custom_interface/lib/pkgconfig/custom_interface.pc'
[4.612s] Level 1:colcon.colcon_core.environment:checking '/root/codes/S24_RobotProgramming_Humble_Hawksbill/FinalProject/roscourse_final_ws (copy)/install/custom_interface/lib/python3.8/site-packages'
[4.612s] Level 1:colcon.colcon_core.shell:create_environment_hook('custom_interface', 'pythonpath')
[4.620s] INFO:colcon.colcon_core.shell:Creating environment hook '/root/codes/S24_RobotProgramming_Humble_Hawksbill/FinalProject/roscourse_final_ws (copy)/install/custom_interface/share/custom_interface/hook/pythonpath.ps1'
[4.621s] INFO:colcon.colcon_core.shell:Creating environment descriptor '/root/codes/S24_RobotProgramming_Humble_Hawksbill/FinalProject/roscourse_final_ws (copy)/install/custom_interface/share/custom_interface/hook/pythonpath.dsv'
[4.623s] INFO:colcon.colcon_core.shell:Creating environment hook '/root/codes/S24_RobotProgramming_Humble_Hawksbill/FinalProject/roscourse_final_ws (copy)/install/custom_interface/share/custom_interface/hook/pythonpath.sh'
[4.625s] Level 1:colcon.colcon_core.environment:checking '/root/codes/S24_RobotProgramming_Humble_Hawksbill/FinalProject/roscourse_final_ws (copy)/install/custom_interface/bin'
[4.634s] INFO:colcon.colcon_core.shell:Creating package script '/root/codes/S24_RobotProgramming_Humble_Hawksbill/FinalProject/roscourse_final_ws (copy)/install/custom_interface/share/custom_interface/package.ps1'
[4.639s] INFO:colcon.colcon_core.shell:Creating package descriptor '/root/codes/S24_RobotProgramming_Humble_Hawksbill/FinalProject/roscourse_final_ws (copy)/install/custom_interface/share/custom_interface/package.dsv'
[4.642s] INFO:colcon.colcon_core.shell:Creating package script '/root/codes/S24_RobotProgramming_Humble_Hawksbill/FinalProject/roscourse_final_ws (copy)/install/custom_interface/share/custom_interface/package.sh'
[4.647s] INFO:colcon.colcon_core.shell:Creating package script '/root/codes/S24_RobotProgramming_Humble_Hawksbill/FinalProject/roscourse_final_ws (copy)/install/custom_interface/share/custom_interface/package.bash'
[4.651s] INFO:colcon.colcon_core.shell:Creating package script '/root/codes/S24_RobotProgramming_Humble_Hawksbill/FinalProject/roscourse_final_ws (copy)/install/custom_interface/share/custom_interface/package.zsh'
[4.655s] Level 1:colcon.colcon_core.environment:create_file_with_runtime_dependencies(/root/codes/S24_RobotProgramming_Humble_Hawksbill/FinalProject/roscourse_final_ws (copy)/install/custom_interface/share/colcon-core/packages/custom_interface)
[4.994s] Level 1:colcon.colcon_core.environment:create_environment_scripts_only(custom_interface)
[5.007s] Level 1:colcon.colcon_core.environment:checking '/root/codes/S24_RobotProgramming_Humble_Hawksbill/FinalProject/roscourse_final_ws (copy)/install/custom_interface' for CMake module files
[5.011s] Level 1:colcon.colcon_core.environment:checking '/root/codes/S24_RobotProgramming_Humble_Hawksbill/FinalProject/roscourse_final_ws (copy)/install/custom_interface' for CMake config files
[5.014s] Level 1:colcon.colcon_core.shell:create_environment_hook('custom_interface', 'cmake_prefix_path')
[5.022s] INFO:colcon.colcon_core.shell:Creating environment hook '/root/codes/S24_RobotProgramming_Humble_Hawksbill/FinalProject/roscourse_final_ws (copy)/install/custom_interface/share/custom_interface/hook/cmake_prefix_path.ps1'
[5.024s] INFO:colcon.colcon_core.shell:Creating environment descriptor '/root/codes/S24_RobotProgramming_Humble_Hawksbill/FinalProject/roscourse_final_ws (copy)/install/custom_interface/share/custom_interface/hook/cmake_prefix_path.dsv'
[5.025s] INFO:colcon.colcon_core.shell:Creating environment hook '/root/codes/S24_RobotProgramming_Humble_Hawksbill/FinalProject/roscourse_final_ws (copy)/install/custom_interface/share/custom_interface/hook/cmake_prefix_path.sh'
[5.027s] Level 1:colcon.colcon_core.environment:checking '/root/codes/S24_RobotProgramming_Humble_Hawksbill/FinalProject/roscourse_final_ws (copy)/install/custom_interface/lib'
[5.028s] Level 1:colcon.colcon_core.shell:create_environment_hook('custom_interface', 'ld_library_path_lib')
[5.036s] INFO:colcon.colcon_core.shell:Creating environment hook '/root/codes/S24_RobotProgramming_Humble_Hawksbill/FinalProject/roscourse_final_ws (copy)/install/custom_interface/share/custom_interface/hook/ld_library_path_lib.ps1'
[5.038s] INFO:colcon.colcon_core.shell:Creating environment descriptor '/root/codes/S24_RobotProgramming_Humble_Hawksbill/FinalProject/roscourse_final_ws (copy)/install/custom_interface/share/custom_interface/hook/ld_library_path_lib.dsv'
[5.040s] INFO:colcon.colcon_core.shell:Creating environment hook '/root/codes/S24_RobotProgramming_Humble_Hawksbill/FinalProject/roscourse_final_ws (copy)/install/custom_interface/share/custom_interface/hook/ld_library_path_lib.sh'
[5.041s] Level 1:colcon.colcon_core.environment:checking '/root/codes/S24_RobotProgramming_Humble_Hawksbill/FinalProject/roscourse_final_ws (copy)/install/custom_interface/bin'
[5.042s] Level 1:colcon.colcon_core.environment:checking '/root/codes/S24_RobotProgramming_Humble_Hawksbill/FinalProject/roscourse_final_ws (copy)/install/custom_interface/lib/pkgconfig/custom_interface.pc'
[5.043s] Level 1:colcon.colcon_core.environment:checking '/root/codes/S24_RobotProgramming_Humble_Hawksbill/FinalProject/roscourse_final_ws (copy)/install/custom_interface/lib/python3.8/site-packages'
[5.043s] Level 1:colcon.colcon_core.shell:create_environment_hook('custom_interface', 'pythonpath')
[5.053s] INFO:colcon.colcon_core.shell:Creating environment hook '/root/codes/S24_RobotProgramming_Humble_Hawksbill/FinalProject/roscourse_final_ws (copy)/install/custom_interface/share/custom_interface/hook/pythonpath.ps1'
[5.055s] INFO:colcon.colcon_core.shell:Creating environment descriptor '/root/codes/S24_RobotProgramming_Humble_Hawksbill/FinalProject/roscourse_final_ws (copy)/install/custom_interface/share/custom_interface/hook/pythonpath.dsv'
[5.058s] INFO:colcon.colcon_core.shell:Creating environment hook '/root/codes/S24_RobotProgramming_Humble_Hawksbill/FinalProject/roscourse_final_ws (copy)/install/custom_interface/share/custom_interface/hook/pythonpath.sh'
[5.060s] Level 1:colcon.colcon_core.environment:checking '/root/codes/S24_RobotProgramming_Humble_Hawksbill/FinalProject/roscourse_final_ws (copy)/install/custom_interface/bin'
[5.069s] INFO:colcon.colcon_core.shell:Creating package script '/root/codes/S24_RobotProgramming_Humble_Hawksbill/FinalProject/roscourse_final_ws (copy)/install/custom_interface/share/custom_interface/package.ps1'
[5.072s] INFO:colcon.colcon_core.shell:Creating package descriptor '/root/codes/S24_RobotProgramming_Humble_Hawksbill/FinalProject/roscourse_final_ws (copy)/install/custom_interface/share/custom_interface/package.dsv'
[5.075s] INFO:colcon.colcon_core.shell:Creating package script '/root/codes/S24_RobotProgramming_Humble_Hawksbill/FinalProject/roscourse_final_ws (copy)/install/custom_interface/share/custom_interface/package.sh'
[5.076s] INFO:colcon.colcon_core.shell:Creating package script '/root/codes/S24_RobotProgramming_Humble_Hawksbill/FinalProject/roscourse_final_ws (copy)/install/custom_interface/share/custom_interface/package.bash'
[5.078s] INFO:colcon.colcon_core.shell:Creating package script '/root/codes/S24_RobotProgramming_Humble_Hawksbill/FinalProject/roscourse_final_ws (copy)/install/custom_interface/share/custom_interface/package.zsh'
[5.080s] Level 1:colcon.colcon_core.environment:create_file_with_runtime_dependencies(/root/codes/S24_RobotProgramming_Humble_Hawksbill/FinalProject/roscourse_final_ws (copy)/install/custom_interface/share/colcon-core/packages/custom_interface)
[5.081s] INFO:colcon.colcon_ros.task.ament_python.build:Building ROS package in '/root/codes/S24_RobotProgramming_Humble_Hawksbill/FinalProject/roscourse_final_ws (copy)/src/pubsub' with build type 'ament_python'
[5.082s] Level 1:colcon.colcon_core.shell:create_environment_hook('pubsub', 'ament_prefix_path')
[5.090s] INFO:colcon.colcon_core.shell:Creating environment hook '/root/codes/S24_RobotProgramming_Humble_Hawksbill/FinalProject/roscourse_final_ws (copy)/install/pubsub/share/pubsub/hook/ament_prefix_path.ps1'
[5.093s] INFO:colcon.colcon_core.shell:Creating environment descriptor '/root/codes/S24_RobotProgramming_Humble_Hawksbill/FinalProject/roscourse_final_ws (copy)/install/pubsub/share/pubsub/hook/ament_prefix_path.dsv'
[5.095s] INFO:colcon.colcon_core.shell:Creating environment hook '/root/codes/S24_RobotProgramming_Humble_Hawksbill/FinalProject/roscourse_final_ws (copy)/install/pubsub/share/pubsub/hook/ament_prefix_path.sh'
[5.104s] INFO:colcon.colcon_core.shell:Skip shell extension 'powershell' for command environment: Not usable outside of PowerShell
[5.105s] DEBUG:colcon.colcon_core.shell:Skip shell extension 'dsv' for command environment
[6.592s] INFO:colcon.colcon_core.task.python.build:Building Python package in '/root/codes/S24_RobotProgramming_Humble_Hawksbill/FinalProject/roscourse_final_ws (copy)/src/pubsub'
[6.600s] INFO:colcon.colcon_core.shell:Skip shell extension 'powershell' for command environment: Not usable outside of PowerShell
[6.601s] DEBUG:colcon.colcon_core.shell:Skip shell extension 'dsv' for command environment
[9.090s] DEBUG:colcon.colcon_core.event_handler.log_command:Invoking command in '/root/codes/S24_RobotProgramming_Humble_Hawksbill/FinalProject/roscourse_final_ws (copy)/src/pubsub': PYTHONPATH=/root/codes/S24_RobotProgramming_Humble_Hawksbill/FinalProject/roscourse_final_ws (copy)/build/pubsub/prefix_override:/root/codes/S24_RobotProgramming_Humble_Hawksbill/FinalProject/roscourse_final_ws (copy)/install/pubsub/lib/python3.8/site-packages:/root/codes/S24_RobotProgramming_Humble_Hawksbill/FinalProject/roscourse_final_ws (copy)/install/custom_interface/lib/python3.8/site-packages:/root/codes/S24_RobotProgramming_Humble_Hawksbill/FinalProject/roscourse_final_ws (copy)/install/pubsub/lib/python3.8/site-packages:/root/codes/S24_RobotProgramming_Humble_Hawksbill/FinalProject/roscourse_final_ws (copy)/src/install/pubsub/lib/python3.8/site-packages:/root/codes/S24_RobotProgramming_Humble_Hawksbill/FinalProject/roscourse_final_ws (copy)/src/install/custom_interface/lib/python3.8/site-packages:/root/yahboomcar_ros2_ws/yahboomcar_ws/install/yahboomcar_voice_ctrl/lib/python3.8/site-packages:/root/yahboomcar_ros2_ws/yahboomcar_ws/install/yahboomcar_visual/lib/python3.8/site-packages:/root/yahboomcar_ros2_ws/yahboomcar_ws/install/yahboomcar_nav/lib/python3.8/site-packages:/root/yahboomcar_ros2_ws/yahboomcar_ws/install/yahboomcar_multi/lib/python3.8/site-packages:/root/yahboomcar_ros2_ws/yahboomcar_ws/install/yahboomcar_msgs/lib/python3.8/site-packages:/root/yahboomcar_ros2_ws/yahboomcar_ws/install/yahboomcar_mediapipe/lib/python3.8/site-packages:/root/yahboomcar_ros2_ws/yahboomcar_ws/install/yahboomcar_linefollow/lib/python3.8/site-packages:/root/yahboomcar_ros2_ws/yahboomcar_ws/install/yahboomcar_laser/lib/python3.8/site-packages:/root/yahboomcar_ros2_ws/yahboomcar_ws/install/yahboomcar_description_x1/lib/python3.8/site-packages:/root/yahboomcar_ros2_ws/yahboomcar_ws/install/yahboomcar_description/lib/python3.8/site-packages:/root/yahboomcar_ros2_ws/yahboomcar_ws/install/yahboomcar_ctrl/lib/python3.8/site-packages:/root/yahboomcar_ros2_ws/yahboomcar_ws/install/yahboomcar_bringup/lib/python3.8/site-packages:/root/yahboomcar_ros2_ws/yahboomcar_ws/install/yahboomcar_astra/lib/python3.8/site-packages:/root/yahboomcar_ros2_ws/yahboomcar_ws/install/yahboom_web_savmap_interfaces/lib/python3.8/site-packages:/root/yahboomcar_ros2_ws/yahboomcar_ws/install/yahboom_app_save_map/lib/python3.8/site-packages:/root/yahboomcar_ros2_ws/yahboomcar_ws/install/robot_pose_publisher/lib/python3.8/site-packages:/root/yahboomcar_ros2_ws/yahboomcar_ws/install/laserscan_to_point_pulisher/lib/python3.8/site-packages:/root/yahboomcar_ros2_ws/software/library_ws/install/teb_msgs/lib/python3.8/site-packages:/root/yahboomcar_ros2_ws/software/library_ws/install/robot_localization/lib/python3.8/site-packages:/root/yahboomcar_ros2_ws/software/library_ws/install/costmap_converter_msgs/lib/python3.8/site-packages:/root/yahboomcar_ros2_ws/software/library_ws/install/astra_camera_msgs/lib/python3.8/site-packages:/opt/ros/foxy/lib/python3.8/site-packages /usr/bin/python3 setup.py egg_info --egg-base ../../build/pubsub build --build-base /root/codes/S24_RobotProgramming_Humble_Hawksbill/FinalProject/roscourse_final_ws (copy)/build/pubsub/build install --record /root/codes/S24_RobotProgramming_Humble_Hawksbill/FinalProject/roscourse_final_ws (copy)/build/pubsub/install.log --install-scripts $base/lib/pubsub --single-version-externally-managed
[10.798s] Level 1:colcon.colcon_core.environment:checking '/root/codes/S24_RobotProgramming_Humble_Hawksbill/FinalProject/roscourse_final_ws (copy)/install/pubsub' for CMake module files
[10.800s] DEBUG:colcon.colcon_core.event_handler.log_command:Invoked command in '/root/codes/S24_RobotProgramming_Humble_Hawksbill/FinalProject/roscourse_final_ws (copy)/src/pubsub' returned '0': PYTHONPATH=/root/codes/S24_RobotProgramming_Humble_Hawksbill/FinalProject/roscourse_final_ws (copy)/build/pubsub/prefix_override:/root/codes/S24_RobotProgramming_Humble_Hawksbill/FinalProject/roscourse_final_ws (copy)/install/pubsub/lib/python3.8/site-packages:/root/codes/S24_RobotProgramming_Humble_Hawksbill/FinalProject/roscourse_final_ws (copy)/install/custom_interface/lib/python3.8/site-packages:/root/codes/S24_RobotProgramming_Humble_Hawksbill/FinalProject/roscourse_final_ws (copy)/install/pubsub/lib/python3.8/site-packages:/root/codes/S24_RobotProgramming_Humble_Hawksbill/FinalProject/roscourse_final_ws (copy)/src/install/pubsub/lib/python3.8/site-packages:/root/codes/S24_RobotProgramming_Humble_Hawksbill/FinalProject/roscourse_final_ws (copy)/src/install/custom_interface/lib/python3.8/site-packages:/root/yahboomcar_ros2_ws/yahboomcar_ws/install/yahboomcar_voice_ctrl/lib/python3.8/site-packages:/root/yahboomcar_ros2_ws/yahboomcar_ws/install/yahboomcar_visual/lib/python3.8/site-packages:/root/yahboomcar_ros2_ws/yahboomcar_ws/install/yahboomcar_nav/lib/python3.8/site-packages:/root/yahboomcar_ros2_ws/yahboomcar_ws/install/yahboomcar_multi/lib/python3.8/site-packages:/root/yahboomcar_ros2_ws/yahboomcar_ws/install/yahboomcar_msgs/lib/python3.8/site-packages:/root/yahboomcar_ros2_ws/yahboomcar_ws/install/yahboomcar_mediapipe/lib/python3.8/site-packages:/root/yahboomcar_ros2_ws/yahboomcar_ws/install/yahboomcar_linefollow/lib/python3.8/site-packages:/root/yahboomcar_ros2_ws/yahboomcar_ws/install/yahboomcar_laser/lib/python3.8/site-packages:/root/yahboomcar_ros2_ws/yahboomcar_ws/install/yahboomcar_description_x1/lib/python3.8/site-packages:/root/yahboomcar_ros2_ws/yahboomcar_ws/install/yahboomcar_description/lib/python3.8/site-packages:/root/yahboomcar_ros2_ws/yahboomcar_ws/install/yahboomcar_ctrl/lib/python3.8/site-packages:/root/yahboomcar_ros2_ws/yahboomcar_ws/install/yahboomcar_bringup/lib/python3.8/site-packages:/root/yahboomcar_ros2_ws/yahboomcar_ws/install/yahboomcar_astra/lib/python3.8/site-packages:/root/yahboomcar_ros2_ws/yahboomcar_ws/install/yahboom_web_savmap_interfaces/lib/python3.8/site-packages:/root/yahboomcar_ros2_ws/yahboomcar_ws/install/yahboom_app_save_map/lib/python3.8/site-packages:/root/yahboomcar_ros2_ws/yahboomcar_ws/install/robot_pose_publisher/lib/python3.8/site-packages:/root/yahboomcar_ros2_ws/yahboomcar_ws/install/laserscan_to_point_pulisher/lib/python3.8/site-packages:/root/yahboomcar_ros2_ws/software/library_ws/install/teb_msgs/lib/python3.8/site-packages:/root/yahboomcar_ros2_ws/software/library_ws/install/robot_localization/lib/python3.8/site-packages:/root/yahboomcar_ros2_ws/software/library_ws/install/costmap_converter_msgs/lib/python3.8/site-packages:/root/yahboomcar_ros2_ws/software/library_ws/install/astra_camera_msgs/lib/python3.8/site-packages:/opt/ros/foxy/lib/python3.8/site-packages /usr/bin/python3 setup.py egg_info --egg-base ../../build/pubsub build --build-base /root/codes/S24_RobotProgramming_Humble_Hawksbill/FinalProject/roscourse_final_ws (copy)/build/pubsub/build install --record /root/codes/S24_RobotProgramming_Humble_Hawksbill/FinalProject/roscourse_final_ws (copy)/build/pubsub/install.log --install-scripts $base/lib/pubsub --single-version-externally-managed
[10.802s] Level 1:colcon.colcon_core.environment:checking '/root/codes/S24_RobotProgramming_Humble_Hawksbill/FinalProject/roscourse_final_ws (copy)/install/pubsub' for CMake config files
[10.806s] Level 1:colcon.colcon_core.environment:checking '/root/codes/S24_RobotProgramming_Humble_Hawksbill/FinalProject/roscourse_final_ws (copy)/install/pubsub/lib'
[10.806s] Level 1:colcon.colcon_core.environment:checking '/root/codes/S24_RobotProgramming_Humble_Hawksbill/FinalProject/roscourse_final_ws (copy)/install/pubsub/bin'
[10.807s] Level 1:colcon.colcon_core.environment:checking '/root/codes/S24_RobotProgramming_Humble_Hawksbill/FinalProject/roscourse_final_ws (copy)/install/pubsub/lib/pkgconfig/pubsub.pc'
[10.807s] Level 1:colcon.colcon_core.environment:checking '/root/codes/S24_RobotProgramming_Humble_Hawksbill/FinalProject/roscourse_final_ws (copy)/install/pubsub/lib/python3.8/site-packages'
[10.808s] Level 1:colcon.colcon_core.shell:create_environment_hook('pubsub', 'pythonpath')
[10.816s] INFO:colcon.colcon_core.shell:Creating environment hook '/root/codes/S24_RobotProgramming_Humble_Hawksbill/FinalProject/roscourse_final_ws (copy)/install/pubsub/share/pubsub/hook/pythonpath.ps1'
[10.818s] INFO:colcon.colcon_core.shell:Creating environment descriptor '/root/codes/S24_RobotProgramming_Humble_Hawksbill/FinalProject/roscourse_final_ws (copy)/install/pubsub/share/pubsub/hook/pythonpath.dsv'
[10.820s] INFO:colcon.colcon_core.shell:Creating environment hook '/root/codes/S24_RobotProgramming_Humble_Hawksbill/FinalProject/roscourse_final_ws (copy)/install/pubsub/share/pubsub/hook/pythonpath.sh'
[10.822s] Level 1:colcon.colcon_core.environment:checking '/root/codes/S24_RobotProgramming_Humble_Hawksbill/FinalProject/roscourse_final_ws (copy)/install/pubsub/bin'
[10.822s] Level 1:colcon.colcon_core.environment:create_environment_scripts_only(pubsub)
[10.831s] INFO:colcon.colcon_core.shell:Creating package script '/root/codes/S24_RobotProgramming_Humble_Hawksbill/FinalProject/roscourse_final_ws (copy)/install/pubsub/share/pubsub/package.ps1'
[10.834s] INFO:colcon.colcon_core.shell:Creating package descriptor '/root/codes/S24_RobotProgramming_Humble_Hawksbill/FinalProject/roscourse_final_ws (copy)/install/pubsub/share/pubsub/package.dsv'
[10.836s] INFO:colcon.colcon_core.shell:Creating package script '/root/codes/S24_RobotProgramming_Humble_Hawksbill/FinalProject/roscourse_final_ws (copy)/install/pubsub/share/pubsub/package.sh'
[10.838s] INFO:colcon.colcon_core.shell:Creating package script '/root/codes/S24_RobotProgramming_Humble_Hawksbill/FinalProject/roscourse_final_ws (copy)/install/pubsub/share/pubsub/package.bash'
[10.839s] INFO:colcon.colcon_core.shell:Creating package script '/root/codes/S24_RobotProgramming_Humble_Hawksbill/FinalProject/roscourse_final_ws (copy)/install/pubsub/share/pubsub/package.zsh'
[10.840s] Level 1:colcon.colcon_core.environment:create_file_with_runtime_dependencies(/root/codes/S24_RobotProgramming_Humble_Hawksbill/FinalProject/roscourse_final_ws (copy)/install/pubsub/share/colcon-core/packages/pubsub)
[10.842s] DEBUG:colcon.colcon_parallel_executor.executor.parallel:closing loop
[10.842s] DEBUG:colcon.colcon_parallel_executor.executor.parallel:loop closed
[10.843s] DEBUG:colcon.colcon_parallel_executor.executor.parallel:run_until_complete finished with '0'
[10.843s] DEBUG:colcon.colcon_core.event_reactor:joining thread
[10.877s] INFO:colcon.colcon_core.plugin_system:Skipping extension 'colcon_notification.desktop_notification.notify_send': Could not find 'notify-send'
[10.877s] INFO:colcon.colcon_core.plugin_system:Skipping extension 'colcon_notification.desktop_notification.terminal_notifier': Not used on non-Darwin systems
[10.878s] INFO:colcon.colcon_core.plugin_system:Skipping extension 'colcon_notification.desktop_notification.win32': Not used on non-Windows systems
[10.879s] INFO:colcon.colcon_notification.desktop_notification:Sending desktop notification using 'notify2'
[10.921s] DEBUG:colcon.colcon_notification.desktop_notification.notify2:Failed to initialize notify2: org.freedesktop.DBus.Error.ServiceUnknown: The name org.freedesktop.Notifications was not provided by any .service files
[10.921s] DEBUG:colcon.colcon_core.event_reactor:joined thread
[10.934s] INFO:colcon.colcon_core.shell:Creating prefix script '/root/codes/S24_RobotProgramming_Humble_Hawksbill/FinalProject/roscourse_final_ws (copy)/install/local_setup.ps1'
[10.939s] INFO:colcon.colcon_core.shell:Creating prefix util module '/root/codes/S24_RobotProgramming_Humble_Hawksbill/FinalProject/roscourse_final_ws (copy)/install/_local_setup_util_ps1.py'
[10.945s] INFO:colcon.colcon_core.shell:Creating prefix chain script '/root/codes/S24_RobotProgramming_Humble_Hawksbill/FinalProject/roscourse_final_ws (copy)/install/setup.ps1'
[10.961s] INFO:colcon.colcon_core.shell:Creating prefix script '/root/codes/S24_RobotProgramming_Humble_Hawksbill/FinalProject/roscourse_final_ws (copy)/install/local_setup.sh'
[10.963s] INFO:colcon.colcon_core.shell:Creating prefix util module '/root/codes/S24_RobotProgramming_Humble_Hawksbill/FinalProject/roscourse_final_ws (copy)/install/_local_setup_util_sh.py'
[10.965s] INFO:colcon.colcon_core.shell:Creating prefix chain script '/root/codes/S24_RobotProgramming_Humble_Hawksbill/FinalProject/roscourse_final_ws (copy)/install/setup.sh'
[10.981s] INFO:colcon.colcon_core.shell:Creating prefix script '/root/codes/S24_RobotProgramming_Humble_Hawksbill/FinalProject/roscourse_final_ws (copy)/install/local_setup.bash'
[10.983s] INFO:colcon.colcon_core.shell:Creating prefix chain script '/root/codes/S24_RobotProgramming_Humble_Hawksbill/FinalProject/roscourse_final_ws (copy)/install/setup.bash'
[10.999s] INFO:colcon.colcon_core.shell:Creating prefix script '/root/codes/S24_RobotProgramming_Humble_Hawksbill/FinalProject/roscourse_final_ws (copy)/install/local_setup.zsh'
[11.001s] INFO:colcon.colcon_core.shell:Creating prefix chain script '/root/codes/S24_RobotProgramming_Humble_Hawksbill/FinalProject/roscourse_final_ws (copy)/install/setup.zsh'
