running egg_info
creating ../../build/PubSub/PubSub.egg-info
writing ../../build/PubSub/PubSub.egg-info/PKG-INFO
writing dependency_links to ../../build/PubSub/PubSub.egg-info/dependency_links.txt
writing entry points to ../../build/PubSub/PubSub.egg-info/entry_points.txt
writing requirements to ../../build/PubSub/PubSub.egg-info/requires.txt
writing top-level names to ../../build/PubSub/PubSub.egg-info/top_level.txt
writing manifest file '../../build/PubSub/PubSub.egg-info/SOURCES.txt'
reading manifest file '../../build/PubSub/PubSub.egg-info/SOURCES.txt'
writing manifest file '../../build/PubSub/PubSub.egg-info/SOURCES.txt'
running build
running build_py
creating /home/yahboom/Desktop/roscourse_final_ws/build/PubSub/build
creating /home/yahboom/Desktop/roscourse_final_ws/build/PubSub/build/lib
creating /home/yahboom/Desktop/roscourse_final_ws/build/PubSub/build/lib/PubSub
copying PubSub/__init__.py -> /home/yahboom/Desktop/roscourse_final_ws/build/PubSub/build/lib/PubSub
copying PubSub/final_pub.py -> /home/yahboom/Desktop/roscourse_final_ws/build/PubSub/build/lib/PubSub
copying PubSub/final_sub.py -> /home/yahboom/Desktop/roscourse_final_ws/build/PubSub/build/lib/PubSub
running install
running install_lib
creating /home/yahboom/Desktop/roscourse_final_ws/install/PubSub/lib/python3.8/site-packages/PubSub
copying /home/yahboom/Desktop/roscourse_final_ws/build/PubSub/build/lib/PubSub/__init__.py -> /home/yahboom/Desktop/roscourse_final_ws/install/PubSub/lib/python3.8/site-packages/PubSub
copying /home/yahboom/Desktop/roscourse_final_ws/build/PubSub/build/lib/PubSub/final_pub.py -> /home/yahboom/Desktop/roscourse_final_ws/install/PubSub/lib/python3.8/site-packages/PubSub
copying /home/yahboom/Desktop/roscourse_final_ws/build/PubSub/build/lib/PubSub/final_sub.py -> /home/yahboom/Desktop/roscourse_final_ws/install/PubSub/lib/python3.8/site-packages/PubSub
byte-compiling /home/yahboom/Desktop/roscourse_final_ws/install/PubSub/lib/python3.8/site-packages/PubSub/__init__.py to __init__.cpython-38.pyc
byte-compiling /home/yahboom/Desktop/roscourse_final_ws/install/PubSub/lib/python3.8/site-packages/PubSub/final_pub.py to final_pub.cpython-38.pyc
byte-compiling /home/yahboom/Desktop/roscourse_final_ws/install/PubSub/lib/python3.8/site-packages/PubSub/final_sub.py to final_sub.cpython-38.pyc
running install_data
creating /home/yahboom/Desktop/roscourse_final_ws/install/PubSub/share/ament_index
creating /home/yahboom/Desktop/roscourse_final_ws/install/PubSub/share/ament_index/resource_index
creating /home/yahboom/Desktop/roscourse_final_ws/install/PubSub/share/ament_index/resource_index/packages
copying resource/PubSub -> /home/yahboom/Desktop/roscourse_final_ws/install/PubSub/share/ament_index/resource_index/packages
copying package.xml -> /home/yahboom/Desktop/roscourse_final_ws/install/PubSub/share/PubSub
running install_egg_info
Copying ../../build/PubSub/PubSub.egg-info to /home/yahboom/Desktop/roscourse_final_ws/install/PubSub/lib/python3.8/site-packages/PubSub-0.0.0-py3.8.egg-info
running install_scripts
Installing listener script to /home/yahboom/Desktop/roscourse_final_ws/install/PubSub/lib/PubSub
Installing talker script to /home/yahboom/Desktop/roscourse_final_ws/install/PubSub/lib/PubSub
writing list of installed files to '/home/yahboom/Desktop/roscourse_final_ws/build/PubSub/install.log'
