[1.430s] Invoking command in '/home/yahboom/Desktop/roscourse_final_ws/src/PubSub': PYTHONPATH=/home/yahboom/Desktop/roscourse_final_ws/build/PubSub/prefix_override:/home/yahboom/Desktop/roscourse_final_ws/install/PubSub/lib/python3.8/site-packages:${PYTHONPATH} /usr/bin/python3 setup.py egg_info --egg-base ../../build/PubSub build --build-base /home/yahboom/Desktop/roscourse_final_ws/build/PubSub/build install --record /home/yahboom/Desktop/roscourse_final_ws/build/PubSub/install.log --install-scripts $base/lib/PubSub --single-version-externally-managed
[1.795s] running egg_info
[1.796s] creating ../../build/PubSub/PubSub.egg-info
[1.796s] writing ../../build/PubSub/PubSub.egg-info/PKG-INFO
[1.797s] writing dependency_links to ../../build/PubSub/PubSub.egg-info/dependency_links.txt
[1.797s] writing entry points to ../../build/PubSub/PubSub.egg-info/entry_points.txt
[1.798s] writing requirements to ../../build/PubSub/PubSub.egg-info/requires.txt
[1.798s] writing top-level names to ../../build/PubSub/PubSub.egg-info/top_level.txt
[1.805s] writing manifest file '../../build/PubSub/PubSub.egg-info/SOURCES.txt'
[1.854s] reading manifest file '../../build/PubSub/PubSub.egg-info/SOURCES.txt'
[1.854s] writing manifest file '../../build/PubSub/PubSub.egg-info/SOURCES.txt'
[1.854s] running build
[1.854s] running build_py
[1.854s] creating /home/yahboom/Desktop/roscourse_final_ws/build/PubSub/build
[1.855s] creating /home/yahboom/Desktop/roscourse_final_ws/build/PubSub/build/lib
[1.855s] creating /home/yahboom/Desktop/roscourse_final_ws/build/PubSub/build/lib/PubSub
[1.855s] copying PubSub/__init__.py -> /home/yahboom/Desktop/roscourse_final_ws/build/PubSub/build/lib/PubSub
[1.855s] copying PubSub/final_pub.py -> /home/yahboom/Desktop/roscourse_final_ws/build/PubSub/build/lib/PubSub
[1.855s] copying PubSub/final_sub.py -> /home/yahboom/Desktop/roscourse_final_ws/build/PubSub/build/lib/PubSub
[1.855s] running install
[1.856s] running install_lib
[1.862s] creating /home/yahboom/Desktop/roscourse_final_ws/install/PubSub/lib/python3.8/site-packages/PubSub
[1.863s] copying /home/yahboom/Desktop/roscourse_final_ws/build/PubSub/build/lib/PubSub/__init__.py -> /home/yahboom/Desktop/roscourse_final_ws/install/PubSub/lib/python3.8/site-packages/PubSub
[1.863s] copying /home/yahboom/Desktop/roscourse_final_ws/build/PubSub/build/lib/PubSub/final_pub.py -> /home/yahboom/Desktop/roscourse_final_ws/install/PubSub/lib/python3.8/site-packages/PubSub
[1.863s] copying /home/yahboom/Desktop/roscourse_final_ws/build/PubSub/build/lib/PubSub/final_sub.py -> /home/yahboom/Desktop/roscourse_final_ws/install/PubSub/lib/python3.8/site-packages/PubSub
[1.863s] byte-compiling /home/yahboom/Desktop/roscourse_final_ws/install/PubSub/lib/python3.8/site-packages/PubSub/__init__.py to __init__.cpython-38.pyc
[1.863s] byte-compiling /home/yahboom/Desktop/roscourse_final_ws/install/PubSub/lib/python3.8/site-packages/PubSub/final_pub.py to final_pub.cpython-38.pyc
[1.864s] byte-compiling /home/yahboom/Desktop/roscourse_final_ws/install/PubSub/lib/python3.8/site-packages/PubSub/final_sub.py to final_sub.cpython-38.pyc
[1.865s] running install_data
[1.865s] creating /home/yahboom/Desktop/roscourse_final_ws/install/PubSub/share/ament_index
[1.865s] creating /home/yahboom/Desktop/roscourse_final_ws/install/PubSub/share/ament_index/resource_index
[1.865s] creating /home/yahboom/Desktop/roscourse_final_ws/install/PubSub/share/ament_index/resource_index/packages
[1.866s] copying resource/PubSub -> /home/yahboom/Desktop/roscourse_final_ws/install/PubSub/share/ament_index/resource_index/packages
[1.866s] copying package.xml -> /home/yahboom/Desktop/roscourse_final_ws/install/PubSub/share/PubSub
[1.866s] running install_egg_info
[1.868s] Copying ../../build/PubSub/PubSub.egg-info to /home/yahboom/Desktop/roscourse_final_ws/install/PubSub/lib/python3.8/site-packages/PubSub-0.0.0-py3.8.egg-info
[1.869s] running install_scripts
[1.905s] Installing listener script to /home/yahboom/Desktop/roscourse_final_ws/install/PubSub/lib/PubSub
[1.905s] Installing talker script to /home/yahboom/Desktop/roscourse_final_ws/install/PubSub/lib/PubSub
[1.906s] writing list of installed files to '/home/yahboom/Desktop/roscourse_final_ws/build/PubSub/install.log'
[1.934s] Invoked command in '/home/yahboom/Desktop/roscourse_final_ws/src/PubSub' returned '0': PYTHONPATH=/home/yahboom/Desktop/roscourse_final_ws/build/PubSub/prefix_override:/home/yahboom/Desktop/roscourse_final_ws/install/PubSub/lib/python3.8/site-packages:${PYTHONPATH} /usr/bin/python3 setup.py egg_info --egg-base ../../build/PubSub build --build-base /home/yahboom/Desktop/roscourse_final_ws/build/PubSub/build install --record /home/yahboom/Desktop/roscourse_final_ws/build/PubSub/install.log --install-scripts $base/lib/PubSub --single-version-externally-managed
