running egg_info
creating ../../build/pubsub/pubsub.egg-info
writing ../../build/pubsub/pubsub.egg-info/PKG-INFO
writing dependency_links to ../../build/pubsub/pubsub.egg-info/dependency_links.txt
writing entry points to ../../build/pubsub/pubsub.egg-info/entry_points.txt
writing requirements to ../../build/pubsub/pubsub.egg-info/requires.txt
writing top-level names to ../../build/pubsub/pubsub.egg-info/top_level.txt
writing manifest file '../../build/pubsub/pubsub.egg-info/SOURCES.txt'
reading manifest file '../../build/pubsub/pubsub.egg-info/SOURCES.txt'
writing manifest file '../../build/pubsub/pubsub.egg-info/SOURCES.txt'
running build
running build_py
creating /home/yahboom/Desktop/roscourse_final_ws/build/pubsub/build
creating /home/yahboom/Desktop/roscourse_final_ws/build/pubsub/build/lib
creating /home/yahboom/Desktop/roscourse_final_ws/build/pubsub/build/lib/pubsub
copying pubsub/__init__.py -> /home/yahboom/Desktop/roscourse_final_ws/build/pubsub/build/lib/pubsub
copying pubsub/final_pub.py -> /home/yahboom/Desktop/roscourse_final_ws/build/pubsub/build/lib/pubsub
copying pubsub/final_sub.py -> /home/yahboom/Desktop/roscourse_final_ws/build/pubsub/build/lib/pubsub
running install
running install_lib
creating /home/yahboom/Desktop/roscourse_final_ws/install/pubsub/lib/python3.8/site-packages/pubsub
copying /home/yahboom/Desktop/roscourse_final_ws/build/pubsub/build/lib/pubsub/__init__.py -> /home/yahboom/Desktop/roscourse_final_ws/install/pubsub/lib/python3.8/site-packages/pubsub
copying /home/yahboom/Desktop/roscourse_final_ws/build/pubsub/build/lib/pubsub/final_pub.py -> /home/yahboom/Desktop/roscourse_final_ws/install/pubsub/lib/python3.8/site-packages/pubsub
copying /home/yahboom/Desktop/roscourse_final_ws/build/pubsub/build/lib/pubsub/final_sub.py -> /home/yahboom/Desktop/roscourse_final_ws/install/pubsub/lib/python3.8/site-packages/pubsub
byte-compiling /home/yahboom/Desktop/roscourse_final_ws/install/pubsub/lib/python3.8/site-packages/pubsub/__init__.py to __init__.cpython-38.pyc
byte-compiling /home/yahboom/Desktop/roscourse_final_ws/install/pubsub/lib/python3.8/site-packages/pubsub/final_pub.py to final_pub.cpython-38.pyc
byte-compiling /home/yahboom/Desktop/roscourse_final_ws/install/pubsub/lib/python3.8/site-packages/pubsub/final_sub.py to final_sub.cpython-38.pyc
running install_data
creating /home/yahboom/Desktop/roscourse_final_ws/install/pubsub/share/ament_index
creating /home/yahboom/Desktop/roscourse_final_ws/install/pubsub/share/ament_index/resource_index
creating /home/yahboom/Desktop/roscourse_final_ws/install/pubsub/share/ament_index/resource_index/packages
copying resource/pubsub -> /home/yahboom/Desktop/roscourse_final_ws/install/pubsub/share/ament_index/resource_index/packages
copying package.xml -> /home/yahboom/Desktop/roscourse_final_ws/install/pubsub/share/pubsub
running install_egg_info
Copying ../../build/pubsub/pubsub.egg-info to /home/yahboom/Desktop/roscourse_final_ws/install/pubsub/lib/python3.8/site-packages/pubsub-0.0.0-py3.8.egg-info
running install_scripts
Installing listener script to /home/yahboom/Desktop/roscourse_final_ws/install/pubsub/lib/pubsub
Installing talker script to /home/yahboom/Desktop/roscourse_final_ws/install/pubsub/lib/pubsub
writing list of installed files to '/home/yahboom/Desktop/roscourse_final_ws/build/pubsub/install.log'
