[1.114s] Invoking command in '/home/yahboom/Desktop/roscourse_final_ws/src/pubsub': PYTHONPATH=/home/yahboom/Desktop/roscourse_final_ws/build/pubsub/prefix_override:/home/yahboom/Desktop/roscourse_final_ws/install/pubsub/lib/python3.8/site-packages:${PYTHONPATH} /usr/bin/python3 setup.py egg_info --egg-base ../../build/pubsub build --build-base /home/yahboom/Desktop/roscourse_final_ws/build/pubsub/build install --record /home/yahboom/Desktop/roscourse_final_ws/build/pubsub/install.log --install-scripts $base/lib/pubsub --single-version-externally-managed
[1.473s] running egg_info
[1.473s] creating ../../build/pubsub/pubsub.egg-info
[1.474s] writing ../../build/pubsub/pubsub.egg-info/PKG-INFO
[1.474s] writing dependency_links to ../../build/pubsub/pubsub.egg-info/dependency_links.txt
[1.474s] writing entry points to ../../build/pubsub/pubsub.egg-info/entry_points.txt
[1.475s] writing requirements to ../../build/pubsub/pubsub.egg-info/requires.txt
[1.475s] writing top-level names to ../../build/pubsub/pubsub.egg-info/top_level.txt
[1.476s] writing manifest file '../../build/pubsub/pubsub.egg-info/SOURCES.txt'
[1.518s] reading manifest file '../../build/pubsub/pubsub.egg-info/SOURCES.txt'
[1.519s] writing manifest file '../../build/pubsub/pubsub.egg-info/SOURCES.txt'
[1.519s] running build
[1.519s] running build_py
[1.519s] creating /home/yahboom/Desktop/roscourse_final_ws/build/pubsub/build
[1.519s] creating /home/yahboom/Desktop/roscourse_final_ws/build/pubsub/build/lib
[1.520s] creating /home/yahboom/Desktop/roscourse_final_ws/build/pubsub/build/lib/pubsub
[1.520s] copying pubsub/__init__.py -> /home/yahboom/Desktop/roscourse_final_ws/build/pubsub/build/lib/pubsub
[1.520s] copying pubsub/final_pub.py -> /home/yahboom/Desktop/roscourse_final_ws/build/pubsub/build/lib/pubsub
[1.520s] copying pubsub/final_sub.py -> /home/yahboom/Desktop/roscourse_final_ws/build/pubsub/build/lib/pubsub
[1.521s] running install
[1.521s] running install_lib
[1.522s] creating /home/yahboom/Desktop/roscourse_final_ws/install/pubsub/lib/python3.8/site-packages/pubsub
[1.522s] copying /home/yahboom/Desktop/roscourse_final_ws/build/pubsub/build/lib/pubsub/__init__.py -> /home/yahboom/Desktop/roscourse_final_ws/install/pubsub/lib/python3.8/site-packages/pubsub
[1.523s] copying /home/yahboom/Desktop/roscourse_final_ws/build/pubsub/build/lib/pubsub/final_pub.py -> /home/yahboom/Desktop/roscourse_final_ws/install/pubsub/lib/python3.8/site-packages/pubsub
[1.523s] copying /home/yahboom/Desktop/roscourse_final_ws/build/pubsub/build/lib/pubsub/final_sub.py -> /home/yahboom/Desktop/roscourse_final_ws/install/pubsub/lib/python3.8/site-packages/pubsub
[1.523s] byte-compiling /home/yahboom/Desktop/roscourse_final_ws/install/pubsub/lib/python3.8/site-packages/pubsub/__init__.py to __init__.cpython-38.pyc
[1.524s] byte-compiling /home/yahboom/Desktop/roscourse_final_ws/install/pubsub/lib/python3.8/site-packages/pubsub/final_pub.py to final_pub.cpython-38.pyc
[1.525s] byte-compiling /home/yahboom/Desktop/roscourse_final_ws/install/pubsub/lib/python3.8/site-packages/pubsub/final_sub.py to final_sub.cpython-38.pyc
[1.525s] running install_data
[1.526s] creating /home/yahboom/Desktop/roscourse_final_ws/install/pubsub/share/ament_index
[1.526s] creating /home/yahboom/Desktop/roscourse_final_ws/install/pubsub/share/ament_index/resource_index
[1.527s] creating /home/yahboom/Desktop/roscourse_final_ws/install/pubsub/share/ament_index/resource_index/packages
[1.527s] copying resource/pubsub -> /home/yahboom/Desktop/roscourse_final_ws/install/pubsub/share/ament_index/resource_index/packages
[1.527s] copying package.xml -> /home/yahboom/Desktop/roscourse_final_ws/install/pubsub/share/pubsub
[1.527s] running install_egg_info
[1.529s] Copying ../../build/pubsub/pubsub.egg-info to /home/yahboom/Desktop/roscourse_final_ws/install/pubsub/lib/python3.8/site-packages/pubsub-0.0.0-py3.8.egg-info
[1.530s] running install_scripts
[1.556s] Installing listener script to /home/yahboom/Desktop/roscourse_final_ws/install/pubsub/lib/pubsub
[1.556s] Installing talker script to /home/yahboom/Desktop/roscourse_final_ws/install/pubsub/lib/pubsub
[1.557s] writing list of installed files to '/home/yahboom/Desktop/roscourse_final_ws/build/pubsub/install.log'
