[0.050s] Invoking command in '/home/yahboom/Desktop/roscourse_final_ws/build/project': CMAKE_PREFIX_PATH=${CMAKE_PREFIX_PATH}:/home/yahboom/Desktop/roscourse_final_ws/install/pubsub:/home/yahboom/Desktop/roscourse_final_ws/install/PubSub:/home/yahboom/yahboomcar_ros2_ws/yahboomcar_ws/install/yahboomcar_voice_ctrl:/home/yahboom/yahboomcar_ros2_ws/yahboomcar_ws/install/yahboomcar_visual:/home/yahboom/yahboomcar_ros2_ws/yahboomcar_ws/install/yahboomcar_rviz:/home/yahboom/yahboomcar_ros2_ws/yahboomcar_ws/install/yahboomcar_nav:/home/yahboom/yahboomcar_ros2_ws/yahboomcar_ws/install/yahboomcar_multi:/home/yahboom/yahboomcar_ros2_ws/yahboomcar_ws/install/yahboomcar_mediapipe:/home/yahboom/yahboomcar_ros2_ws/yahboomcar_ws/install/yahboomcar_linefollow:/home/yahboom/yahboomcar_ros2_ws/yahboomcar_ws/install/yahboomcar_laser:/home/yahboom/yahboomcar_ros2_ws/yahboomcar_ws/install/yahboomcar_description_x1:/home/yahboom/yahboomcar_ros2_ws/yahboomcar_ws/install/yahboomcar_description:/home/yahboom/yahboomcar_ros2_ws/yahboomcar_ws/install/yahboomcar_ctrl:/home/yahboom/yahboomcar_ros2_ws/yahboomcar_ws/install/yahboomcar_bringup:/home/yahboom/yahboomcar_ros2_ws/yahboomcar_ws/install/yahboomcar_astra:/home/yahboom/yahboomcar_ros2_ws/yahboomcar_ws/install/robot_pose_publisher:/home/yahboom/yahboomcar_ros2_ws/yahboomcar_ws/install/laserscan_to_point_pulisher:/opt/ros/foxy /usr/bin/cmake --build /home/yahboom/Desktop/roscourse_final_ws/build/project -- -j4 -l4
[0.158s] [  3%] Built target project__cpp
[0.159s] [ 12%] Built target project__rosidl_generator_c
[0.213s] [ 22%] Built target project__rosidl_typesupport_fastrtps_cpp
[0.218s] [ 32%] Built target project__rosidl_typesupport_c
[0.227s] [ 41%] Built target project__rosidl_typesupport_introspection_cpp
[0.242s] [ 51%] Built target project__rosidl_typesupport_introspection_c
[0.263s] [ 61%] Built target project__rosidl_typesupport_cpp
[0.288s] [ 70%] Built target project__rosidl_typesupport_fastrtps_c
[0.319s] [ 70%] Built target project
[0.354s] [ 74%] Built target project__py
[0.394s] [ 80%] Built target project__python
[0.439s] [ 87%] Built target project__rosidl_typesupport_c__pyext
[0.439s] [ 93%] Built target project__rosidl_typesupport_fastrtps_c__pyext
[0.439s] [100%] Built target project__rosidl_typesupport_introspection_c__pyext
[0.469s] Invoked command in '/home/yahboom/Desktop/roscourse_final_ws/build/project' returned '0': CMAKE_PREFIX_PATH=${CMAKE_PREFIX_PATH}:/home/yahboom/Desktop/roscourse_final_ws/install/pubsub:/home/yahboom/Desktop/roscourse_final_ws/install/PubSub:/home/yahboom/yahboomcar_ros2_ws/yahboomcar_ws/install/yahboomcar_voice_ctrl:/home/yahboom/yahboomcar_ros2_ws/yahboomcar_ws/install/yahboomcar_visual:/home/yahboom/yahboomcar_ros2_ws/yahboomcar_ws/install/yahboomcar_rviz:/home/yahboom/yahboomcar_ros2_ws/yahboomcar_ws/install/yahboomcar_nav:/home/yahboom/yahboomcar_ros2_ws/yahboomcar_ws/install/yahboomcar_multi:/home/yahboom/yahboomcar_ros2_ws/yahboomcar_ws/install/yahboomcar_mediapipe:/home/yahboom/yahboomcar_ros2_ws/yahboomcar_ws/install/yahboomcar_linefollow:/home/yahboom/yahboomcar_ros2_ws/yahboomcar_ws/install/yahboomcar_laser:/home/yahboom/yahboomcar_ros2_ws/yahboomcar_ws/install/yahboomcar_description_x1:/home/yahboom/yahboomcar_ros2_ws/yahboomcar_ws/install/yahboomcar_description:/home/yahboom/yahboomcar_ros2_ws/yahboomcar_ws/install/yahboomcar_ctrl:/home/yahboom/yahboomcar_ros2_ws/yahboomcar_ws/install/yahboomcar_bringup:/home/yahboom/yahboomcar_ros2_ws/yahboomcar_ws/install/yahboomcar_astra:/home/yahboom/yahboomcar_ros2_ws/yahboomcar_ws/install/robot_pose_publisher:/home/yahboom/yahboomcar_ros2_ws/yahboomcar_ws/install/laserscan_to_point_pulisher:/opt/ros/foxy /usr/bin/cmake --build /home/yahboom/Desktop/roscourse_final_ws/build/project -- -j4 -l4
[0.583s] Invoking command in '/home/yahboom/Desktop/roscourse_final_ws/build/project': CMAKE_PREFIX_PATH=${CMAKE_PREFIX_PATH}:/home/yahboom/Desktop/roscourse_final_ws/install/pubsub:/home/yahboom/Desktop/roscourse_final_ws/install/PubSub:/home/yahboom/yahboomcar_ros2_ws/yahboomcar_ws/install/yahboomcar_voice_ctrl:/home/yahboom/yahboomcar_ros2_ws/yahboomcar_ws/install/yahboomcar_visual:/home/yahboom/yahboomcar_ros2_ws/yahboomcar_ws/install/yahboomcar_rviz:/home/yahboom/yahboomcar_ros2_ws/yahboomcar_ws/install/yahboomcar_nav:/home/yahboom/yahboomcar_ros2_ws/yahboomcar_ws/install/yahboomcar_multi:/home/yahboom/yahboomcar_ros2_ws/yahboomcar_ws/install/yahboomcar_mediapipe:/home/yahboom/yahboomcar_ros2_ws/yahboomcar_ws/install/yahboomcar_linefollow:/home/yahboom/yahboomcar_ros2_ws/yahboomcar_ws/install/yahboomcar_laser:/home/yahboom/yahboomcar_ros2_ws/yahboomcar_ws/install/yahboomcar_description_x1:/home/yahboom/yahboomcar_ros2_ws/yahboomcar_ws/install/yahboomcar_description:/home/yahboom/yahboomcar_ros2_ws/yahboomcar_ws/install/yahboomcar_ctrl:/home/yahboom/yahboomcar_ros2_ws/yahboomcar_ws/install/yahboomcar_bringup:/home/yahboom/yahboomcar_ros2_ws/yahboomcar_ws/install/yahboomcar_astra:/home/yahboom/yahboomcar_ros2_ws/yahboomcar_ws/install/robot_pose_publisher:/home/yahboom/yahboomcar_ros2_ws/yahboomcar_ws/install/laserscan_to_point_pulisher:/opt/ros/foxy /usr/bin/cmake --install /home/yahboom/Desktop/roscourse_final_ws/build/project
[0.596s] -- Install configuration: ""
[0.597s] -- Up-to-date: /home/yahboom/Desktop/roscourse_final_ws/install/project/share/ament_index/resource_index/rosidl_interfaces/project
[0.597s] -- Up-to-date: /home/yahboom/Desktop/roscourse_final_ws/install/project/include/project
[0.598s] -- Up-to-date: /home/yahboom/Desktop/roscourse_final_ws/install/project/include/project/msg
[0.598s] -- Up-to-date: /home/yahboom/Desktop/roscourse_final_ws/install/project/include/project/msg/rosidl_generator_c__visibility_control.h
[0.598s] -- Up-to-date: /home/yahboom/Desktop/roscourse_final_ws/install/project/include/project/action
[0.598s] -- Up-to-date: /home/yahboom/Desktop/roscourse_final_ws/install/project/include/project/action/detail
[0.599s] -- Up-to-date: /home/yahboom/Desktop/roscourse_final_ws/install/project/include/project/action/detail/robot_to_goal__functions.c
[0.599s] -- Up-to-date: /home/yahboom/Desktop/roscourse_final_ws/install/project/include/project/action/detail/robot_to_goal__functions.h
[0.599s] -- Up-to-date: /home/yahboom/Desktop/roscourse_final_ws/install/project/include/project/action/detail/robot_to_goal__struct.h
[0.600s] -- Up-to-date: /home/yahboom/Desktop/roscourse_final_ws/install/project/include/project/action/detail/robot_to_goal__type_support.h
[0.600s] -- Up-to-date: /home/yahboom/Desktop/roscourse_final_ws/install/project/include/project/action/robot_to_goal.h
[0.600s] -- Up-to-date: /home/yahboom/Desktop/roscourse_final_ws/install/project/share/project/environment/library_path.sh
[0.600s] -- Up-to-date: /home/yahboom/Desktop/roscourse_final_ws/install/project/share/project/environment/library_path.dsv
[0.600s] -- Up-to-date: /home/yahboom/Desktop/roscourse_final_ws/install/project/lib/libproject__rosidl_generator_c.so
[0.601s] -- Up-to-date: /home/yahboom/Desktop/roscourse_final_ws/install/project/include/project
[0.601s] -- Up-to-date: /home/yahboom/Desktop/roscourse_final_ws/install/project/include/project/msg
[0.601s] -- Up-to-date: /home/yahboom/Desktop/roscourse_final_ws/install/project/include/project/msg/rosidl_typesupport_fastrtps_c__visibility_control.h
[0.601s] -- Up-to-date: /home/yahboom/Desktop/roscourse_final_ws/install/project/include/project/action
[0.602s] -- Up-to-date: /home/yahboom/Desktop/roscourse_final_ws/install/project/include/project/action/detail
[0.602s] -- Up-to-date: /home/yahboom/Desktop/roscourse_final_ws/install/project/include/project/action/detail/robot_to_goal__rosidl_typesupport_fastrtps_c.h
[0.602s] -- Up-to-date: /home/yahboom/Desktop/roscourse_final_ws/install/project/lib/libproject__rosidl_typesupport_fastrtps_c.so
[0.602s] -- Up-to-date: /home/yahboom/Desktop/roscourse_final_ws/install/project/include/project
[0.602s] -- Up-to-date: /home/yahboom/Desktop/roscourse_final_ws/install/project/include/project/msg
[0.603s] -- Up-to-date: /home/yahboom/Desktop/roscourse_final_ws/install/project/include/project/msg/rosidl_typesupport_fastrtps_cpp__visibility_control.h
[0.603s] -- Up-to-date: /home/yahboom/Desktop/roscourse_final_ws/install/project/include/project/action
[0.604s] -- Up-to-date: /home/yahboom/Desktop/roscourse_final_ws/install/project/include/project/action/detail
[0.604s] -- Up-to-date: /home/yahboom/Desktop/roscourse_final_ws/install/project/include/project/action/detail/robot_to_goal__rosidl_typesupport_fastrtps_cpp.hpp
[0.604s] -- Up-to-date: /home/yahboom/Desktop/roscourse_final_ws/install/project/include/project/action/detail/dds_fastrtps
[0.604s] -- Up-to-date: /home/yahboom/Desktop/roscourse_final_ws/install/project/lib/libproject__rosidl_typesupport_fastrtps_cpp.so
[0.604s] -- Up-to-date: /home/yahboom/Desktop/roscourse_final_ws/install/project/include/project
[0.605s] -- Up-to-date: /home/yahboom/Desktop/roscourse_final_ws/install/project/include/project/msg
[0.605s] -- Up-to-date: /home/yahboom/Desktop/roscourse_final_ws/install/project/include/project/msg/rosidl_typesupport_introspection_c__visibility_control.h
[0.605s] -- Up-to-date: /home/yahboom/Desktop/roscourse_final_ws/install/project/include/project/action
[0.605s] -- Up-to-date: /home/yahboom/Desktop/roscourse_final_ws/install/project/include/project/action/detail
[0.607s] -- Up-to-date: /home/yahboom/Desktop/roscourse_final_ws/install/project/include/project/action/detail/robot_to_goal__type_support.c
[0.607s] -- Up-to-date: /home/yahboom/Desktop/roscourse_final_ws/install/project/include/project/action/detail/robot_to_goal__rosidl_typesupport_introspection_c.h
[0.608s] -- Up-to-date: /home/yahboom/Desktop/roscourse_final_ws/install/project/lib/libproject__rosidl_typesupport_introspection_c.so
[0.608s] -- Up-to-date: /home/yahboom/Desktop/roscourse_final_ws/install/project/lib/libproject__rosidl_typesupport_c.so
[0.608s] -- Up-to-date: /home/yahboom/Desktop/roscourse_final_ws/install/project/include/project
[0.608s] -- Up-to-date: /home/yahboom/Desktop/roscourse_final_ws/install/project/include/project/action
[0.608s] -- Up-to-date: /home/yahboom/Desktop/roscourse_final_ws/install/project/include/project/action/detail
[0.608s] -- Up-to-date: /home/yahboom/Desktop/roscourse_final_ws/install/project/include/project/action/detail/robot_to_goal__traits.hpp
[0.608s] -- Up-to-date: /home/yahboom/Desktop/roscourse_final_ws/install/project/include/project/action/detail/robot_to_goal__struct.hpp
[0.608s] -- Up-to-date: /home/yahboom/Desktop/roscourse_final_ws/install/project/include/project/action/detail/robot_to_goal__builder.hpp
[0.608s] -- Up-to-date: /home/yahboom/Desktop/roscourse_final_ws/install/project/include/project/action/robot_to_goal.hpp
[0.608s] -- Up-to-date: /home/yahboom/Desktop/roscourse_final_ws/install/project/include/project
[0.609s] -- Up-to-date: /home/yahboom/Desktop/roscourse_final_ws/install/project/include/project/action
[0.609s] -- Up-to-date: /home/yahboom/Desktop/roscourse_final_ws/install/project/include/project/action/detail
[0.609s] -- Up-to-date: /home/yahboom/Desktop/roscourse_final_ws/install/project/include/project/action/detail/robot_to_goal__rosidl_typesupport_introspection_cpp.hpp
[0.609s] -- Up-to-date: /home/yahboom/Desktop/roscourse_final_ws/install/project/include/project/action/detail/robot_to_goal__type_support.cpp
[0.609s] -- Up-to-date: /home/yahboom/Desktop/roscourse_final_ws/install/project/lib/libproject__rosidl_typesupport_introspection_cpp.so
[0.609s] -- Up-to-date: /home/yahboom/Desktop/roscourse_final_ws/install/project/lib/libproject__rosidl_typesupport_cpp.so
[0.609s] -- Up-to-date: /home/yahboom/Desktop/roscourse_final_ws/install/project/share/project/environment/pythonpath.sh
[0.609s] -- Up-to-date: /home/yahboom/Desktop/roscourse_final_ws/install/project/share/project/environment/pythonpath.dsv
[0.609s] -- Up-to-date: /home/yahboom/Desktop/roscourse_final_ws/install/project/lib/python3.8/site-packages/project/__init__.py
[0.677s] -- Up-to-date: /home/yahboom/Desktop/roscourse_final_ws/install/project/lib/python3.8/site-packages/project/action
[0.677s] -- Up-to-date: /home/yahboom/Desktop/roscourse_final_ws/install/project/lib/python3.8/site-packages/project/action/_robot_to_goal_s.c
[0.678s] -- Up-to-date: /home/yahboom/Desktop/roscourse_final_ws/install/project/lib/python3.8/site-packages/project/action/__init__.py
[0.678s] -- Up-to-date: /home/yahboom/Desktop/roscourse_final_ws/install/project/lib/python3.8/site-packages/project/action/_robot_to_goal.py
[0.679s] -- Up-to-date: /home/yahboom/Desktop/roscourse_final_ws/install/project/lib/python3.8/site-packages/project/project_s__rosidl_typesupport_fastrtps_c.cpython-38-x86_64-linux-gnu.so
[0.679s] -- Up-to-date: /home/yahboom/Desktop/roscourse_final_ws/install/project/lib/python3.8/site-packages/project/project_s__rosidl_typesupport_introspection_c.cpython-38-x86_64-linux-gnu.so
[0.679s] -- Up-to-date: /home/yahboom/Desktop/roscourse_final_ws/install/project/lib/python3.8/site-packages/project/project_s__rosidl_typesupport_c.cpython-38-x86_64-linux-gnu.so
[0.680s] -- Up-to-date: /home/yahboom/Desktop/roscourse_final_ws/install/project/lib/libproject__python.so
[0.682s] -- Up-to-date: /home/yahboom/Desktop/roscourse_final_ws/install/project/share/project/action/RobotToGoal.idl
[0.683s] -- Up-to-date: /home/yahboom/Desktop/roscourse_final_ws/install/project/share/project/action/RobotToGoal.action
[0.685s] -- Up-to-date: /home/yahboom/Desktop/roscourse_final_ws/install/project/share/ament_index/resource_index/package_run_dependencies/project
[0.685s] -- Up-to-date: /home/yahboom/Desktop/roscourse_final_ws/install/project/share/ament_index/resource_index/parent_prefix_path/project
[0.686s] -- Up-to-date: /home/yahboom/Desktop/roscourse_final_ws/install/project/share/project/environment/ament_prefix_path.sh
[0.686s] -- Up-to-date: /home/yahboom/Desktop/roscourse_final_ws/install/project/share/project/environment/ament_prefix_path.dsv
[0.686s] -- Up-to-date: /home/yahboom/Desktop/roscourse_final_ws/install/project/share/project/environment/path.sh
[0.686s] -- Up-to-date: /home/yahboom/Desktop/roscourse_final_ws/install/project/share/project/environment/path.dsv
[0.687s] -- Up-to-date: /home/yahboom/Desktop/roscourse_final_ws/install/project/share/project/local_setup.bash
[0.701s] -- Up-to-date: /home/yahboom/Desktop/roscourse_final_ws/install/project/share/project/local_setup.sh
[0.701s] -- Up-to-date: /home/yahboom/Desktop/roscourse_final_ws/install/project/share/project/local_setup.zsh
[0.701s] -- Up-to-date: /home/yahboom/Desktop/roscourse_final_ws/install/project/share/project/local_setup.dsv
[0.701s] -- Installing: /home/yahboom/Desktop/roscourse_final_ws/install/project/share/project/package.dsv
[0.701s] -- Up-to-date: /home/yahboom/Desktop/roscourse_final_ws/install/project/share/ament_index/resource_index/packages/project
[0.701s] -- Up-to-date: /home/yahboom/Desktop/roscourse_final_ws/install/project/share/project/cmake/project__rosidl_generator_cExport.cmake
[0.701s] -- Up-to-date: /home/yahboom/Desktop/roscourse_final_ws/install/project/share/project/cmake/project__rosidl_generator_cExport-noconfig.cmake
[0.701s] -- Up-to-date: /home/yahboom/Desktop/roscourse_final_ws/install/project/share/project/cmake/project__rosidl_typesupport_introspection_cExport.cmake
[0.702s] -- Up-to-date: /home/yahboom/Desktop/roscourse_final_ws/install/project/share/project/cmake/project__rosidl_typesupport_introspection_cExport-noconfig.cmake
[0.702s] -- Up-to-date: /home/yahboom/Desktop/roscourse_final_ws/install/project/share/project/cmake/project__rosidl_typesupport_cExport.cmake
[0.702s] -- Up-to-date: /home/yahboom/Desktop/roscourse_final_ws/install/project/share/project/cmake/project__rosidl_typesupport_cExport-noconfig.cmake
[0.702s] -- Up-to-date: /home/yahboom/Desktop/roscourse_final_ws/install/project/share/project/cmake/project__rosidl_generator_cppExport.cmake
[0.702s] -- Up-to-date: /home/yahboom/Desktop/roscourse_final_ws/install/project/share/project/cmake/project__rosidl_typesupport_introspection_cppExport.cmake
[0.702s] -- Up-to-date: /home/yahboom/Desktop/roscourse_final_ws/install/project/share/project/cmake/project__rosidl_typesupport_introspection_cppExport-noconfig.cmake
[0.702s] -- Up-to-date: /home/yahboom/Desktop/roscourse_final_ws/install/project/share/project/cmake/project__rosidl_typesupport_cppExport.cmake
[0.702s] -- Up-to-date: /home/yahboom/Desktop/roscourse_final_ws/install/project/share/project/cmake/project__rosidl_typesupport_cppExport-noconfig.cmake
[0.702s] -- Up-to-date: /home/yahboom/Desktop/roscourse_final_ws/install/project/share/project/cmake/rosidl_cmake-extras.cmake
[0.702s] -- Up-to-date: /home/yahboom/Desktop/roscourse_final_ws/install/project/share/project/cmake/ament_cmake_export_dependencies-extras.cmake
[0.702s] -- Up-to-date: /home/yahboom/Desktop/roscourse_final_ws/install/project/share/project/cmake/ament_cmake_export_libraries-extras.cmake
[0.703s] -- Up-to-date: /home/yahboom/Desktop/roscourse_final_ws/install/project/share/project/cmake/ament_cmake_export_targets-extras.cmake
[0.703s] -- Up-to-date: /home/yahboom/Desktop/roscourse_final_ws/install/project/share/project/cmake/ament_cmake_export_include_directories-extras.cmake
[0.703s] -- Up-to-date: /home/yahboom/Desktop/roscourse_final_ws/install/project/share/project/cmake/rosidl_cmake_export_typesupport_libraries-extras.cmake
[0.703s] -- Up-to-date: /home/yahboom/Desktop/roscourse_final_ws/install/project/share/project/cmake/rosidl_cmake_export_typesupport_targets-extras.cmake
[0.703s] -- Up-to-date: /home/yahboom/Desktop/roscourse_final_ws/install/project/share/project/cmake/projectConfig.cmake
[0.703s] -- Up-to-date: /home/yahboom/Desktop/roscourse_final_ws/install/project/share/project/cmake/projectConfig-version.cmake
[0.703s] -- Up-to-date: /home/yahboom/Desktop/roscourse_final_ws/install/project/share/project/package.xml
[0.703s] Invoked command in '/home/yahboom/Desktop/roscourse_final_ws/build/project' returned '0': CMAKE_PREFIX_PATH=${CMAKE_PREFIX_PATH}:/home/yahboom/Desktop/roscourse_final_ws/install/pubsub:/home/yahboom/Desktop/roscourse_final_ws/install/PubSub:/home/yahboom/yahboomcar_ros2_ws/yahboomcar_ws/install/yahboomcar_voice_ctrl:/home/yahboom/yahboomcar_ros2_ws/yahboomcar_ws/install/yahboomcar_visual:/home/yahboom/yahboomcar_ros2_ws/yahboomcar_ws/install/yahboomcar_rviz:/home/yahboom/yahboomcar_ros2_ws/yahboomcar_ws/install/yahboomcar_nav:/home/yahboom/yahboomcar_ros2_ws/yahboomcar_ws/install/yahboomcar_multi:/home/yahboom/yahboomcar_ros2_ws/yahboomcar_ws/install/yahboomcar_mediapipe:/home/yahboom/yahboomcar_ros2_ws/yahboomcar_ws/install/yahboomcar_linefollow:/home/yahboom/yahboomcar_ros2_ws/yahboomcar_ws/install/yahboomcar_laser:/home/yahboom/yahboomcar_ros2_ws/yahboomcar_ws/install/yahboomcar_description_x1:/home/yahboom/yahboomcar_ros2_ws/yahboomcar_ws/install/yahboomcar_description:/home/yahboom/yahboomcar_ros2_ws/yahboomcar_ws/install/yahboomcar_ctrl:/home/yahboom/yahboomcar_ros2_ws/yahboomcar_ws/install/yahboomcar_bringup:/home/yahboom/yahboomcar_ros2_ws/yahboomcar_ws/install/yahboomcar_astra:/home/yahboom/yahboomcar_ros2_ws/yahboomcar_ws/install/robot_pose_publisher:/home/yahboom/yahboomcar_ros2_ws/yahboomcar_ws/install/laserscan_to_point_pulisher:/opt/ros/foxy /usr/bin/cmake --install /home/yahboom/Desktop/roscourse_final_ws/build/project
