[0.049s] Invoking command in '/home/yahboom/Desktop/S24_RobotProgramming_Humble_Hawksbill/FinalProject/roscourse_final_ws (copy)/build/project': CMAKE_PREFIX_PATH=${CMAKE_PREFIX_PATH}:/home/yahboom/Desktop/roscourse_final_ws/install/pubsub:/home/yahboom/Desktop/roscourse_final_ws/install/PubSub:/home/yahboom/Desktop/S24_RobotProgramming_Humble_Hawksbill/FinalProject/roscourse_final_ws (copy)/install/pubsub:/home/yahboom/Desktop/S24_RobotProgramming_Humble_Hawksbill/FinalProject/roscourse_final_ws (copy)/install/PubSub:/home/yahboom/yahboomcar_ros2_ws/yahboomcar_ws/install/yahboomcar_voice_ctrl:/home/yahboom/yahboomcar_ros2_ws/yahboomcar_ws/install/yahboomcar_visual:/home/yahboom/yahboomcar_ros2_ws/yahboomcar_ws/install/yahboomcar_rviz:/home/yahboom/yahboomcar_ros2_ws/yahboomcar_ws/install/yahboomcar_nav:/home/yahboom/yahboomcar_ros2_ws/yahboomcar_ws/install/yahboomcar_multi:/home/yahboom/yahboomcar_ros2_ws/yahboomcar_ws/install/yahboomcar_mediapipe:/home/yahboom/yahboomcar_ros2_ws/yahboomcar_ws/install/yahboomcar_linefollow:/home/yahboom/yahboomcar_ros2_ws/yahboomcar_ws/install/yahboomcar_laser:/home/yahboom/yahboomcar_ros2_ws/yahboomcar_ws/install/yahboomcar_description_x1:/home/yahboom/yahboomcar_ros2_ws/yahboomcar_ws/install/yahboomcar_description:/home/yahboom/yahboomcar_ros2_ws/yahboomcar_ws/install/yahboomcar_ctrl:/home/yahboom/yahboomcar_ros2_ws/yahboomcar_ws/install/yahboomcar_bringup:/home/yahboom/yahboomcar_ros2_ws/yahboomcar_ws/install/yahboomcar_astra:/home/yahboom/yahboomcar_ros2_ws/yahboomcar_ws/install/robot_pose_publisher:/home/yahboom/yahboomcar_ros2_ws/yahboomcar_ws/install/laserscan_to_point_pulisher:/opt/ros/foxy /usr/bin/cmake --build /home/yahboom/Desktop/S24_RobotProgramming_Humble_Hawksbill/FinalProject/roscourse_final_ws (copy)/build/project -- -j4 -l4
[0.074s] CMake Error: The current CMakeCache.txt directory /home/yahboom/Desktop/S24_RobotProgramming_Humble_Hawksbill/FinalProject/roscourse_final_ws (copy)/build/project/CMakeCache.txt is different than the directory /home/yahboom/Desktop/roscourse_final_ws/build/project where CMakeCache.txt was created. This may result in binaries being created in the wrong place. If you are not sure, reedit the CMakeCache.txt
[0.100s] -- Found ament_cmake: 0.9.11 (/opt/ros/foxy/share/ament_cmake/cmake)
[0.143s] -- Found PythonInterp: /usr/bin/python3 (found suitable version "3.8.10", minimum required is "3") 
[0.143s] -- Using PYTHON_EXECUTABLE: /usr/bin/python3
[0.425s] -- Found ament_lint_auto: 0.9.8 (/opt/ros/foxy/share/ament_lint_auto/cmake)
[0.550s] -- Found geometry_msgs: 2.0.5 (/opt/ros/foxy/share/geometry_msgs/cmake)
[0.594s] -- Using all available rosidl_typesupport_c: rosidl_typesupport_fastrtps_c;rosidl_typesupport_introspection_c
[0.603s] -- Found rosidl_adapter: 1.3.0 (/opt/ros/foxy/share/rosidl_adapter/cmake)
[0.785s] -- Using all available rosidl_typesupport_cpp: rosidl_typesupport_fastrtps_cpp;rosidl_typesupport_introspection_cpp
[0.898s] -- Found rosidl_default_generators: 1.0.1 (/opt/ros/foxy/share/rosidl_default_generators/cmake)
[0.953s] -- Found PythonInterp: /usr/bin/python3 (found version "3.8.10") 
[1.169s] -- Found ament_cmake_ros: 0.9.2 (/opt/ros/foxy/share/ament_cmake_ros/cmake)
[1.541s] -- Using all available rosidl_typesupport_c: rosidl_typesupport_fastrtps_c;rosidl_typesupport_introspection_c
[1.730s] -- Using all available rosidl_typesupport_cpp: rosidl_typesupport_fastrtps_cpp;rosidl_typesupport_introspection_cpp
[1.785s] -- Found PythonInterp: /usr/bin/python3 (found suitable version "3.8.10", minimum required is "3.5") 
[1.785s] -- Found python_cmake_module: 0.8.1 (/opt/ros/foxy/share/python_cmake_module/cmake)
[1.823s] -- Using PYTHON_EXECUTABLE: /usr/bin/python3
[1.823s] -- Using PYTHON_INCLUDE_DIRS: /usr/include/python3.8
[1.823s] -- Using PYTHON_LIBRARIES: /usr/lib/x86_64-linux-gnu/libpython3.8.so
[1.933s] -- Added test 'copyright' to check source files copyright and LICENSE
[1.935s] -- Added test 'lint_cmake' to check CMake code style
[1.936s] -- Added test 'xmllint' to check XML markup files
[1.943s] -- Configuring done
[2.021s] -- Generating done
[2.027s] -- Build files have been written to: /home/yahboom/Desktop/roscourse_final_ws/build/project
[2.084s] [ 12%] Built target project__cpp
[2.084s] [ 12%] Built target project__rosidl_generator_c
[2.133s] [ 32%] Built target project__rosidl_typesupport_introspection_c
[2.133s] [ 32%] Built target project__rosidl_typesupport_introspection_cpp
[2.133s] [ 41%] Built target project__rosidl_typesupport_c
[2.155s] [ 51%] Built target project__rosidl_typesupport_fastrtps_cpp
[2.166s] [ 61%] Built target project__rosidl_typesupport_cpp
[2.201s] [ 70%] Built target project__rosidl_typesupport_fastrtps_c
[2.233s] [ 70%] Built target project
[2.276s] [ 74%] Built target project__py
[2.321s] [ 80%] Built target project__python
[2.364s] [ 87%] Built target project__rosidl_typesupport_introspection_c__pyext
[2.369s] [ 93%] Built target project__rosidl_typesupport_fastrtps_c__pyext
[2.369s] [100%] Built target project__rosidl_typesupport_c__pyext
[2.392s] Invoked command in '/home/yahboom/Desktop/S24_RobotProgramming_Humble_Hawksbill/FinalProject/roscourse_final_ws (copy)/build/project' returned '0': CMAKE_PREFIX_PATH=${CMAKE_PREFIX_PATH}:/home/yahboom/Desktop/roscourse_final_ws/install/pubsub:/home/yahboom/Desktop/roscourse_final_ws/install/PubSub:/home/yahboom/Desktop/S24_RobotProgramming_Humble_Hawksbill/FinalProject/roscourse_final_ws (copy)/install/pubsub:/home/yahboom/Desktop/S24_RobotProgramming_Humble_Hawksbill/FinalProject/roscourse_final_ws (copy)/install/PubSub:/home/yahboom/yahboomcar_ros2_ws/yahboomcar_ws/install/yahboomcar_voice_ctrl:/home/yahboom/yahboomcar_ros2_ws/yahboomcar_ws/install/yahboomcar_visual:/home/yahboom/yahboomcar_ros2_ws/yahboomcar_ws/install/yahboomcar_rviz:/home/yahboom/yahboomcar_ros2_ws/yahboomcar_ws/install/yahboomcar_nav:/home/yahboom/yahboomcar_ros2_ws/yahboomcar_ws/install/yahboomcar_multi:/home/yahboom/yahboomcar_ros2_ws/yahboomcar_ws/install/yahboomcar_mediapipe:/home/yahboom/yahboomcar_ros2_ws/yahboomcar_ws/install/yahboomcar_linefollow:/home/yahboom/yahboomcar_ros2_ws/yahboomcar_ws/install/yahboomcar_laser:/home/yahboom/yahboomcar_ros2_ws/yahboomcar_ws/install/yahboomcar_description_x1:/home/yahboom/yahboomcar_ros2_ws/yahboomcar_ws/install/yahboomcar_description:/home/yahboom/yahboomcar_ros2_ws/yahboomcar_ws/install/yahboomcar_ctrl:/home/yahboom/yahboomcar_ros2_ws/yahboomcar_ws/install/yahboomcar_bringup:/home/yahboom/yahboomcar_ros2_ws/yahboomcar_ws/install/yahboomcar_astra:/home/yahboom/yahboomcar_ros2_ws/yahboomcar_ws/install/robot_pose_publisher:/home/yahboom/yahboomcar_ros2_ws/yahboomcar_ws/install/laserscan_to_point_pulisher:/opt/ros/foxy /usr/bin/cmake --build /home/yahboom/Desktop/S24_RobotProgramming_Humble_Hawksbill/FinalProject/roscourse_final_ws (copy)/build/project -- -j4 -l4
[2.497s] Invoking command in '/home/yahboom/Desktop/S24_RobotProgramming_Humble_Hawksbill/FinalProject/roscourse_final_ws (copy)/build/project': CMAKE_PREFIX_PATH=${CMAKE_PREFIX_PATH}:/home/yahboom/Desktop/roscourse_final_ws/install/pubsub:/home/yahboom/Desktop/roscourse_final_ws/install/PubSub:/home/yahboom/Desktop/S24_RobotProgramming_Humble_Hawksbill/FinalProject/roscourse_final_ws (copy)/install/pubsub:/home/yahboom/Desktop/S24_RobotProgramming_Humble_Hawksbill/FinalProject/roscourse_final_ws (copy)/install/PubSub:/home/yahboom/yahboomcar_ros2_ws/yahboomcar_ws/install/yahboomcar_voice_ctrl:/home/yahboom/yahboomcar_ros2_ws/yahboomcar_ws/install/yahboomcar_visual:/home/yahboom/yahboomcar_ros2_ws/yahboomcar_ws/install/yahboomcar_rviz:/home/yahboom/yahboomcar_ros2_ws/yahboomcar_ws/install/yahboomcar_nav:/home/yahboom/yahboomcar_ros2_ws/yahboomcar_ws/install/yahboomcar_multi:/home/yahboom/yahboomcar_ros2_ws/yahboomcar_ws/install/yahboomcar_mediapipe:/home/yahboom/yahboomcar_ros2_ws/yahboomcar_ws/install/yahboomcar_linefollow:/home/yahboom/yahboomcar_ros2_ws/yahboomcar_ws/install/yahboomcar_laser:/home/yahboom/yahboomcar_ros2_ws/yahboomcar_ws/install/yahboomcar_description_x1:/home/yahboom/yahboomcar_ros2_ws/yahboomcar_ws/install/yahboomcar_description:/home/yahboom/yahboomcar_ros2_ws/yahboomcar_ws/install/yahboomcar_ctrl:/home/yahboom/yahboomcar_ros2_ws/yahboomcar_ws/install/yahboomcar_bringup:/home/yahboom/yahboomcar_ros2_ws/yahboomcar_ws/install/yahboomcar_astra:/home/yahboom/yahboomcar_ros2_ws/yahboomcar_ws/install/robot_pose_publisher:/home/yahboom/yahboomcar_ros2_ws/yahboomcar_ws/install/laserscan_to_point_pulisher:/opt/ros/foxy /usr/bin/cmake --install /home/yahboom/Desktop/S24_RobotProgramming_Humble_Hawksbill/FinalProject/roscourse_final_ws (copy)/build/project
[2.510s] -- Install configuration: ""
[2.517s] -- Up-to-date: /home/yahboom/Desktop/roscourse_final_ws/install/project/share/ament_index/resource_index/rosidl_interfaces/project
[2.517s] -- Up-to-date: /home/yahboom/Desktop/roscourse_final_ws/install/project/include/project
[2.517s] -- Up-to-date: /home/yahboom/Desktop/roscourse_final_ws/install/project/include/project/msg
[2.517s] -- Up-to-date: /home/yahboom/Desktop/roscourse_final_ws/install/project/include/project/msg/rosidl_generator_c__visibility_control.h
[2.517s] -- Up-to-date: /home/yahboom/Desktop/roscourse_final_ws/install/project/include/project/action
[2.517s] -- Up-to-date: /home/yahboom/Desktop/roscourse_final_ws/install/project/include/project/action/detail
[2.517s] -- Up-to-date: /home/yahboom/Desktop/roscourse_final_ws/install/project/include/project/action/detail/robot_to_goal__functions.c
[2.517s] -- Up-to-date: /home/yahboom/Desktop/roscourse_final_ws/install/project/include/project/action/detail/robot_to_goal__functions.h
[2.517s] -- Up-to-date: /home/yahboom/Desktop/roscourse_final_ws/install/project/include/project/action/detail/robot_to_goal__struct.h
[2.518s] -- Up-to-date: /home/yahboom/Desktop/roscourse_final_ws/install/project/include/project/action/detail/robot_to_goal__type_support.h
[2.518s] -- Up-to-date: /home/yahboom/Desktop/roscourse_final_ws/install/project/include/project/action/robot_to_goal.h
[2.518s] -- Up-to-date: /home/yahboom/Desktop/roscourse_final_ws/install/project/include/project/srv
[2.518s] -- Up-to-date: /home/yahboom/Desktop/roscourse_final_ws/install/project/include/project/srv/set_velocity.h
[2.518s] -- Up-to-date: /home/yahboom/Desktop/roscourse_final_ws/install/project/include/project/srv/detail
[2.518s] -- Up-to-date: /home/yahboom/Desktop/roscourse_final_ws/install/project/include/project/srv/detail/set_velocity__struct.h
[2.518s] -- Up-to-date: /home/yahboom/Desktop/roscourse_final_ws/install/project/include/project/srv/detail/set_velocity__functions.h
[2.518s] -- Up-to-date: /home/yahboom/Desktop/roscourse_final_ws/install/project/include/project/srv/detail/set_velocity__type_support.h
[2.519s] -- Up-to-date: /home/yahboom/Desktop/roscourse_final_ws/install/project/include/project/srv/detail/set_velocity__functions.c
[2.519s] -- Up-to-date: /home/yahboom/Desktop/roscourse_final_ws/install/project/share/project/environment/library_path.sh
[2.519s] -- Installing: /home/yahboom/Desktop/roscourse_final_ws/install/project/share/project/environment/library_path.dsv
[2.519s] -- Up-to-date: /home/yahboom/Desktop/roscourse_final_ws/install/project/lib/libproject__rosidl_generator_c.so
[2.519s] -- Up-to-date: /home/yahboom/Desktop/roscourse_final_ws/install/project/include/project
[2.519s] -- Up-to-date: /home/yahboom/Desktop/roscourse_final_ws/install/project/include/project/msg
[2.520s] -- Up-to-date: /home/yahboom/Desktop/roscourse_final_ws/install/project/include/project/msg/rosidl_typesupport_fastrtps_c__visibility_control.h
[2.520s] -- Up-to-date: /home/yahboom/Desktop/roscourse_final_ws/install/project/include/project/action
[2.520s] -- Up-to-date: /home/yahboom/Desktop/roscourse_final_ws/install/project/include/project/action/detail
[2.520s] -- Up-to-date: /home/yahboom/Desktop/roscourse_final_ws/install/project/include/project/action/detail/robot_to_goal__rosidl_typesupport_fastrtps_c.h
[2.520s] -- Up-to-date: /home/yahboom/Desktop/roscourse_final_ws/install/project/include/project/srv
[2.520s] -- Up-to-date: /home/yahboom/Desktop/roscourse_final_ws/install/project/include/project/srv/detail
[2.520s] -- Up-to-date: /home/yahboom/Desktop/roscourse_final_ws/install/project/include/project/srv/detail/set_velocity__rosidl_typesupport_fastrtps_c.h
[2.520s] -- Up-to-date: /home/yahboom/Desktop/roscourse_final_ws/install/project/lib/libproject__rosidl_typesupport_fastrtps_c.so
[2.520s] -- Up-to-date: /home/yahboom/Desktop/roscourse_final_ws/install/project/include/project
[2.520s] -- Up-to-date: /home/yahboom/Desktop/roscourse_final_ws/install/project/include/project/msg
[2.521s] -- Up-to-date: /home/yahboom/Desktop/roscourse_final_ws/install/project/include/project/msg/rosidl_typesupport_fastrtps_cpp__visibility_control.h
[2.521s] -- Up-to-date: /home/yahboom/Desktop/roscourse_final_ws/install/project/include/project/action
[2.521s] -- Up-to-date: /home/yahboom/Desktop/roscourse_final_ws/install/project/include/project/action/detail
[2.521s] -- Up-to-date: /home/yahboom/Desktop/roscourse_final_ws/install/project/include/project/action/detail/robot_to_goal__rosidl_typesupport_fastrtps_cpp.hpp
[2.521s] -- Up-to-date: /home/yahboom/Desktop/roscourse_final_ws/install/project/include/project/action/detail/dds_fastrtps
[2.521s] -- Up-to-date: /home/yahboom/Desktop/roscourse_final_ws/install/project/include/project/srv
[2.521s] -- Up-to-date: /home/yahboom/Desktop/roscourse_final_ws/install/project/include/project/srv/detail
[2.521s] -- Up-to-date: /home/yahboom/Desktop/roscourse_final_ws/install/project/include/project/srv/detail/set_velocity__rosidl_typesupport_fastrtps_cpp.hpp
[2.521s] -- Up-to-date: /home/yahboom/Desktop/roscourse_final_ws/install/project/include/project/srv/detail/dds_fastrtps
[2.521s] -- Up-to-date: /home/yahboom/Desktop/roscourse_final_ws/install/project/lib/libproject__rosidl_typesupport_fastrtps_cpp.so
[2.521s] -- Up-to-date: /home/yahboom/Desktop/roscourse_final_ws/install/project/include/project
[2.522s] -- Up-to-date: /home/yahboom/Desktop/roscourse_final_ws/install/project/include/project/msg
[2.522s] -- Up-to-date: /home/yahboom/Desktop/roscourse_final_ws/install/project/include/project/msg/rosidl_typesupport_introspection_c__visibility_control.h
[2.522s] -- Up-to-date: /home/yahboom/Desktop/roscourse_final_ws/install/project/include/project/action
[2.522s] -- Up-to-date: /home/yahboom/Desktop/roscourse_final_ws/install/project/include/project/action/detail
[2.522s] -- Up-to-date: /home/yahboom/Desktop/roscourse_final_ws/install/project/include/project/action/detail/robot_to_goal__type_support.c
[2.522s] -- Up-to-date: /home/yahboom/Desktop/roscourse_final_ws/install/project/include/project/action/detail/robot_to_goal__rosidl_typesupport_introspection_c.h
[2.522s] -- Up-to-date: /home/yahboom/Desktop/roscourse_final_ws/install/project/include/project/srv
[2.522s] -- Up-to-date: /home/yahboom/Desktop/roscourse_final_ws/install/project/include/project/srv/detail
[2.522s] -- Up-to-date: /home/yahboom/Desktop/roscourse_final_ws/install/project/include/project/srv/detail/set_velocity__rosidl_typesupport_introspection_c.h
[2.522s] -- Up-to-date: /home/yahboom/Desktop/roscourse_final_ws/install/project/include/project/srv/detail/set_velocity__type_support.c
[2.522s] -- Up-to-date: /home/yahboom/Desktop/roscourse_final_ws/install/project/lib/libproject__rosidl_typesupport_introspection_c.so
[2.523s] -- Up-to-date: /home/yahboom/Desktop/roscourse_final_ws/install/project/lib/libproject__rosidl_typesupport_c.so
[2.523s] -- Up-to-date: /home/yahboom/Desktop/roscourse_final_ws/install/project/include/project
[2.523s] -- Up-to-date: /home/yahboom/Desktop/roscourse_final_ws/install/project/include/project/action
[2.523s] -- Up-to-date: /home/yahboom/Desktop/roscourse_final_ws/install/project/include/project/action/detail
[2.523s] -- Up-to-date: /home/yahboom/Desktop/roscourse_final_ws/install/project/include/project/action/detail/robot_to_goal__traits.hpp
[2.523s] -- Up-to-date: /home/yahboom/Desktop/roscourse_final_ws/install/project/include/project/action/detail/robot_to_goal__struct.hpp
[2.523s] -- Up-to-date: /home/yahboom/Desktop/roscourse_final_ws/install/project/include/project/action/detail/robot_to_goal__builder.hpp
[2.523s] -- Up-to-date: /home/yahboom/Desktop/roscourse_final_ws/install/project/include/project/action/robot_to_goal.hpp
[2.523s] -- Up-to-date: /home/yahboom/Desktop/roscourse_final_ws/install/project/include/project/srv
[2.523s] -- Up-to-date: /home/yahboom/Desktop/roscourse_final_ws/install/project/include/project/srv/set_velocity.hpp
[2.523s] -- Up-to-date: /home/yahboom/Desktop/roscourse_final_ws/install/project/include/project/srv/detail
[2.524s] -- Up-to-date: /home/yahboom/Desktop/roscourse_final_ws/install/project/include/project/srv/detail/set_velocity__struct.hpp
[2.524s] -- Up-to-date: /home/yahboom/Desktop/roscourse_final_ws/install/project/include/project/srv/detail/set_velocity__builder.hpp
[2.524s] -- Up-to-date: /home/yahboom/Desktop/roscourse_final_ws/install/project/include/project/srv/detail/set_velocity__traits.hpp
[2.524s] -- Up-to-date: /home/yahboom/Desktop/roscourse_final_ws/install/project/include/project
[2.524s] -- Up-to-date: /home/yahboom/Desktop/roscourse_final_ws/install/project/include/project/action
[2.524s] -- Up-to-date: /home/yahboom/Desktop/roscourse_final_ws/install/project/include/project/action/detail
[2.524s] -- Up-to-date: /home/yahboom/Desktop/roscourse_final_ws/install/project/include/project/action/detail/robot_to_goal__rosidl_typesupport_introspection_cpp.hpp
[2.524s] -- Up-to-date: /home/yahboom/Desktop/roscourse_final_ws/install/project/include/project/action/detail/robot_to_goal__type_support.cpp
[2.524s] -- Up-to-date: /home/yahboom/Desktop/roscourse_final_ws/install/project/include/project/srv
[2.524s] -- Up-to-date: /home/yahboom/Desktop/roscourse_final_ws/install/project/include/project/srv/detail
[2.526s] -- Up-to-date: /home/yahboom/Desktop/roscourse_final_ws/install/project/include/project/srv/detail/set_velocity__rosidl_typesupport_introspection_cpp.hpp
[2.526s] -- Up-to-date: /home/yahboom/Desktop/roscourse_final_ws/install/project/include/project/srv/detail/set_velocity__type_support.cpp
[2.526s] -- Up-to-date: /home/yahboom/Desktop/roscourse_final_ws/install/project/lib/libproject__rosidl_typesupport_introspection_cpp.so
[2.526s] -- Up-to-date: /home/yahboom/Desktop/roscourse_final_ws/install/project/lib/libproject__rosidl_typesupport_cpp.so
[2.527s] -- Up-to-date: /home/yahboom/Desktop/roscourse_final_ws/install/project/share/project/environment/pythonpath.sh
[2.527s] -- Installing: /home/yahboom/Desktop/roscourse_final_ws/install/project/share/project/environment/pythonpath.dsv
[2.527s] -- Installing: /home/yahboom/Desktop/roscourse_final_ws/install/project/lib/python3.8/site-packages/project/__init__.py
[2.573s] Compiling '/home/yahboom/Desktop/roscourse_final_ws/install/project/lib/python3.8/site-packages/project/__init__.py'...
[2.579s] -- Up-to-date: /home/yahboom/Desktop/roscourse_final_ws/install/project/lib/python3.8/site-packages/project/action
[2.580s] -- Up-to-date: /home/yahboom/Desktop/roscourse_final_ws/install/project/lib/python3.8/site-packages/project/action/_robot_to_goal_s.c
[2.580s] -- Up-to-date: /home/yahboom/Desktop/roscourse_final_ws/install/project/lib/python3.8/site-packages/project/action/__init__.py
[2.581s] -- Up-to-date: /home/yahboom/Desktop/roscourse_final_ws/install/project/lib/python3.8/site-packages/project/action/_robot_to_goal.py
[2.581s] -- Up-to-date: /home/yahboom/Desktop/roscourse_final_ws/install/project/lib/python3.8/site-packages/project/project_s__rosidl_typesupport_fastrtps_c.cpython-38-x86_64-linux-gnu.so
[2.581s] -- Up-to-date: /home/yahboom/Desktop/roscourse_final_ws/install/project/lib/python3.8/site-packages/project/project_s__rosidl_typesupport_introspection_c.cpython-38-x86_64-linux-gnu.so
[2.582s] -- Up-to-date: /home/yahboom/Desktop/roscourse_final_ws/install/project/lib/python3.8/site-packages/project/project_s__rosidl_typesupport_c.cpython-38-x86_64-linux-gnu.so
[2.583s] -- Up-to-date: /home/yahboom/Desktop/roscourse_final_ws/install/project/lib/libproject__python.so
[2.584s] -- Up-to-date: /home/yahboom/Desktop/roscourse_final_ws/install/project/share/project/action/RobotToGoal.idl
[2.584s] -- Up-to-date: /home/yahboom/Desktop/roscourse_final_ws/install/project/share/project/action/RobotToGoal.action
[2.584s] -- Up-to-date: /home/yahboom/Desktop/roscourse_final_ws/install/project/share/ament_index/resource_index/package_run_dependencies/project
[2.584s] -- Installing: /home/yahboom/Desktop/roscourse_final_ws/install/project/share/ament_index/resource_index/parent_prefix_path/project
[2.598s] -- Up-to-date: /home/yahboom/Desktop/roscourse_final_ws/install/project/share/project/environment/ament_prefix_path.sh
[2.598s] -- Installing: /home/yahboom/Desktop/roscourse_final_ws/install/project/share/project/environment/ament_prefix_path.dsv
[2.599s] -- Up-to-date: /home/yahboom/Desktop/roscourse_final_ws/install/project/share/project/environment/path.sh
[2.599s] -- Installing: /home/yahboom/Desktop/roscourse_final_ws/install/project/share/project/environment/path.dsv
[2.599s] -- Up-to-date: /home/yahboom/Desktop/roscourse_final_ws/install/project/share/project/local_setup.bash
[2.599s] -- Up-to-date: /home/yahboom/Desktop/roscourse_final_ws/install/project/share/project/local_setup.sh
[2.600s] -- Up-to-date: /home/yahboom/Desktop/roscourse_final_ws/install/project/share/project/local_setup.zsh
[2.600s] -- Installing: /home/yahboom/Desktop/roscourse_final_ws/install/project/share/project/local_setup.dsv
[2.600s] -- Installing: /home/yahboom/Desktop/roscourse_final_ws/install/project/share/project/package.dsv
[2.601s] -- Up-to-date: /home/yahboom/Desktop/roscourse_final_ws/install/project/share/ament_index/resource_index/packages/project
[2.601s] -- Up-to-date: /home/yahboom/Desktop/roscourse_final_ws/install/project/share/project/cmake/project__rosidl_generator_cExport.cmake
[2.601s] -- Installing: /home/yahboom/Desktop/roscourse_final_ws/install/project/share/project/cmake/project__rosidl_generator_cExport-noconfig.cmake
[2.601s] -- Up-to-date: /home/yahboom/Desktop/roscourse_final_ws/install/project/share/project/cmake/project__rosidl_typesupport_introspection_cExport.cmake
[2.601s] -- Installing: /home/yahboom/Desktop/roscourse_final_ws/install/project/share/project/cmake/project__rosidl_typesupport_introspection_cExport-noconfig.cmake
[2.601s] -- Up-to-date: /home/yahboom/Desktop/roscourse_final_ws/install/project/share/project/cmake/project__rosidl_typesupport_cExport.cmake
[2.602s] -- Installing: /home/yahboom/Desktop/roscourse_final_ws/install/project/share/project/cmake/project__rosidl_typesupport_cExport-noconfig.cmake
[2.602s] -- Up-to-date: /home/yahboom/Desktop/roscourse_final_ws/install/project/share/project/cmake/project__rosidl_generator_cppExport.cmake
[2.602s] -- Up-to-date: /home/yahboom/Desktop/roscourse_final_ws/install/project/share/project/cmake/project__rosidl_typesupport_introspection_cppExport.cmake
[2.603s] -- Installing: /home/yahboom/Desktop/roscourse_final_ws/install/project/share/project/cmake/project__rosidl_typesupport_introspection_cppExport-noconfig.cmake
[2.603s] -- Up-to-date: /home/yahboom/Desktop/roscourse_final_ws/install/project/share/project/cmake/project__rosidl_typesupport_cppExport.cmake
[2.603s] -- Installing: /home/yahboom/Desktop/roscourse_final_ws/install/project/share/project/cmake/project__rosidl_typesupport_cppExport-noconfig.cmake
[2.604s] -- Up-to-date: /home/yahboom/Desktop/roscourse_final_ws/install/project/share/project/cmake/rosidl_cmake-extras.cmake
[2.604s] -- Up-to-date: /home/yahboom/Desktop/roscourse_final_ws/install/project/share/project/cmake/ament_cmake_export_dependencies-extras.cmake
[2.604s] -- Up-to-date: /home/yahboom/Desktop/roscourse_final_ws/install/project/share/project/cmake/ament_cmake_export_libraries-extras.cmake
[2.604s] -- Up-to-date: /home/yahboom/Desktop/roscourse_final_ws/install/project/share/project/cmake/ament_cmake_export_targets-extras.cmake
[2.605s] -- Up-to-date: /home/yahboom/Desktop/roscourse_final_ws/install/project/share/project/cmake/ament_cmake_export_include_directories-extras.cmake
[2.605s] -- Up-to-date: /home/yahboom/Desktop/roscourse_final_ws/install/project/share/project/cmake/rosidl_cmake_export_typesupport_libraries-extras.cmake
[2.605s] -- Up-to-date: /home/yahboom/Desktop/roscourse_final_ws/install/project/share/project/cmake/rosidl_cmake_export_typesupport_targets-extras.cmake
[2.606s] -- Up-to-date: /home/yahboom/Desktop/roscourse_final_ws/install/project/share/project/cmake/projectConfig.cmake
[2.606s] -- Up-to-date: /home/yahboom/Desktop/roscourse_final_ws/install/project/share/project/cmake/projectConfig-version.cmake
[2.606s] -- Up-to-date: /home/yahboom/Desktop/roscourse_final_ws/install/project/share/project/package.xml
[2.607s] Invoked command in '/home/yahboom/Desktop/S24_RobotProgramming_Humble_Hawksbill/FinalProject/roscourse_final_ws (copy)/build/project' returned '0': CMAKE_PREFIX_PATH=${CMAKE_PREFIX_PATH}:/home/yahboom/Desktop/roscourse_final_ws/install/pubsub:/home/yahboom/Desktop/roscourse_final_ws/install/PubSub:/home/yahboom/Desktop/S24_RobotProgramming_Humble_Hawksbill/FinalProject/roscourse_final_ws (copy)/install/pubsub:/home/yahboom/Desktop/S24_RobotProgramming_Humble_Hawksbill/FinalProject/roscourse_final_ws (copy)/install/PubSub:/home/yahboom/yahboomcar_ros2_ws/yahboomcar_ws/install/yahboomcar_voice_ctrl:/home/yahboom/yahboomcar_ros2_ws/yahboomcar_ws/install/yahboomcar_visual:/home/yahboom/yahboomcar_ros2_ws/yahboomcar_ws/install/yahboomcar_rviz:/home/yahboom/yahboomcar_ros2_ws/yahboomcar_ws/install/yahboomcar_nav:/home/yahboom/yahboomcar_ros2_ws/yahboomcar_ws/install/yahboomcar_multi:/home/yahboom/yahboomcar_ros2_ws/yahboomcar_ws/install/yahboomcar_mediapipe:/home/yahboom/yahboomcar_ros2_ws/yahboomcar_ws/install/yahboomcar_linefollow:/home/yahboom/yahboomcar_ros2_ws/yahboomcar_ws/install/yahboomcar_laser:/home/yahboom/yahboomcar_ros2_ws/yahboomcar_ws/install/yahboomcar_description_x1:/home/yahboom/yahboomcar_ros2_ws/yahboomcar_ws/install/yahboomcar_description:/home/yahboom/yahboomcar_ros2_ws/yahboomcar_ws/install/yahboomcar_ctrl:/home/yahboom/yahboomcar_ros2_ws/yahboomcar_ws/install/yahboomcar_bringup:/home/yahboom/yahboomcar_ros2_ws/yahboomcar_ws/install/yahboomcar_astra:/home/yahboom/yahboomcar_ros2_ws/yahboomcar_ws/install/robot_pose_publisher:/home/yahboom/yahboomcar_ros2_ws/yahboomcar_ws/install/laserscan_to_point_pulisher:/opt/ros/foxy /usr/bin/cmake --install /home/yahboom/Desktop/S24_RobotProgramming_Humble_Hawksbill/FinalProject/roscourse_final_ws (copy)/build/project
